#
# A fatal error has been detected by the Java Runtime Environment:
#
#  EXCEPTION_ILLEGAL_INSTRUCTION (0xc000001d) at pc=0x000001f087f2e006, pid=8420, tid=272
#
# JRE version: OpenJDK Runtime Environment (11.0.2+9) (build 11.0.2+9)
# Java VM: OpenJDK 64-Bit Server VM (11.0.2+9, mixed mode, tiered, compressed oops, g1 gc, windows-amd64)
# Problematic frame:
# J 8105% c2 bt.k(II)V (1316 bytes) @ 0x000001f087f2e006 [0x000001f087f2d7c0+0x0000000000000846]
#
# No core dump will be written. Minidumps are not enabled by default on client versions of Windows
#
# If you would like to submit a bug report, please visit:
#   http://bugreport.java.com/bugreport/crash.jsp
#

---------------  S U M M A R Y ------------

Command Line: -Dfile.encoding=UTF-8 -Duser.country=US -Duser.language=en -Duser.variant net.runelite.client.RuneLite --rs=RSPS

Host: Intel(R) Core(TM) i7-6800K CPU @ 3.40GHz, 12 cores, 39G,  Windows 10 , 64 bit Build 18362 (10.0.18362.329)
Time: Wed Mar  4 06:02:07 2020 Mountain Standard Time elapsed time: 17 seconds (0d 0h 0m 17s)

---------------  T H R E A D  ---------------

Current thread (0x000001f0bd1d6800):  JavaThread "Client" daemon [_thread_in_Java, id=272, stack(0x000000c715400000,0x000000c715500000)]

Stack: [0x000000c715400000,0x000000c715500000],  sp=0x000000c7154fec10,  free space=1019k
Native frames: (J=compiled Java code, j=interpreted, Vv=VM code, C=native code)
C  0x000001f087f2e006


siginfo: EXCEPTION_ILLEGAL_INSTRUCTION (0xc000001d)


Register to memory mapping:

RIP=0x000001f087f2e006 is at entry_point+2118 in (nmethod*)0x000001f087f2d610
RAX=0x0 is NULL
RBX=0x00000000ffffff81 is an unknown value
RCX=0x0000000000000001 is an unknown value
RDX=0x000000000000807f is an unknown value
RSP=0x000000c7154fec10 is pointing into the stack for thread: 0x000001f0bd1d6800
RBP=0x0000000000000081 is an unknown value
RSI=0x0 is NULL
RDI=0x0000000000000001 is an unknown value
R8 =0x0000000000000080 is an unknown value
R9 =0x0 is NULL
R10=0x00000000000000fe is an unknown value
R11=0xffffffffffffff81 is an unknown value
R12=0x0 is NULL
R13=3012296704 is a compressed pointer to object: [I 
{0x000000059c600000} - klass: {type array int}
 - length: 32768
R14=0x0000000000008000 is an unknown value
R15=0x000001f0bd1d6800 is a thread


Registers:
RAX=0x0000000000000000, RBX=0x00000000ffffff81, RCX=0x0000000000000001, RDX=0x000000000000807f
RSP=0x000000c7154fec10, RBP=0x0000000000000081, RSI=0x0000000000000000, RDI=0x0000000000000001
R8 =0x0000000000000080, R9 =0x0000000000000000, R10=0x00000000000000fe, R11=0xffffffffffffff81
R12=0x0000000000000000, R13=0x00000000b38c0000, R14=0x0000000000008000, R15=0x000001f0bd1d6800
RIP=0x000001f087f2e006, EFLAGS=0x0000000000010286

Top of Stack: (sp=0x000000c7154fec10)
0x000000c7154fec10:   000001f080009e67 deaddeaf00000000
0x000000c7154fec20:   deaddeaf00000200 deaddeaf00000000
0x000000c7154fec30:   0000008000008000 0000000000008000
0x000000c7154fec40:   0000000000000001 0000000000000001
0x000000c7154fec50:   deaddeaf00000001 0000000000000000
0x000000c7154fec60:   0000000000000000 0000000000000000
0x000000c7154fec70:   000000c7154fece8 000001f080009e67
0x000000c7154fec80:   deaddeaf7eedec69 0000000000000000
0x000000c7154fec90:   000000059c849658 000000059c849658
0x000000c7154feca0:   000000c7154feca0 000001f0bf42fc52
0x000000c7154fecb0:   000000c7154fed18 000001f0bf436e48
0x000000c7154fecc0:   0000000000000000 00000005a8c5ee18
0x000000c7154fecd0:   000001f0bf42fce8 000000c7154fec88
0x000000c7154fece0:   000000c7154fed00 000000c7154fed68
0x000000c7154fecf0:   000001f080009e67 0000000000000001
0x000000c7154fed00:   00000000ffffffcc 000000000000003b 

Instructions: (pc=0x000001f087f2e006)
0x000001f087f2dfe6:   7c 24 30 89 4c 24 34 89 74 24 38 44 89 5c 24 3c
0x000001f087f2dff6:   c5 fa 11 5c 24 40 66 66 90 e8 fc b0 0f f8 0f 0b
0x000001f087f2e006:   0f 0b 0f 0b 89 44 24 20 41 8b e9 e9 a2 fe ff ff
0x000001f087f2e016:   89 44 24 20 e9 c7 fe ff ff ba 7e ff ff ff 4c 89 


Stack slot to memory mapping:
stack at sp + 0 slots: 0x000001f080009e67 is at code_begin+2343 in an Interpreter codelet
invoke return entry points  [0x000001f080009540, 0x000001f080009f40]  2560 bytes
stack at sp + 1 slots: 0xdeaddeaf00000000 is an unknown value
stack at sp + 2 slots: 0xdeaddeaf00000200 is an unknown value
stack at sp + 3 slots: 0xdeaddeaf00000000 is an unknown value
stack at sp + 4 slots: 0x0000008000008000 is an unknown value
stack at sp + 5 slots: 0x0000000000008000 is an unknown value
stack at sp + 6 slots: 0x0000000000000001 is an unknown value
stack at sp + 7 slots: 0x0000000000000001 is an unknown value



---------------  P R O C E S S  ---------------

Threads class SMR info:
_java_thread_list=0x000001f0bfdbcd60, length=78, elements={
0x000001f0a86f7000, 0x000001f0a86f8800, 0x000001f0a8734000, 0x000001f0a8735800,
0x000001f0a8739800, 0x000001f0a873e000, 0x000001f0a878d800, 0x000001f0a88f2800,
0x000001f0a88fa800, 0x000001f0a9f4c000, 0x000001f0a9f4c800, 0x000001f0a9f4d800,
0x000001f0a9e10000, 0x000001f0b556a800, 0x000001f0b523a800, 0x000001f0b823e800,
0x000001f0b5e2f000, 0x000001f0b88c4800, 0x000001f0b5122800, 0x000001f0b5121000,
0x000001f0b5124000, 0x000001f0b5126000, 0x000001f0b5126800, 0x000001f0b5125000,
0x000001f0b5127800, 0x000001f0b5121800, 0x000001f0b5123800, 0x000001f0bcdac800,
0x000001f0bcdad800, 0x000001f0bcdaa000, 0x000001f0bcda8800, 0x000001f0bcda8000,
0x000001f0bcdae800, 0x000001f0bcdac000, 0x000001f0bcdaf000, 0x000001f0bcda9800,
0x000001f0bcdb0800, 0x000001f0bcdb2800, 0x000001f0bcdb3000, 0x000001f0bcdb4000,
0x000001f0bcdb5000, 0x000001f0bcdb5800, 0x000001f0bcdb0000, 0x000001f0bcdb6800,
0x000001f0bcdb1800, 0x000001f0bd1d0000, 0x000001f0bd1ca800, 0x000001f0bd1cb000,
0x000001f0bd1cd000, 0x000001f0bd1cd800, 0x000001f0bd1d2000, 0x000001f0bd1ce800,
0x000001f0bd1d1000, 0x000001f0bd1cf800, 0x000001f0bd1cc000, 0x000001f0bd1d4000,
0x000001f0bd1d6800, 0x000001f0bd1d5000, 0x000001f0bff2e000, 0x000001f0bd1d6000,
0x000001f0bcb62000, 0x000001f0bd1d7800, 0x000001f0bd1d8800, 0x000001f0bd1d3800,
0x000001f0bd1d9000, 0x000001f0b80b1000, 0x000001f0b80b2000, 0x000001f0b80ac800,
0x000001f0b80ad000, 0x000001f0b80b0800, 0x000001f0b80ae000, 0x000001f0b80af000,
0x000001f0be48b000, 0x000001f0be488800, 0x000001f0be48a000, 0x000001f0be48b800,
0x000001f0be48c800, 0x000001f0be487800
}

Java Threads: ( => current thread )
  0x000001f0a86f7000 JavaThread "Reference Handler" daemon [_thread_blocked, id=9748, stack(0x000000c712c00000,0x000000c712d00000)]
  0x000001f0a86f8800 JavaThread "Finalizer" daemon [_thread_blocked, id=12436, stack(0x000000c712d00000,0x000000c712e00000)]
  0x000001f0a8734000 JavaThread "Signal Dispatcher" daemon [_thread_blocked, id=448, stack(0x000000c712e00000,0x000000c712f00000)]
  0x000001f0a8735800 JavaThread "Attach Listener" daemon [_thread_blocked, id=16972, stack(0x000000c712f00000,0x000000c713000000)]
  0x000001f0a8739800 JavaThread "C2 CompilerThread0" daemon [_thread_blocked, id=940, stack(0x000000c713000000,0x000000c713100000)]
  0x000001f0a873e000 JavaThread "C1 CompilerThread0" daemon [_thread_blocked, id=4128, stack(0x000000c713100000,0x000000c713200000)]
  0x000001f0a878d800 JavaThread "Sweeper thread" daemon [_thread_blocked, id=8540, stack(0x000000c713200000,0x000000c713300000)]
  0x000001f0a88f2800 JavaThread "Service Thread" daemon [_thread_blocked, id=13924, stack(0x000000c713300000,0x000000c713400000)]
  0x000001f0a88fa800 JavaThread "Common-Cleaner" daemon [_thread_blocked, id=11944, stack(0x000000c713500000,0x000000c713600000)]
  0x000001f0a9f4c000 JavaThread "Java2D Disposer" daemon [_thread_blocked, id=17208, stack(0x000000c713700000,0x000000c713800000)]
  0x000001f0a9f4c800 JavaThread "AWT-Shutdown" [_thread_blocked, id=12244, stack(0x000000c713800000,0x000000c713900000)]
  0x000001f0a9f4d800 JavaThread "AWT-Windows" daemon [_thread_in_native, id=8428, stack(0x000000c713900000,0x000000c713a00000)]
  0x000001f0a9e10000 JavaThread "AWT-EventQueue-0" [_thread_blocked, id=9376, stack(0x000000c713a00000,0x000000c713b00000)]
  0x000001f0b556a800 JavaThread "TimerQueue" daemon [_thread_blocked, id=17272, stack(0x000000c714800000,0x000000c714900000)]
  0x000001f0b523a800 JavaThread "D3D Screen Updater" daemon [_thread_blocked, id=15552, stack(0x000000c714c00000,0x000000c714d00000)]
  0x000001f0b823e800 JavaThread "OkHttp ConnectionPool" daemon [_thread_blocked, id=14008, stack(0x000000c714f00000,0x000000c715000000)]
  0x000001f0b5e2f000 JavaThread "Okio Watchdog" daemon [_thread_blocked, id=7200, stack(0x000000c715000000,0x000000c715100000)]
  0x000001f0b88c4800 JavaThread "pool-3-thread-1" [_thread_blocked, id=11192, stack(0x000000c713c00000,0x000000c713d00000)]
  0x000001f0b5122800 JavaThread "pool-2-thread-1" [_thread_blocked, id=11176, stack(0x000000c714d00000,0x000000c714e00000)]
  0x000001f0b5121000 JavaThread "FileSystemWatchService" daemon [_thread_in_native, id=3204, stack(0x000000c715100000,0x000000c715200000)]
  0x000001f0b5124000 JavaThread "Plugin Watcher" daemon [_thread_blocked, id=12536, stack(0x000000c715300000,0x000000c715400000)]
  0x000001f0b5126000 JavaThread "pool-4-thread-1" [_thread_blocked, id=3328, stack(0x000000c715500000,0x000000c715600000)]
  0x000001f0b5126800 JavaThread "pool-4-thread-2" [_thread_blocked, id=14028, stack(0x000000c715600000,0x000000c715700000)]
  0x000001f0b5125000 JavaThread "pool-4-thread-3" [_thread_blocked, id=11728, stack(0x000000c715700000,0x000000c715800000)]
  0x000001f0b5127800 JavaThread "pool-4-thread-4" [_thread_blocked, id=12016, stack(0x000000c715800000,0x000000c715900000)]
  0x000001f0b5121800 JavaThread "RxSchedulerPurge-1" daemon [_thread_blocked, id=11900, stack(0x000000c715900000,0x000000c715a00000)]
  0x000001f0b5123800 JavaThread "RxCachedWorkerPoolEvictor-1" daemon [_thread_blocked, id=6116, stack(0x000000c715a00000,0x000000c715b00000)]
  0x000001f0bcdac800 JavaThread "RxCachedThreadScheduler-1" daemon [_thread_blocked, id=3484, stack(0x000000c715b00000,0x000000c715c00000)]
  0x000001f0bcdad800 JavaThread "RxCachedThreadScheduler-2" daemon [_thread_blocked, id=15592, stack(0x000000c715c00000,0x000000c715d00000)]
  0x000001f0bcdaa000 JavaThread "pool-4-thread-5" [_thread_blocked, id=2440, stack(0x000000c715d00000,0x000000c715e00000)]
  0x000001f0bcda8800 JavaThread "pool-4-thread-6" [_thread_blocked, id=9824, stack(0x000000c715e00000,0x000000c715f00000)]
  0x000001f0bcda8000 JavaThread "pool-4-thread-7" [_thread_blocked, id=14520, stack(0x000000c715f00000,0x000000c716000000)]
  0x000001f0bcdae800 JavaThread "pool-4-thread-8" [_thread_blocked, id=4984, stack(0x000000c716000000,0x000000c716100000)]
  0x000001f0bcdac000 JavaThread "pool-4-thread-9" [_thread_blocked, id=15196, stack(0x000000c716100000,0x000000c716200000)]
  0x000001f0bcdaf000 JavaThread "pool-4-thread-10" [_thread_blocked, id=14396, stack(0x000000c716200000,0x000000c716300000)]
  0x000001f0bcda9800 JavaThread "pool-4-thread-11" [_thread_blocked, id=15408, stack(0x000000c716300000,0x000000c716400000)]
  0x000001f0bcdb0800 JavaThread "pool-4-thread-12" [_thread_blocked, id=17392, stack(0x000000c716400000,0x000000c716500000)]
  0x000001f0bcdb2800 JavaThread "pool-4-thread-13" [_thread_blocked, id=16000, stack(0x000000c716500000,0x000000c716600000)]
  0x000001f0bcdb3000 JavaThread "pool-4-thread-14" [_thread_blocked, id=12212, stack(0x000000c716600000,0x000000c716700000)]
  0x000001f0bcdb4000 JavaThread "pool-4-thread-15" [_thread_blocked, id=1400, stack(0x000000c716700000,0x000000c716800000)]
  0x000001f0bcdb5000 JavaThread "pool-4-thread-16" [_thread_blocked, id=12300, stack(0x000000c716800000,0x000000c716900000)]
  0x000001f0bcdb5800 JavaThread "pool-4-thread-17" [_thread_blocked, id=14512, stack(0x000000c716900000,0x000000c716a00000)]
  0x000001f0bcdb0000 JavaThread "pool-4-thread-18" [_thread_blocked, id=2672, stack(0x000000c716a00000,0x000000c716b00000)]
  0x000001f0bcdb6800 JavaThread "pool-4-thread-19" [_thread_blocked, id=16760, stack(0x000000c716b00000,0x000000c716c00000)]
  0x000001f0bcdb1800 JavaThread "pool-4-thread-20" [_thread_blocked, id=11368, stack(0x000000c716c00000,0x000000c716d00000)]
  0x000001f0bd1d0000 JavaThread "pool-4-thread-21" [_thread_blocked, id=15764, stack(0x000000c716d00000,0x000000c716e00000)]
  0x000001f0bd1ca800 JavaThread "pool-4-thread-22" [_thread_blocked, id=5268, stack(0x000000c716e00000,0x000000c716f00000)]
  0x000001f0bd1cb000 JavaThread "pool-4-thread-23" [_thread_blocked, id=16948, stack(0x000000c716f00000,0x000000c717000000)]
  0x000001f0bd1cd000 JavaThread "pool-4-thread-24" [_thread_blocked, id=1056, stack(0x000000c717000000,0x000000c717100000)]
  0x000001f0bd1cd800 JavaThread "OkHttp api.runelite.net Writer" [_thread_blocked, id=8452, stack(0x000000c717200000,0x000000c717300000)]
  0x000001f0bd1d2000 JavaThread "OkHttp api.runelite.net" daemon [_thread_in_native, id=16552, stack(0x000000c717300000,0x000000c717400000)]
  0x000001f0bd1ce800 JavaThread "OkHttp Http2Connection" daemon [_thread_blocked, id=12136, stack(0x000000c717100000,0x000000c717200000)]
  0x000001f0bd1d1000 JavaThread "OkHttp session.runelitepl.us Writer" [_thread_blocked, id=9204, stack(0x000000c717400000,0x000000c717500000)]
  0x000001f0bd1cf800 JavaThread "OkHttp session.runelitepl.us" [_thread_in_native, id=12632, stack(0x000000c717500000,0x000000c717600000)]
  0x000001f0bd1cc000 JavaThread "Image Fetcher 0" daemon [_thread_blocked, id=9412, stack(0x000000c715200000,0x000000c715300000)]
  0x000001f0bd1d4000 JavaThread "Thread-1" daemon [_thread_blocked, id=3608, stack(0x000000c714b00000,0x000000c714c00000)]
=>0x000001f0bd1d6800 JavaThread "Client" daemon [_thread_in_Java, id=272, stack(0x000000c715400000,0x000000c715500000)]
  0x000001f0bd1d5000 JavaThread "Thread-3" daemon [_thread_blocked, id=11988, stack(0x000000c717600000,0x000000c717700000)]
  0x000001f0bff2e000 JavaThread "C2 CompilerThread1" daemon [_thread_blocked, id=14104, stack(0x000000c717700000,0x000000c717800000)]
  0x000001f0bd1d6000 JavaThread "Substance heap status" daemon [_thread_blocked, id=17300, stack(0x000000c717800000,0x000000c717900000)]
  0x000001f0bcb62000 JavaThread "C2 CompilerThread2" daemon [_thread_blocked, id=9672, stack(0x000000c717900000,0x000000c717a00000)]
  0x000001f0bd1d7800 JavaThread "Thread-5" daemon [_thread_in_native, id=6224, stack(0x000000c717a00000,0x000000c717b00000)]
  0x000001f0bd1d8800 JavaThread "Thread-6" daemon [_thread_blocked, id=13868, stack(0x000000c717b00000,0x000000c717c00000)]
  0x000001f0bd1d3800 JavaThread "Thread-7" daemon [_thread_blocked, id=13920, stack(0x000000c717c00000,0x000000c717d00000)]
  0x000001f0bd1d9000 JavaThread "OkHttp Dispatcher" [_thread_blocked, id=17240, stack(0x000000c717f00000,0x000000c718000000)]
  0x000001f0b80b1000 JavaThread "OkHttp Dispatcher" [_thread_blocked, id=11564, stack(0x000000c718000000,0x000000c718100000)]
  0x000001f0b80b2000 JavaThread "Java Sound Event Dispatcher" daemon [_thread_blocked, id=9316, stack(0x000000c718100000,0x000000c718200000)]
  0x000001f0b80ac800 JavaThread "OkHttp Dispatcher" [_thread_blocked, id=11912, stack(0x000000c718300000,0x000000c718400000)]
  0x000001f0b80ad000 JavaThread "OkHttp Dispatcher" [_thread_blocked, id=14316, stack(0x000000c718400000,0x000000c718500000)]
  0x000001f0b80b0800 JavaThread "OkHttp Dispatcher" [_thread_blocked, id=15564, stack(0x000000c718700000,0x000000c718800000)]
  0x000001f0b80ae000 JavaThread "pool-8-thread-1" [_thread_blocked, id=5336, stack(0x000000c718800000,0x000000c718900000)]
  0x000001f0b80af000 JavaThread "OkHttp pbs.twimg.com Writer" [_thread_blocked, id=15496, stack(0x000000c718b00000,0x000000c718c00000)]
  0x000001f0be48b000 JavaThread "OkHttp pbs.twimg.com" [_thread_in_native, id=12428, stack(0x000000c718e00000,0x000000c718f00000)]
  0x000001f0be488800 JavaThread "OkHttp Dispatcher" [_thread_blocked, id=11724, stack(0x000000c718c00000,0x000000c718d00000)]
  0x000001f0be48a000 JavaThread "DestroyJavaVM" [_thread_blocked, id=10448, stack(0x000000c712500000,0x000000c712600000)]
  0x000001f0be48b800 JavaThread "Trident callback thread" daemon [_thread_blocked, id=13164, stack(0x000000c719000000,0x000000c719100000)]
  0x000001f0be48c800 JavaThread "Trident pulse source thread" daemon [_thread_blocked, id=3748, stack(0x000000c719100000,0x000000c719200000)]
  0x000001f0be487800 JavaThread "Thread-10" daemon [_thread_blocked, id=16284, stack(0x000000c719200000,0x000000c719300000)]

Other Threads:
  0x000001f0a86f6000 VMThread "VM Thread" [stack: 0x000000c712b00000,0x000000c712c00000] [id=9588]
  0x000001f0a88f6000 WatcherThread [stack: 0x000000c713400000,0x000000c713500000] [id=13780]
  0x000001f0f62fb000 GCTaskThread "GC Thread#0" [stack: 0x000000c712600000,0x000000c712700000] [id=7780]
  0x000001f0a872c800 GCTaskThread "GC Thread#1" [stack: 0x000000c713d00000,0x000000c713e00000] [id=16812]
  0x000001f0a8727000 GCTaskThread "GC Thread#2" [stack: 0x000000c713e00000,0x000000c713f00000] [id=6856]
  0x000001f0a8727800 GCTaskThread "GC Thread#3" [stack: 0x000000c713f00000,0x000000c714000000] [id=10016]
  0x000001f0a8728000 GCTaskThread "GC Thread#4" [stack: 0x000000c714000000,0x000000c714100000] [id=2448]
  0x000001f0a8729000 GCTaskThread "GC Thread#5" [stack: 0x000000c714100000,0x000000c714200000] [id=13644]
  0x000001f0b542e000 GCTaskThread "GC Thread#6" [stack: 0x000000c714200000,0x000000c714300000] [id=11212]
  0x000001f0b5430000 GCTaskThread "GC Thread#7" [stack: 0x000000c714300000,0x000000c714400000] [id=2304]
  0x000001f0b542d800 GCTaskThread "GC Thread#8" [stack: 0x000000c714400000,0x000000c714500000] [id=1848]
  0x000001f0b542b000 GCTaskThread "GC Thread#9" [stack: 0x000000c714500000,0x000000c714600000] [id=13648]
  0x000001f0f6396800 ConcurrentGCThread "G1 Main Marker" [stack: 0x000000c712700000,0x000000c712800000] [id=11596]
  0x000001f0f639c000 ConcurrentGCThread "G1 Conc#0" [stack: 0x000000c712800000,0x000000c712900000] [id=13684]
  0x000001f0b542c800 ConcurrentGCThread "G1 Conc#1" [stack: 0x000000c714900000,0x000000c714a00000] [id=12048]
  0x000001f0b542a800 ConcurrentGCThread "G1 Conc#2" [stack: 0x000000c714a00000,0x000000c714b00000] [id=9264]
  0x000001f0a7d93800 ConcurrentGCThread "G1 Refine#0" [stack: 0x000000c712900000,0x000000c712a00000] [id=15696]
  0x000001f0b544b800 ConcurrentGCThread "G1 Refine#1" [stack: 0x000000c714600000,0x000000c714700000] [id=2132]
  0x000001f0b53eb800 ConcurrentGCThread "G1 Refine#2" [stack: 0x000000c714700000,0x000000c714800000] [id=9240]
  0x000001f0a8582800 ConcurrentGCThread "G1 Young RemSet Sampling" [stack: 0x000000c712a00000,0x000000c712b00000] [id=15492]

Threads with active compile tasks:

VM state:not at safepoint (normal execution)

VM Mutex/Monitor currently owned by a thread: None

Heap address: 0x0000000581a00000, size: 10214 MB, Compressed Oops mode: Zero based, Oop shift amount: 3
Narrow klass base: 0x0000000800000000, Narrow klass shift: 0
Compressed class space size: 1073741824 Address: 0x0000000800000000

Heap:
 garbage-first heap   total 655360K, used 296377K [0x0000000581a00000, 0x0000000800000000)
  region size 2048K, 134 young (274432K), 11 survivors (22528K)
 Metaspace       used 72099K, capacity 74176K, committed 74316K, reserved 1114112K
  class space    used 8133K, capacity 9007K, committed 9036K, reserved 1048576K
Heap Regions: E=young(eden), S=young(survivor), O=old, HS=humongous(starts), HC=humongous(continues), CS=collection set, F=free, A=archive, TAMS=top-at-mark-start (previous, next)
|   0|0x0000000581a00000, 0x0000000581c00000, 0x0000000581c00000|100%| O|  |TAMS 0x0000000581c00000, 0x0000000581a00000| Untracked 
|   1|0x0000000581c00000, 0x0000000581e00000, 0x0000000581e00000|100%| O|  |TAMS 0x0000000581e00000, 0x0000000581c00000| Untracked 
|   2|0x0000000581e00000, 0x0000000582000000, 0x0000000582000000|100%| O|  |TAMS 0x0000000582000000, 0x0000000581e00000| Untracked 
|   3|0x0000000582000000, 0x0000000582200000, 0x0000000582200000|100%| O|  |TAMS 0x0000000582200000, 0x0000000582000000| Untracked 
|   4|0x0000000582200000, 0x000000058236e400, 0x0000000582400000| 71%| O|  |TAMS 0x000000058236e400, 0x0000000582200000| Untracked 
|   5|0x0000000582400000, 0x0000000582600000, 0x0000000582600000|100%|HS|  |TAMS 0x0000000582400000, 0x0000000582400000| Complete 
|   6|0x0000000582600000, 0x0000000582800000, 0x0000000582800000|100%|HS|  |TAMS 0x0000000582600000, 0x0000000582600000| Complete 
|   7|0x0000000582800000, 0x0000000582a00000, 0x0000000582a00000|100%|HS|  |TAMS 0x0000000582800000, 0x0000000582800000| Complete 
|   8|0x0000000582a00000, 0x0000000582c00000, 0x0000000582c00000|100%|HS|  |TAMS 0x0000000582a00000, 0x0000000582a00000| Complete 
|   9|0x0000000582c00000, 0x0000000582e00000, 0x0000000582e00000|100%|HS|  |TAMS 0x0000000582c00000, 0x0000000582c00000| Complete 
|  10|0x0000000582e00000, 0x0000000583000000, 0x0000000583000000|100%|HS|  |TAMS 0x0000000582e00000, 0x0000000582e00000| Complete 
|  11|0x0000000583000000, 0x0000000583200000, 0x0000000583200000|100%|HC|  |TAMS 0x0000000583000000, 0x0000000583000000| Complete 
|  12|0x0000000583200000, 0x0000000583400000, 0x0000000583400000|100%|HS|  |TAMS 0x0000000583200000, 0x0000000583200000| Complete 
|  13|0x0000000583400000, 0x0000000583400000, 0x0000000583600000|  0%| F|  |TAMS 0x0000000583400000, 0x0000000583400000| Untracked 
|  14|0x0000000583600000, 0x0000000583600000, 0x0000000583800000|  0%| F|  |TAMS 0x0000000583600000, 0x0000000583600000| Untracked 
|  15|0x0000000583800000, 0x0000000583800000, 0x0000000583a00000|  0%| F|  |TAMS 0x0000000583800000, 0x0000000583800000| Untracked 
|  16|0x0000000583a00000, 0x0000000583a00000, 0x0000000583c00000|  0%| F|  |TAMS 0x0000000583a00000, 0x0000000583a00000| Untracked 
|  17|0x0000000583c00000, 0x0000000583c00000, 0x0000000583e00000|  0%| F|  |TAMS 0x0000000583c00000, 0x0000000583c00000| Untracked 
|  18|0x0000000583e00000, 0x0000000583e00000, 0x0000000584000000|  0%| F|  |TAMS 0x0000000583e00000, 0x0000000583e00000| Untracked 
|  19|0x0000000584000000, 0x0000000584000000, 0x0000000584200000|  0%| F|  |TAMS 0x0000000584000000, 0x0000000584000000| Untracked 
|  20|0x0000000584200000, 0x0000000584200000, 0x0000000584400000|  0%| F|  |TAMS 0x0000000584200000, 0x0000000584200000| Untracked 
|  21|0x0000000584400000, 0x0000000584400000, 0x0000000584600000|  0%| F|  |TAMS 0x0000000584400000, 0x0000000584400000| Untracked 
|  22|0x0000000584600000, 0x0000000584600000, 0x0000000584800000|  0%| F|  |TAMS 0x0000000584600000, 0x0000000584600000| Untracked 
|  23|0x0000000584800000, 0x0000000584800000, 0x0000000584a00000|  0%| F|  |TAMS 0x0000000584800000, 0x0000000584800000| Untracked 
|  24|0x0000000584a00000, 0x0000000584a00000, 0x0000000584c00000|  0%| F|  |TAMS 0x0000000584a00000, 0x0000000584a00000| Untracked 
|  25|0x0000000584c00000, 0x0000000584c00000, 0x0000000584e00000|  0%| F|  |TAMS 0x0000000584c00000, 0x0000000584c00000| Untracked 
|  26|0x0000000584e00000, 0x0000000584e00000, 0x0000000585000000|  0%| F|  |TAMS 0x0000000584e00000, 0x0000000584e00000| Untracked 
|  27|0x0000000585000000, 0x0000000585000000, 0x0000000585200000|  0%| F|  |TAMS 0x0000000585000000, 0x0000000585000000| Untracked 
|  28|0x0000000585200000, 0x0000000585200000, 0x0000000585400000|  0%| F|  |TAMS 0x0000000585200000, 0x0000000585200000| Untracked 
|  29|0x0000000585400000, 0x0000000585400000, 0x0000000585600000|  0%| F|  |TAMS 0x0000000585400000, 0x0000000585400000| Untracked 
|  30|0x0000000585600000, 0x0000000585600000, 0x0000000585800000|  0%| F|  |TAMS 0x0000000585600000, 0x0000000585600000| Untracked 
|  31|0x0000000585800000, 0x0000000585800000, 0x0000000585a00000|  0%| F|  |TAMS 0x0000000585800000, 0x0000000585800000| Untracked 
|  32|0x0000000585a00000, 0x0000000585a00000, 0x0000000585c00000|  0%| F|  |TAMS 0x0000000585a00000, 0x0000000585a00000| Untracked 
|  33|0x0000000585c00000, 0x0000000585c00000, 0x0000000585e00000|  0%| F|  |TAMS 0x0000000585c00000, 0x0000000585c00000| Untracked 
|  34|0x0000000585e00000, 0x0000000585e00000, 0x0000000586000000|  0%| F|  |TAMS 0x0000000585e00000, 0x0000000585e00000| Untracked 
|  35|0x0000000586000000, 0x0000000586000000, 0x0000000586200000|  0%| F|  |TAMS 0x0000000586000000, 0x0000000586000000| Untracked 
|  36|0x0000000586200000, 0x0000000586200000, 0x0000000586400000|  0%| F|  |TAMS 0x0000000586200000, 0x0000000586200000| Untracked 
|  37|0x0000000586400000, 0x0000000586400000, 0x0000000586600000|  0%| F|  |TAMS 0x0000000586400000, 0x0000000586400000| Untracked 
|  38|0x0000000586600000, 0x0000000586600000, 0x0000000586800000|  0%| F|  |TAMS 0x0000000586600000, 0x0000000586600000| Untracked 
|  39|0x0000000586800000, 0x0000000586800000, 0x0000000586a00000|  0%| F|  |TAMS 0x0000000586800000, 0x0000000586800000| Untracked 
|  40|0x0000000586a00000, 0x0000000586a00000, 0x0000000586c00000|  0%| F|  |TAMS 0x0000000586a00000, 0x0000000586a00000| Untracked 
|  41|0x0000000586c00000, 0x0000000586c00000, 0x0000000586e00000|  0%| F|  |TAMS 0x0000000586c00000, 0x0000000586c00000| Untracked 
|  42|0x0000000586e00000, 0x0000000586e00000, 0x0000000587000000|  0%| F|  |TAMS 0x0000000586e00000, 0x0000000586e00000| Untracked 
|  43|0x0000000587000000, 0x0000000587000000, 0x0000000587200000|  0%| F|  |TAMS 0x0000000587000000, 0x0000000587000000| Untracked 
|  44|0x0000000587200000, 0x0000000587200000, 0x0000000587400000|  0%| F|  |TAMS 0x0000000587200000, 0x0000000587200000| Untracked 
|  45|0x0000000587400000, 0x0000000587400000, 0x0000000587600000|  0%| F|  |TAMS 0x0000000587400000, 0x0000000587400000| Untracked 
|  46|0x0000000587600000, 0x0000000587600000, 0x0000000587800000|  0%| F|  |TAMS 0x0000000587600000, 0x0000000587600000| Untracked 
|  47|0x0000000587800000, 0x0000000587800000, 0x0000000587a00000|  0%| F|  |TAMS 0x0000000587800000, 0x0000000587800000| Untracked 
|  48|0x0000000587a00000, 0x0000000587a00000, 0x0000000587c00000|  0%| F|  |TAMS 0x0000000587a00000, 0x0000000587a00000| Untracked 
|  49|0x0000000587c00000, 0x0000000587c00000, 0x0000000587e00000|  0%| F|  |TAMS 0x0000000587c00000, 0x0000000587c00000| Untracked 
|  50|0x0000000587e00000, 0x0000000587e00000, 0x0000000588000000|  0%| F|  |TAMS 0x0000000587e00000, 0x0000000587e00000| Untracked 
|  51|0x0000000588000000, 0x0000000588000000, 0x0000000588200000|  0%| F|  |TAMS 0x0000000588000000, 0x0000000588000000| Untracked 
|  52|0x0000000588200000, 0x0000000588200000, 0x0000000588400000|  0%| F|  |TAMS 0x0000000588200000, 0x0000000588200000| Untracked 
|  53|0x0000000588400000, 0x0000000588400000, 0x0000000588600000|  0%| F|  |TAMS 0x0000000588400000, 0x0000000588400000| Untracked 
|  54|0x0000000588600000, 0x0000000588600000, 0x0000000588800000|  0%| F|  |TAMS 0x0000000588600000, 0x0000000588600000| Untracked 
|  55|0x0000000588800000, 0x0000000588800000, 0x0000000588a00000|  0%| F|  |TAMS 0x0000000588800000, 0x0000000588800000| Untracked 
|  56|0x0000000588a00000, 0x0000000588a00000, 0x0000000588c00000|  0%| F|  |TAMS 0x0000000588a00000, 0x0000000588a00000| Untracked 
|  57|0x0000000588c00000, 0x0000000588c00000, 0x0000000588e00000|  0%| F|  |TAMS 0x0000000588c00000, 0x0000000588c00000| Untracked 
|  58|0x0000000588e00000, 0x0000000588e00000, 0x0000000589000000|  0%| F|  |TAMS 0x0000000588e00000, 0x0000000588e00000| Untracked 
|  59|0x0000000589000000, 0x0000000589000000, 0x0000000589200000|  0%| F|  |TAMS 0x0000000589000000, 0x0000000589000000| Untracked 
|  60|0x0000000589200000, 0x0000000589200000, 0x0000000589400000|  0%| F|  |TAMS 0x0000000589200000, 0x0000000589200000| Untracked 
|  61|0x0000000589400000, 0x0000000589400000, 0x0000000589600000|  0%| F|  |TAMS 0x0000000589400000, 0x0000000589400000| Untracked 
|  62|0x0000000589600000, 0x0000000589600000, 0x0000000589800000|  0%| F|  |TAMS 0x0000000589600000, 0x0000000589600000| Untracked 
|  63|0x0000000589800000, 0x0000000589800000, 0x0000000589a00000|  0%| F|  |TAMS 0x0000000589800000, 0x0000000589800000| Untracked 
|  64|0x0000000589a00000, 0x0000000589a00000, 0x0000000589c00000|  0%| F|  |TAMS 0x0000000589a00000, 0x0000000589a00000| Untracked 
|  65|0x0000000589c00000, 0x0000000589c00000, 0x0000000589e00000|  0%| F|  |TAMS 0x0000000589c00000, 0x0000000589c00000| Untracked 
|  66|0x0000000589e00000, 0x0000000589e00000, 0x000000058a000000|  0%| F|  |TAMS 0x0000000589e00000, 0x0000000589e00000| Untracked 
|  67|0x000000058a000000, 0x000000058a000000, 0x000000058a200000|  0%| F|  |TAMS 0x000000058a000000, 0x000000058a000000| Untracked 
|  68|0x000000058a200000, 0x000000058a200000, 0x000000058a400000|  0%| F|  |TAMS 0x000000058a200000, 0x000000058a200000| Untracked 
|  69|0x000000058a400000, 0x000000058a400000, 0x000000058a600000|  0%| F|  |TAMS 0x000000058a400000, 0x000000058a400000| Untracked 
|  70|0x000000058a600000, 0x000000058a600000, 0x000000058a800000|  0%| F|  |TAMS 0x000000058a600000, 0x000000058a600000| Untracked 
|  71|0x000000058a800000, 0x000000058a800000, 0x000000058aa00000|  0%| F|  |TAMS 0x000000058a800000, 0x000000058a800000| Untracked 
|  72|0x000000058aa00000, 0x000000058aa00000, 0x000000058ac00000|  0%| F|  |TAMS 0x000000058aa00000, 0x000000058aa00000| Untracked 
|  73|0x000000058ac00000, 0x000000058ac00000, 0x000000058ae00000|  0%| F|  |TAMS 0x000000058ac00000, 0x000000058ac00000| Untracked 
|  74|0x000000058ae00000, 0x000000058ae00000, 0x000000058b000000|  0%| F|  |TAMS 0x000000058ae00000, 0x000000058ae00000| Untracked 
|  75|0x000000058b000000, 0x000000058b000000, 0x000000058b200000|  0%| F|  |TAMS 0x000000058b000000, 0x000000058b000000| Untracked 
|  76|0x000000058b200000, 0x000000058b200000, 0x000000058b400000|  0%| F|  |TAMS 0x000000058b200000, 0x000000058b200000| Untracked 
|  77|0x000000058b400000, 0x000000058b400000, 0x000000058b600000|  0%| F|  |TAMS 0x000000058b400000, 0x000000058b400000| Untracked 
|  78|0x000000058b600000, 0x000000058b600000, 0x000000058b800000|  0%| F|  |TAMS 0x000000058b600000, 0x000000058b600000| Untracked 
|  79|0x000000058b800000, 0x000000058b800000, 0x000000058ba00000|  0%| F|  |TAMS 0x000000058b800000, 0x000000058b800000| Untracked 
|  80|0x000000058ba00000, 0x000000058ba00000, 0x000000058bc00000|  0%| F|  |TAMS 0x000000058ba00000, 0x000000058ba00000| Untracked 
|  81|0x000000058bc00000, 0x000000058bc00000, 0x000000058be00000|  0%| F|  |TAMS 0x000000058bc00000, 0x000000058bc00000| Untracked 
|  82|0x000000058be00000, 0x000000058be00000, 0x000000058c000000|  0%| F|  |TAMS 0x000000058be00000, 0x000000058be00000| Untracked 
|  83|0x000000058c000000, 0x000000058c000000, 0x000000058c200000|  0%| F|  |TAMS 0x000000058c000000, 0x000000058c000000| Untracked 
|  84|0x000000058c200000, 0x000000058c200000, 0x000000058c400000|  0%| F|  |TAMS 0x000000058c200000, 0x000000058c200000| Untracked 
|  85|0x000000058c400000, 0x000000058c400000, 0x000000058c600000|  0%| F|  |TAMS 0x000000058c400000, 0x000000058c400000| Untracked 
|  86|0x000000058c600000, 0x000000058c600000, 0x000000058c800000|  0%| F|  |TAMS 0x000000058c600000, 0x000000058c600000| Untracked 
|  87|0x000000058c800000, 0x000000058c800000, 0x000000058ca00000|  0%| F|  |TAMS 0x000000058c800000, 0x000000058c800000| Untracked 
|  88|0x000000058ca00000, 0x000000058ca00000, 0x000000058cc00000|  0%| F|  |TAMS 0x000000058ca00000, 0x000000058ca00000| Untracked 
|  89|0x000000058cc00000, 0x000000058cc00000, 0x000000058ce00000|  0%| F|  |TAMS 0x000000058cc00000, 0x000000058cc00000| Untracked 
|  90|0x000000058ce00000, 0x000000058ce00000, 0x000000058d000000|  0%| F|  |TAMS 0x000000058ce00000, 0x000000058ce00000| Untracked 
|  91|0x000000058d000000, 0x000000058d000000, 0x000000058d200000|  0%| F|  |TAMS 0x000000058d000000, 0x000000058d000000| Untracked 
|  92|0x000000058d200000, 0x000000058d200000, 0x000000058d400000|  0%| F|  |TAMS 0x000000058d200000, 0x000000058d200000| Untracked 
|  93|0x000000058d400000, 0x000000058d400000, 0x000000058d600000|  0%| F|  |TAMS 0x000000058d400000, 0x000000058d400000| Untracked 
|  94|0x000000058d600000, 0x000000058d600000, 0x000000058d800000|  0%| F|  |TAMS 0x000000058d600000, 0x000000058d600000| Untracked 
|  95|0x000000058d800000, 0x000000058d800000, 0x000000058da00000|  0%| F|  |TAMS 0x000000058d800000, 0x000000058d800000| Untracked 
|  96|0x000000058da00000, 0x000000058da00000, 0x000000058dc00000|  0%| F|  |TAMS 0x000000058da00000, 0x000000058da00000| Untracked 
|  97|0x000000058dc00000, 0x000000058dc00000, 0x000000058de00000|  0%| F|  |TAMS 0x000000058dc00000, 0x000000058dc00000| Untracked 
|  98|0x000000058de00000, 0x000000058de00000, 0x000000058e000000|  0%| F|  |TAMS 0x000000058de00000, 0x000000058de00000| Untracked 
|  99|0x000000058e000000, 0x000000058e000000, 0x000000058e200000|  0%| F|  |TAMS 0x000000058e000000, 0x000000058e000000| Untracked 
| 100|0x000000058e200000, 0x000000058e200000, 0x000000058e400000|  0%| F|  |TAMS 0x000000058e200000, 0x000000058e200000| Untracked 
| 101|0x000000058e400000, 0x000000058e400000, 0x000000058e600000|  0%| F|  |TAMS 0x000000058e400000, 0x000000058e400000| Untracked 
| 102|0x000000058e600000, 0x000000058e600000, 0x000000058e800000|  0%| F|  |TAMS 0x000000058e600000, 0x000000058e600000| Untracked 
| 103|0x000000058e800000, 0x000000058e800000, 0x000000058ea00000|  0%| F|  |TAMS 0x000000058e800000, 0x000000058e800000| Untracked 
| 104|0x000000058ea00000, 0x000000058ea00000, 0x000000058ec00000|  0%| F|  |TAMS 0x000000058ea00000, 0x000000058ea00000| Untracked 
| 105|0x000000058ec00000, 0x000000058ec00000, 0x000000058ee00000|  0%| F|  |TAMS 0x000000058ec00000, 0x000000058ec00000| Untracked 
| 106|0x000000058ee00000, 0x000000058ee00000, 0x000000058f000000|  0%| F|  |TAMS 0x000000058ee00000, 0x000000058ee00000| Untracked 
| 107|0x000000058f000000, 0x000000058f000000, 0x000000058f200000|  0%| F|  |TAMS 0x000000058f000000, 0x000000058f000000| Untracked 
| 108|0x000000058f200000, 0x000000058f200000, 0x000000058f400000|  0%| F|  |TAMS 0x000000058f200000, 0x000000058f200000| Untracked 
| 109|0x000000058f400000, 0x000000058f400000, 0x000000058f600000|  0%| F|  |TAMS 0x000000058f400000, 0x000000058f400000| Untracked 
| 110|0x000000058f600000, 0x000000058f600000, 0x000000058f800000|  0%| F|  |TAMS 0x000000058f600000, 0x000000058f600000| Untracked 
| 111|0x000000058f800000, 0x000000058f800000, 0x000000058fa00000|  0%| F|  |TAMS 0x000000058f800000, 0x000000058f800000| Untracked 
| 112|0x000000058fa00000, 0x000000058fa00000, 0x000000058fc00000|  0%| F|  |TAMS 0x000000058fa00000, 0x000000058fa00000| Untracked 
| 113|0x000000058fc00000, 0x000000058fc00000, 0x000000058fe00000|  0%| F|  |TAMS 0x000000058fc00000, 0x000000058fc00000| Untracked 
| 114|0x000000058fe00000, 0x000000058fe00000, 0x0000000590000000|  0%| F|  |TAMS 0x000000058fe00000, 0x000000058fe00000| Untracked 
| 115|0x0000000590000000, 0x0000000590000000, 0x0000000590200000|  0%| F|  |TAMS 0x0000000590000000, 0x0000000590000000| Untracked 
| 116|0x0000000590200000, 0x0000000590200000, 0x0000000590400000|  0%| F|  |TAMS 0x0000000590200000, 0x0000000590200000| Untracked 
| 117|0x0000000590400000, 0x0000000590400000, 0x0000000590600000|  0%| F|  |TAMS 0x0000000590400000, 0x0000000590400000| Untracked 
| 118|0x0000000590600000, 0x0000000590600000, 0x0000000590800000|  0%| F|  |TAMS 0x0000000590600000, 0x0000000590600000| Untracked 
| 119|0x0000000590800000, 0x0000000590800000, 0x0000000590a00000|  0%| F|  |TAMS 0x0000000590800000, 0x0000000590800000| Untracked 
| 120|0x0000000590a00000, 0x0000000590a00000, 0x0000000590c00000|  0%| F|  |TAMS 0x0000000590a00000, 0x0000000590a00000| Untracked 
| 121|0x0000000590c00000, 0x0000000590c00000, 0x0000000590e00000|  0%| F|  |TAMS 0x0000000590c00000, 0x0000000590c00000| Untracked 
| 122|0x0000000590e00000, 0x0000000590e00000, 0x0000000591000000|  0%| F|  |TAMS 0x0000000590e00000, 0x0000000590e00000| Untracked 
| 123|0x0000000591000000, 0x0000000591000000, 0x0000000591200000|  0%| F|  |TAMS 0x0000000591000000, 0x0000000591000000| Untracked 
| 124|0x0000000591200000, 0x0000000591200000, 0x0000000591400000|  0%| F|  |TAMS 0x0000000591200000, 0x0000000591200000| Untracked 
| 125|0x0000000591400000, 0x0000000591400000, 0x0000000591600000|  0%| F|  |TAMS 0x0000000591400000, 0x0000000591400000| Untracked 
| 126|0x0000000591600000, 0x0000000591600000, 0x0000000591800000|  0%| F|  |TAMS 0x0000000591600000, 0x0000000591600000| Untracked 
| 127|0x0000000591800000, 0x0000000591800000, 0x0000000591a00000|  0%| F|  |TAMS 0x0000000591800000, 0x0000000591800000| Untracked 
| 128|0x0000000591a00000, 0x0000000591a00000, 0x0000000591c00000|  0%| F|  |TAMS 0x0000000591a00000, 0x0000000591a00000| Untracked 
| 129|0x0000000591c00000, 0x0000000591c00000, 0x0000000591e00000|  0%| F|  |TAMS 0x0000000591c00000, 0x0000000591c00000| Untracked 
| 130|0x0000000591e00000, 0x0000000591e00000, 0x0000000592000000|  0%| F|  |TAMS 0x0000000591e00000, 0x0000000591e00000| Untracked 
| 131|0x0000000592000000, 0x0000000592000000, 0x0000000592200000|  0%| F|  |TAMS 0x0000000592000000, 0x0000000592000000| Untracked 
| 132|0x0000000592200000, 0x0000000592200000, 0x0000000592400000|  0%| F|  |TAMS 0x0000000592200000, 0x0000000592200000| Untracked 
| 133|0x0000000592400000, 0x0000000592400000, 0x0000000592600000|  0%| F|  |TAMS 0x0000000592400000, 0x0000000592400000| Untracked 
| 134|0x0000000592600000, 0x0000000592600000, 0x0000000592800000|  0%| F|  |TAMS 0x0000000592600000, 0x0000000592600000| Untracked 
| 135|0x0000000592800000, 0x0000000592800000, 0x0000000592a00000|  0%| F|  |TAMS 0x0000000592800000, 0x0000000592800000| Untracked 
| 136|0x0000000592a00000, 0x0000000592a00000, 0x0000000592c00000|  0%| F|  |TAMS 0x0000000592a00000, 0x0000000592a00000| Untracked 
| 137|0x0000000592c00000, 0x0000000592c00000, 0x0000000592e00000|  0%| F|  |TAMS 0x0000000592c00000, 0x0000000592c00000| Untracked 
| 138|0x0000000592e00000, 0x0000000592e00000, 0x0000000593000000|  0%| F|  |TAMS 0x0000000592e00000, 0x0000000592e00000| Untracked 
| 139|0x0000000593000000, 0x0000000593000000, 0x0000000593200000|  0%| F|  |TAMS 0x0000000593000000, 0x0000000593000000| Untracked 
| 140|0x0000000593200000, 0x0000000593200000, 0x0000000593400000|  0%| F|  |TAMS 0x0000000593200000, 0x0000000593200000| Untracked 
| 141|0x0000000593400000, 0x0000000593400000, 0x0000000593600000|  0%| F|  |TAMS 0x0000000593400000, 0x0000000593400000| Untracked 
| 142|0x0000000593600000, 0x0000000593600000, 0x0000000593800000|  0%| F|  |TAMS 0x0000000593600000, 0x0000000593600000| Untracked 
| 143|0x0000000593800000, 0x0000000593800000, 0x0000000593a00000|  0%| F|  |TAMS 0x0000000593800000, 0x0000000593800000| Untracked 
| 144|0x0000000593a00000, 0x0000000593a00000, 0x0000000593c00000|  0%| F|  |TAMS 0x0000000593a00000, 0x0000000593a00000| Untracked 
| 145|0x0000000593c00000, 0x0000000593c00000, 0x0000000593e00000|  0%| F|  |TAMS 0x0000000593c00000, 0x0000000593c00000| Untracked 
| 146|0x0000000593e00000, 0x0000000593e00000, 0x0000000594000000|  0%| F|  |TAMS 0x0000000593e00000, 0x0000000593e00000| Untracked 
| 147|0x0000000594000000, 0x0000000594000000, 0x0000000594200000|  0%| F|  |TAMS 0x0000000594000000, 0x0000000594000000| Untracked 
| 148|0x0000000594200000, 0x0000000594200000, 0x0000000594400000|  0%| F|  |TAMS 0x0000000594200000, 0x0000000594200000| Untracked 
| 149|0x0000000594400000, 0x0000000594400000, 0x0000000594600000|  0%| F|  |TAMS 0x0000000594400000, 0x0000000594400000| Untracked 
| 150|0x0000000594600000, 0x0000000594600000, 0x0000000594800000|  0%| F|  |TAMS 0x0000000594600000, 0x0000000594600000| Untracked 
| 151|0x0000000594800000, 0x0000000594800000, 0x0000000594a00000|  0%| F|  |TAMS 0x0000000594800000, 0x0000000594800000| Untracked 
| 152|0x0000000594a00000, 0x0000000594a00000, 0x0000000594c00000|  0%| F|  |TAMS 0x0000000594a00000, 0x0000000594a00000| Untracked 
| 153|0x0000000594c00000, 0x0000000594c00000, 0x0000000594e00000|  0%| F|  |TAMS 0x0000000594c00000, 0x0000000594c00000| Untracked 
| 154|0x0000000594e00000, 0x0000000594e00000, 0x0000000595000000|  0%| F|  |TAMS 0x0000000594e00000, 0x0000000594e00000| Untracked 
| 155|0x0000000595000000, 0x0000000595000000, 0x0000000595200000|  0%| F|  |TAMS 0x0000000595000000, 0x0000000595000000| Untracked 
| 156|0x0000000595200000, 0x0000000595200000, 0x0000000595400000|  0%| F|  |TAMS 0x0000000595200000, 0x0000000595200000| Untracked 
| 157|0x0000000595400000, 0x0000000595400000, 0x0000000595600000|  0%| F|  |TAMS 0x0000000595400000, 0x0000000595400000| Untracked 
| 158|0x0000000595600000, 0x0000000595600000, 0x0000000595800000|  0%| F|  |TAMS 0x0000000595600000, 0x0000000595600000| Untracked 
| 159|0x0000000595800000, 0x0000000595800000, 0x0000000595a00000|  0%| F|  |TAMS 0x0000000595800000, 0x0000000595800000| Untracked 
| 160|0x0000000595a00000, 0x0000000595a00000, 0x0000000595c00000|  0%| F|  |TAMS 0x0000000595a00000, 0x0000000595a00000| Untracked 
| 161|0x0000000595c00000, 0x0000000595c00000, 0x0000000595e00000|  0%| F|  |TAMS 0x0000000595c00000, 0x0000000595c00000| Untracked 
| 162|0x0000000595e00000, 0x0000000595e00000, 0x0000000596000000|  0%| F|  |TAMS 0x0000000595e00000, 0x0000000595e00000| Untracked 
| 163|0x0000000596000000, 0x0000000596000000, 0x0000000596200000|  0%| F|  |TAMS 0x0000000596000000, 0x0000000596000000| Untracked 
| 164|0x0000000596200000, 0x0000000596200000, 0x0000000596400000|  0%| F|  |TAMS 0x0000000596200000, 0x0000000596200000| Untracked 
| 165|0x0000000596400000, 0x0000000596400000, 0x0000000596600000|  0%| F|  |TAMS 0x0000000596400000, 0x0000000596400000| Untracked 
| 166|0x0000000596600000, 0x0000000596600000, 0x0000000596800000|  0%| F|  |TAMS 0x0000000596600000, 0x0000000596600000| Untracked 
| 167|0x0000000596800000, 0x0000000596800000, 0x0000000596a00000|  0%| F|  |TAMS 0x0000000596800000, 0x0000000596800000| Untracked 
| 168|0x0000000596a00000, 0x0000000596a00000, 0x0000000596c00000|  0%| F|  |TAMS 0x0000000596a00000, 0x0000000596a00000| Untracked 
| 169|0x0000000596c00000, 0x0000000596c00000, 0x0000000596e00000|  0%| F|  |TAMS 0x0000000596c00000, 0x0000000596c00000| Untracked 
| 170|0x0000000596e00000, 0x0000000596e00000, 0x0000000597000000|  0%| F|  |TAMS 0x0000000596e00000, 0x0000000596e00000| Untracked 
| 171|0x0000000597000000, 0x0000000597000000, 0x0000000597200000|  0%| F|  |TAMS 0x0000000597000000, 0x0000000597000000| Untracked 
| 172|0x0000000597200000, 0x0000000597200000, 0x0000000597400000|  0%| F|  |TAMS 0x0000000597200000, 0x0000000597200000| Untracked 
| 173|0x0000000597400000, 0x0000000597400000, 0x0000000597600000|  0%| F|  |TAMS 0x0000000597400000, 0x0000000597400000| Untracked 
| 174|0x0000000597600000, 0x0000000597600000, 0x0000000597800000|  0%| F|  |TAMS 0x0000000597600000, 0x0000000597600000| Untracked 
| 175|0x0000000597800000, 0x0000000597800000, 0x0000000597a00000|  0%| F|  |TAMS 0x0000000597800000, 0x0000000597800000| Untracked 
| 176|0x0000000597a00000, 0x0000000597a00000, 0x0000000597c00000|  0%| F|  |TAMS 0x0000000597a00000, 0x0000000597a00000| Untracked 
| 177|0x0000000597c00000, 0x0000000597c00000, 0x0000000597e00000|  0%| F|  |TAMS 0x0000000597c00000, 0x0000000597c00000| Untracked 
| 178|0x0000000597e00000, 0x0000000597e00000, 0x0000000598000000|  0%| F|  |TAMS 0x0000000597e00000, 0x0000000597e00000| Untracked 
| 179|0x0000000598000000, 0x0000000598000000, 0x0000000598200000|  0%| F|  |TAMS 0x0000000598000000, 0x0000000598000000| Untracked 
| 180|0x0000000598200000, 0x0000000598200000, 0x0000000598400000|  0%| F|  |TAMS 0x0000000598200000, 0x0000000598200000| Untracked 
| 181|0x0000000598400000, 0x0000000598400000, 0x0000000598600000|  0%| F|  |TAMS 0x0000000598400000, 0x0000000598400000| Untracked 
| 182|0x0000000598600000, 0x0000000598600000, 0x0000000598800000|  0%| F|  |TAMS 0x0000000598600000, 0x0000000598600000| Untracked 
| 183|0x0000000598800000, 0x0000000598800000, 0x0000000598a00000|  0%| F|  |TAMS 0x0000000598800000, 0x0000000598800000| Untracked 
| 184|0x0000000598a00000, 0x0000000598a00000, 0x0000000598c00000|  0%| F|  |TAMS 0x0000000598a00000, 0x0000000598a00000| Untracked 
| 185|0x0000000598c00000, 0x0000000598c00000, 0x0000000598e00000|  0%| F|  |TAMS 0x0000000598c00000, 0x0000000598c00000| Untracked 
| 186|0x0000000598e00000, 0x0000000598f57888, 0x0000000599000000| 67%| E|  |TAMS 0x0000000598e00000, 0x0000000598e00000| Complete 
| 187|0x0000000599000000, 0x0000000599200000, 0x0000000599200000|100%| E|CS|TAMS 0x0000000599000000, 0x0000000599000000| Complete 
| 188|0x0000000599200000, 0x0000000599400000, 0x0000000599400000|100%| E|CS|TAMS 0x0000000599200000, 0x0000000599200000| Complete 
| 189|0x0000000599400000, 0x0000000599600000, 0x0000000599600000|100%| E|CS|TAMS 0x0000000599400000, 0x0000000599400000| Complete 
| 190|0x0000000599600000, 0x0000000599800000, 0x0000000599800000|100%| E|CS|TAMS 0x0000000599600000, 0x0000000599600000| Complete 
| 191|0x0000000599800000, 0x0000000599a00000, 0x0000000599a00000|100%| E|CS|TAMS 0x0000000599800000, 0x0000000599800000| Complete 
| 192|0x0000000599a00000, 0x0000000599c00000, 0x0000000599c00000|100%| E|CS|TAMS 0x0000000599a00000, 0x0000000599a00000| Complete 
| 193|0x0000000599c00000, 0x0000000599e00000, 0x0000000599e00000|100%| E|CS|TAMS 0x0000000599c00000, 0x0000000599c00000| Complete 
| 194|0x0000000599e00000, 0x000000059a000000, 0x000000059a000000|100%| E|  |TAMS 0x0000000599e00000, 0x0000000599e00000| Complete 
| 195|0x000000059a000000, 0x000000059a200000, 0x000000059a200000|100%| E|CS|TAMS 0x000000059a000000, 0x000000059a000000| Complete 
| 196|0x000000059a200000, 0x000000059a400000, 0x000000059a400000|100%| E|CS|TAMS 0x000000059a200000, 0x000000059a200000| Complete 
| 197|0x000000059a400000, 0x000000059a600000, 0x000000059a600000|100%| E|CS|TAMS 0x000000059a400000, 0x000000059a400000| Complete 
| 198|0x000000059a600000, 0x000000059a800000, 0x000000059a800000|100%| E|CS|TAMS 0x000000059a600000, 0x000000059a600000| Complete 
| 199|0x000000059a800000, 0x000000059aa00000, 0x000000059aa00000|100%| E|CS|TAMS 0x000000059a800000, 0x000000059a800000| Complete 
| 200|0x000000059aa00000, 0x000000059ac00000, 0x000000059ac00000|100%| E|CS|TAMS 0x000000059aa00000, 0x000000059aa00000| Complete 
| 201|0x000000059ac00000, 0x000000059ae00000, 0x000000059ae00000|100%| E|CS|TAMS 0x000000059ac00000, 0x000000059ac00000| Complete 
| 202|0x000000059ae00000, 0x000000059b000000, 0x000000059b000000|100%| E|CS|TAMS 0x000000059ae00000, 0x000000059ae00000| Complete 
| 203|0x000000059b000000, 0x000000059b200000, 0x000000059b200000|100%| E|CS|TAMS 0x000000059b000000, 0x000000059b000000| Complete 
| 204|0x000000059b200000, 0x000000059b400000, 0x000000059b400000|100%| E|CS|TAMS 0x000000059b200000, 0x000000059b200000| Complete 
| 205|0x000000059b400000, 0x000000059b600000, 0x000000059b600000|100%| E|CS|TAMS 0x000000059b400000, 0x000000059b400000| Complete 
| 206|0x000000059b600000, 0x000000059b800000, 0x000000059b800000|100%| E|CS|TAMS 0x000000059b600000, 0x000000059b600000| Complete 
| 207|0x000000059b800000, 0x000000059ba00000, 0x000000059ba00000|100%| E|CS|TAMS 0x000000059b800000, 0x000000059b800000| Complete 
| 208|0x000000059ba00000, 0x000000059bc00000, 0x000000059bc00000|100%| E|CS|TAMS 0x000000059ba00000, 0x000000059ba00000| Complete 
| 209|0x000000059bc00000, 0x000000059be00000, 0x000000059be00000|100%| E|CS|TAMS 0x000000059bc00000, 0x000000059bc00000| Complete 
| 210|0x000000059be00000, 0x000000059c000000, 0x000000059c000000|100%| E|CS|TAMS 0x000000059be00000, 0x000000059be00000| Complete 
| 211|0x000000059c000000, 0x000000059c200000, 0x000000059c200000|100%| E|CS|TAMS 0x000000059c000000, 0x000000059c000000| Complete 
| 212|0x000000059c200000, 0x000000059c400000, 0x000000059c400000|100%| E|CS|TAMS 0x000000059c200000, 0x000000059c200000| Complete 
| 213|0x000000059c400000, 0x000000059c600000, 0x000000059c600000|100%| E|CS|TAMS 0x000000059c400000, 0x000000059c400000| Complete 
| 214|0x000000059c600000, 0x000000059c800000, 0x000000059c800000|100%| E|CS|TAMS 0x000000059c600000, 0x000000059c600000| Complete 
| 215|0x000000059c800000, 0x000000059ca00000, 0x000000059ca00000|100%| E|CS|TAMS 0x000000059c800000, 0x000000059c800000| Complete 
| 216|0x000000059ca00000, 0x000000059cc00000, 0x000000059cc00000|100%| E|CS|TAMS 0x000000059ca00000, 0x000000059ca00000| Complete 
| 217|0x000000059cc00000, 0x000000059ce00000, 0x000000059ce00000|100%| E|CS|TAMS 0x000000059cc00000, 0x000000059cc00000| Complete 
| 218|0x000000059ce00000, 0x000000059d000000, 0x000000059d000000|100%| E|CS|TAMS 0x000000059ce00000, 0x000000059ce00000| Complete 
| 219|0x000000059d000000, 0x000000059d200000, 0x000000059d200000|100%| E|CS|TAMS 0x000000059d000000, 0x000000059d000000| Complete 
| 220|0x000000059d200000, 0x000000059d400000, 0x000000059d400000|100%| E|CS|TAMS 0x000000059d200000, 0x000000059d200000| Complete 
| 221|0x000000059d400000, 0x000000059d600000, 0x000000059d600000|100%| E|CS|TAMS 0x000000059d400000, 0x000000059d400000| Complete 
| 222|0x000000059d600000, 0x000000059d800000, 0x000000059d800000|100%| E|CS|TAMS 0x000000059d600000, 0x000000059d600000| Complete 
| 223|0x000000059d800000, 0x000000059da00000, 0x000000059da00000|100%| E|CS|TAMS 0x000000059d800000, 0x000000059d800000| Complete 
| 224|0x000000059da00000, 0x000000059dc00000, 0x000000059dc00000|100%| E|CS|TAMS 0x000000059da00000, 0x000000059da00000| Complete 
| 225|0x000000059dc00000, 0x000000059de00000, 0x000000059de00000|100%| E|CS|TAMS 0x000000059dc00000, 0x000000059dc00000| Complete 
| 226|0x000000059de00000, 0x000000059e000000, 0x000000059e000000|100%| E|CS|TAMS 0x000000059de00000, 0x000000059de00000| Complete 
| 227|0x000000059e000000, 0x000000059e200000, 0x000000059e200000|100%| E|CS|TAMS 0x000000059e000000, 0x000000059e000000| Complete 
| 228|0x000000059e200000, 0x000000059e400000, 0x000000059e400000|100%| E|CS|TAMS 0x000000059e200000, 0x000000059e200000| Complete 
| 229|0x000000059e400000, 0x000000059e600000, 0x000000059e600000|100%| E|CS|TAMS 0x000000059e400000, 0x000000059e400000| Complete 
| 230|0x000000059e600000, 0x000000059e800000, 0x000000059e800000|100%| E|CS|TAMS 0x000000059e600000, 0x000000059e600000| Complete 
| 231|0x000000059e800000, 0x000000059ea00000, 0x000000059ea00000|100%| E|CS|TAMS 0x000000059e800000, 0x000000059e800000| Complete 
| 232|0x000000059ea00000, 0x000000059ec00000, 0x000000059ec00000|100%| E|CS|TAMS 0x000000059ea00000, 0x000000059ea00000| Complete 
| 233|0x000000059ec00000, 0x000000059ee00000, 0x000000059ee00000|100%| E|CS|TAMS 0x000000059ec00000, 0x000000059ec00000| Complete 
| 234|0x000000059ee00000, 0x000000059f000000, 0x000000059f000000|100%| E|CS|TAMS 0x000000059ee00000, 0x000000059ee00000| Complete 
| 235|0x000000059f000000, 0x000000059f200000, 0x000000059f200000|100%| E|CS|TAMS 0x000000059f000000, 0x000000059f000000| Complete 
| 236|0x000000059f200000, 0x000000059f400000, 0x000000059f400000|100%| E|CS|TAMS 0x000000059f200000, 0x000000059f200000| Complete 
| 237|0x000000059f400000, 0x000000059f600000, 0x000000059f600000|100%| E|CS|TAMS 0x000000059f400000, 0x000000059f400000| Complete 
| 238|0x000000059f600000, 0x000000059f800000, 0x000000059f800000|100%| E|CS|TAMS 0x000000059f600000, 0x000000059f600000| Complete 
| 239|0x000000059f800000, 0x000000059fa00000, 0x000000059fa00000|100%| E|CS|TAMS 0x000000059f800000, 0x000000059f800000| Complete 
| 240|0x000000059fa00000, 0x000000059fc00000, 0x000000059fc00000|100%| E|CS|TAMS 0x000000059fa00000, 0x000000059fa00000| Complete 
| 241|0x000000059fc00000, 0x000000059fe00000, 0x000000059fe00000|100%| E|CS|TAMS 0x000000059fc00000, 0x000000059fc00000| Complete 
| 242|0x000000059fe00000, 0x00000005a0000000, 0x00000005a0000000|100%| E|CS|TAMS 0x000000059fe00000, 0x000000059fe00000| Complete 
| 243|0x00000005a0000000, 0x00000005a0200000, 0x00000005a0200000|100%| E|CS|TAMS 0x00000005a0000000, 0x00000005a0000000| Complete 
| 244|0x00000005a0200000, 0x00000005a0400000, 0x00000005a0400000|100%| E|CS|TAMS 0x00000005a0200000, 0x00000005a0200000| Complete 
| 245|0x00000005a0400000, 0x00000005a0600000, 0x00000005a0600000|100%| E|CS|TAMS 0x00000005a0400000, 0x00000005a0400000| Complete 
| 246|0x00000005a0600000, 0x00000005a0800000, 0x00000005a0800000|100%| E|CS|TAMS 0x00000005a0600000, 0x00000005a0600000| Complete 
| 247|0x00000005a0800000, 0x00000005a0a00000, 0x00000005a0a00000|100%| E|CS|TAMS 0x00000005a0800000, 0x00000005a0800000| Complete 
| 248|0x00000005a0a00000, 0x00000005a0c00000, 0x00000005a0c00000|100%| E|CS|TAMS 0x00000005a0a00000, 0x00000005a0a00000| Complete 
| 249|0x00000005a0c00000, 0x00000005a0e00000, 0x00000005a0e00000|100%| E|CS|TAMS 0x00000005a0c00000, 0x00000005a0c00000| Complete 
| 250|0x00000005a0e00000, 0x00000005a1000000, 0x00000005a1000000|100%| E|CS|TAMS 0x00000005a0e00000, 0x00000005a0e00000| Complete 
| 251|0x00000005a1000000, 0x00000005a1200000, 0x00000005a1200000|100%| E|CS|TAMS 0x00000005a1000000, 0x00000005a1000000| Complete 
| 252|0x00000005a1200000, 0x00000005a1400000, 0x00000005a1400000|100%| E|CS|TAMS 0x00000005a1200000, 0x00000005a1200000| Complete 
| 253|0x00000005a1400000, 0x00000005a1600000, 0x00000005a1600000|100%| E|CS|TAMS 0x00000005a1400000, 0x00000005a1400000| Complete 
| 254|0x00000005a1600000, 0x00000005a1800000, 0x00000005a1800000|100%| E|CS|TAMS 0x00000005a1600000, 0x00000005a1600000| Complete 
| 255|0x00000005a1800000, 0x00000005a1a00000, 0x00000005a1a00000|100%| E|CS|TAMS 0x00000005a1800000, 0x00000005a1800000| Complete 
| 256|0x00000005a1a00000, 0x00000005a1c00000, 0x00000005a1c00000|100%| E|CS|TAMS 0x00000005a1a00000, 0x00000005a1a00000| Complete 
| 257|0x00000005a1c00000, 0x00000005a1e00000, 0x00000005a1e00000|100%| E|CS|TAMS 0x00000005a1c00000, 0x00000005a1c00000| Complete 
| 258|0x00000005a1e00000, 0x00000005a2000000, 0x00000005a2000000|100%| E|CS|TAMS 0x00000005a1e00000, 0x00000005a1e00000| Complete 
| 259|0x00000005a2000000, 0x00000005a2200000, 0x00000005a2200000|100%| E|CS|TAMS 0x00000005a2000000, 0x00000005a2000000| Complete 
| 260|0x00000005a2200000, 0x00000005a2400000, 0x00000005a2400000|100%| S|CS|TAMS 0x00000005a2200000, 0x00000005a2200000| Complete 
| 261|0x00000005a2400000, 0x00000005a2600000, 0x00000005a2600000|100%| S|CS|TAMS 0x00000005a2400000, 0x00000005a2400000| Complete 
| 262|0x00000005a2600000, 0x00000005a2800000, 0x00000005a2800000|100%| S|CS|TAMS 0x00000005a2600000, 0x00000005a2600000| Complete 
| 263|0x00000005a2800000, 0x00000005a2a00000, 0x00000005a2a00000|100%| S|CS|TAMS 0x00000005a2800000, 0x00000005a2800000| Complete 
| 264|0x00000005a2a00000, 0x00000005a2c00000, 0x00000005a2c00000|100%| S|CS|TAMS 0x00000005a2a00000, 0x00000005a2a00000| Complete 
| 265|0x00000005a2c00000, 0x00000005a2e00000, 0x00000005a2e00000|100%| S|CS|TAMS 0x00000005a2c00000, 0x00000005a2c00000| Complete 
| 266|0x00000005a2e00000, 0x00000005a3000000, 0x00000005a3000000|100%| S|CS|TAMS 0x00000005a2e00000, 0x00000005a2e00000| Complete 
| 267|0x00000005a3000000, 0x00000005a3200000, 0x00000005a3200000|100%| E|CS|TAMS 0x00000005a3000000, 0x00000005a3000000| Complete 
| 268|0x00000005a3200000, 0x00000005a3400000, 0x00000005a3400000|100%| E|CS|TAMS 0x00000005a3200000, 0x00000005a3200000| Complete 
| 269|0x00000005a3400000, 0x00000005a3600000, 0x00000005a3600000|100%| E|CS|TAMS 0x00000005a3400000, 0x00000005a3400000| Complete 
| 270|0x00000005a3600000, 0x00000005a3800000, 0x00000005a3800000|100%| E|CS|TAMS 0x00000005a3600000, 0x00000005a3600000| Complete 
| 271|0x00000005a3800000, 0x00000005a3a00000, 0x00000005a3a00000|100%| E|CS|TAMS 0x00000005a3800000, 0x00000005a3800000| Complete 
| 272|0x00000005a3a00000, 0x00000005a3c00000, 0x00000005a3c00000|100%| E|CS|TAMS 0x00000005a3a00000, 0x00000005a3a00000| Complete 
| 273|0x00000005a3c00000, 0x00000005a3e00000, 0x00000005a3e00000|100%| S|CS|TAMS 0x00000005a3c00000, 0x00000005a3c00000| Complete 
| 274|0x00000005a3e00000, 0x00000005a4000000, 0x00000005a4000000|100%| S|CS|TAMS 0x00000005a3e00000, 0x00000005a3e00000| Complete 
| 275|0x00000005a4000000, 0x00000005a4200000, 0x00000005a4200000|100%| S|CS|TAMS 0x00000005a4000000, 0x00000005a4000000| Complete 
| 276|0x00000005a4200000, 0x00000005a4400000, 0x00000005a4400000|100%| S|CS|TAMS 0x00000005a4200000, 0x00000005a4200000| Complete 
| 277|0x00000005a4400000, 0x00000005a4600000, 0x00000005a4600000|100%| E|CS|TAMS 0x00000005a4400000, 0x00000005a4400000| Complete 
| 278|0x00000005a4600000, 0x00000005a4800000, 0x00000005a4800000|100%| E|CS|TAMS 0x00000005a4600000, 0x00000005a4600000| Complete 
| 279|0x00000005a4800000, 0x00000005a4a00000, 0x00000005a4a00000|100%| E|CS|TAMS 0x00000005a4800000, 0x00000005a4800000| Complete 
| 280|0x00000005a4a00000, 0x00000005a4c00000, 0x00000005a4c00000|100%| E|CS|TAMS 0x00000005a4a00000, 0x00000005a4a00000| Complete 
| 281|0x00000005a4c00000, 0x00000005a4e00000, 0x00000005a4e00000|100%| E|CS|TAMS 0x00000005a4c00000, 0x00000005a4c00000| Complete 
| 282|0x00000005a4e00000, 0x00000005a5000000, 0x00000005a5000000|100%| E|CS|TAMS 0x00000005a4e00000, 0x00000005a4e00000| Complete 
| 283|0x00000005a5000000, 0x00000005a5200000, 0x00000005a5200000|100%| E|CS|TAMS 0x00000005a5000000, 0x00000005a5000000| Complete 
| 284|0x00000005a5200000, 0x00000005a5400000, 0x00000005a5400000|100%| E|CS|TAMS 0x00000005a5200000, 0x00000005a5200000| Complete 
| 285|0x00000005a5400000, 0x00000005a5600000, 0x00000005a5600000|100%| E|CS|TAMS 0x00000005a5400000, 0x00000005a5400000| Complete 
| 286|0x00000005a5600000, 0x00000005a5800000, 0x00000005a5800000|100%| E|CS|TAMS 0x00000005a5600000, 0x00000005a5600000| Complete 
| 287|0x00000005a5800000, 0x00000005a5a00000, 0x00000005a5a00000|100%| E|CS|TAMS 0x00000005a5800000, 0x00000005a5800000| Complete 
| 288|0x00000005a5a00000, 0x00000005a5c00000, 0x00000005a5c00000|100%| E|CS|TAMS 0x00000005a5a00000, 0x00000005a5a00000| Complete 
| 289|0x00000005a5c00000, 0x00000005a5e00000, 0x00000005a5e00000|100%| E|CS|TAMS 0x00000005a5c00000, 0x00000005a5c00000| Complete 
| 290|0x00000005a5e00000, 0x00000005a6000000, 0x00000005a6000000|100%| E|CS|TAMS 0x00000005a5e00000, 0x00000005a5e00000| Complete 
| 291|0x00000005a6000000, 0x00000005a6200000, 0x00000005a6200000|100%| E|CS|TAMS 0x00000005a6000000, 0x00000005a6000000| Complete 
| 292|0x00000005a6200000, 0x00000005a6400000, 0x00000005a6400000|100%| E|CS|TAMS 0x00000005a6200000, 0x00000005a6200000| Complete 
| 293|0x00000005a6400000, 0x00000005a6600000, 0x00000005a6600000|100%| E|CS|TAMS 0x00000005a6400000, 0x00000005a6400000| Complete 
| 294|0x00000005a6600000, 0x00000005a6800000, 0x00000005a6800000|100%| E|CS|TAMS 0x00000005a6600000, 0x00000005a6600000| Complete 
| 295|0x00000005a6800000, 0x00000005a6a00000, 0x00000005a6a00000|100%| E|CS|TAMS 0x00000005a6800000, 0x00000005a6800000| Complete 
| 296|0x00000005a6a00000, 0x00000005a6c00000, 0x00000005a6c00000|100%| E|CS|TAMS 0x00000005a6a00000, 0x00000005a6a00000| Complete 
| 297|0x00000005a6c00000, 0x00000005a6e00000, 0x00000005a6e00000|100%| E|CS|TAMS 0x00000005a6c00000, 0x00000005a6c00000| Complete 
| 298|0x00000005a6e00000, 0x00000005a7000000, 0x00000005a7000000|100%| E|CS|TAMS 0x00000005a6e00000, 0x00000005a6e00000| Complete 
| 299|0x00000005a7000000, 0x00000005a7200000, 0x00000005a7200000|100%| E|CS|TAMS 0x00000005a7000000, 0x00000005a7000000| Complete 
| 300|0x00000005a7200000, 0x00000005a7400000, 0x00000005a7400000|100%| E|CS|TAMS 0x00000005a7200000, 0x00000005a7200000| Complete 
| 301|0x00000005a7400000, 0x00000005a7600000, 0x00000005a7600000|100%| E|CS|TAMS 0x00000005a7400000, 0x00000005a7400000| Complete 
| 302|0x00000005a7600000, 0x00000005a7800000, 0x00000005a7800000|100%| E|CS|TAMS 0x00000005a7600000, 0x00000005a7600000| Complete 
| 303|0x00000005a7800000, 0x00000005a7a00000, 0x00000005a7a00000|100%| E|CS|TAMS 0x00000005a7800000, 0x00000005a7800000| Complete 
| 304|0x00000005a7a00000, 0x00000005a7c00000, 0x00000005a7c00000|100%| E|CS|TAMS 0x00000005a7a00000, 0x00000005a7a00000| Complete 
| 305|0x00000005a7c00000, 0x00000005a7e00000, 0x00000005a7e00000|100%| E|CS|TAMS 0x00000005a7c00000, 0x00000005a7c00000| Complete 
| 306|0x00000005a7e00000, 0x00000005a8000000, 0x00000005a8000000|100%| E|CS|TAMS 0x00000005a7e00000, 0x00000005a7e00000| Complete 
| 307|0x00000005a8000000, 0x00000005a8200000, 0x00000005a8200000|100%| E|CS|TAMS 0x00000005a8000000, 0x00000005a8000000| Complete 
| 308|0x00000005a8200000, 0x00000005a8400000, 0x00000005a8400000|100%| E|CS|TAMS 0x00000005a8200000, 0x00000005a8200000| Complete 
| 309|0x00000005a8400000, 0x00000005a8600000, 0x00000005a8600000|100%| E|CS|TAMS 0x00000005a8400000, 0x00000005a8400000| Complete 
| 310|0x00000005a8600000, 0x00000005a8800000, 0x00000005a8800000|100%| E|CS|TAMS 0x00000005a8600000, 0x00000005a8600000| Complete 
| 311|0x00000005a8800000, 0x00000005a8a00000, 0x00000005a8a00000|100%| E|CS|TAMS 0x00000005a8800000, 0x00000005a8800000| Complete 
| 312|0x00000005a8a00000, 0x00000005a8c00000, 0x00000005a8c00000|100%| E|CS|TAMS 0x00000005a8a00000, 0x00000005a8a00000| Complete 
| 313|0x00000005a8c00000, 0x00000005a8e00000, 0x00000005a8e00000|100%| E|CS|TAMS 0x00000005a8c00000, 0x00000005a8c00000| Complete 
| 314|0x00000005a8e00000, 0x00000005a9000000, 0x00000005a9000000|100%| E|CS|TAMS 0x00000005a8e00000, 0x00000005a8e00000| Complete 
| 315|0x00000005a9000000, 0x00000005a9200000, 0x00000005a9200000|100%| E|CS|TAMS 0x00000005a9000000, 0x00000005a9000000| Complete 
| 316|0x00000005a9200000, 0x00000005a9400000, 0x00000005a9400000|100%| E|CS|TAMS 0x00000005a9200000, 0x00000005a9200000| Complete 
| 317|0x00000005a9400000, 0x00000005a9600000, 0x00000005a9600000|100%| E|CS|TAMS 0x00000005a9400000, 0x00000005a9400000| Complete 
| 318|0x00000005a9600000, 0x00000005a9800000, 0x00000005a9800000|100%| E|CS|TAMS 0x00000005a9600000, 0x00000005a9600000| Complete 
| 319|0x00000005a9800000, 0x00000005a9a00000, 0x00000005a9a00000|100%| E|CS|TAMS 0x00000005a9800000, 0x00000005a9800000| Complete 

Card table byte_map: [0x000001f08f000000,0x000001f090400000] _byte_map_base: 0x000001f08c3f3000

Marking Bits (Prev, Next): (CMBitMap*) 0x000001f0f6381ed0, (CMBitMap*) 0x000001f0f6381e98
 Prev Bits: [0x000001f09b7a0000, 0x000001f0a5738000)
 Next Bits: [0x000001f091800000, 0x000001f09b798000)

Polling page: 0x000001f0f5a40000

Metaspace:

Usage:
  Non-class:     63.64 MB capacity,    62.47 MB ( 98%) used,   929.31 KB (  1%) free+waste,   273.75 KB ( <1%) overhead. 
      Class:      8.80 MB capacity,     7.94 MB ( 90%) used,   744.52 KB (  8%) free+waste,   129.38 KB (  1%) overhead. 
       Both:     72.44 MB capacity,    70.41 MB ( 97%) used,     1.63 MB (  2%) free+waste,   403.13 KB ( <1%) overhead. 

Virtual space:
  Non-class space:       64.00 MB reserved,      63.75 MB (>99%) committed 
      Class space:        1.00 GB reserved,       8.82 MB ( <1%) committed 
             Both:        1.06 GB reserved,      72.57 MB (  7%) committed 

Chunk freelists:
   Non-Class:  5.88 KB
       Class:  2.13 KB
        Both:  8.00 KB

CodeHeap 'non-profiled nmethods': size=120000Kb used=4476Kb max_used=4476Kb free=115523Kb
 bounds [0x000001f087ad0000, 0x000001f087f30000, 0x000001f08f000000]
CodeHeap 'profiled nmethods': size=120000Kb used=18316Kb max_used=18316Kb free=101683Kb
 bounds [0x000001f0805a0000, 0x000001f081790000, 0x000001f087ad0000]
CodeHeap 'non-nmethods': size=5760Kb used=1490Kb max_used=1533Kb free=4269Kb
 bounds [0x000001f080000000, 0x000001f080270000, 0x000001f0805a0000]
 total_blobs=10895 nmethods=7497 adapters=879
 compilation: enabled
              stopped_count=0, restarted_count=0
 full_count=0

Compilation events (10 events):
Event: 17.176 Thread 0x000001f0a873e000 nmethod 8103 0x000001f081784810 code [0x000001f0817849e0, 0x000001f081784bd0]
Event: 17.185 Thread 0x000001f0bff2e000 nmethod 8099 0x000001f087f21110 code [0x000001f087f21460, 0x000001f087f231b8]
Event: 17.189 Thread 0x000001f0bcb62000 nmethod 8080 0x000001f087f23f10 code [0x000001f087f24460, 0x000001f087f2a138]
Event: 17.192 Thread 0x000001f0a873e000 8104   !   3       p::s (765 bytes)
Event: 17.193 Thread 0x000001f0a873e000 nmethod 8104 0x000001f081784c90 code [0x000001f081785320, 0x000001f0817889a0]
Event: 17.210 Thread 0x000001f0a8739800 8105 % !   4       bt::k @ 742 (1316 bytes)
Event: 17.216 Thread 0x000001f0a873e000 8106       3       java.util.concurrent.Executors$RunnableAdapter::call (14 bytes)
Event: 17.216 Thread 0x000001f0a873e000 nmethod 8106 0x000001f08178a190 code [0x000001f08178a360, 0x000001f08178a5b0]
Event: 17.222 Thread 0x000001f0a8739800 nmethod 8105% 0x000001f087f2d610 code [0x000001f087f2d7c0, 0x000001f087f2e138]
Event: 17.249 Thread 0x000001f0bff2e000 8107 % !   4       bt::k @ 786 (1316 bytes)

GC Heap History (10 events):
Event: 1.230 GC heap before
{Heap before GC invocations=1 (full 0):
 garbage-first heap   total 655360K, used 8642K [0x0000000581a00000, 0x0000000800000000)
  region size 2048K, 4 young (8192K), 2 survivors (4096K)
 Metaspace       used 20700K, capacity 21093K, committed 21248K, reserved 1069056K
  class space    used 2255K, capacity 2447K, committed 2560K, reserved 1048576K
}
Event: 1.234 GC heap after
{Heap after GC invocations=2 (full 0):
 garbage-first heap   total 655360K, used 7154K [0x0000000581a00000, 0x0000000800000000)
  region size 2048K, 3 young (6144K), 3 survivors (6144K)
 Metaspace       used 20700K, capacity 21093K, committed 21248K, reserved 1069056K
  class space    used 2255K, capacity 2447K, committed 2560K, reserved 1048576K
}
Event: 1.892 GC heap before
{Heap before GC invocations=3 (full 0):
 garbage-first heap   total 655360K, used 33778K [0x0000000581a00000, 0x0000000800000000)
  region size 2048K, 16 young (32768K), 3 survivors (6144K)
 Metaspace       used 30422K, capacity 31040K, committed 31232K, reserved 1077248K
  class space    used 3295K, capacity 3542K, committed 3584K, reserved 1048576K
}
Event: 1.895 GC heap after
{Heap after GC invocations=4 (full 0):
 garbage-first heap   total 655360K, used 9808K [0x0000000581a00000, 0x0000000800000000)
  region size 2048K, 2 young (4096K), 2 survivors (4096K)
 Metaspace       used 30422K, capacity 31040K, committed 31232K, reserved 1077248K
  class space    used 3295K, capacity 3542K, committed 3584K, reserved 1048576K
}
Event: 2.484 GC heap before
{Heap before GC invocations=4 (full 0):
 garbage-first heap   total 655360K, used 24144K [0x0000000581a00000, 0x0000000800000000)
  region size 2048K, 11 young (22528K), 2 survivors (4096K)
 Metaspace       used 35113K, capacity 35771K, committed 35840K, reserved 1081344K
  class space    used 3710K, capacity 3966K, committed 3968K, reserved 1048576K
}
Event: 2.489 GC heap after
{Heap after GC invocations=5 (full 0):
 garbage-first heap   total 655360K, used 10662K [0x0000000581a00000, 0x0000000800000000)
  region size 2048K, 3 young (6144K), 3 survivors (6144K)
 Metaspace       used 35113K, capacity 35771K, committed 35840K, reserved 1081344K
  class space    used 3710K, capacity 3966K, committed 3968K, reserved 1048576K
}
Event: 3.712 GC heap before
{Heap before GC invocations=6 (full 0):
 garbage-first heap   total 655360K, used 100774K [0x0000000581a00000, 0x0000000800000000)
  region size 2048K, 47 young (96256K), 3 survivors (6144K)
 Metaspace       used 51849K, capacity 52566K, committed 52736K, reserved 1095680K
  class space    used 5754K, capacity 6070K, committed 6144K, reserved 1048576K
}
Event: 3.719 GC heap after
{Heap after GC invocations=7 (full 0):
 garbage-first heap   total 655360K, used 21945K [0x0000000581a00000, 0x0000000800000000)
  region size 2048K, 6 young (12288K), 6 survivors (12288K)
 Metaspace       used 51849K, capacity 52566K, committed 52736K, reserved 1095680K
  class space    used 5754K, capacity 6070K, committed 6144K, reserved 1048576K
}
Event: 14.452 GC heap before
{Heap before GC invocations=7 (full 0):
 garbage-first heap   total 655360K, used 107961K [0x0000000581a00000, 0x0000000800000000)
  region size 2048K, 49 young (100352K), 6 survivors (12288K)
 Metaspace       used 59393K, capacity 60210K, committed 60288K, reserved 1103872K
  class space    used 6534K, capacity 6887K, committed 6912K, reserved 1048576K
}
Event: 14.464 GC heap after
{Heap after GC invocations=8 (full 0):
 garbage-first heap   total 655360K, used 32185K [0x0000000581a00000, 0x0000000800000000)
  region size 2048K, 11 young (22528K), 11 survivors (22528K)
 Metaspace       used 59393K, capacity 60210K, committed 60288K, reserved 1103872K
  class space    used 6534K, capacity 6887K, committed 6912K, reserved 1048576K
}

Deoptimization events (10 events):
Event: 16.882 Thread 0x000001f0bd1d6800 Uncommon trap: reason=profile_predicate action=maybe_recompile pc=0x000001f087e7d5dc method=lq.k([I[B[IIIIIII)V @ 54 c2
Event: 16.899 Thread 0x000001f0bd1d6800 Uncommon trap: reason=profile_predicate action=maybe_recompile pc=0x000001f087e7d5dc method=lq.k([I[B[IIIIIII)V @ 54 c2
Event: 16.933 Thread 0x000001f0bd1d6800 Uncommon trap: reason=unreached action=reinterpret pc=0x000001f087ef7c5c method=bt.k(II)V @ 1119 c2
Event: 17.055 Thread 0x000001f0bd1d6800 Uncommon trap: reason=profile_predicate action=maybe_recompile pc=0x000001f087f0de88 method=bt.k(II)V @ 919 c2
Event: 17.097 Thread 0x000001f0bd1d6800 Uncommon trap: reason=profile_predicate action=maybe_recompile pc=0x000001f087f0de88 method=bt.k(II)V @ 919 c2
Event: 17.097 Thread 0x000001f0bd1d6800 Uncommon trap: reason=profile_predicate action=maybe_recompile pc=0x000001f087f1588c method=bt.k(II)V @ 1142 c2
Event: 17.146 Thread 0x000001f0bd1d6800 Uncommon trap: reason=profile_predicate action=maybe_recompile pc=0x000001f087f0de88 method=bt.k(II)V @ 919 c2
Event: 17.146 Thread 0x000001f0bd1d6800 Uncommon trap: reason=profile_predicate action=maybe_recompile pc=0x000001f087f1588c method=bt.k(II)V @ 1142 c2
Event: 17.210 Thread 0x000001f0bd1d6800 Uncommon trap: reason=profile_predicate action=maybe_recompile pc=0x000001f087f22c90 method=bt.k(II)V @ 882 c2
Event: 17.249 Thread 0x000001f0bd1d6800 Uncommon trap: reason=profile_predicate action=maybe_recompile pc=0x000001f087f22c90 method=bt.k(II)V @ 882 c2

Classes redefined (0 events):
No events

Internal exceptions (10 events):
Event: 16.348 Thread 0x000001f0a9e10000 Exception <a 'java/lang/NoSuchMethodError'{0x000000059a48f688}: java.lang.invoke.DelegatingMethodHandle$Holder.reinvoke_L(Ljava/lang/Object;Ljava/lang/Object;IILjava/lang/Object;Ljava/lang/Object;Ljava/lang/Object;Ljava/lang/Object;ILjava/lang/Object;Ljav
Event: 16.351 Thread 0x000001f0a9e10000 Exception <a 'java/lang/NoSuchMethodError'{0x000000059a4face8}: java.lang.invoke.DirectMethodHandle$Holder.invokeSpecial(Ljava/lang/Object;Ljava/lang/Object;IILjava/lang/Object;Ljava/lang/Object;Ljava/lang/Object;Ljava/lang/Object;ILjava/lang/Object;Ljava
Event: 16.351 Thread 0x000001f0a9e10000 Exception <a 'java/lang/NoSuchMethodError'{0x000000059a4feeb0}: java.lang.invoke.DelegatingMethodHandle$Holder.reinvoke_L(Ljava/lang/Object;IILjava/lang/Object;Ljava/lang/Object;Ljava/lang/Object;Ljava/lang/Object;ILjava/lang/Object;Ljava/lang/Object;Ljav
Event: 16.353 Thread 0x000001f0a9e10000 Exception <a 'java/lang/NoSuchMethodError'{0x000000059a557040}: java.lang.invoke.DelegatingMethodHandle$Holder.reinvoke_L(Ljava/lang/Object;Ljava/lang/Object;Ljava/lang/Object;Ljava/lang/Object;Ljava/lang/Object;ILjava/lang/Object;Ljava/lang/Object;Ljava/
Event: 16.357 Thread 0x000001f0a9e10000 Exception <a 'java/lang/NoSuchMethodError'{0x000000059a5a25d0}: java.lang.invoke.DirectMethodHandle$Holder.invokeStatic(Ljava/lang/Object;Ljava/lang/Object;Ljava/lang/Object;Ljava/lang/Object;Ljava/lang/Object;Ljava/lang/Object;Ljava/lang/Object;Ljava/lan
Event: 16.358 Thread 0x000001f0a9e10000 Exception <a 'java/lang/NoSuchMethodError'{0x000000059a5aea68}: java.lang.invoke.DirectMethodHandle$Holder.invokeStatic(Ljava/lang/Object;Ljava/lang/Object;Ljava/lang/Object;Ljava/lang/Object;Ljava/lang/Object;Ljava/lang/Object;Ljava/lang/Object;Ljava/lan
Event: 16.359 Thread 0x000001f0a9e10000 Exception <a 'java/lang/NoSuchMethodError'{0x000000059a5bb2e8}: java.lang.invoke.DirectMethodHandle$Holder.invokeStatic(Ljava/lang/Object;Ljava/lang/Object;Ljava/lang/Object;Ljava/lang/Object;Ljava/lang/Object;Ljava/lang/Object;Ljava/lang/Object;Ljava/lan
Event: 16.494 Thread 0x000001f0bd1d6800 Exception <a 'java/lang/NullPointerException'{0x000000059a3396a0}> (0x000000059a3396a0) thrown at [t:/workspace/open/src/hotspot/share/interpreter/linkResolver.cpp, line 1354]
Event: 16.503 Thread 0x000001f0be48b800 Exception <a 'java/lang/NoSuchMethodError'{0x000000059a61f838}: java.lang.invoke.DirectMethodHandle$Holder.invokeSpecial(Ljava/lang/Object;Ljava/lang/Object;Ljava/lang/Object;Ljava/lang/Object;FF)V> (0x000000059a61f838) thrown at [t:/workspace/open/src/ho
Event: 16.600 Thread 0x000001f0bd1d6800 Implicit null exception at 0x000001f087cf489c to 0x000001f087cf4a0e

Events (10 events):
Event: 17.170 Thread 0x000001f0bd1d6800 DEOPT PACKING pc=0x000001f08157e6b2 sp=0x000000c7154fe800
Event: 17.170 Thread 0x000001f0bd1d6800 DEOPT UNPACKING pc=0x000001f080028fce sp=0x000000c7154fdc48 mode 0
Event: 17.171 Thread 0x000001f0bd1d6800 DEOPT PACKING pc=0x000001f08157e85f sp=0x000000c7154fe800
Event: 17.171 Thread 0x000001f0bd1d6800 DEOPT UNPACKING pc=0x000001f080028fce sp=0x000000c7154fdc48 mode 0
Event: 17.210 Thread 0x000001f0bd1d6800 Uncommon trap: trap_request=0xffffffbe fr.pc=0x000001f087f22c90 relative=0x0000000000001830
Event: 17.210 Thread 0x000001f0bd1d6800 DEOPT PACKING pc=0x000001f087f22c90 sp=0x000000c7154fec00
Event: 17.210 Thread 0x000001f0bd1d6800 DEOPT UNPACKING pc=0x000001f0800291af sp=0x000000c7154feb80 mode 2
Event: 17.249 Thread 0x000001f0bd1d6800 Uncommon trap: trap_request=0xffffffbe fr.pc=0x000001f087f22c90 relative=0x0000000000001830
Event: 17.249 Thread 0x000001f0bd1d6800 DEOPT PACKING pc=0x000001f087f22c90 sp=0x000000c7154fec00
Event: 17.249 Thread 0x000001f0bd1d6800 DEOPT UNPACKING pc=0x000001f0800291af sp=0x000000c7154feb80 mode 2


Dynamic libraries:
0x00007ff7428d0000 - 0x00007ff742915000 	C:\Program Files\Java\jdk-11.0.2\bin\java.exe
0x00007ffed53a0000 - 0x00007ffed5590000 	C:\WINDOWS\SYSTEM32\ntdll.dll
0x00007ffed4700000 - 0x00007ffed47b2000 	C:\WINDOWS\System32\KERNEL32.DLL
0x00007ffed2600000 - 0x00007ffed28a3000 	C:\WINDOWS\System32\KERNELBASE.dll
0x00007ffed4560000 - 0x00007ffed46f4000 	C:\WINDOWS\System32\USER32.dll
0x00007ffed3420000 - 0x00007ffed3441000 	C:\WINDOWS\System32\win32u.dll
0x00007ffed47c0000 - 0x00007ffed47e6000 	C:\WINDOWS\System32\GDI32.dll
0x00007ffed23d0000 - 0x00007ffed2564000 	C:\WINDOWS\System32\gdi32full.dll
0x00007ffed2330000 - 0x00007ffed23ce000 	C:\WINDOWS\System32\msvcp_win.dll
0x00007ffed32a0000 - 0x00007ffed339a000 	C:\WINDOWS\System32\ucrtbase.dll
0x00007ffec1dc0000 - 0x00007ffec2045000 	C:\WINDOWS\WinSxS\amd64_microsoft.windows.common-controls_6595b64144ccf1df_6.0.18362.657_none_e6c5b579130e3898\COMCTL32.dll
0x00007ffed4d90000 - 0x00007ffed4e2e000 	C:\WINDOWS\System32\msvcrt.dll
0x00007ffed4e30000 - 0x00007ffed5166000 	C:\WINDOWS\System32\combase.dll
0x00007ffed4110000 - 0x00007ffed4230000 	C:\WINDOWS\System32\RPCRT4.dll
0x00007ffed33a0000 - 0x00007ffed3420000 	C:\WINDOWS\System32\bcryptPrimitives.dll
0x00007ffed40d0000 - 0x00007ffed40fe000 	C:\WINDOWS\System32\IMM32.DLL
0x00007ffec98e0000 - 0x00007ffec98f6000 	C:\Program Files\Java\jdk-11.0.2\bin\vcruntime140.dll
0x00007ffec2060000 - 0x00007ffec210a000 	C:\Program Files\Java\jdk-11.0.2\bin\msvcp140.dll
0x00007ffe90c70000 - 0x00007ffe91793000 	C:\Program Files\Java\jdk-11.0.2\bin\server\jvm.dll
0x00007ffed4870000 - 0x00007ffed4913000 	C:\WINDOWS\System32\ADVAPI32.dll
0x00007ffed4360000 - 0x00007ffed43f7000 	C:\WINDOWS\System32\sechost.dll
0x00007ffed47f0000 - 0x00007ffed47f8000 	C:\WINDOWS\System32\PSAPI.DLL
0x00007ffed0180000 - 0x00007ffed01a4000 	C:\WINDOWS\SYSTEM32\WINMM.dll
0x00007ffecc430000 - 0x00007ffecc43a000 	C:\WINDOWS\SYSTEM32\VERSION.dll
0x00007ffed00a0000 - 0x00007ffed00cd000 	C:\WINDOWS\SYSTEM32\winmmbase.dll
0x00007ffed3250000 - 0x00007ffed329a000 	C:\WINDOWS\System32\cfgmgr32.dll
0x00007ffebcb10000 - 0x00007ffebcb19000 	C:\WINDOWS\SYSTEM32\WSOCK32.dll
0x00007ffed4290000 - 0x00007ffed42ff000 	C:\WINDOWS\System32\WS2_32.dll
0x00007ffed2310000 - 0x00007ffed2321000 	C:\WINDOWS\System32\kernel.appcore.dll
0x00007ffec98c0000 - 0x00007ffec98d1000 	C:\Program Files\Java\jdk-11.0.2\bin\verify.dll
0x00007ffeb7740000 - 0x00007ffeb7934000 	C:\WINDOWS\SYSTEM32\DBGHELP.DLL
0x00007ffeb75c0000 - 0x00007ffeb75ea000 	C:\WINDOWS\SYSTEM32\dbgcore.DLL
0x00007ffec94a0000 - 0x00007ffec94c8000 	C:\Program Files\Java\jdk-11.0.2\bin\java.dll
0x00007ffec9480000 - 0x00007ffec9496000 	C:\Program Files\Java\jdk-11.0.2\bin\zip.dll
0x00007ffeccc00000 - 0x00007ffeccc0a000 	C:\Program Files\Java\jdk-11.0.2\bin\jimage.dll
0x00007ffed3960000 - 0x00007ffed4045000 	C:\WINDOWS\System32\SHELL32.dll
0x00007ffed3450000 - 0x00007ffed34f9000 	C:\WINDOWS\System32\shcore.dll
0x00007ffed2980000 - 0x00007ffed30ff000 	C:\WINDOWS\System32\windows.storage.dll
0x00007ffed22f0000 - 0x00007ffed230f000 	C:\WINDOWS\System32\profapi.dll
0x00007ffed2280000 - 0x00007ffed22ca000 	C:\WINDOWS\System32\powrprof.dll
0x00007ffed2270000 - 0x00007ffed2280000 	C:\WINDOWS\System32\UMPDC.dll
0x00007ffed4230000 - 0x00007ffed4282000 	C:\WINDOWS\System32\shlwapi.dll
0x00007ffed2960000 - 0x00007ffed2977000 	C:\WINDOWS\System32\cryptsp.dll
0x00007ffec9460000 - 0x00007ffec9479000 	C:\Program Files\Java\jdk-11.0.2\bin\net.dll
0x00007ffec9020000 - 0x00007ffec9110000 	C:\WINDOWS\SYSTEM32\WINHTTP.dll
0x00007ffec8b30000 - 0x00007ffec8d06000 	C:\WINDOWS\SYSTEM32\urlmon.dll
0x00007ffec8880000 - 0x00007ffec8b26000 	C:\WINDOWS\SYSTEM32\iertutil.dll
0x00007ffed1cb0000 - 0x00007ffed1cbc000 	C:\WINDOWS\SYSTEM32\CRYPTBASE.DLL
0x00007ffed1ae0000 - 0x00007ffed1b47000 	C:\WINDOWS\system32\mswsock.dll
0x00007ffec9260000 - 0x00007ffec9273000 	C:\Program Files\Java\jdk-11.0.2\bin\nio.dll
0x00007ffe922b0000 - 0x00007ffe9244e000 	C:\Program Files\Java\jdk-11.0.2\bin\awt.dll
0x00007ffed4410000 - 0x00007ffed44d4000 	C:\WINDOWS\System32\OLEAUT32.dll
0x00007ffecf0a0000 - 0x00007ffecf660000 	C:\WINDOWS\SYSTEM32\d2d1.dll
0x00007ffed00f0000 - 0x00007ffed017f000 	C:\WINDOWS\SYSTEM32\apphelp.dll
0x00007ffed05f0000 - 0x00007ffed0689000 	C:\WINDOWS\system32\uxtheme.dll
0x00007ffed5220000 - 0x00007ffed5355000 	C:\WINDOWS\System32\MSCTF.dll
0x00007ffed3500000 - 0x00007ffed3656000 	C:\WINDOWS\System32\ole32.dll
0x00007ffed07d0000 - 0x00007ffed07fd000 	C:\WINDOWS\system32\DWMAPI.DLL
0x00007ffe9d6f0000 - 0x00007ffe9d846000 	C:\WINDOWS\system32\opengl32.dll
0x00007ffea1a50000 - 0x00007ffea1a7c000 	C:\WINDOWS\SYSTEM32\GLU32.dll
0x00007ffed0f30000 - 0x00007ffed0f50000 	C:\WINDOWS\SYSTEM32\dxcore.dll
0x00007ffec67e0000 - 0x00007ffec69a7000 	C:\WINDOWS\system32\d3d9.dll
0x00007ffec71f0000 - 0x00007ffec72dc000 	C:\WINDOWS\System32\DriverStore\FileRepository\nvddui.inf_amd64_8212e17ce3f21c1c\nvldumdx.dll
0x00007ffed3100000 - 0x00007ffed3249000 	C:\WINDOWS\System32\crypt32.dll
0x00007ffed22d0000 - 0x00007ffed22e2000 	C:\WINDOWS\System32\MSASN1.dll
0x00007ffed25a0000 - 0x00007ffed25fc000 	C:\WINDOWS\System32\WINTRUST.DLL
0x00007ffed3660000 - 0x00007ffed367d000 	C:\WINDOWS\System32\imagehlp.dll
0x00007ffed1650000 - 0x00007ffed1683000 	C:\WINDOWS\system32\rsaenh.dll
0x00007ffed2570000 - 0x00007ffed2596000 	C:\WINDOWS\System32\bcrypt.dll
0x00007ffe8f870000 - 0x00007ffe90c62000 	C:\WINDOWS\System32\DriverStore\FileRepository\nvddui.inf_amd64_8212e17ce3f21c1c\nvd3dumx.dll
0x00007ffec0dd0000 - 0x00007ffec0ebc000 	C:\WINDOWS\System32\DriverStore\FileRepository\nv_dispui.inf_amd64_a9b1e11d93a651da\nvldumdx.dll
0x00007ffe88880000 - 0x00007ffe89c72000 	C:\WINDOWS\System32\DriverStore\FileRepository\nv_dispui.inf_amd64_a9b1e11d93a651da\nvd3dumx.dll
0x00007ffec51f0000 - 0x00007ffec52b3000 	C:\Program Files (x86)\NVIDIA Corporation\3D Vision\nvSCPAPI64.dll
0x00007ffed4920000 - 0x00007ffed4d90000 	C:\WINDOWS\System32\SETUPAPI.dll
0x00007ffeac7a0000 - 0x00007ffeaca62000 	C:\WINDOWS\system32\nvspcap64.dll
0x00007ffed1330000 - 0x00007ffed1361000 	C:\WINDOWS\SYSTEM32\ntmarta.dll
0x00007ffed2190000 - 0x00007ffed21b5000 	C:\WINDOWS\SYSTEM32\USERENV.dll
0x00007ffed17f0000 - 0x00007ffed182a000 	C:\WINDOWS\SYSTEM32\IPHLPAPI.DLL
0x00007ffed4400000 - 0x00007ffed4408000 	C:\WINDOWS\System32\NSI.dll
0x00007ffecacf0000 - 0x00007ffecad06000 	C:\WINDOWS\SYSTEM32\dhcpcsvc6.DLL
0x00007ffecacd0000 - 0x00007ffecacec000 	C:\WINDOWS\SYSTEM32\dhcpcsvc.DLL
0x00007ffed1830000 - 0x00007ffed18fa000 	C:\WINDOWS\SYSTEM32\DNSAPI.dll
0x00007ffe98c50000 - 0x00007ffe98cd0000 	C:\Program Files\Java\jdk-11.0.2\bin\freetype.dll
0x00007ffe98410000 - 0x00007ffe9847f000 	C:\Program Files\Java\jdk-11.0.2\bin\fontmanager.dll
0x00007ffec9c40000 - 0x00007ffec9cde000 	C:\WINDOWS\System32\TextInputFramework.dll
0x00007ffecd6e0000 - 0x00007ffecda0a000 	C:\WINDOWS\System32\CoreUIComponents.dll
0x00007ffecfec0000 - 0x00007ffecff94000 	C:\WINDOWS\System32\CoreMessaging.dll
0x00007ffece3d0000 - 0x00007ffece523000 	C:\WINDOWS\SYSTEM32\wintypes.dll
0x0000000073150000 - 0x0000000073176000 	C:\Program Files\Bonjour\mdnsNSP.dll
0x00007ffec5140000 - 0x00007ffec514a000 	C:\Windows\System32\rasadhlp.dll
0x00007ffeca930000 - 0x00007ffeca9a7000 	C:\WINDOWS\System32\fwpuclnt.dll
0x00007ffec6f10000 - 0x00007ffec6f1d000 	C:\Program Files\Java\jdk-11.0.2\bin\sunmscapi.dll
0x00007ffed1db0000 - 0x00007ffed1dd6000 	C:\WINDOWS\SYSTEM32\ncrypt.dll
0x00007ffed1d70000 - 0x00007ffed1dab000 	C:\WINDOWS\SYSTEM32\NTASN1.dll
0x00007ffeb5750000 - 0x00007ffeb5777000 	C:\Program Files\Java\jdk-11.0.2\bin\sunec.dll
0x00007ffeaff50000 - 0x00007ffeaff91000 	C:\Users\July\AppData\Local\Temp\jna-2320440\jna10257938699800081526.dll
0x00007ffe98370000 - 0x00007ffe9840c000 	C:\Users\July\AppData\Local\Temp\jna-2320440\jna7369343826103710767.dll
0x00007ffe97a90000 - 0x00007ffe97b0f000 	C:\Program Files\Java\jdk-11.0.2\bin\mlib_image.dll
0x00007ffec6f40000 - 0x00007ffec6f52000 	C:\Program Files\Java\jdk-11.0.2\bin\jsound.dll
0x00007ffea06e0000 - 0x00007ffea0779000 	C:\WINDOWS\SYSTEM32\DSOUND.dll
0x00007ffed5170000 - 0x00007ffed5212000 	C:\WINDOWS\System32\clbcatq.dll
0x00007ffecca10000 - 0x00007ffecca82000 	C:\WINDOWS\System32\MMDevApi.dll
0x00007ffed1ed0000 - 0x00007ffed1efa000 	C:\WINDOWS\System32\DEVOBJ.dll
0x00007ffec9280000 - 0x00007ffec92c4000 	C:\WINDOWS\SYSTEM32\wdmaud.drv
0x00007ffeccbf0000 - 0x00007ffeccbf9000 	C:\WINDOWS\SYSTEM32\ksuser.dll
0x00007ffece690000 - 0x00007ffece69a000 	C:\WINDOWS\SYSTEM32\AVRT.dll
0x00007ffeb2720000 - 0x00007ffeb287d000 	C:\WINDOWS\SYSTEM32\AUDIOSES.DLL
0x00007ffec98b0000 - 0x00007ffec98bd000 	C:\WINDOWS\SYSTEM32\msacm32.drv
0x00007ffec9890000 - 0x00007ffec98ac000 	C:\WINDOWS\SYSTEM32\MSACM32.dll
0x00007ffec9880000 - 0x00007ffec988a000 	C:\WINDOWS\SYSTEM32\midimap.dll
0x00007ffed0500000 - 0x00007ffed0514000 	C:\WINDOWS\SYSTEM32\resourcepolicyclient.dll
0x00007ffeca2d0000 - 0x00007ffeca421000 	C:\Windows\System32\Windows.UI.dll
0x00007ffec9a70000 - 0x00007ffec9b8a000 	C:\Windows\System32\InputHost.dll
0x00007ffed0d00000 - 0x00007ffed0def000 	C:\Windows\System32\PROPSYS.dll
0x00007ffead8b0000 - 0x00007ffead8dd000 	C:\Program Files\Java\jdk-11.0.2\bin\javajpeg.dll
0x00007ffea6720000 - 0x00007ffea675f000 	C:\Program Files\Java\jdk-11.0.2\bin\lcms.dll
0x00007ffecb800000 - 0x00007ffecb809000 	C:\Program Files\Java\jdk-11.0.2\bin\management.dll
0x00007ffecb7a0000 - 0x00007ffecb7ac000 	C:\Program Files\Java\jdk-11.0.2\bin\management_ext.dll
0x00007ffecc270000 - 0x00007ffecc41f000 	C:\WINDOWS\SYSTEM32\WindowsCodecs.dll
0x00007ffeafd00000 - 0x00007ffeafd3a000 	C:\WINDOWS\system32\dataexchange.dll
0x00007ffeceb60000 - 0x00007ffecedbb000 	C:\WINDOWS\system32\d3d11.dll
0x00007ffecedc0000 - 0x00007ffecef9b000 	C:\WINDOWS\system32\dcomp.dll
0x00007ffed0f50000 - 0x00007ffed103b000 	C:\WINDOWS\system32\dxgi.dll
0x00007ffed02a0000 - 0x00007ffed04fa000 	C:\WINDOWS\system32\twinapi.appcore.dll
0x00007ffed07a0000 - 0x00007ffed07c9000 	C:\WINDOWS\system32\RMCLIENT.dll
0x00007ffecb960000 - 0x00007ffecba0e000 	C:\WINDOWS\SYSTEM32\mscms.dll
0x00007ffecb740000 - 0x00007ffecb757000 	C:\WINDOWS\SYSTEM32\ColorAdapterClient.dll
0x00007ffe973a0000 - 0x00007ffe973e3000 	C:\WINDOWS\SYSTEM32\icm32.dll

dbghelp: loaded successfully - version: 4.0.5 - missing functions: none
symbol engine: initialized successfully - sym options: 0x614 - pdb path: .;C:\Program Files\Java\jdk-11.0.2\bin;C:\WINDOWS\SYSTEM32;C:\WINDOWS\WinSxS\amd64_microsoft.windows.common-controls_6595b64144ccf1df_6.0.18362.657_none_e6c5b579130e3898;C:\Program Files\Java\jdk-11.0.2\bin\server;C:\WINDOWS\System32\DriverStore\FileRepository\nvddui.inf_amd64_8212e17ce3f21c1c;C:\WINDOWS\System32\DriverStore\FileRepository\nv_dispui.inf_amd64_a9b1e11d93a651da;C:\Program Files (x86)\NVIDIA Corporation\3D Vision;C:\Program Files\Bonjour;C:\Users\July\AppData\Local\Temp\jna-2320440

VM Arguments:
jvm_args: -Dfile.encoding=UTF-8 -Duser.country=US -Duser.language=en -Duser.variant 
java_command: net.runelite.client.RuneLite --rs=RSPS
java_class_path (initial): D:\Downloads\CLIENTS-Only\runelite\runelite-client\build\classes\java\main;D:\Downloads\CLIENTS-Only\runelite\runelite-client\build\resources\main;C:\Users\July\.m2\repository\ch\qos\logback\logback-classic\1.2.3\logback-classic-1.2.3.jar;D:\Downloads\CLIENTS-Only\runelite\http-api\build\libs\http-api-1.5.33-SNAPSHOT.jar;C:\Users\July\.m2\repository\com\google\code\gson\gson\2.8.5\gson-2.8.5.jar;C:\Users\July\.gradle\caches\modules-2\files-2.1\com.google.inject\guice\4.2.2\fa13659f9128f4c011c8e1d06f137083b4876377\guice-4.2.2-no_aop.jar;D:\Downloads\CLIENTS-Only\runelite\runescape-api\build\libs\runescape-api-1.5.33-SNAPSHOT.jar;D:\Downloads\CLIENTS-Only\runelite\runelite-api\build\libs\runelite-api-1.5.33-SNAPSHOT.jar;C:\Users\July\.gradle\caches\modules-2\files-2.1\com.google.guava\guava\28.1-jre\b0e91dcb6a44ffb6221b5027e12a5cb34b841145\guava-28.1-jre.jar;C:\Users\July\.gradle\caches\modules-2\files-2.1\com.h2database\h2\1.4.199\7bf08152984ed8859740ae3f97fae6c72771ae45\h2-1.4.199.jar;C:\Users\July\.gradle\caches\modules-2\files-2.1\com.jakewharton.rxrelay2\rxrelay\2.1.1\b5cb329f502caba70863749b6559f13eb25b6285\rxrelay-2.1.1.jar;C:\Users\July\.gradle\caches\modules-2\files-2.1\com.squareup.okhttp3\okhttp\4.1.0\9308be2b5f9174def7d4795f415b60f5632b9fb9\okhttp-4.1.0.jar;C:\Users\July\.gradle\caches\modules-2\files-2.1\io.reactivex.rxjava2\rxjava\2.2.12\fc5cb9ad87c312f559a38253aa4d897f549f50dc\rxjava-2.2.12.jar;C:\Users\July\.gradle\caches\modules-2\files-2.1\net.java.dev.jna\jna-platform\5.4.0\a8267193887c38418af986adae090ee5d2593f48\jna-platform-5.4.0.jar;C:\Users\July\.m2\repository\net\runelite\discord\1.1\discord-1.1.jar;C:\Users\July\.gradle\caches\modules-2\files-2.1\net.java.dev.jna\jna\5.4.0\3e25bc70dd7750a3f0fea5bd1467708280bea04e\jna-5.4.0.jar;C:\Users\July\.m2\repository\net\runelite\pushingpixels\substance\8.0.02\substance-8.0.02.jar;C:\Users\July\.gradle\caches\modules-2\files-2.1\net.sf.jopt-simple\jopt-simple\5.0.4\4fdac2fbe9
Launcher Type: SUN_STANDARD

[Global flags]
     intx CICompilerCount                          = 4                                         {product} {ergonomic}
     uint ConcGCThreads                            = 3                                         {product} {ergonomic}
     uint G1ConcRefinementThreads                  = 10                                        {product} {ergonomic}
   size_t G1HeapRegionSize                         = 2097152                                   {product} {ergonomic}
    uintx GCDrainStackTargetSize                   = 64                                        {product} {ergonomic}
   size_t InitialHeapSize                          = 671088640                                 {product} {ergonomic}
   size_t MarkStackSize                            = 4194304                                   {product} {ergonomic}
   size_t MaxHeapSize                              = 10710155264                               {product} {ergonomic}
   size_t MaxNewSize                               = 6425673728                                {product} {ergonomic}
   size_t MinHeapDeltaBytes                        = 2097152                                   {product} {ergonomic}
    uintx NonNMethodCodeHeapSize                   = 5835340                                {pd product} {ergonomic}
    uintx NonProfiledCodeHeapSize                  = 122911450                              {pd product} {ergonomic}
    uintx ProfiledCodeHeapSize                     = 122911450                              {pd product} {ergonomic}
    uintx ReservedCodeCacheSize                    = 251658240                              {pd product} {ergonomic}
     bool SegmentedCodeCache                       = true                                      {product} {ergonomic}
     bool UseCompressedClassPointers               = true                                 {lp64_product} {ergonomic}
     bool UseCompressedOops                        = true                                 {lp64_product} {ergonomic}
     bool UseG1GC                                  = true                                      {product} {ergonomic}
     bool UseLargePagesIndividualAllocation        = false                                  {pd product} {ergonomic}

Logging:
Log output configuration:
 #0: stdout all=warning uptime,level,tags
 #1: stderr all=off uptime,level,tags

Environment Variables:
PATH=C:\Program Files\NVIDIA GPU Computing Toolkit\CUDA\v10.0\bin;C:\Program Files\NVIDIA GPU Computing Toolkit\CUDA\v10.0\libnvvp;C:\Program Files\NVIDIA GPU Computing Toolkit\CUDA\v9.0\bin;C:\Program Files\NVIDIA GPU Computing Toolkit\CUDA\v9.0\libnvvp;C:\Program Files (x86)\Common Files\Oracle\Java\javapath;C:\WINDOWS\system32;C:\WINDOWS;C:\WINDOWS\System32\Wbem;C:\WINDOWS\System32\WindowsPowerShell\v1.0\;C:\WINDOWS\System32\OpenSSH\;C:\Program Files\Git\cmd;%JAVA_HOMEX2%;C:\Program Files (x86)\GtkSharp\2.12\bin;C:\Program Files\dotnet\;C:\Program Files\Microsoft SQL Server\130\Tools\Binn\;C:\xampp\perl\bin;G:\perl\Dwimperl\perl\site\bin;G:\perl\Dwimperl\c\bin;C:\Program Files\Microsoft SQL Server\Client SDK\ODBC\170\Tools\Binn\;C:\Strawberry\c\bin;C:\Strawberry\perl\site\bin;C:\Strawberry\perl\bin;C:\Program Files (x86)\Microsoft Visual Studio\Shared\Python37_64\;C:\WINDOWS\System32;C:\Program Files\nodejs\;C:\Program Files\NVIDIA Corporation\NVIDIA NvDLISR;C:\Program Files (x86)\NVIDIA Corporation\PhysX\Common;C:\Program Files (x86)\Microsoft SDKs\TypeScript\1.0\;C:\Program Files\PuTTY\;C:\Users\July\AppData\Local\Microsoft\WindowsApps;C:\Program Files\JetBrains\IntelliJ IDEA Community Edition 2019.1.3\bin;C:\Users\July\AppData\Local\Packages\PythonSoftwareFoundation.Python.3.7_qbz5n2kfra8p0\LocalCache\local-packages\Python37\Scripts;C:\Users\July\.dotnet\tools;C:\Users\July\AppData\Roaming\npm
USERNAME=July
OS=Windows_NT
PROCESSOR_IDENTIFIER=Intel64 Family 6 Model 79 Stepping 1, GenuineIntel



---------------  S Y S T E M  ---------------

OS: Windows 10 , 64 bit Build 18362 (10.0.18362.329)

CPU:total 12 (initial active 12) (6 cores per cpu, 2 threads per core) family 6 model 79 stepping 1, cmov, cx8, fxsr, mmx, sse, sse2, sse3, ssse3, sse4.1, sse4.2, popcnt, avx, avx2, aes, clmul, erms, rtm, 3dnowpref, lzcnt, ht, tsc, tscinvbit, bmi1, bmi2, adx, fma

Memory: 4k page, system-wide physical 40850M (26373M free)
TotalPageFile size 59282M (AvailPageFile size 37276M)
current process WorkingSet (physical memory assigned to process): 580M, peak: 592M
current process commit charge ("private bytes"): 1046M, peak: 1059M

vm_info: OpenJDK 64-Bit Server VM (11.0.2+9) for windows-amd64 JRE (11.0.2+9), built on Jan 18 2019 05:23:22 by "mach5one" with MS VC++ 15.5 (VS2017)

END.
