#
# A fatal error has been detected by the Java Runtime Environment:
#
#  EXCEPTION_ILLEGAL_INSTRUCTION (0xc000001d) at pc=0x0000021307ec1486, pid=18304, tid=12468
#
# JRE version: OpenJDK Runtime Environment (11.0.2+9) (build 11.0.2+9)
# Java VM: OpenJDK 64-Bit Server VM (11.0.2+9, mixed mode, tiered, compressed oops, g1 gc, windows-amd64)
# Problematic frame:
# J 8046% c2 bt.k(II)V (1316 bytes) @ 0x0000021307ec1486 [0x0000021307ec0c40+0x0000000000000846]
#
# No core dump will be written. Minidumps are not enabled by default on client versions of Windows
#
# If you would like to submit a bug report, please visit:
#   http://bugreport.java.com/bugreport/crash.jsp
#

---------------  S U M M A R Y ------------

Command Line: -Dfile.encoding=UTF-8 -Duser.country=US -Duser.language=en -Duser.variant net.runelite.client.RuneLite --rs=RSPS

Host: Intel(R) Core(TM) i7-6800K CPU @ 3.40GHz, 12 cores, 39G,  Windows 10 , 64 bit Build 18362 (10.0.18362.329)
Time: Tue Mar  3 05:11:02 2020 Mountain Standard Time elapsed time: 17 seconds (0d 0h 0m 17s)

---------------  T H R E A D  ---------------

Current thread (0x0000021336f1d000):  JavaThread "Client" daemon [_thread_in_Java, id=12468, stack(0x000000c95ad10000,0x000000c95ae10000)]

Stack: [0x000000c95ad10000,0x000000c95ae10000],  sp=0x000000c95ae0ecb0,  free space=1019k
Native frames: (J=compiled Java code, j=interpreted, Vv=VM code, C=native code)
C  0x0000021307ec1486


siginfo: EXCEPTION_ILLEGAL_INSTRUCTION (0xc000001d)


Register to memory mapping:

RIP=0x0000021307ec1486 is at entry_point+2118 in (nmethod*)0x0000021307ec0a90
RAX=0x0 is NULL
RBX=0x00000000ffffff81 is an unknown value
RCX=0x0000000000000001 is an unknown value
RDX=0x000000000000807f is an unknown value
RSP=0x000000c95ae0ecb0 is pointing into the stack for thread: 0x0000021336f1d000
RBP=0x0000000000000081 is an unknown value
RSI=0x0 is NULL
RDI=0x0000000000000001 is an unknown value
R8 =0x0000000000000080 is an unknown value
R9 =0x0 is NULL
R10=0x00000000000000fe is an unknown value
R11=0xffffffffffffff81 is an unknown value
R12=0x0 is NULL
R13=3039012316 is a compressed pointer to object: [I 
{0x00000005a91d2ee0} - klass: {type array int}
 - length: 32768
R14=0x0000000000008000 is an unknown value
R15=0x0000021336f1d000 is a thread


Registers:
RAX=0x0000000000000000, RBX=0x00000000ffffff81, RCX=0x0000000000000001, RDX=0x000000000000807f
RSP=0x000000c95ae0ecb0, RBP=0x0000000000000081, RSI=0x0000000000000000, RDI=0x0000000000000001
R8 =0x0000000000000080, R9 =0x0000000000000000, R10=0x00000000000000fe, R11=0xffffffffffffff81
R12=0x0000000000000000, R13=0x00000000b523a5dc, R14=0x0000000000008000, R15=0x0000021336f1d000
RIP=0x0000021307ec1486, EFLAGS=0x0000000000010286

Top of Stack: (sp=0x000000c95ae0ecb0)
0x000000c95ae0ecb0:   0000021300009e67 deaddeaf00000000
0x000000c95ae0ecc0:   deaddeaf00000200 deaddeaf00000000
0x000000c95ae0ecd0:   0000008000008000 0000000000008000
0x000000c95ae0ece0:   0000000000000001 0000000000000001
0x000000c95ae0ecf0:   deaddeaf00000001 0000000000000000
0x000000c95ae0ed00:   0000000000000000 0000000000000000
0x000000c95ae0ed10:   000000c95ae0ed88 0000021300009e67
0x000000c95ae0ed20:   deaddeaf7eedec69 0000000000000000
0x000000c95ae0ed30:   00000005a95668e8 00000005a95668e8
0x000000c95ae0ed40:   000000c95ae0ed40 000002133b87684a
0x000000c95ae0ed50:   000000c95ae0edb8 000002133b87b9b0
0x000000c95ae0ed60:   0000000000000000 0000000584485a90
0x000000c95ae0ed70:   000002133b8768e0 000000c95ae0ed28
0x000000c95ae0ed80:   000000c95ae0eda0 000000c95ae0ee08
0x000000c95ae0ed90:   0000021300009e67 0000000000000001
0x000000c95ae0eda0:   00000000ffffffcc 0000000000000039 

Instructions: (pc=0x0000021307ec1486)
0x0000021307ec1466:   7c 24 30 89 4c 24 34 89 74 24 38 44 89 5c 24 3c
0x0000021307ec1476:   c5 fa 11 5c 24 40 66 66 90 e8 7c 7c 16 f8 0f 0b
0x0000021307ec1486:   0f 0b 0f 0b 89 44 24 20 41 8b e9 e9 a2 fe ff ff
0x0000021307ec1496:   89 44 24 20 e9 c7 fe ff ff ba 7e ff ff ff 4c 89 


Stack slot to memory mapping:
stack at sp + 0 slots: 0x0000021300009e67 is at code_begin+2343 in an Interpreter codelet
invoke return entry points  [0x0000021300009540, 0x0000021300009f40]  2560 bytes
stack at sp + 1 slots: 0xdeaddeaf00000000 is an unknown value
stack at sp + 2 slots: 0xdeaddeaf00000200 is an unknown value
stack at sp + 3 slots: 0xdeaddeaf00000000 is an unknown value
stack at sp + 4 slots: 0x0000008000008000 is an unknown value
stack at sp + 5 slots: 0x0000000000008000 is an unknown value
stack at sp + 6 slots: 0x0000000000000001 is an unknown value
stack at sp + 7 slots: 0x0000000000000001 is an unknown value



---------------  P R O C E S S  ---------------

Threads class SMR info:
_java_thread_list=0x0000021336d76380, length=78, elements={
0x0000021325789000, 0x000002132578a000, 0x0000021325811800, 0x0000021325812800,
0x0000021325814800, 0x000002132581e000, 0x00000213257c9000, 0x0000021325979800,
0x0000021325988800, 0x00000213270d1000, 0x0000021326dc9800, 0x0000021326dca800,
0x00000213268f1000, 0x000002133228c800, 0x00000213321d9800, 0x0000021335606000,
0x0000021332e47800, 0x0000021332d21800, 0x00000213355a9000, 0x00000213355aa000,
0x00000213355aa800, 0x00000213355a5000, 0x00000213355ab800, 0x00000213355a8000,
0x00000213355a5800, 0x00000213355a6800, 0x000002133851f000, 0x000002133851d800,
0x0000021338520800, 0x000002133851e000, 0x000002133851b000, 0x0000021338521800,
0x000002133851b800, 0x0000021338522000, 0x000002133851c800, 0x0000021338523000,
0x0000021338528000, 0x0000021338529000, 0x0000021338529800, 0x0000021338524000,
0x0000021338527000, 0x0000021338524800, 0x0000021338526800, 0x0000021338525800,
0x0000021336f12000, 0x0000021336f14800, 0x0000021336f18000, 0x0000021336f19000,
0x0000021336f15800, 0x0000021336f13000, 0x0000021336f17000, 0x0000021336f16800,
0x0000021336f19800, 0x0000021336f14000, 0x0000021336f1e800, 0x0000021336f1f800,
0x0000021336f1d000, 0x0000021336f20000, 0x0000021336f1a800, 0x0000021336f21000,
0x0000021336f1b000, 0x0000021336f1c000, 0x0000021336f1d800, 0x0000021338520000,
0x00000213355a7800, 0x00000213263eb800, 0x00000213263ec800, 0x00000213263ed000,
0x00000213263ef800, 0x00000213263ef000, 0x00000213263ea800, 0x00000213263f2000,
0x00000213263f3000, 0x00000213263f3800, 0x00000213263ee000, 0x00000213263f4800,
0x00000213263f5800, 0x00000213263f6000
}

Java Threads: ( => current thread )
  0x0000021325789000 JavaThread "Reference Handler" daemon [_thread_blocked, id=9024, stack(0x000000c957c00000,0x000000c957d00000)]
  0x000002132578a000 JavaThread "Finalizer" daemon [_thread_blocked, id=24904, stack(0x000000c957d00000,0x000000c957e00000)]
  0x0000021325811800 JavaThread "Signal Dispatcher" daemon [_thread_blocked, id=14088, stack(0x000000c957e00000,0x000000c957f00000)]
  0x0000021325812800 JavaThread "Attach Listener" daemon [_thread_blocked, id=23332, stack(0x000000c957f00000,0x000000c958000000)]
  0x0000021325814800 JavaThread "C2 CompilerThread0" daemon [_thread_in_native, id=21764, stack(0x000000c958000000,0x000000c958100000)]
  0x000002132581e000 JavaThread "C1 CompilerThread0" daemon [_thread_blocked, id=11900, stack(0x000000c958100000,0x000000c958200000)]
  0x00000213257c9000 JavaThread "Sweeper thread" daemon [_thread_blocked, id=12184, stack(0x000000c958200000,0x000000c958300000)]
  0x0000021325979800 JavaThread "Service Thread" daemon [_thread_blocked, id=12028, stack(0x000000c958300000,0x000000c958400000)]
  0x0000021325988800 JavaThread "Common-Cleaner" daemon [_thread_blocked, id=17572, stack(0x000000c958500000,0x000000c958600000)]
  0x00000213270d1000 JavaThread "Java2D Disposer" daemon [_thread_blocked, id=14784, stack(0x000000c958700000,0x000000c958800000)]
  0x0000021326dc9800 JavaThread "AWT-Shutdown" [_thread_blocked, id=14968, stack(0x000000c958800000,0x000000c958900000)]
  0x0000021326dca800 JavaThread "AWT-Windows" daemon [_thread_in_native, id=14632, stack(0x000000c958900000,0x000000c958a00000)]
  0x00000213268f1000 JavaThread "AWT-EventQueue-0" [_thread_blocked, id=8312, stack(0x000000c958a00000,0x000000c958b00000)]
  0x000002133228c800 JavaThread "TimerQueue" daemon [_thread_blocked, id=2180, stack(0x000000c959700000,0x000000c959800000)]
  0x00000213321d9800 JavaThread "D3D Screen Updater" daemon [_thread_blocked, id=23724, stack(0x000000c959c00000,0x000000c959d00000)]
  0x0000021335606000 JavaThread "OkHttp ConnectionPool" daemon [_thread_blocked, id=17700, stack(0x000000c959e10000,0x000000c959f10000)]
  0x0000021332e47800 JavaThread "Okio Watchdog" daemon [_thread_blocked, id=18988, stack(0x000000c959f10000,0x000000c95a010000)]
  0x0000021332d21800 JavaThread "pool-3-thread-1" [_thread_blocked, id=22352, stack(0x000000c95a010000,0x000000c95a110000)]
  0x00000213355a9000 JavaThread "pool-2-thread-1" [_thread_blocked, id=12700, stack(0x000000c95a110000,0x000000c95a210000)]
  0x00000213355aa000 JavaThread "FileSystemWatchService" daemon [_thread_in_native, id=12928, stack(0x000000c95a210000,0x000000c95a310000)]
  0x00000213355aa800 JavaThread "Plugin Watcher" daemon [_thread_blocked, id=21552, stack(0x000000c95a310000,0x000000c95a410000)]
  0x00000213355a5000 JavaThread "pool-4-thread-1" [_thread_blocked, id=12860, stack(0x000000c95a510000,0x000000c95a610000)]
  0x00000213355ab800 JavaThread "pool-4-thread-2" [_thread_blocked, id=21016, stack(0x000000c95a610000,0x000000c95a710000)]
  0x00000213355a8000 JavaThread "pool-4-thread-3" [_thread_blocked, id=13288, stack(0x000000c95a710000,0x000000c95a810000)]
  0x00000213355a5800 JavaThread "pool-4-thread-4" [_thread_blocked, id=11648, stack(0x000000c95a810000,0x000000c95a910000)]
  0x00000213355a6800 JavaThread "RxSchedulerPurge-1" daemon [_thread_blocked, id=19096, stack(0x000000c95a910000,0x000000c95aa10000)]
  0x000002133851f000 JavaThread "RxCachedWorkerPoolEvictor-1" daemon [_thread_blocked, id=23680, stack(0x000000c95aa10000,0x000000c95ab10000)]
  0x000002133851d800 JavaThread "RxCachedThreadScheduler-1" daemon [_thread_blocked, id=11396, stack(0x000000c95ab10000,0x000000c95ac10000)]
  0x0000021338520800 JavaThread "RxCachedThreadScheduler-2" daemon [_thread_blocked, id=9716, stack(0x000000c95ac10000,0x000000c95ad10000)]
  0x000002133851e000 JavaThread "pool-4-thread-5" [_thread_blocked, id=17576, stack(0x000000c95ae10000,0x000000c95af10000)]
  0x000002133851b000 JavaThread "pool-4-thread-6" [_thread_blocked, id=10316, stack(0x000000c95af10000,0x000000c95b010000)]
  0x0000021338521800 JavaThread "pool-4-thread-7" [_thread_blocked, id=16224, stack(0x000000c95b010000,0x000000c95b110000)]
  0x000002133851b800 JavaThread "pool-4-thread-8" [_thread_blocked, id=10312, stack(0x000000c95b110000,0x000000c95b210000)]
  0x0000021338522000 JavaThread "pool-4-thread-9" [_thread_blocked, id=13180, stack(0x000000c95b210000,0x000000c95b310000)]
  0x000002133851c800 JavaThread "pool-4-thread-10" [_thread_blocked, id=16264, stack(0x000000c95b310000,0x000000c95b410000)]
  0x0000021338523000 JavaThread "pool-4-thread-11" [_thread_blocked, id=16604, stack(0x000000c95b410000,0x000000c95b510000)]
  0x0000021338528000 JavaThread "pool-4-thread-12" [_thread_blocked, id=21224, stack(0x000000c95b510000,0x000000c95b610000)]
  0x0000021338529000 JavaThread "pool-4-thread-13" [_thread_blocked, id=18976, stack(0x000000c95b610000,0x000000c95b710000)]
  0x0000021338529800 JavaThread "pool-4-thread-14" [_thread_blocked, id=14296, stack(0x000000c95b710000,0x000000c95b810000)]
  0x0000021338524000 JavaThread "pool-4-thread-15" [_thread_blocked, id=21500, stack(0x000000c95b810000,0x000000c95b910000)]
  0x0000021338527000 JavaThread "pool-4-thread-16" [_thread_blocked, id=13364, stack(0x000000c95b910000,0x000000c95ba10000)]
  0x0000021338524800 JavaThread "pool-4-thread-17" [_thread_blocked, id=3508, stack(0x000000c95ba10000,0x000000c95bb10000)]
  0x0000021338526800 JavaThread "pool-4-thread-18" [_thread_blocked, id=9860, stack(0x000000c95bb10000,0x000000c95bc10000)]
  0x0000021338525800 JavaThread "pool-4-thread-19" [_thread_blocked, id=23744, stack(0x000000c95bc10000,0x000000c95bd10000)]
  0x0000021336f12000 JavaThread "pool-4-thread-20" [_thread_blocked, id=18940, stack(0x000000c95bd10000,0x000000c95be10000)]
  0x0000021336f14800 JavaThread "pool-4-thread-21" [_thread_blocked, id=16128, stack(0x000000c95be10000,0x000000c95bf10000)]
  0x0000021336f18000 JavaThread "pool-4-thread-22" [_thread_blocked, id=23392, stack(0x000000c95bf10000,0x000000c95c010000)]
  0x0000021336f19000 JavaThread "pool-4-thread-23" [_thread_blocked, id=6524, stack(0x000000c95c010000,0x000000c95c110000)]
  0x0000021336f15800 JavaThread "pool-4-thread-24" [_thread_blocked, id=12552, stack(0x000000c95c110000,0x000000c95c210000)]
  0x0000021336f13000 JavaThread "OkHttp static.runelite.net Writer" [_thread_blocked, id=10348, stack(0x000000c95c310000,0x000000c95c410000)]
  0x0000021336f17000 JavaThread "OkHttp static.runelite.net" daemon [_thread_in_native, id=19572, stack(0x000000c95c410000,0x000000c95c510000)]
  0x0000021336f16800 JavaThread "OkHttp Http2Connection" daemon [_thread_blocked, id=8652, stack(0x000000c95c210000,0x000000c95c310000)]
  0x0000021336f19800 JavaThread "OkHttp session.runelitepl.us Writer" [_thread_blocked, id=11652, stack(0x000000c95c510000,0x000000c95c610000)]
  0x0000021336f14000 JavaThread "OkHttp session.runelitepl.us" [_thread_in_native, id=11168, stack(0x000000c95c610000,0x000000c95c710000)]
  0x0000021336f1e800 JavaThread "Image Fetcher 0" daemon [_thread_blocked, id=22000, stack(0x000000c95a410000,0x000000c95a510000)]
  0x0000021336f1f800 JavaThread "Thread-1" daemon [_thread_blocked, id=22972, stack(0x000000c959d10000,0x000000c959e10000)]
=>0x0000021336f1d000 JavaThread "Client" daemon [_thread_in_Java, id=12468, stack(0x000000c95ad10000,0x000000c95ae10000)]
  0x0000021336f20000 JavaThread "Thread-3" daemon [_thread_blocked, id=10220, stack(0x000000c95c710000,0x000000c95c810000)]
  0x0000021336f1a800 JavaThread "C2 CompilerThread1" daemon [_thread_blocked, id=18352, stack(0x000000c95c810000,0x000000c95c910000)]
  0x0000021336f21000 JavaThread "Substance heap status" daemon [_thread_blocked, id=7304, stack(0x000000c95c910000,0x000000c95ca10000)]
  0x0000021336f1b000 JavaThread "C2 CompilerThread2" daemon [_thread_in_native, id=13064, stack(0x000000c95ca10000,0x000000c95cb10000)]
  0x0000021336f1c000 JavaThread "Thread-5" daemon [_thread_in_native, id=24188, stack(0x000000c95cb10000,0x000000c95cc10000)]
  0x0000021336f1d800 JavaThread "Thread-6" daemon [_thread_blocked, id=20844, stack(0x000000c95cc10000,0x000000c95cd10000)]
  0x0000021338520000 JavaThread "Thread-7" daemon [_thread_blocked, id=16192, stack(0x000000c95cd10000,0x000000c95ce10000)]
  0x00000213355a7800 JavaThread "Java Sound Event Dispatcher" daemon [_thread_blocked, id=18676, stack(0x000000c95d110000,0x000000c95d210000)]
  0x00000213263eb800 JavaThread "pool-8-thread-1" [_thread_blocked, id=16892, stack(0x000000c95d510000,0x000000c95d610000)]
  0x00000213263ec800 JavaThread "OkHttp Dispatcher" [_thread_blocked, id=18276, stack(0x000000c95d810000,0x000000c95d910000)]
  0x00000213263ed000 JavaThread "OkHttp Dispatcher" [_thread_blocked, id=1672, stack(0x000000c95d910000,0x000000c95da10000)]
  0x00000213263ef800 JavaThread "OkHttp Dispatcher" [_thread_blocked, id=14728, stack(0x000000c95da10000,0x000000c95db10000)]
  0x00000213263ef000 JavaThread "OkHttp Dispatcher" [_thread_blocked, id=21196, stack(0x000000c95db10000,0x000000c95dc10000)]
  0x00000213263ea800 JavaThread "OkHttp Dispatcher" [_thread_blocked, id=11804, stack(0x000000c95dc10000,0x000000c95dd10000)]
  0x00000213263f2000 JavaThread "OkHttp pbs.twimg.com Writer" [_thread_blocked, id=24616, stack(0x000000c95dd10000,0x000000c95de10000)]
  0x00000213263f3000 JavaThread "OkHttp pbs.twimg.com" [_thread_in_native, id=19256, stack(0x000000c95de10000,0x000000c95df10000)]
  0x00000213263f3800 JavaThread "OkHttp Dispatcher" [_thread_blocked, id=23140, stack(0x000000c95df10000,0x000000c95e010000)]
  0x00000213263ee000 JavaThread "DestroyJavaVM" [_thread_blocked, id=18448, stack(0x000000c957500000,0x000000c957600000)]
  0x00000213263f4800 JavaThread "Trident callback thread" daemon [_thread_blocked, id=11032, stack(0x000000c95e210000,0x000000c95e310000)]
  0x00000213263f5800 JavaThread "Trident pulse source thread" daemon [_thread_blocked, id=19624, stack(0x000000c95e310000,0x000000c95e410000)]
  0x00000213263f6000 JavaThread "Thread-10" daemon [_thread_blocked, id=16668, stack(0x000000c95e410000,0x000000c95e510000)]

Other Threads:
  0x0000021325788000 VMThread "VM Thread" [stack: 0x000000c957b00000,0x000000c957c00000] [id=20212]
  0x000002132597c800 WatcherThread [stack: 0x000000c958400000,0x000000c958500000] [id=25396]
  0x0000021373379000 GCTaskThread "GC Thread#0" [stack: 0x000000c957600000,0x000000c957700000] [id=10116]
  0x000002133264e800 GCTaskThread "GC Thread#1" [stack: 0x000000c958600000,0x000000c958700000] [id=21308]
  0x0000021332445800 GCTaskThread "GC Thread#2" [stack: 0x000000c958c00000,0x000000c958d00000] [id=11140]
  0x00000213321ec800 GCTaskThread "GC Thread#3" [stack: 0x000000c958d00000,0x000000c958e00000] [id=16348]
  0x00000213321ef800 GCTaskThread "GC Thread#4" [stack: 0x000000c958e00000,0x000000c958f00000] [id=17764]
  0x000002133277a800 GCTaskThread "GC Thread#5" [stack: 0x000000c958f00000,0x000000c959000000] [id=9044]
  0x00000213321c0800 GCTaskThread "GC Thread#6" [stack: 0x000000c959000000,0x000000c959100000] [id=19208]
  0x00000213321c1000 GCTaskThread "GC Thread#7" [stack: 0x000000c959100000,0x000000c959200000] [id=21296]
  0x00000213321c1800 GCTaskThread "GC Thread#8" [stack: 0x000000c959200000,0x000000c959300000] [id=17816]
  0x00000213321c2800 GCTaskThread "GC Thread#9" [stack: 0x000000c959300000,0x000000c959400000] [id=16780]
  0x0000021373417000 ConcurrentGCThread "G1 Main Marker" [stack: 0x000000c957700000,0x000000c957800000] [id=14848]
  0x0000021373418800 ConcurrentGCThread "G1 Conc#0" [stack: 0x000000c957800000,0x000000c957900000] [id=19340]
  0x000002133260e000 ConcurrentGCThread "G1 Conc#1" [stack: 0x000000c959800000,0x000000c959900000] [id=14352]
  0x000002133260e800 ConcurrentGCThread "G1 Conc#2" [stack: 0x000000c959900000,0x000000c959a00000] [id=16056]
  0x000002137fe43000 ConcurrentGCThread "G1 Refine#0" [stack: 0x000000c957900000,0x000000c957a00000] [id=21144]
  0x00000213321df000 ConcurrentGCThread "G1 Refine#1" [stack: 0x000000c959400000,0x000000c959500000] [id=19932]
  0x00000213321e0000 ConcurrentGCThread "G1 Refine#2" [stack: 0x000000c959500000,0x000000c959600000] [id=15828]
  0x0000021332244800 ConcurrentGCThread "G1 Refine#3" [stack: 0x000000c959600000,0x000000c959700000] [id=22572]
  0x00000213388a8000 ConcurrentGCThread "G1 Refine#4" [stack: 0x000000c95ce10000,0x000000c95cf10000] [id=11192]
  0x00000213255f2800 ConcurrentGCThread "G1 Young RemSet Sampling" [stack: 0x000000c957a00000,0x000000c957b00000] [id=1828]

Threads with active compile tasks:
C2 CompilerThread08039       4       javax.swing.text.AbstractDocument$AbstractElement::getAttribute (50 bytes)
C2 CompilerThread28036       4       javax.swing.JComponent::repaint (19 bytes)

VM state:not at safepoint (normal execution)

VM Mutex/Monitor currently owned by a thread: None

Heap address: 0x0000000581a00000, size: 10214 MB, Compressed Oops mode: Zero based, Oop shift amount: 3
Narrow klass base: 0x0000000800000000, Narrow klass shift: 0
Compressed class space size: 1073741824 Address: 0x0000000800000000

Heap:
 garbage-first heap   total 655360K, used 134726K [0x0000000581a00000, 0x0000000800000000)
  region size 2048K, 42 young (86016K), 5 survivors (10240K)
 Metaspace       used 72209K, capacity 74344K, committed 74624K, reserved 1114112K
  class space    used 8140K, capacity 9016K, committed 9088K, reserved 1048576K
Heap Regions: E=young(eden), S=young(survivor), O=old, HS=humongous(starts), HC=humongous(continues), CS=collection set, F=free, A=archive, TAMS=top-at-mark-start (previous, next)
|   0|0x0000000581a00000, 0x0000000581c00000, 0x0000000581c00000|100%| O|  |TAMS 0x0000000581c00000, 0x0000000581a00000| Untracked 
|   1|0x0000000581c00000, 0x0000000581e00000, 0x0000000581e00000|100%| O|  |TAMS 0x0000000581e00000, 0x0000000581c00000| Untracked 
|   2|0x0000000581e00000, 0x0000000582000000, 0x0000000582000000|100%| O|  |TAMS 0x0000000582000000, 0x0000000581e00000| Untracked 
|   3|0x0000000582000000, 0x0000000582200000, 0x0000000582200000|100%| O|  |TAMS 0x0000000582200000, 0x0000000582000000| Untracked 
|   4|0x0000000582200000, 0x0000000582400000, 0x0000000582400000|100%| O|  |TAMS 0x0000000582226600, 0x0000000582200000| Untracked 
|   5|0x0000000582400000, 0x0000000582600000, 0x0000000582600000|100%|HS|  |TAMS 0x0000000582400000, 0x0000000582400000| Complete 
|   6|0x0000000582600000, 0x0000000582800000, 0x0000000582800000|100%|HS|  |TAMS 0x0000000582600000, 0x0000000582600000| Complete 
|   7|0x0000000582800000, 0x0000000582a00000, 0x0000000582a00000|100%|HS|  |TAMS 0x0000000582800000, 0x0000000582800000| Complete 
|   8|0x0000000582a00000, 0x0000000582c00000, 0x0000000582c00000|100%| O|  |TAMS 0x0000000582a00000, 0x0000000582a00000| Untracked 
|   9|0x0000000582c00000, 0x0000000582e00000, 0x0000000582e00000|100%| O|  |TAMS 0x0000000582c00000, 0x0000000582c00000| Untracked 
|  10|0x0000000582e00000, 0x0000000583000000, 0x0000000583000000|100%| O|  |TAMS 0x0000000582e00000, 0x0000000582e00000| Untracked 
|  11|0x0000000583000000, 0x0000000583200000, 0x0000000583200000|100%| O|  |TAMS 0x0000000583000000, 0x0000000583000000| Untracked 
|  12|0x0000000583200000, 0x0000000583400000, 0x0000000583400000|100%| O|  |TAMS 0x0000000583200000, 0x0000000583200000| Untracked 
|  13|0x0000000583400000, 0x0000000583600000, 0x0000000583600000|100%| O|  |TAMS 0x0000000583400000, 0x0000000583400000| Untracked 
|  14|0x0000000583600000, 0x0000000583800000, 0x0000000583800000|100%| O|  |TAMS 0x0000000583600000, 0x0000000583600000| Untracked 
|  15|0x0000000583800000, 0x0000000583a00000, 0x0000000583a00000|100%| O|  |TAMS 0x0000000583800000, 0x0000000583800000| Untracked 
|  16|0x0000000583a00000, 0x0000000583c00000, 0x0000000583c00000|100%| O|  |TAMS 0x0000000583a00000, 0x0000000583a00000| Untracked 
|  17|0x0000000583c00000, 0x0000000583e00000, 0x0000000583e00000|100%| O|  |TAMS 0x0000000583c00000, 0x0000000583c00000| Untracked 
|  18|0x0000000583e00000, 0x0000000584000000, 0x0000000584000000|100%| O|  |TAMS 0x0000000583e00000, 0x0000000583e00000| Untracked 
|  19|0x0000000584000000, 0x0000000584200000, 0x0000000584200000|100%| O|  |TAMS 0x0000000584000000, 0x0000000584000000| Untracked 
|  20|0x0000000584200000, 0x0000000584400000, 0x0000000584400000|100%| O|  |TAMS 0x0000000584200000, 0x0000000584200000| Untracked 
|  21|0x0000000584400000, 0x0000000584600000, 0x0000000584600000|100%| O|  |TAMS 0x0000000584400000, 0x0000000584400000| Untracked 
|  22|0x0000000584600000, 0x0000000584800000, 0x0000000584800000|100%| O|  |TAMS 0x0000000584600000, 0x0000000584600000| Untracked 
|  23|0x0000000584800000, 0x0000000584a00000, 0x0000000584a00000|100%| O|  |TAMS 0x0000000584800000, 0x0000000584800000| Untracked 
|  24|0x0000000584a00000, 0x0000000584c00000, 0x0000000584c00000|100%| O|  |TAMS 0x0000000584a00000, 0x0000000584a00000| Untracked 
|  25|0x0000000584c00000, 0x0000000584cd5600, 0x0000000584e00000| 41%| O|  |TAMS 0x0000000584c00000, 0x0000000584c00000| Untracked 
|  26|0x0000000584e00000, 0x0000000585000000, 0x0000000585000000|100%|HS|  |TAMS 0x0000000584e00000, 0x0000000584e00000| Complete 
|  27|0x0000000585000000, 0x0000000585000000, 0x0000000585200000|  0%| F|  |TAMS 0x0000000585000000, 0x0000000585000000| Untracked 
|  28|0x0000000585200000, 0x0000000585200000, 0x0000000585400000|  0%| F|  |TAMS 0x0000000585200000, 0x0000000585200000| Untracked 
|  29|0x0000000585400000, 0x0000000585400000, 0x0000000585600000|  0%| F|  |TAMS 0x0000000585400000, 0x0000000585400000| Untracked 
|  30|0x0000000585600000, 0x0000000585600000, 0x0000000585800000|  0%| F|  |TAMS 0x0000000585600000, 0x0000000585600000| Untracked 
|  31|0x0000000585800000, 0x0000000585800000, 0x0000000585a00000|  0%| F|  |TAMS 0x0000000585800000, 0x0000000585800000| Untracked 
|  32|0x0000000585a00000, 0x0000000585a00000, 0x0000000585c00000|  0%| F|  |TAMS 0x0000000585a00000, 0x0000000585a00000| Untracked 
|  33|0x0000000585c00000, 0x0000000585c00000, 0x0000000585e00000|  0%| F|  |TAMS 0x0000000585c00000, 0x0000000585c00000| Untracked 
|  34|0x0000000585e00000, 0x0000000585e00000, 0x0000000586000000|  0%| F|  |TAMS 0x0000000585e00000, 0x0000000585e00000| Untracked 
|  35|0x0000000586000000, 0x0000000586000000, 0x0000000586200000|  0%| F|  |TAMS 0x0000000586000000, 0x0000000586000000| Untracked 
|  36|0x0000000586200000, 0x0000000586200000, 0x0000000586400000|  0%| F|  |TAMS 0x0000000586200000, 0x0000000586200000| Untracked 
|  37|0x0000000586400000, 0x0000000586400000, 0x0000000586600000|  0%| F|  |TAMS 0x0000000586400000, 0x0000000586400000| Untracked 
|  38|0x0000000586600000, 0x0000000586600000, 0x0000000586800000|  0%| F|  |TAMS 0x0000000586600000, 0x0000000586600000| Untracked 
|  39|0x0000000586800000, 0x0000000586800000, 0x0000000586a00000|  0%| F|  |TAMS 0x0000000586800000, 0x0000000586800000| Untracked 
|  40|0x0000000586a00000, 0x0000000586a00000, 0x0000000586c00000|  0%| F|  |TAMS 0x0000000586a00000, 0x0000000586a00000| Untracked 
|  41|0x0000000586c00000, 0x0000000586c00000, 0x0000000586e00000|  0%| F|  |TAMS 0x0000000586c00000, 0x0000000586c00000| Untracked 
|  42|0x0000000586e00000, 0x0000000586e00000, 0x0000000587000000|  0%| F|  |TAMS 0x0000000586e00000, 0x0000000586e00000| Untracked 
|  43|0x0000000587000000, 0x0000000587000000, 0x0000000587200000|  0%| F|  |TAMS 0x0000000587000000, 0x0000000587000000| Untracked 
|  44|0x0000000587200000, 0x0000000587200000, 0x0000000587400000|  0%| F|  |TAMS 0x0000000587200000, 0x0000000587200000| Untracked 
|  45|0x0000000587400000, 0x0000000587400000, 0x0000000587600000|  0%| F|  |TAMS 0x0000000587400000, 0x0000000587400000| Untracked 
|  46|0x0000000587600000, 0x0000000587600000, 0x0000000587800000|  0%| F|  |TAMS 0x0000000587600000, 0x0000000587600000| Untracked 
|  47|0x0000000587800000, 0x0000000587800000, 0x0000000587a00000|  0%| F|  |TAMS 0x0000000587800000, 0x0000000587800000| Untracked 
|  48|0x0000000587a00000, 0x0000000587a00000, 0x0000000587c00000|  0%| F|  |TAMS 0x0000000587a00000, 0x0000000587a00000| Untracked 
|  49|0x0000000587c00000, 0x0000000587c00000, 0x0000000587e00000|  0%| F|  |TAMS 0x0000000587c00000, 0x0000000587c00000| Untracked 
|  50|0x0000000587e00000, 0x0000000587e00000, 0x0000000588000000|  0%| F|  |TAMS 0x0000000587e00000, 0x0000000587e00000| Untracked 
|  51|0x0000000588000000, 0x0000000588000000, 0x0000000588200000|  0%| F|  |TAMS 0x0000000588000000, 0x0000000588000000| Untracked 
|  52|0x0000000588200000, 0x0000000588200000, 0x0000000588400000|  0%| F|  |TAMS 0x0000000588200000, 0x0000000588200000| Untracked 
|  53|0x0000000588400000, 0x0000000588400000, 0x0000000588600000|  0%| F|  |TAMS 0x0000000588400000, 0x0000000588400000| Untracked 
|  54|0x0000000588600000, 0x0000000588600000, 0x0000000588800000|  0%| F|  |TAMS 0x0000000588600000, 0x0000000588600000| Untracked 
|  55|0x0000000588800000, 0x0000000588800000, 0x0000000588a00000|  0%| F|  |TAMS 0x0000000588800000, 0x0000000588800000| Untracked 
|  56|0x0000000588a00000, 0x0000000588a00000, 0x0000000588c00000|  0%| F|  |TAMS 0x0000000588a00000, 0x0000000588a00000| Untracked 
|  57|0x0000000588c00000, 0x0000000588c00000, 0x0000000588e00000|  0%| F|  |TAMS 0x0000000588c00000, 0x0000000588c00000| Untracked 
|  58|0x0000000588e00000, 0x0000000588e00000, 0x0000000589000000|  0%| F|  |TAMS 0x0000000588e00000, 0x0000000588e00000| Untracked 
|  59|0x0000000589000000, 0x0000000589000000, 0x0000000589200000|  0%| F|  |TAMS 0x0000000589000000, 0x0000000589000000| Untracked 
|  60|0x0000000589200000, 0x0000000589200000, 0x0000000589400000|  0%| F|  |TAMS 0x0000000589200000, 0x0000000589200000| Untracked 
|  61|0x0000000589400000, 0x0000000589400000, 0x0000000589600000|  0%| F|  |TAMS 0x0000000589400000, 0x0000000589400000| Untracked 
|  62|0x0000000589600000, 0x0000000589600000, 0x0000000589800000|  0%| F|  |TAMS 0x0000000589600000, 0x0000000589600000| Untracked 
|  63|0x0000000589800000, 0x0000000589800000, 0x0000000589a00000|  0%| F|  |TAMS 0x0000000589800000, 0x0000000589800000| Untracked 
|  64|0x0000000589a00000, 0x0000000589a00000, 0x0000000589c00000|  0%| F|  |TAMS 0x0000000589a00000, 0x0000000589a00000| Untracked 
|  65|0x0000000589c00000, 0x0000000589c00000, 0x0000000589e00000|  0%| F|  |TAMS 0x0000000589c00000, 0x0000000589c00000| Untracked 
|  66|0x0000000589e00000, 0x0000000589e00000, 0x000000058a000000|  0%| F|  |TAMS 0x0000000589e00000, 0x0000000589e00000| Untracked 
|  67|0x000000058a000000, 0x000000058a000000, 0x000000058a200000|  0%| F|  |TAMS 0x000000058a000000, 0x000000058a000000| Untracked 
|  68|0x000000058a200000, 0x000000058a200000, 0x000000058a400000|  0%| F|  |TAMS 0x000000058a200000, 0x000000058a200000| Untracked 
|  69|0x000000058a400000, 0x000000058a400000, 0x000000058a600000|  0%| F|  |TAMS 0x000000058a400000, 0x000000058a400000| Untracked 
|  70|0x000000058a600000, 0x000000058a600000, 0x000000058a800000|  0%| F|  |TAMS 0x000000058a600000, 0x000000058a600000| Untracked 
|  71|0x000000058a800000, 0x000000058a800000, 0x000000058aa00000|  0%| F|  |TAMS 0x000000058a800000, 0x000000058a800000| Untracked 
|  72|0x000000058aa00000, 0x000000058aa00000, 0x000000058ac00000|  0%| F|  |TAMS 0x000000058aa00000, 0x000000058aa00000| Untracked 
|  73|0x000000058ac00000, 0x000000058ac00000, 0x000000058ae00000|  0%| F|  |TAMS 0x000000058ac00000, 0x000000058ac00000| Untracked 
|  74|0x000000058ae00000, 0x000000058ae00000, 0x000000058b000000|  0%| F|  |TAMS 0x000000058ae00000, 0x000000058ae00000| Untracked 
|  75|0x000000058b000000, 0x000000058b000000, 0x000000058b200000|  0%| F|  |TAMS 0x000000058b000000, 0x000000058b000000| Untracked 
|  76|0x000000058b200000, 0x000000058b200000, 0x000000058b400000|  0%| F|  |TAMS 0x000000058b200000, 0x000000058b200000| Untracked 
|  77|0x000000058b400000, 0x000000058b400000, 0x000000058b600000|  0%| F|  |TAMS 0x000000058b400000, 0x000000058b400000| Untracked 
|  78|0x000000058b600000, 0x000000058b600000, 0x000000058b800000|  0%| F|  |TAMS 0x000000058b600000, 0x000000058b600000| Untracked 
|  79|0x000000058b800000, 0x000000058b800000, 0x000000058ba00000|  0%| F|  |TAMS 0x000000058b800000, 0x000000058b800000| Untracked 
|  80|0x000000058ba00000, 0x000000058ba00000, 0x000000058bc00000|  0%| F|  |TAMS 0x000000058ba00000, 0x000000058ba00000| Untracked 
|  81|0x000000058bc00000, 0x000000058bc00000, 0x000000058be00000|  0%| F|  |TAMS 0x000000058bc00000, 0x000000058bc00000| Untracked 
|  82|0x000000058be00000, 0x000000058be00000, 0x000000058c000000|  0%| F|  |TAMS 0x000000058be00000, 0x000000058be00000| Untracked 
|  83|0x000000058c000000, 0x000000058c000000, 0x000000058c200000|  0%| F|  |TAMS 0x000000058c000000, 0x000000058c000000| Untracked 
|  84|0x000000058c200000, 0x000000058c200000, 0x000000058c400000|  0%| F|  |TAMS 0x000000058c200000, 0x000000058c200000| Untracked 
|  85|0x000000058c400000, 0x000000058c400000, 0x000000058c600000|  0%| F|  |TAMS 0x000000058c400000, 0x000000058c400000| Untracked 
|  86|0x000000058c600000, 0x000000058c600000, 0x000000058c800000|  0%| F|  |TAMS 0x000000058c600000, 0x000000058c600000| Untracked 
|  87|0x000000058c800000, 0x000000058c800000, 0x000000058ca00000|  0%| F|  |TAMS 0x000000058c800000, 0x000000058c800000| Untracked 
|  88|0x000000058ca00000, 0x000000058ca00000, 0x000000058cc00000|  0%| F|  |TAMS 0x000000058ca00000, 0x000000058ca00000| Untracked 
|  89|0x000000058cc00000, 0x000000058cc00000, 0x000000058ce00000|  0%| F|  |TAMS 0x000000058cc00000, 0x000000058cc00000| Untracked 
|  90|0x000000058ce00000, 0x000000058ce00000, 0x000000058d000000|  0%| F|  |TAMS 0x000000058ce00000, 0x000000058ce00000| Untracked 
|  91|0x000000058d000000, 0x000000058d000000, 0x000000058d200000|  0%| F|  |TAMS 0x000000058d000000, 0x000000058d000000| Untracked 
|  92|0x000000058d200000, 0x000000058d200000, 0x000000058d400000|  0%| F|  |TAMS 0x000000058d200000, 0x000000058d200000| Untracked 
|  93|0x000000058d400000, 0x000000058d400000, 0x000000058d600000|  0%| F|  |TAMS 0x000000058d400000, 0x000000058d400000| Untracked 
|  94|0x000000058d600000, 0x000000058d600000, 0x000000058d800000|  0%| F|  |TAMS 0x000000058d600000, 0x000000058d600000| Untracked 
|  95|0x000000058d800000, 0x000000058d800000, 0x000000058da00000|  0%| F|  |TAMS 0x000000058d800000, 0x000000058d800000| Untracked 
|  96|0x000000058da00000, 0x000000058da00000, 0x000000058dc00000|  0%| F|  |TAMS 0x000000058da00000, 0x000000058da00000| Untracked 
|  97|0x000000058dc00000, 0x000000058dc00000, 0x000000058de00000|  0%| F|  |TAMS 0x000000058dc00000, 0x000000058dc00000| Untracked 
|  98|0x000000058de00000, 0x000000058de00000, 0x000000058e000000|  0%| F|  |TAMS 0x000000058de00000, 0x000000058de00000| Untracked 
|  99|0x000000058e000000, 0x000000058e000000, 0x000000058e200000|  0%| F|  |TAMS 0x000000058e000000, 0x000000058e000000| Untracked 
| 100|0x000000058e200000, 0x000000058e200000, 0x000000058e400000|  0%| F|  |TAMS 0x000000058e200000, 0x000000058e200000| Untracked 
| 101|0x000000058e400000, 0x000000058e400000, 0x000000058e600000|  0%| F|  |TAMS 0x000000058e400000, 0x000000058e400000| Untracked 
| 102|0x000000058e600000, 0x000000058e600000, 0x000000058e800000|  0%| F|  |TAMS 0x000000058e600000, 0x000000058e600000| Untracked 
| 103|0x000000058e800000, 0x000000058e800000, 0x000000058ea00000|  0%| F|  |TAMS 0x000000058e800000, 0x000000058e800000| Untracked 
| 104|0x000000058ea00000, 0x000000058ea00000, 0x000000058ec00000|  0%| F|  |TAMS 0x000000058ea00000, 0x000000058ea00000| Untracked 
| 105|0x000000058ec00000, 0x000000058ec00000, 0x000000058ee00000|  0%| F|  |TAMS 0x000000058ec00000, 0x000000058ec00000| Untracked 
| 106|0x000000058ee00000, 0x000000058ee00000, 0x000000058f000000|  0%| F|  |TAMS 0x000000058ee00000, 0x000000058ee00000| Untracked 
| 107|0x000000058f000000, 0x000000058f000000, 0x000000058f200000|  0%| F|  |TAMS 0x000000058f000000, 0x000000058f000000| Untracked 
| 108|0x000000058f200000, 0x000000058f200000, 0x000000058f400000|  0%| F|  |TAMS 0x000000058f200000, 0x000000058f200000| Untracked 
| 109|0x000000058f400000, 0x000000058f400000, 0x000000058f600000|  0%| F|  |TAMS 0x000000058f400000, 0x000000058f400000| Untracked 
| 110|0x000000058f600000, 0x000000058f600000, 0x000000058f800000|  0%| F|  |TAMS 0x000000058f600000, 0x000000058f600000| Untracked 
| 111|0x000000058f800000, 0x000000058f800000, 0x000000058fa00000|  0%| F|  |TAMS 0x000000058f800000, 0x000000058f800000| Untracked 
| 112|0x000000058fa00000, 0x000000058fa00000, 0x000000058fc00000|  0%| F|  |TAMS 0x000000058fa00000, 0x000000058fa00000| Untracked 
| 113|0x000000058fc00000, 0x000000058fc00000, 0x000000058fe00000|  0%| F|  |TAMS 0x000000058fc00000, 0x000000058fc00000| Untracked 
| 114|0x000000058fe00000, 0x000000058fe00000, 0x0000000590000000|  0%| F|  |TAMS 0x000000058fe00000, 0x000000058fe00000| Untracked 
| 115|0x0000000590000000, 0x0000000590000000, 0x0000000590200000|  0%| F|  |TAMS 0x0000000590000000, 0x0000000590000000| Untracked 
| 116|0x0000000590200000, 0x0000000590200000, 0x0000000590400000|  0%| F|  |TAMS 0x0000000590200000, 0x0000000590200000| Untracked 
| 117|0x0000000590400000, 0x0000000590400000, 0x0000000590600000|  0%| F|  |TAMS 0x0000000590400000, 0x0000000590400000| Untracked 
| 118|0x0000000590600000, 0x0000000590600000, 0x0000000590800000|  0%| F|  |TAMS 0x0000000590600000, 0x0000000590600000| Untracked 
| 119|0x0000000590800000, 0x0000000590800000, 0x0000000590a00000|  0%| F|  |TAMS 0x0000000590800000, 0x0000000590800000| Untracked 
| 120|0x0000000590a00000, 0x0000000590a00000, 0x0000000590c00000|  0%| F|  |TAMS 0x0000000590a00000, 0x0000000590a00000| Untracked 
| 121|0x0000000590c00000, 0x0000000590c00000, 0x0000000590e00000|  0%| F|  |TAMS 0x0000000590c00000, 0x0000000590c00000| Untracked 
| 122|0x0000000590e00000, 0x0000000590e00000, 0x0000000591000000|  0%| F|  |TAMS 0x0000000590e00000, 0x0000000590e00000| Untracked 
| 123|0x0000000591000000, 0x0000000591000000, 0x0000000591200000|  0%| F|  |TAMS 0x0000000591000000, 0x0000000591000000| Untracked 
| 124|0x0000000591200000, 0x0000000591200000, 0x0000000591400000|  0%| F|  |TAMS 0x0000000591200000, 0x0000000591200000| Untracked 
| 125|0x0000000591400000, 0x0000000591400000, 0x0000000591600000|  0%| F|  |TAMS 0x0000000591400000, 0x0000000591400000| Untracked 
| 126|0x0000000591600000, 0x0000000591600000, 0x0000000591800000|  0%| F|  |TAMS 0x0000000591600000, 0x0000000591600000| Untracked 
| 127|0x0000000591800000, 0x0000000591800000, 0x0000000591a00000|  0%| F|  |TAMS 0x0000000591800000, 0x0000000591800000| Untracked 
| 128|0x0000000591a00000, 0x0000000591a00000, 0x0000000591c00000|  0%| F|  |TAMS 0x0000000591a00000, 0x0000000591a00000| Untracked 
| 129|0x0000000591c00000, 0x0000000591c00000, 0x0000000591e00000|  0%| F|  |TAMS 0x0000000591c00000, 0x0000000591c00000| Untracked 
| 130|0x0000000591e00000, 0x0000000591e00000, 0x0000000592000000|  0%| F|  |TAMS 0x0000000591e00000, 0x0000000591e00000| Untracked 
| 131|0x0000000592000000, 0x0000000592000000, 0x0000000592200000|  0%| F|  |TAMS 0x0000000592000000, 0x0000000592000000| Untracked 
| 132|0x0000000592200000, 0x0000000592200000, 0x0000000592400000|  0%| F|  |TAMS 0x0000000592200000, 0x0000000592200000| Untracked 
| 133|0x0000000592400000, 0x0000000592400000, 0x0000000592600000|  0%| F|  |TAMS 0x0000000592400000, 0x0000000592400000| Untracked 
| 134|0x0000000592600000, 0x0000000592600000, 0x0000000592800000|  0%| F|  |TAMS 0x0000000592600000, 0x0000000592600000| Untracked 
| 135|0x0000000592800000, 0x0000000592800000, 0x0000000592a00000|  0%| F|  |TAMS 0x0000000592800000, 0x0000000592800000| Untracked 
| 136|0x0000000592a00000, 0x0000000592a00000, 0x0000000592c00000|  0%| F|  |TAMS 0x0000000592a00000, 0x0000000592a00000| Untracked 
| 137|0x0000000592c00000, 0x0000000592c00000, 0x0000000592e00000|  0%| F|  |TAMS 0x0000000592c00000, 0x0000000592c00000| Untracked 
| 138|0x0000000592e00000, 0x0000000592e00000, 0x0000000593000000|  0%| F|  |TAMS 0x0000000592e00000, 0x0000000592e00000| Untracked 
| 139|0x0000000593000000, 0x0000000593000000, 0x0000000593200000|  0%| F|  |TAMS 0x0000000593000000, 0x0000000593000000| Untracked 
| 140|0x0000000593200000, 0x0000000593200000, 0x0000000593400000|  0%| F|  |TAMS 0x0000000593200000, 0x0000000593200000| Untracked 
| 141|0x0000000593400000, 0x0000000593400000, 0x0000000593600000|  0%| F|  |TAMS 0x0000000593400000, 0x0000000593400000| Untracked 
| 142|0x0000000593600000, 0x0000000593600000, 0x0000000593800000|  0%| F|  |TAMS 0x0000000593600000, 0x0000000593600000| Untracked 
| 143|0x0000000593800000, 0x0000000593800000, 0x0000000593a00000|  0%| F|  |TAMS 0x0000000593800000, 0x0000000593800000| Untracked 
| 144|0x0000000593a00000, 0x0000000593a00000, 0x0000000593c00000|  0%| F|  |TAMS 0x0000000593a00000, 0x0000000593a00000| Untracked 
| 145|0x0000000593c00000, 0x0000000593c00000, 0x0000000593e00000|  0%| F|  |TAMS 0x0000000593c00000, 0x0000000593c00000| Untracked 
| 146|0x0000000593e00000, 0x0000000593e00000, 0x0000000594000000|  0%| F|  |TAMS 0x0000000593e00000, 0x0000000593e00000| Untracked 
| 147|0x0000000594000000, 0x0000000594000000, 0x0000000594200000|  0%| F|  |TAMS 0x0000000594000000, 0x0000000594000000| Untracked 
| 148|0x0000000594200000, 0x0000000594200000, 0x0000000594400000|  0%| F|  |TAMS 0x0000000594200000, 0x0000000594200000| Untracked 
| 149|0x0000000594400000, 0x0000000594400000, 0x0000000594600000|  0%| F|  |TAMS 0x0000000594400000, 0x0000000594400000| Untracked 
| 150|0x0000000594600000, 0x0000000594600000, 0x0000000594800000|  0%| F|  |TAMS 0x0000000594600000, 0x0000000594600000| Untracked 
| 151|0x0000000594800000, 0x0000000594800000, 0x0000000594a00000|  0%| F|  |TAMS 0x0000000594800000, 0x0000000594800000| Untracked 
| 152|0x0000000594a00000, 0x0000000594a00000, 0x0000000594c00000|  0%| F|  |TAMS 0x0000000594a00000, 0x0000000594a00000| Untracked 
| 153|0x0000000594c00000, 0x0000000594c00000, 0x0000000594e00000|  0%| F|  |TAMS 0x0000000594c00000, 0x0000000594c00000| Untracked 
| 154|0x0000000594e00000, 0x0000000594e00000, 0x0000000595000000|  0%| F|  |TAMS 0x0000000594e00000, 0x0000000594e00000| Untracked 
| 155|0x0000000595000000, 0x0000000595000000, 0x0000000595200000|  0%| F|  |TAMS 0x0000000595000000, 0x0000000595000000| Untracked 
| 156|0x0000000595200000, 0x0000000595200000, 0x0000000595400000|  0%| F|  |TAMS 0x0000000595200000, 0x0000000595200000| Untracked 
| 157|0x0000000595400000, 0x0000000595400000, 0x0000000595600000|  0%| F|  |TAMS 0x0000000595400000, 0x0000000595400000| Untracked 
| 158|0x0000000595600000, 0x0000000595600000, 0x0000000595800000|  0%| F|  |TAMS 0x0000000595600000, 0x0000000595600000| Untracked 
| 159|0x0000000595800000, 0x0000000595800000, 0x0000000595a00000|  0%| F|  |TAMS 0x0000000595800000, 0x0000000595800000| Untracked 
| 160|0x0000000595a00000, 0x0000000595a00000, 0x0000000595c00000|  0%| F|  |TAMS 0x0000000595a00000, 0x0000000595a00000| Untracked 
| 161|0x0000000595c00000, 0x0000000595c00000, 0x0000000595e00000|  0%| F|  |TAMS 0x0000000595c00000, 0x0000000595c00000| Untracked 
| 162|0x0000000595e00000, 0x0000000595e00000, 0x0000000596000000|  0%| F|  |TAMS 0x0000000595e00000, 0x0000000595e00000| Untracked 
| 163|0x0000000596000000, 0x0000000596000000, 0x0000000596200000|  0%| F|  |TAMS 0x0000000596000000, 0x0000000596000000| Untracked 
| 164|0x0000000596200000, 0x0000000596200000, 0x0000000596400000|  0%| F|  |TAMS 0x0000000596200000, 0x0000000596200000| Untracked 
| 165|0x0000000596400000, 0x0000000596400000, 0x0000000596600000|  0%| F|  |TAMS 0x0000000596400000, 0x0000000596400000| Untracked 
| 166|0x0000000596600000, 0x0000000596600000, 0x0000000596800000|  0%| F|  |TAMS 0x0000000596600000, 0x0000000596600000| Untracked 
| 167|0x0000000596800000, 0x0000000596800000, 0x0000000596a00000|  0%| F|  |TAMS 0x0000000596800000, 0x0000000596800000| Untracked 
| 168|0x0000000596a00000, 0x0000000596a00000, 0x0000000596c00000|  0%| F|  |TAMS 0x0000000596a00000, 0x0000000596a00000| Untracked 
| 169|0x0000000596c00000, 0x0000000596c00000, 0x0000000596e00000|  0%| F|  |TAMS 0x0000000596c00000, 0x0000000596c00000| Untracked 
| 170|0x0000000596e00000, 0x0000000596e00000, 0x0000000597000000|  0%| F|  |TAMS 0x0000000596e00000, 0x0000000596e00000| Untracked 
| 171|0x0000000597000000, 0x0000000597000000, 0x0000000597200000|  0%| F|  |TAMS 0x0000000597000000, 0x0000000597000000| Untracked 
| 172|0x0000000597200000, 0x0000000597200000, 0x0000000597400000|  0%| F|  |TAMS 0x0000000597200000, 0x0000000597200000| Untracked 
| 173|0x0000000597400000, 0x0000000597400000, 0x0000000597600000|  0%| F|  |TAMS 0x0000000597400000, 0x0000000597400000| Untracked 
| 174|0x0000000597600000, 0x0000000597600000, 0x0000000597800000|  0%| F|  |TAMS 0x0000000597600000, 0x0000000597600000| Untracked 
| 175|0x0000000597800000, 0x0000000597800000, 0x0000000597a00000|  0%| F|  |TAMS 0x0000000597800000, 0x0000000597800000| Untracked 
| 176|0x0000000597a00000, 0x0000000597a00000, 0x0000000597c00000|  0%| F|  |TAMS 0x0000000597a00000, 0x0000000597a00000| Untracked 
| 177|0x0000000597c00000, 0x0000000597c00000, 0x0000000597e00000|  0%| F|  |TAMS 0x0000000597c00000, 0x0000000597c00000| Untracked 
| 178|0x0000000597e00000, 0x0000000597e00000, 0x0000000598000000|  0%| F|  |TAMS 0x0000000597e00000, 0x0000000597e00000| Untracked 
| 179|0x0000000598000000, 0x0000000598000000, 0x0000000598200000|  0%| F|  |TAMS 0x0000000598000000, 0x0000000598000000| Untracked 
| 180|0x0000000598200000, 0x0000000598200000, 0x0000000598400000|  0%| F|  |TAMS 0x0000000598200000, 0x0000000598200000| Untracked 
| 181|0x0000000598400000, 0x0000000598400000, 0x0000000598600000|  0%| F|  |TAMS 0x0000000598400000, 0x0000000598400000| Untracked 
| 182|0x0000000598600000, 0x0000000598600000, 0x0000000598800000|  0%| F|  |TAMS 0x0000000598600000, 0x0000000598600000| Untracked 
| 183|0x0000000598800000, 0x0000000598800000, 0x0000000598a00000|  0%| F|  |TAMS 0x0000000598800000, 0x0000000598800000| Untracked 
| 184|0x0000000598a00000, 0x0000000598a00000, 0x0000000598c00000|  0%| F|  |TAMS 0x0000000598a00000, 0x0000000598a00000| Untracked 
| 185|0x0000000598c00000, 0x0000000598c00000, 0x0000000598e00000|  0%| F|  |TAMS 0x0000000598c00000, 0x0000000598c00000| Untracked 
| 186|0x0000000598e00000, 0x0000000598e00000, 0x0000000599000000|  0%| F|  |TAMS 0x0000000598e00000, 0x0000000598e00000| Untracked 
| 187|0x0000000599000000, 0x0000000599000000, 0x0000000599200000|  0%| F|  |TAMS 0x0000000599000000, 0x0000000599000000| Untracked 
| 188|0x0000000599200000, 0x0000000599200000, 0x0000000599400000|  0%| F|  |TAMS 0x0000000599200000, 0x0000000599200000| Untracked 
| 189|0x0000000599400000, 0x0000000599400000, 0x0000000599600000|  0%| F|  |TAMS 0x0000000599400000, 0x0000000599400000| Untracked 
| 190|0x0000000599600000, 0x0000000599600000, 0x0000000599800000|  0%| F|  |TAMS 0x0000000599600000, 0x0000000599600000| Untracked 
| 191|0x0000000599800000, 0x0000000599800000, 0x0000000599a00000|  0%| F|  |TAMS 0x0000000599800000, 0x0000000599800000| Untracked 
| 192|0x0000000599a00000, 0x0000000599a00000, 0x0000000599c00000|  0%| F|  |TAMS 0x0000000599a00000, 0x0000000599a00000| Untracked 
| 193|0x0000000599c00000, 0x0000000599c00000, 0x0000000599e00000|  0%| F|  |TAMS 0x0000000599c00000, 0x0000000599c00000| Untracked 
| 194|0x0000000599e00000, 0x0000000599e00000, 0x000000059a000000|  0%| F|  |TAMS 0x0000000599e00000, 0x0000000599e00000| Untracked 
| 195|0x000000059a000000, 0x000000059a000000, 0x000000059a200000|  0%| F|  |TAMS 0x000000059a000000, 0x000000059a000000| Untracked 
| 196|0x000000059a200000, 0x000000059a200000, 0x000000059a400000|  0%| F|  |TAMS 0x000000059a200000, 0x000000059a200000| Untracked 
| 197|0x000000059a400000, 0x000000059a400000, 0x000000059a600000|  0%| F|  |TAMS 0x000000059a400000, 0x000000059a400000| Untracked 
| 198|0x000000059a600000, 0x000000059a600000, 0x000000059a800000|  0%| F|  |TAMS 0x000000059a600000, 0x000000059a600000| Untracked 
| 199|0x000000059a800000, 0x000000059a800000, 0x000000059aa00000|  0%| F|  |TAMS 0x000000059a800000, 0x000000059a800000| Untracked 
| 200|0x000000059aa00000, 0x000000059aa00000, 0x000000059ac00000|  0%| F|  |TAMS 0x000000059aa00000, 0x000000059aa00000| Untracked 
| 201|0x000000059ac00000, 0x000000059ac00000, 0x000000059ae00000|  0%| F|  |TAMS 0x000000059ac00000, 0x000000059ac00000| Untracked 
| 202|0x000000059ae00000, 0x000000059ae00000, 0x000000059b000000|  0%| F|  |TAMS 0x000000059ae00000, 0x000000059ae00000| Untracked 
| 203|0x000000059b000000, 0x000000059b000000, 0x000000059b200000|  0%| F|  |TAMS 0x000000059b000000, 0x000000059b000000| Untracked 
| 204|0x000000059b200000, 0x000000059b200000, 0x000000059b400000|  0%| F|  |TAMS 0x000000059b200000, 0x000000059b200000| Untracked 
| 205|0x000000059b400000, 0x000000059b400000, 0x000000059b600000|  0%| F|  |TAMS 0x000000059b400000, 0x000000059b400000| Untracked 
| 206|0x000000059b600000, 0x000000059b600000, 0x000000059b800000|  0%| F|  |TAMS 0x000000059b600000, 0x000000059b600000| Untracked 
| 207|0x000000059b800000, 0x000000059b800000, 0x000000059ba00000|  0%| F|  |TAMS 0x000000059b800000, 0x000000059b800000| Untracked 
| 208|0x000000059ba00000, 0x000000059ba00000, 0x000000059bc00000|  0%| F|  |TAMS 0x000000059ba00000, 0x000000059ba00000| Untracked 
| 209|0x000000059bc00000, 0x000000059bc00000, 0x000000059be00000|  0%| F|  |TAMS 0x000000059bc00000, 0x000000059bc00000| Untracked 
| 210|0x000000059be00000, 0x000000059be00000, 0x000000059c000000|  0%| F|  |TAMS 0x000000059be00000, 0x000000059be00000| Untracked 
| 211|0x000000059c000000, 0x000000059c000000, 0x000000059c200000|  0%| F|  |TAMS 0x000000059c000000, 0x000000059c000000| Untracked 
| 212|0x000000059c200000, 0x000000059c200000, 0x000000059c400000|  0%| F|  |TAMS 0x000000059c200000, 0x000000059c200000| Untracked 
| 213|0x000000059c400000, 0x000000059c400000, 0x000000059c600000|  0%| F|  |TAMS 0x000000059c400000, 0x000000059c400000| Untracked 
| 214|0x000000059c600000, 0x000000059c600000, 0x000000059c800000|  0%| F|  |TAMS 0x000000059c600000, 0x000000059c600000| Untracked 
| 215|0x000000059c800000, 0x000000059c800000, 0x000000059ca00000|  0%| F|  |TAMS 0x000000059c800000, 0x000000059c800000| Untracked 
| 216|0x000000059ca00000, 0x000000059ca00000, 0x000000059cc00000|  0%| F|  |TAMS 0x000000059ca00000, 0x000000059ca00000| Untracked 
| 217|0x000000059cc00000, 0x000000059cc00000, 0x000000059ce00000|  0%| F|  |TAMS 0x000000059cc00000, 0x000000059cc00000| Untracked 
| 218|0x000000059ce00000, 0x000000059ce00000, 0x000000059d000000|  0%| F|  |TAMS 0x000000059ce00000, 0x000000059ce00000| Untracked 
| 219|0x000000059d000000, 0x000000059d000000, 0x000000059d200000|  0%| F|  |TAMS 0x000000059d000000, 0x000000059d000000| Untracked 
| 220|0x000000059d200000, 0x000000059d200000, 0x000000059d400000|  0%| F|  |TAMS 0x000000059d200000, 0x000000059d200000| Untracked 
| 221|0x000000059d400000, 0x000000059d400000, 0x000000059d600000|  0%| F|  |TAMS 0x000000059d400000, 0x000000059d400000| Untracked 
| 222|0x000000059d600000, 0x000000059d600000, 0x000000059d800000|  0%| F|  |TAMS 0x000000059d600000, 0x000000059d600000| Untracked 
| 223|0x000000059d800000, 0x000000059d800000, 0x000000059da00000|  0%| F|  |TAMS 0x000000059d800000, 0x000000059d800000| Untracked 
| 224|0x000000059da00000, 0x000000059da00000, 0x000000059dc00000|  0%| F|  |TAMS 0x000000059da00000, 0x000000059da00000| Untracked 
| 225|0x000000059dc00000, 0x000000059dc00000, 0x000000059de00000|  0%| F|  |TAMS 0x000000059dc00000, 0x000000059dc00000| Untracked 
| 226|0x000000059de00000, 0x000000059de00000, 0x000000059e000000|  0%| F|  |TAMS 0x000000059de00000, 0x000000059de00000| Untracked 
| 227|0x000000059e000000, 0x000000059e000000, 0x000000059e200000|  0%| F|  |TAMS 0x000000059e000000, 0x000000059e000000| Untracked 
| 228|0x000000059e200000, 0x000000059e200000, 0x000000059e400000|  0%| F|  |TAMS 0x000000059e200000, 0x000000059e200000| Untracked 
| 229|0x000000059e400000, 0x000000059e400000, 0x000000059e600000|  0%| F|  |TAMS 0x000000059e400000, 0x000000059e400000| Untracked 
| 230|0x000000059e600000, 0x000000059e600000, 0x000000059e800000|  0%| F|  |TAMS 0x000000059e600000, 0x000000059e600000| Untracked 
| 231|0x000000059e800000, 0x000000059e800000, 0x000000059ea00000|  0%| F|  |TAMS 0x000000059e800000, 0x000000059e800000| Untracked 
| 232|0x000000059ea00000, 0x000000059ea00000, 0x000000059ec00000|  0%| F|  |TAMS 0x000000059ea00000, 0x000000059ea00000| Untracked 
| 233|0x000000059ec00000, 0x000000059ec00000, 0x000000059ee00000|  0%| F|  |TAMS 0x000000059ec00000, 0x000000059ec00000| Untracked 
| 234|0x000000059ee00000, 0x000000059ee00000, 0x000000059f000000|  0%| F|  |TAMS 0x000000059ee00000, 0x000000059ee00000| Untracked 
| 235|0x000000059f000000, 0x000000059f000000, 0x000000059f200000|  0%| F|  |TAMS 0x000000059f000000, 0x000000059f000000| Untracked 
| 236|0x000000059f200000, 0x000000059f200000, 0x000000059f400000|  0%| F|  |TAMS 0x000000059f200000, 0x000000059f200000| Untracked 
| 237|0x000000059f400000, 0x000000059f400000, 0x000000059f600000|  0%| F|  |TAMS 0x000000059f400000, 0x000000059f400000| Untracked 
| 238|0x000000059f600000, 0x000000059f600000, 0x000000059f800000|  0%| F|  |TAMS 0x000000059f600000, 0x000000059f600000| Untracked 
| 239|0x000000059f800000, 0x000000059f800000, 0x000000059fa00000|  0%| F|  |TAMS 0x000000059f800000, 0x000000059f800000| Untracked 
| 240|0x000000059fa00000, 0x000000059fa00000, 0x000000059fc00000|  0%| F|  |TAMS 0x000000059fa00000, 0x000000059fa00000| Untracked 
| 241|0x000000059fc00000, 0x000000059fc00000, 0x000000059fe00000|  0%| F|  |TAMS 0x000000059fc00000, 0x000000059fc00000| Untracked 
| 242|0x000000059fe00000, 0x000000059febc238, 0x00000005a0000000| 36%| S|CS|TAMS 0x000000059fe00000, 0x000000059fe00000| Complete 
| 243|0x00000005a0000000, 0x00000005a0200000, 0x00000005a0200000|100%| S|CS|TAMS 0x00000005a0000000, 0x00000005a0000000| Complete 
| 244|0x00000005a0200000, 0x00000005a0400000, 0x00000005a0400000|100%| S|CS|TAMS 0x00000005a0200000, 0x00000005a0200000| Complete 
| 245|0x00000005a0400000, 0x00000005a0600000, 0x00000005a0600000|100%| S|CS|TAMS 0x00000005a0400000, 0x00000005a0400000| Complete 
| 246|0x00000005a0600000, 0x00000005a0800000, 0x00000005a0800000|100%| S|CS|TAMS 0x00000005a0600000, 0x00000005a0600000| Complete 
| 247|0x00000005a0800000, 0x00000005a0800000, 0x00000005a0a00000|  0%| F|  |TAMS 0x00000005a0800000, 0x00000005a0800000| Untracked 
| 248|0x00000005a0a00000, 0x00000005a0a00000, 0x00000005a0c00000|  0%| F|  |TAMS 0x00000005a0a00000, 0x00000005a0a00000| Untracked 
| 249|0x00000005a0c00000, 0x00000005a0c00000, 0x00000005a0e00000|  0%| F|  |TAMS 0x00000005a0c00000, 0x00000005a0c00000| Untracked 
| 250|0x00000005a0e00000, 0x00000005a0e00000, 0x00000005a1000000|  0%| F|  |TAMS 0x00000005a0e00000, 0x00000005a0e00000| Untracked 
| 251|0x00000005a1000000, 0x00000005a1000000, 0x00000005a1200000|  0%| F|  |TAMS 0x00000005a1000000, 0x00000005a1000000| Untracked 
| 252|0x00000005a1200000, 0x00000005a1200000, 0x00000005a1400000|  0%| F|  |TAMS 0x00000005a1200000, 0x00000005a1200000| Untracked 
| 253|0x00000005a1400000, 0x00000005a1400000, 0x00000005a1600000|  0%| F|  |TAMS 0x00000005a1400000, 0x00000005a1400000| Untracked 
| 254|0x00000005a1600000, 0x00000005a1600000, 0x00000005a1800000|  0%| F|  |TAMS 0x00000005a1600000, 0x00000005a1600000| Untracked 
| 255|0x00000005a1800000, 0x00000005a1800000, 0x00000005a1a00000|  0%| F|  |TAMS 0x00000005a1800000, 0x00000005a1800000| Untracked 
| 256|0x00000005a1a00000, 0x00000005a1a00000, 0x00000005a1c00000|  0%| F|  |TAMS 0x00000005a1a00000, 0x00000005a1a00000| Untracked 
| 257|0x00000005a1c00000, 0x00000005a1c00000, 0x00000005a1e00000|  0%| F|  |TAMS 0x00000005a1c00000, 0x00000005a1c00000| Untracked 
| 258|0x00000005a1e00000, 0x00000005a1e00000, 0x00000005a2000000|  0%| F|  |TAMS 0x00000005a1e00000, 0x00000005a1e00000| Untracked 
| 259|0x00000005a2000000, 0x00000005a2000000, 0x00000005a2200000|  0%| F|  |TAMS 0x00000005a2000000, 0x00000005a2000000| Untracked 
| 260|0x00000005a2200000, 0x00000005a2200000, 0x00000005a2400000|  0%| F|  |TAMS 0x00000005a2200000, 0x00000005a2200000| Untracked 
| 261|0x00000005a2400000, 0x00000005a2400000, 0x00000005a2600000|  0%| F|  |TAMS 0x00000005a2400000, 0x00000005a2400000| Untracked 
| 262|0x00000005a2600000, 0x00000005a2600000, 0x00000005a2800000|  0%| F|  |TAMS 0x00000005a2600000, 0x00000005a2600000| Untracked 
| 263|0x00000005a2800000, 0x00000005a2800000, 0x00000005a2a00000|  0%| F|  |TAMS 0x00000005a2800000, 0x00000005a2800000| Untracked 
| 264|0x00000005a2a00000, 0x00000005a2a00000, 0x00000005a2c00000|  0%| F|  |TAMS 0x00000005a2a00000, 0x00000005a2a00000| Untracked 
| 265|0x00000005a2c00000, 0x00000005a2c00000, 0x00000005a2e00000|  0%| F|  |TAMS 0x00000005a2c00000, 0x00000005a2c00000| Untracked 
| 266|0x00000005a2e00000, 0x00000005a2e00000, 0x00000005a3000000|  0%| F|  |TAMS 0x00000005a2e00000, 0x00000005a2e00000| Untracked 
| 267|0x00000005a3000000, 0x00000005a3000000, 0x00000005a3200000|  0%| F|  |TAMS 0x00000005a3000000, 0x00000005a3000000| Untracked 
| 268|0x00000005a3200000, 0x00000005a3200000, 0x00000005a3400000|  0%| F|  |TAMS 0x00000005a3200000, 0x00000005a3200000| Untracked 
| 269|0x00000005a3400000, 0x00000005a3400000, 0x00000005a3600000|  0%| F|  |TAMS 0x00000005a3400000, 0x00000005a3400000| Untracked 
| 270|0x00000005a3600000, 0x00000005a3600000, 0x00000005a3800000|  0%| F|  |TAMS 0x00000005a3600000, 0x00000005a3600000| Untracked 
| 271|0x00000005a3800000, 0x00000005a3800000, 0x00000005a3a00000|  0%| F|  |TAMS 0x00000005a3800000, 0x00000005a3800000| Untracked 
| 272|0x00000005a3a00000, 0x00000005a3a00000, 0x00000005a3c00000|  0%| F|  |TAMS 0x00000005a3a00000, 0x00000005a3a00000| Untracked 
| 273|0x00000005a3c00000, 0x00000005a3c00000, 0x00000005a3e00000|  0%| F|  |TAMS 0x00000005a3c00000, 0x00000005a3c00000| Untracked 
| 274|0x00000005a3e00000, 0x00000005a3e00000, 0x00000005a4000000|  0%| F|  |TAMS 0x00000005a3e00000, 0x00000005a3e00000| Untracked 
| 275|0x00000005a4000000, 0x00000005a4000000, 0x00000005a4200000|  0%| F|  |TAMS 0x00000005a4000000, 0x00000005a4000000| Untracked 
| 276|0x00000005a4200000, 0x00000005a4200000, 0x00000005a4400000|  0%| F|  |TAMS 0x00000005a4200000, 0x00000005a4200000| Untracked 
| 277|0x00000005a4400000, 0x00000005a4400000, 0x00000005a4600000|  0%| F|  |TAMS 0x00000005a4400000, 0x00000005a4400000| Untracked 
| 278|0x00000005a4600000, 0x00000005a4600000, 0x00000005a4800000|  0%| F|  |TAMS 0x00000005a4600000, 0x00000005a4600000| Untracked 
| 279|0x00000005a4800000, 0x00000005a4800000, 0x00000005a4a00000|  0%| F|  |TAMS 0x00000005a4800000, 0x00000005a4800000| Untracked 
| 280|0x00000005a4a00000, 0x00000005a4a00000, 0x00000005a4c00000|  0%| F|  |TAMS 0x00000005a4a00000, 0x00000005a4a00000| Untracked 
| 281|0x00000005a4c00000, 0x00000005a4c00000, 0x00000005a4e00000|  0%| F|  |TAMS 0x00000005a4c00000, 0x00000005a4c00000| Untracked 
| 282|0x00000005a4e00000, 0x00000005a4e00000, 0x00000005a5000000|  0%| F|  |TAMS 0x00000005a4e00000, 0x00000005a4e00000| Untracked 
| 283|0x00000005a5000000, 0x00000005a5197c38, 0x00000005a5200000| 79%| E|  |TAMS 0x00000005a5000000, 0x00000005a5000000| Complete 
| 284|0x00000005a5200000, 0x00000005a5400000, 0x00000005a5400000|100%| E|CS|TAMS 0x00000005a5200000, 0x00000005a5200000| Complete 
| 285|0x00000005a5400000, 0x00000005a5600000, 0x00000005a5600000|100%| E|CS|TAMS 0x00000005a5400000, 0x00000005a5400000| Complete 
| 286|0x00000005a5600000, 0x00000005a5800000, 0x00000005a5800000|100%| E|CS|TAMS 0x00000005a5600000, 0x00000005a5600000| Complete 
| 287|0x00000005a5800000, 0x00000005a5a00000, 0x00000005a5a00000|100%| E|CS|TAMS 0x00000005a5800000, 0x00000005a5800000| Complete 
| 288|0x00000005a5a00000, 0x00000005a5c00000, 0x00000005a5c00000|100%| E|CS|TAMS 0x00000005a5a00000, 0x00000005a5a00000| Complete 
| 289|0x00000005a5c00000, 0x00000005a5e00000, 0x00000005a5e00000|100%| E|CS|TAMS 0x00000005a5c00000, 0x00000005a5c00000| Complete 
| 290|0x00000005a5e00000, 0x00000005a6000000, 0x00000005a6000000|100%| E|CS|TAMS 0x00000005a5e00000, 0x00000005a5e00000| Complete 
| 291|0x00000005a6000000, 0x00000005a6200000, 0x00000005a6200000|100%| E|CS|TAMS 0x00000005a6000000, 0x00000005a6000000| Complete 
| 292|0x00000005a6200000, 0x00000005a6400000, 0x00000005a6400000|100%| E|CS|TAMS 0x00000005a6200000, 0x00000005a6200000| Complete 
| 293|0x00000005a6400000, 0x00000005a6600000, 0x00000005a6600000|100%| E|CS|TAMS 0x00000005a6400000, 0x00000005a6400000| Complete 
| 294|0x00000005a6600000, 0x00000005a6800000, 0x00000005a6800000|100%| E|CS|TAMS 0x00000005a6600000, 0x00000005a6600000| Complete 
| 295|0x00000005a6800000, 0x00000005a6a00000, 0x00000005a6a00000|100%| E|CS|TAMS 0x00000005a6800000, 0x00000005a6800000| Complete 
| 296|0x00000005a6a00000, 0x00000005a6c00000, 0x00000005a6c00000|100%| E|CS|TAMS 0x00000005a6a00000, 0x00000005a6a00000| Complete 
| 297|0x00000005a6c00000, 0x00000005a6e00000, 0x00000005a6e00000|100%| E|CS|TAMS 0x00000005a6c00000, 0x00000005a6c00000| Complete 
| 298|0x00000005a6e00000, 0x00000005a7000000, 0x00000005a7000000|100%| E|CS|TAMS 0x00000005a6e00000, 0x00000005a6e00000| Complete 
| 299|0x00000005a7000000, 0x00000005a7200000, 0x00000005a7200000|100%| E|CS|TAMS 0x00000005a7000000, 0x00000005a7000000| Complete 
| 300|0x00000005a7200000, 0x00000005a7400000, 0x00000005a7400000|100%| E|CS|TAMS 0x00000005a7200000, 0x00000005a7200000| Complete 
| 301|0x00000005a7400000, 0x00000005a7600000, 0x00000005a7600000|100%| E|CS|TAMS 0x00000005a7400000, 0x00000005a7400000| Complete 
| 302|0x00000005a7600000, 0x00000005a7800000, 0x00000005a7800000|100%| E|CS|TAMS 0x00000005a7600000, 0x00000005a7600000| Complete 
| 303|0x00000005a7800000, 0x00000005a7a00000, 0x00000005a7a00000|100%| E|CS|TAMS 0x00000005a7800000, 0x00000005a7800000| Complete 
| 304|0x00000005a7a00000, 0x00000005a7c00000, 0x00000005a7c00000|100%| E|CS|TAMS 0x00000005a7a00000, 0x00000005a7a00000| Complete 
| 305|0x00000005a7c00000, 0x00000005a7e00000, 0x00000005a7e00000|100%| E|CS|TAMS 0x00000005a7c00000, 0x00000005a7c00000| Complete 
| 306|0x00000005a7e00000, 0x00000005a8000000, 0x00000005a8000000|100%| E|CS|TAMS 0x00000005a7e00000, 0x00000005a7e00000| Complete 
| 307|0x00000005a8000000, 0x00000005a8200000, 0x00000005a8200000|100%| E|CS|TAMS 0x00000005a8000000, 0x00000005a8000000| Complete 
| 308|0x00000005a8200000, 0x00000005a8400000, 0x00000005a8400000|100%| E|CS|TAMS 0x00000005a8200000, 0x00000005a8200000| Complete 
| 309|0x00000005a8400000, 0x00000005a8600000, 0x00000005a8600000|100%| E|CS|TAMS 0x00000005a8400000, 0x00000005a8400000| Complete 
| 310|0x00000005a8600000, 0x00000005a8800000, 0x00000005a8800000|100%| E|CS|TAMS 0x00000005a8600000, 0x00000005a8600000| Complete 
| 311|0x00000005a8800000, 0x00000005a8a00000, 0x00000005a8a00000|100%| E|CS|TAMS 0x00000005a8800000, 0x00000005a8800000| Complete 
| 312|0x00000005a8a00000, 0x00000005a8c00000, 0x00000005a8c00000|100%| E|CS|TAMS 0x00000005a8a00000, 0x00000005a8a00000| Complete 
| 313|0x00000005a8c00000, 0x00000005a8e00000, 0x00000005a8e00000|100%| E|CS|TAMS 0x00000005a8c00000, 0x00000005a8c00000| Complete 
| 314|0x00000005a8e00000, 0x00000005a9000000, 0x00000005a9000000|100%| E|CS|TAMS 0x00000005a8e00000, 0x00000005a8e00000| Complete 
| 315|0x00000005a9000000, 0x00000005a9200000, 0x00000005a9200000|100%| E|  |TAMS 0x00000005a9000000, 0x00000005a9000000| Complete 
| 316|0x00000005a9200000, 0x00000005a9400000, 0x00000005a9400000|100%| E|CS|TAMS 0x00000005a9200000, 0x00000005a9200000| Complete 
| 317|0x00000005a9400000, 0x00000005a9600000, 0x00000005a9600000|100%| E|CS|TAMS 0x00000005a9400000, 0x00000005a9400000| Complete 
| 318|0x00000005a9600000, 0x00000005a9800000, 0x00000005a9800000|100%| E|CS|TAMS 0x00000005a9600000, 0x00000005a9600000| Complete 
| 319|0x00000005a9800000, 0x00000005a9a00000, 0x00000005a9a00000|100%| E|CS|TAMS 0x00000005a9800000, 0x00000005a9800000| Complete 

Card table byte_map: [0x000002137cfc0000,0x000002137e3c0000] _byte_map_base: 0x000002137a3b3000

Marking Bits (Prev, Next): (CMBitMap*) 0x0000021373402850, (CMBitMap*) 0x0000021373402818
 Prev Bits: [0x0000021318fa0000, 0x0000021322f38000)
 Next Bits: [0x000002130f000000, 0x0000021318f98000)

Polling page: 0x0000021372ae0000

Metaspace:

Usage:
  Non-class:     63.80 MB capacity,    62.57 MB ( 98%) used,   984.60 KB (  2%) free+waste,   274.88 KB ( <1%) overhead. 
      Class:      8.80 MB capacity,     7.95 MB ( 90%) used,   745.59 KB (  8%) free+waste,   129.94 KB (  1%) overhead. 
       Both:     72.60 MB capacity,    70.52 MB ( 97%) used,     1.69 MB (  2%) free+waste,   404.81 KB ( <1%) overhead. 

Virtual space:
  Non-class space:       64.00 MB reserved,      64.00 MB (100%) committed 
      Class space:        1.00 GB reserved,       8.88 MB ( <1%) committed 
             Both:        1.06 GB reserved,      72.88 MB (  7%) committed 

Chunk freelists:
   Non-Class:  2.00 KB
       Class:  0 bytes
        Both:  2.00 KB

CodeHeap 'non-profiled nmethods': size=120000Kb used=4110Kb max_used=4110Kb free=115889Kb
 bounds [0x0000021307ad0000, 0x0000021307ee0000, 0x000002130f000000]
CodeHeap 'profiled nmethods': size=120000Kb used=17472Kb max_used=17577Kb free=102527Kb
 bounds [0x00000213005a0000, 0x00000213016e0000, 0x0000021307ad0000]
CodeHeap 'non-nmethods': size=5760Kb used=1491Kb max_used=1559Kb free=4268Kb
 bounds [0x0000021300000000, 0x0000021300270000, 0x00000213005a0000]
 total_blobs=10555 nmethods=7427 adapters=880
 compilation: enabled
              stopped_count=0, restarted_count=0
 full_count=0

Compilation events (10 events):
Event: 17.494 Thread 0x000002132581e000 8075   !   2       kl::c (232 bytes)
Event: 17.495 Thread 0x000002132581e000 nmethod 8075 0x0000021301059c10 code [0x0000021301059e60, 0x000002130105a570]
Event: 17.497 Thread 0x0000021336f1a800 nmethod 8068 0x0000021307ec1910 code [0x0000021307ec1ae0, 0x0000021307ec1e78]
Event: 17.497 Thread 0x0000021336f1a800 8070       4       java.util.regex.Pattern$Branch::match (66 bytes)
Event: 17.503 Thread 0x0000021336f1a800 nmethod 8070 0x0000021307ec2110 code [0x0000021307ec2300, 0x0000021307ec2988]
Event: 17.503 Thread 0x0000021336f1a800 8050       4       javax.swing.text.AbstractDocument$LeafElement::getEndOffset (10 bytes)
Event: 17.503 Thread 0x0000021336f1a800 nmethod 8050 0x0000021307ec3010 code [0x0000021307ec31a0, 0x0000021307ec3278]
Event: 17.503 Thread 0x0000021336f1a800 8049       4       javax.swing.text.GlyphView::checkPainter (43 bytes)
Event: 17.507 Thread 0x0000021336f1a800 nmethod 8049 0x0000021307ec3390 code [0x0000021307ec3560, 0x0000021307ec3918]
Event: 17.507 Thread 0x0000021336f1a800 8030       4       javax.swing.text.LabelView::getFont (9 bytes)

GC Heap History (10 events):
Event: 1.908 GC heap before
{Heap before GC invocations=3 (full 0):
 garbage-first heap   total 655360K, used 33719K [0x0000000581a00000, 0x0000000800000000)
  region size 2048K, 16 young (32768K), 3 survivors (6144K)
 Metaspace       used 30426K, capacity 31040K, committed 31232K, reserved 1077248K
  class space    used 3297K, capacity 3542K, committed 3584K, reserved 1048576K
}
Event: 1.912 GC heap after
{Heap after GC invocations=4 (full 0):
 garbage-first heap   total 655360K, used 9794K [0x0000000581a00000, 0x0000000800000000)
  region size 2048K, 2 young (4096K), 2 survivors (4096K)
 Metaspace       used 30426K, capacity 31040K, committed 31232K, reserved 1077248K
  class space    used 3297K, capacity 3542K, committed 3584K, reserved 1048576K
}
Event: 2.495 GC heap before
{Heap before GC invocations=4 (full 0):
 garbage-first heap   total 655360K, used 24130K [0x0000000581a00000, 0x0000000800000000)
  region size 2048K, 11 young (22528K), 2 survivors (4096K)
 Metaspace       used 35047K, capacity 35675K, committed 35840K, reserved 1081344K
  class space    used 3714K, capacity 3998K, committed 4096K, reserved 1048576K
}
Event: 2.499 GC heap after
{Heap after GC invocations=5 (full 0):
 garbage-first heap   total 655360K, used 10561K [0x0000000581a00000, 0x0000000800000000)
  region size 2048K, 2 young (4096K), 2 survivors (4096K)
 Metaspace       used 35047K, capacity 35675K, committed 35840K, reserved 1081344K
  class space    used 3714K, capacity 3998K, committed 4096K, reserved 1048576K
}
Event: 3.793 GC heap before
{Heap before GC invocations=6 (full 0):
 garbage-first heap   total 655360K, used 108865K [0x0000000581a00000, 0x0000000800000000)
  region size 2048K, 50 young (102400K), 2 survivors (4096K)
 Metaspace       used 52818K, capacity 53586K, committed 53888K, reserved 1097728K
  class space    used 5835K, capacity 6150K, committed 6272K, reserved 1048576K
}
Event: 3.812 GC heap after
{Heap after GC invocations=7 (full 0):
 garbage-first heap   total 655360K, used 22681K [0x0000000581a00000, 0x0000000800000000)
  region size 2048K, 7 young (14336K), 7 survivors (14336K)
 Metaspace       used 52818K, capacity 53586K, committed 53888K, reserved 1097728K
  class space    used 5835K, capacity 6150K, committed 6272K, reserved 1048576K
}
Event: 15.315 GC heap before
{Heap before GC invocations=8 (full 0):
 garbage-first heap   total 655360K, used 143513K [0x0000000581a00000, 0x0000000800000000)
  region size 2048K, 64 young (131072K), 7 survivors (14336K)
 Metaspace       used 64502K, capacity 65702K, committed 65792K, reserved 1107968K
  class space    used 7152K, capacity 7668K, committed 7680K, reserved 1048576K
}
Event: 15.338 GC heap after
{Heap after GC invocations=9 (full 0):
 garbage-first heap   total 655360K, used 52345K [0x0000000581a00000, 0x0000000800000000)
  region size 2048K, 8 young (16384K), 8 survivors (16384K)
 Metaspace       used 64502K, capacity 65702K, committed 65792K, reserved 1107968K
  class space    used 7152K, capacity 7668K, committed 7680K, reserved 1048576K
}
Event: 16.093 GC heap before
{Heap before GC invocations=9 (full 0):
 garbage-first heap   total 655360K, used 185465K [0x0000000581a00000, 0x0000000800000000)
  region size 2048K, 73 young (149504K), 8 survivors (16384K)
 Metaspace       used 68882K, capacity 70583K, committed 70784K, reserved 1112064K
  class space    used 7756K, capacity 8477K, committed 8576K, reserved 1048576K
}
Event: 16.102 GC heap after
{Heap after GC invocations=10 (full 0):
 garbage-first heap   total 655360K, used 60998K [0x0000000581a00000, 0x0000000800000000)
  region size 2048K, 5 young (10240K), 5 survivors (10240K)
 Metaspace       used 68882K, capacity 70583K, committed 70784K, reserved 1112064K
  class space    used 7756K, capacity 8477K, committed 8576K, reserved 1048576K
}

Deoptimization events (10 events):
Event: 17.005 Thread 0x0000021336f1d000 Uncommon trap: reason=unstable_if action=reinterpret pc=0x0000021307e7517c method=dq.m(II)I @ 16 c2
Event: 17.007 Thread 0x0000021336f1d000 Uncommon trap: reason=unstable_if action=reinterpret pc=0x0000021307e75b6c method=eo.f([IIIIIIII)V @ 676 c2
Event: 17.035 Thread 0x0000021336f1d000 Uncommon trap: reason=unstable_if action=reinterpret pc=0x0000021307e736dc method=eo.d(IIIIIIIII)V @ 2240 c2
Event: 17.351 Thread 0x0000021336f1d000 Uncommon trap: reason=profile_predicate action=maybe_recompile pc=0x0000021307eae5fc method=bt.k(II)V @ 919 c2
Event: 17.351 Thread 0x0000021336f1d000 Uncommon trap: reason=profile_predicate action=maybe_recompile pc=0x0000021307eb04e8 method=bt.k(II)V @ 1142 c2
Event: 17.404 Thread 0x0000021336f1d000 Uncommon trap: reason=profile_predicate action=maybe_recompile pc=0x0000021307eae5fc method=bt.k(II)V @ 919 c2
Event: 17.404 Thread 0x0000021336f1d000 Uncommon trap: reason=profile_predicate action=maybe_recompile pc=0x0000021307eb04e8 method=bt.k(II)V @ 1142 c2
Event: 17.431 Thread 0x0000021336f1d000 Uncommon trap: reason=profile_predicate action=maybe_recompile pc=0x0000021307eb6520 method=bt.k(II)V @ 919 c2
Event: 17.473 Thread 0x0000021336f1d000 Uncommon trap: reason=profile_predicate action=maybe_recompile pc=0x0000021307ebb4e4 method=bt.k(II)V @ 882 c2
Event: 17.512 Thread 0x0000021336f1d000 Uncommon trap: reason=profile_predicate action=maybe_recompile pc=0x0000021307ebb4e4 method=bt.k(II)V @ 882 c2

Classes redefined (0 events):
No events

Internal exceptions (10 events):
Event: 16.692 Thread 0x00000213268f1000 Exception <a 'java/lang/NoSuchMethodError'{0x00000005a6956410}: java.lang.invoke.Invokers$Holder.linkToTargetMethod(Ljava/lang/Object;IIIILjava/lang/Object;Ljava/lang/Object;Ljava/lang/Object;Ljava/lang/Object;)Ljava/lang/Object;> (0x00000005a6956410) thr
Event: 16.697 Thread 0x00000213268f1000 Exception <a 'java/lang/NoSuchMethodError'{0x00000005a69de3a0}: java.lang.invoke.DelegatingMethodHandle$Holder.reinvoke_L(Ljava/lang/Object;Ljava/lang/Object;IILjava/lang/Object;Ljava/lang/Object;Ljava/lang/Object;Ljava/lang/Object;ILjava/lang/Object;Ljav
Event: 16.701 Thread 0x00000213268f1000 Exception <a 'java/lang/NoSuchMethodError'{0x00000005a664a440}: java.lang.invoke.DirectMethodHandle$Holder.invokeSpecial(Ljava/lang/Object;Ljava/lang/Object;IILjava/lang/Object;Ljava/lang/Object;Ljava/lang/Object;Ljava/lang/Object;ILjava/lang/Object;Ljava
Event: 16.701 Thread 0x00000213268f1000 Exception <a 'java/lang/NoSuchMethodError'{0x00000005a664e608}: java.lang.invoke.DelegatingMethodHandle$Holder.reinvoke_L(Ljava/lang/Object;IILjava/lang/Object;Ljava/lang/Object;Ljava/lang/Object;Ljava/lang/Object;ILjava/lang/Object;Ljava/lang/Object;Ljav
Event: 16.704 Thread 0x00000213268f1000 Exception <a 'java/lang/NoSuchMethodError'{0x00000005a66a6550}: java.lang.invoke.DelegatingMethodHandle$Holder.reinvoke_L(Ljava/lang/Object;Ljava/lang/Object;Ljava/lang/Object;Ljava/lang/Object;Ljava/lang/Object;ILjava/lang/Object;Ljava/lang/Object;Ljava/
Event: 16.708 Thread 0x00000213268f1000 Exception <a 'java/lang/NoSuchMethodError'{0x00000005a66f1ae0}: java.lang.invoke.DirectMethodHandle$Holder.invokeStatic(Ljava/lang/Object;Ljava/lang/Object;Ljava/lang/Object;Ljava/lang/Object;Ljava/lang/Object;Ljava/lang/Object;Ljava/lang/Object;Ljava/lan
Event: 16.709 Thread 0x00000213268f1000 Exception <a 'java/lang/NoSuchMethodError'{0x00000005a66fdf78}: java.lang.invoke.DirectMethodHandle$Holder.invokeStatic(Ljava/lang/Object;Ljava/lang/Object;Ljava/lang/Object;Ljava/lang/Object;Ljava/lang/Object;Ljava/lang/Object;Ljava/lang/Object;Ljava/lan
Event: 16.709 Thread 0x00000213268f1000 Exception <a 'java/lang/NoSuchMethodError'{0x00000005a676c4e0}: java.lang.invoke.DirectMethodHandle$Holder.invokeStatic(Ljava/lang/Object;Ljava/lang/Object;Ljava/lang/Object;Ljava/lang/Object;Ljava/lang/Object;Ljava/lang/Object;Ljava/lang/Object;Ljava/lan
Event: 16.833 Thread 0x00000213263f4800 Exception <a 'java/lang/NoSuchMethodError'{0x00000005a6b82010}: java.lang.invoke.DirectMethodHandle$Holder.invokeSpecial(Ljava/lang/Object;Ljava/lang/Object;Ljava/lang/Object;Ljava/lang/Object;FF)V> (0x00000005a6b82010) thrown at [t:/workspace/open/src/ho
Event: 16.865 Thread 0x0000021336f1d000 Exception <a 'java/lang/NullPointerException'{0x00000005a6303d70}> (0x00000005a6303d70) thrown at [t:/workspace/open/src/hotspot/share/interpreter/linkResolver.cpp, line 1354]

Events (10 events):
Event: 17.469 loading class net/runelite/client/plugins/xptracker/XpPanel
Event: 17.469 loading class net/runelite/client/plugins/xptracker/XpPanel done
Event: 17.473 Thread 0x0000021336f1d000 Uncommon trap: trap_request=0xffffffbe fr.pc=0x0000021307ebb4e4 relative=0x0000000000001a04
Event: 17.473 Thread 0x0000021336f1d000 DEOPT PACKING pc=0x0000021307ebb4e4 sp=0x000000c95ae0eca0
Event: 17.473 Thread 0x0000021336f1d000 DEOPT UNPACKING pc=0x00000213000291af sp=0x000000c95ae0ec20 mode 2
Event: 17.508 Thread 0x0000021336f1d000 DEOPT PACKING pc=0x000002130069d376 sp=0x000000c95ae0e830
Event: 17.508 Thread 0x0000021336f1d000 DEOPT UNPACKING pc=0x0000021300028fce sp=0x000000c95ae0dca8 mode 0
Event: 17.512 Thread 0x0000021336f1d000 Uncommon trap: trap_request=0xffffffbe fr.pc=0x0000021307ebb4e4 relative=0x0000000000001a04
Event: 17.512 Thread 0x0000021336f1d000 DEOPT PACKING pc=0x0000021307ebb4e4 sp=0x000000c95ae0eca0
Event: 17.512 Thread 0x0000021336f1d000 DEOPT UNPACKING pc=0x00000213000291af sp=0x000000c95ae0ec20 mode 2


Dynamic libraries:
0x00007ff656990000 - 0x00007ff6569d5000 	C:\Program Files\Java\jdk-11.0.2\bin\java.exe
0x00007ffc39360000 - 0x00007ffc39550000 	C:\WINDOWS\SYSTEM32\ntdll.dll
0x00007ffc37410000 - 0x00007ffc374c2000 	C:\WINDOWS\System32\KERNEL32.DLL
0x00007ffc370e0000 - 0x00007ffc37383000 	C:\WINDOWS\System32\KERNELBASE.dll
0x00007ffc38830000 - 0x00007ffc389c4000 	C:\WINDOWS\System32\USER32.dll
0x00007ffc370b0000 - 0x00007ffc370d1000 	C:\WINDOWS\System32\win32u.dll
0x00007ffc380f0000 - 0x00007ffc38116000 	C:\WINDOWS\System32\GDI32.dll
0x00007ffc36490000 - 0x00007ffc36624000 	C:\WINDOWS\System32\gdi32full.dll
0x00007ffc363f0000 - 0x00007ffc3648e000 	C:\WINDOWS\System32\msvcp_win.dll
0x00007ffc362f0000 - 0x00007ffc363ea000 	C:\WINDOWS\System32\ucrtbase.dll
0x00007ffc241d0000 - 0x00007ffc24455000 	C:\WINDOWS\WinSxS\amd64_microsoft.windows.common-controls_6595b64144ccf1df_6.0.18362.657_none_e6c5b579130e3898\COMCTL32.dll
0x00007ffc37fd0000 - 0x00007ffc3806e000 	C:\WINDOWS\System32\msvcrt.dll
0x00007ffc374e0000 - 0x00007ffc37816000 	C:\WINDOWS\System32\combase.dll
0x00007ffc38120000 - 0x00007ffc38240000 	C:\WINDOWS\System32\RPCRT4.dll
0x00007ffc36800000 - 0x00007ffc36880000 	C:\WINDOWS\System32\bcryptPrimitives.dll
0x00007ffc389e0000 - 0x00007ffc38a0e000 	C:\WINDOWS\System32\IMM32.DLL
0x00007ffc28370000 - 0x00007ffc28386000 	C:\Program Files\Java\jdk-11.0.2\bin\vcruntime140.dll
0x00007ffc053f0000 - 0x00007ffc0549a000 	C:\Program Files\Java\jdk-11.0.2\bin\msvcp140.dll
0x00007ffbf1130000 - 0x00007ffbf1c53000 	C:\Program Files\Java\jdk-11.0.2\bin\server\jvm.dll
0x00007ffc382a0000 - 0x00007ffc38343000 	C:\WINDOWS\System32\ADVAPI32.dll
0x00007ffc37a10000 - 0x00007ffc37aa7000 	C:\WINDOWS\System32\sechost.dll
0x00007ffc374d0000 - 0x00007ffc374d8000 	C:\WINDOWS\System32\PSAPI.DLL
0x00007ffc22340000 - 0x00007ffc22349000 	C:\WINDOWS\SYSTEM32\WSOCK32.dll
0x00007ffc39180000 - 0x00007ffc391ef000 	C:\WINDOWS\System32\WS2_32.dll
0x00007ffc34140000 - 0x00007ffc34164000 	C:\WINDOWS\SYSTEM32\WINMM.dll
0x00007ffc31630000 - 0x00007ffc3163a000 	C:\WINDOWS\SYSTEM32\VERSION.dll
0x00007ffc34080000 - 0x00007ffc340ad000 	C:\WINDOWS\SYSTEM32\winmmbase.dll
0x00007ffc36630000 - 0x00007ffc3667a000 	C:\WINDOWS\System32\cfgmgr32.dll
0x00007ffc36260000 - 0x00007ffc36271000 	C:\WINDOWS\System32\kernel.appcore.dll
0x00007ffc28160000 - 0x00007ffc28171000 	C:\Program Files\Java\jdk-11.0.2\bin\verify.dll
0x00007ffc1dcd0000 - 0x00007ffc1dec4000 	C:\WINDOWS\SYSTEM32\DBGHELP.DLL
0x00007ffc1dca0000 - 0x00007ffc1dcca000 	C:\WINDOWS\SYSTEM32\dbgcore.DLL
0x00007ffc28130000 - 0x00007ffc28158000 	C:\Program Files\Java\jdk-11.0.2\bin\java.dll
0x00007ffc280a0000 - 0x00007ffc280b6000 	C:\Program Files\Java\jdk-11.0.2\bin\zip.dll
0x00007ffc30a00000 - 0x00007ffc30a0a000 	C:\Program Files\Java\jdk-11.0.2\bin\jimage.dll
0x00007ffc38a10000 - 0x00007ffc390f5000 	C:\WINDOWS\System32\SHELL32.dll
0x00007ffc37b10000 - 0x00007ffc37bb9000 	C:\WINDOWS\System32\shcore.dll
0x00007ffc36930000 - 0x00007ffc370af000 	C:\WINDOWS\System32\windows.storage.dll
0x00007ffc36240000 - 0x00007ffc3625f000 	C:\WINDOWS\System32\profapi.dll
0x00007ffc36280000 - 0x00007ffc362ca000 	C:\WINDOWS\System32\powrprof.dll
0x00007ffc36230000 - 0x00007ffc36240000 	C:\WINDOWS\System32\UMPDC.dll
0x00007ffc38240000 - 0x00007ffc38292000 	C:\WINDOWS\System32\shlwapi.dll
0x00007ffc37390000 - 0x00007ffc373a7000 	C:\WINDOWS\System32\cryptsp.dll
0x00007ffc23e10000 - 0x00007ffc23e29000 	C:\Program Files\Java\jdk-11.0.2\bin\net.dll
0x00007ffc2d4c0000 - 0x00007ffc2d5b0000 	C:\WINDOWS\SYSTEM32\WINHTTP.dll
0x00007ffc2de40000 - 0x00007ffc2e016000 	C:\WINDOWS\SYSTEM32\urlmon.dll
0x00007ffc29aa0000 - 0x00007ffc29d46000 	C:\WINDOWS\SYSTEM32\iertutil.dll
0x00007ffc35c70000 - 0x00007ffc35c7c000 	C:\WINDOWS\SYSTEM32\CRYPTBASE.DLL
0x00007ffc35aa0000 - 0x00007ffc35b07000 	C:\WINDOWS\system32\mswsock.dll
0x00007ffc1eda0000 - 0x00007ffc1edb3000 	C:\Program Files\Java\jdk-11.0.2\bin\nio.dll
0x00007ffc093b0000 - 0x00007ffc0954e000 	C:\Program Files\Java\jdk-11.0.2\bin\awt.dll
0x00007ffc391f0000 - 0x00007ffc392b4000 	C:\WINDOWS\System32\OLEAUT32.dll
0x00007ffc32ec0000 - 0x00007ffc33480000 	C:\WINDOWS\SYSTEM32\d2d1.dll
0x00007ffc340b0000 - 0x00007ffc3413f000 	C:\WINDOWS\SYSTEM32\apphelp.dll
0x00007ffc345b0000 - 0x00007ffc34649000 	C:\WINDOWS\system32\uxtheme.dll
0x00007ffc378d0000 - 0x00007ffc37a05000 	C:\WINDOWS\System32\MSCTF.dll
0x00007ffc37d70000 - 0x00007ffc37ec6000 	C:\WINDOWS\System32\ole32.dll
0x00007ffc34780000 - 0x00007ffc347ad000 	C:\WINDOWS\system32\DWMAPI.DLL
0x00007ffc0a1c0000 - 0x00007ffc0a316000 	C:\WINDOWS\system32\opengl32.dll
0x00007ffc30650000 - 0x00007ffc3067c000 	C:\WINDOWS\SYSTEM32\GLU32.dll
0x00007ffc34eb0000 - 0x00007ffc34ed0000 	C:\WINDOWS\SYSTEM32\dxcore.dll
0x00007ffc27e70000 - 0x00007ffc28037000 	C:\WINDOWS\system32\d3d9.dll
0x00007ffc293e0000 - 0x00007ffc294cc000 	C:\WINDOWS\System32\DriverStore\FileRepository\nvddui.inf_amd64_8212e17ce3f21c1c\nvldumdx.dll
0x00007ffc366b0000 - 0x00007ffc367f9000 	C:\WINDOWS\System32\crypt32.dll
0x00007ffc362d0000 - 0x00007ffc362e2000 	C:\WINDOWS\System32\MSASN1.dll
0x00007ffc373b0000 - 0x00007ffc3740c000 	C:\WINDOWS\System32\WINTRUST.DLL
0x00007ffc37ee0000 - 0x00007ffc37efd000 	C:\WINDOWS\System32\imagehlp.dll
0x00007ffc35610000 - 0x00007ffc35643000 	C:\WINDOWS\system32\rsaenh.dll
0x00007ffc36680000 - 0x00007ffc366a6000 	C:\WINDOWS\System32\bcrypt.dll
0x00007ffbefd30000 - 0x00007ffbf1122000 	C:\WINDOWS\System32\DriverStore\FileRepository\nvddui.inf_amd64_8212e17ce3f21c1c\nvd3dumx.dll
0x00007ffc31540000 - 0x00007ffc3162c000 	C:\WINDOWS\System32\DriverStore\FileRepository\nv_dispui.inf_amd64_a9b1e11d93a651da\nvldumdx.dll
0x00007ffbee930000 - 0x00007ffbefd22000 	C:\WINDOWS\System32\DriverStore\FileRepository\nv_dispui.inf_amd64_a9b1e11d93a651da\nvd3dumx.dll
0x00007ffc1bfd0000 - 0x00007ffc1c093000 	C:\Program Files (x86)\NVIDIA Corporation\3D Vision\nvSCPAPI64.dll
0x00007ffc38350000 - 0x00007ffc387c0000 	C:\WINDOWS\System32\SETUPAPI.dll
0x00007ffc11270000 - 0x00007ffc11532000 	C:\WINDOWS\system32\nvspcap64.dll
0x00007ffc35240000 - 0x00007ffc35271000 	C:\WINDOWS\SYSTEM32\ntmarta.dll
0x00007ffc36150000 - 0x00007ffc36175000 	C:\WINDOWS\SYSTEM32\USERENV.dll
0x00007ffc357b0000 - 0x00007ffc357ea000 	C:\WINDOWS\SYSTEM32\IPHLPAPI.DLL
0x00007ffc389d0000 - 0x00007ffc389d8000 	C:\WINDOWS\System32\NSI.dll
0x00007ffc300c0000 - 0x00007ffc300d6000 	C:\WINDOWS\SYSTEM32\dhcpcsvc6.DLL
0x00007ffc30030000 - 0x00007ffc3004c000 	C:\WINDOWS\SYSTEM32\dhcpcsvc.DLL
0x00007ffc35800000 - 0x00007ffc358ca000 	C:\WINDOWS\SYSTEM32\DNSAPI.dll
0x00007ffc147f0000 - 0x00007ffc14870000 	C:\Program Files\Java\jdk-11.0.2\bin\freetype.dll
0x00007ffc13e30000 - 0x00007ffc13e9f000 	C:\Program Files\Java\jdk-11.0.2\bin\fontmanager.dll
0x00007ffc2cd50000 - 0x00007ffc2cdee000 	C:\WINDOWS\System32\TextInputFramework.dll
0x00007ffc2d5b0000 - 0x00007ffc2d8da000 	C:\WINDOWS\System32\CoreUIComponents.dll
0x00007ffc33f30000 - 0x00007ffc34004000 	C:\WINDOWS\System32\CoreMessaging.dll
0x00007ffc31cd0000 - 0x00007ffc31e23000 	C:\WINDOWS\SYSTEM32\wintypes.dll
0x00000000502b0000 - 0x00000000502d6000 	C:\Program Files\Bonjour\mdnsNSP.dll
0x00007ffc2ccd0000 - 0x00007ffc2ccda000 	C:\Windows\System32\rasadhlp.dll
0x00007ffc2ff20000 - 0x00007ffc2ff97000 	C:\WINDOWS\System32\fwpuclnt.dll
0x00007ffc1cd60000 - 0x00007ffc1cd87000 	C:\Program Files\Java\jdk-11.0.2\bin\sunec.dll
0x00007ffc2c630000 - 0x00007ffc2c63d000 	C:\Program Files\Java\jdk-11.0.2\bin\sunmscapi.dll
0x00007ffc35d70000 - 0x00007ffc35d96000 	C:\WINDOWS\SYSTEM32\ncrypt.dll
0x00007ffc35d30000 - 0x00007ffc35d6b000 	C:\WINDOWS\SYSTEM32\NTASN1.dll
0x00007ffc23d10000 - 0x00007ffc23d51000 	C:\Users\July\AppData\Local\Temp\jna-2320440\jna8963712455731238510.dll
0x00007ffc08400000 - 0x00007ffc0849c000 	C:\Users\July\AppData\Local\Temp\jna-2320440\jna9910670479385294394.dll
0x00007ffc12a90000 - 0x00007ffc12b0f000 	C:\Program Files\Java\jdk-11.0.2\bin\mlib_image.dll
0x00007ffc28060000 - 0x00007ffc28072000 	C:\Program Files\Java\jdk-11.0.2\bin\jsound.dll
0x00007ffc1df10000 - 0x00007ffc1dfa9000 	C:\WINDOWS\SYSTEM32\DSOUND.dll
0x00007ffc37820000 - 0x00007ffc378c2000 	C:\WINDOWS\System32\clbcatq.dll
0x00007ffc31000000 - 0x00007ffc31072000 	C:\WINDOWS\System32\MMDevApi.dll
0x00007ffc35e90000 - 0x00007ffc35eba000 	C:\WINDOWS\System32\DEVOBJ.dll
0x00007ffc2bfb0000 - 0x00007ffc2bff4000 	C:\WINDOWS\SYSTEM32\wdmaud.drv
0x00007ffc30b90000 - 0x00007ffc30b99000 	C:\WINDOWS\SYSTEM32\ksuser.dll
0x00007ffc2fe00000 - 0x00007ffc2fe0a000 	C:\WINDOWS\SYSTEM32\AVRT.dll
0x00007ffc31080000 - 0x00007ffc311dd000 	C:\WINDOWS\SYSTEM32\AUDIOSES.DLL
0x00007ffc2f110000 - 0x00007ffc2f11d000 	C:\WINDOWS\SYSTEM32\msacm32.drv
0x00007ffc2c290000 - 0x00007ffc2c2ac000 	C:\WINDOWS\SYSTEM32\MSACM32.dll
0x00007ffc2ef50000 - 0x00007ffc2ef5a000 	C:\WINDOWS\SYSTEM32\midimap.dll
0x00007ffc344a0000 - 0x00007ffc344b4000 	C:\WINDOWS\SYSTEM32\resourcepolicyclient.dll
0x00007ffc2d900000 - 0x00007ffc2da51000 	C:\Windows\System32\Windows.UI.dll
0x00007ffc2d080000 - 0x00007ffc2d19a000 	C:\Windows\System32\InputHost.dll
0x00007ffc34d20000 - 0x00007ffc34e0f000 	C:\Windows\System32\PROPSYS.dll
0x00007ffc1db60000 - 0x00007ffc1db8d000 	C:\Program Files\Java\jdk-11.0.2\bin\javajpeg.dll
0x00007ffc17a90000 - 0x00007ffc17acf000 	C:\Program Files\Java\jdk-11.0.2\bin\lcms.dll
0x00007ffc30640000 - 0x00007ffc30649000 	C:\Program Files\Java\jdk-11.0.2\bin\management.dll
0x00007ffc2ca80000 - 0x00007ffc2ca8c000 	C:\Program Files\Java\jdk-11.0.2\bin\management_ext.dll
0x00007ffc2c2f0000 - 0x00007ffc2c49f000 	C:\WINDOWS\SYSTEM32\WindowsCodecs.dll
0x00007ffc18560000 - 0x00007ffc1859a000 	C:\WINDOWS\system32\dataexchange.dll
0x00007ffc32c60000 - 0x00007ffc32ebb000 	C:\WINDOWS\system32\d3d11.dll
0x00007ffc32a00000 - 0x00007ffc32bdb000 	C:\WINDOWS\system32\dcomp.dll
0x00007ffc34ed0000 - 0x00007ffc34fbb000 	C:\WINDOWS\system32\dxgi.dll
0x00007ffc34170000 - 0x00007ffc343ca000 	C:\WINDOWS\system32\twinapi.appcore.dll
0x00007ffc34670000 - 0x00007ffc34699000 	C:\WINDOWS\system32\RMCLIENT.dll
0x00007ffc297f0000 - 0x00007ffc2989e000 	C:\WINDOWS\SYSTEM32\mscms.dll
0x00007ffc297d0000 - 0x00007ffc297e7000 	C:\WINDOWS\SYSTEM32\ColorAdapterClient.dll
0x00007ffc1c170000 - 0x00007ffc1c1b3000 	C:\WINDOWS\SYSTEM32\icm32.dll

dbghelp: loaded successfully - version: 4.0.5 - missing functions: none
symbol engine: initialized successfully - sym options: 0x614 - pdb path: .;C:\Program Files\Java\jdk-11.0.2\bin;C:\WINDOWS\SYSTEM32;C:\WINDOWS\WinSxS\amd64_microsoft.windows.common-controls_6595b64144ccf1df_6.0.18362.657_none_e6c5b579130e3898;C:\Program Files\Java\jdk-11.0.2\bin\server;C:\WINDOWS\System32\DriverStore\FileRepository\nvddui.inf_amd64_8212e17ce3f21c1c;C:\WINDOWS\System32\DriverStore\FileRepository\nv_dispui.inf_amd64_a9b1e11d93a651da;C:\Program Files (x86)\NVIDIA Corporation\3D Vision;C:\Program Files\Bonjour;C:\Users\July\AppData\Local\Temp\jna-2320440

VM Arguments:
jvm_args: -Dfile.encoding=UTF-8 -Duser.country=US -Duser.language=en -Duser.variant 
java_command: net.runelite.client.RuneLite --rs=RSPS
java_class_path (initial): D:\Downloads\OSRS\runelite\runelite-client\build\classes\java\main;D:\Downloads\OSRS\runelite\runelite-client\build\resources\main;C:\Users\July\.m2\repository\ch\qos\logback\logback-classic\1.2.3\logback-classic-1.2.3.jar;D:\Downloads\OSRS\runelite\http-api\build\libs\http-api-1.5.33-SNAPSHOT.jar;C:\Users\July\.m2\repository\com\google\code\gson\gson\2.8.5\gson-2.8.5.jar;C:\Users\July\.gradle\caches\modules-2\files-2.1\com.google.inject\guice\4.2.2\fa13659f9128f4c011c8e1d06f137083b4876377\guice-4.2.2-no_aop.jar;D:\Downloads\OSRS\runelite\runescape-api\build\libs\runescape-api-1.5.33-SNAPSHOT.jar;D:\Downloads\OSRS\runelite\runelite-api\build\libs\runelite-api-1.5.33-SNAPSHOT.jar;C:\Users\July\.gradle\caches\modules-2\files-2.1\com.google.guava\guava\28.1-jre\b0e91dcb6a44ffb6221b5027e12a5cb34b841145\guava-28.1-jre.jar;C:\Users\July\.gradle\caches\modules-2\files-2.1\com.h2database\h2\1.4.199\7bf08152984ed8859740ae3f97fae6c72771ae45\h2-1.4.199.jar;C:\Users\July\.gradle\caches\modules-2\files-2.1\com.jakewharton.rxrelay2\rxrelay\2.1.1\b5cb329f502caba70863749b6559f13eb25b6285\rxrelay-2.1.1.jar;C:\Users\July\.gradle\caches\modules-2\files-2.1\com.squareup.okhttp3\okhttp\4.1.0\9308be2b5f9174def7d4795f415b60f5632b9fb9\okhttp-4.1.0.jar;C:\Users\July\.gradle\caches\modules-2\files-2.1\io.reactivex.rxjava2\rxjava\2.2.12\fc5cb9ad87c312f559a38253aa4d897f549f50dc\rxjava-2.2.12.jar;C:\Users\July\.gradle\caches\modules-2\files-2.1\net.java.dev.jna\jna-platform\5.4.0\a8267193887c38418af986adae090ee5d2593f48\jna-platform-5.4.0.jar;C:\Users\July\.m2\repository\net\runelite\discord\1.1\discord-1.1.jar;C:\Users\July\.gradle\caches\modules-2\files-2.1\net.java.dev.jna\jna\5.4.0\3e25bc70dd7750a3f0fea5bd1467708280bea04e\jna-5.4.0.jar;C:\Users\July\.m2\repository\net\runelite\pushingpixels\substance\8.0.02\substance-8.0.02.jar;C:\Users\July\.gradle\caches\modules-2\files-2.1\net.sf.jopt-simple\jopt-simple\5.0.4\4fdac2fbe92dfad86aa6e9301736f6b4342a3f5c\jopt-simp
Launcher Type: SUN_STANDARD

[Global flags]
     intx CICompilerCount                          = 4                                         {product} {ergonomic}
     uint ConcGCThreads                            = 3                                         {product} {ergonomic}
     uint G1ConcRefinementThreads                  = 10                                        {product} {ergonomic}
   size_t G1HeapRegionSize                         = 2097152                                   {product} {ergonomic}
    uintx GCDrainStackTargetSize                   = 64                                        {product} {ergonomic}
   size_t InitialHeapSize                          = 671088640                                 {product} {ergonomic}
   size_t MarkStackSize                            = 4194304                                   {product} {ergonomic}
   size_t MaxHeapSize                              = 10710155264                               {product} {ergonomic}
   size_t MaxNewSize                               = 6425673728                                {product} {ergonomic}
   size_t MinHeapDeltaBytes                        = 2097152                                   {product} {ergonomic}
    uintx NonNMethodCodeHeapSize                   = 5835340                                {pd product} {ergonomic}
    uintx NonProfiledCodeHeapSize                  = 122911450                              {pd product} {ergonomic}
    uintx ProfiledCodeHeapSize                     = 122911450                              {pd product} {ergonomic}
    uintx ReservedCodeCacheSize                    = 251658240                              {pd product} {ergonomic}
     bool SegmentedCodeCache                       = true                                      {product} {ergonomic}
     bool UseCompressedClassPointers               = true                                 {lp64_product} {ergonomic}
     bool UseCompressedOops                        = true                                 {lp64_product} {ergonomic}
     bool UseG1GC                                  = true                                      {product} {ergonomic}
     bool UseLargePagesIndividualAllocation        = false                                  {pd product} {ergonomic}

Logging:
Log output configuration:
 #0: stdout all=warning uptime,level,tags
 #1: stderr all=off uptime,level,tags

Environment Variables:
PATH=C:\Program Files\NVIDIA GPU Computing Toolkit\CUDA\v10.0\bin;C:\Program Files\NVIDIA GPU Computing Toolkit\CUDA\v10.0\libnvvp;C:\Program Files\NVIDIA GPU Computing Toolkit\CUDA\v9.0\bin;C:\Program Files\NVIDIA GPU Computing Toolkit\CUDA\v9.0\libnvvp;C:\Program Files (x86)\Common Files\Oracle\Java\javapath;C:\WINDOWS\system32;C:\WINDOWS;C:\WINDOWS\System32\Wbem;C:\WINDOWS\System32\WindowsPowerShell\v1.0\;C:\WINDOWS\System32\OpenSSH\;C:\Program Files\Git\cmd;%JAVA_HOMEX2%;C:\Program Files (x86)\GtkSharp\2.12\bin;C:\Program Files\dotnet\;C:\Program Files\Microsoft SQL Server\130\Tools\Binn\;C:\xampp\perl\bin;G:\perl\Dwimperl\perl\site\bin;G:\perl\Dwimperl\c\bin;C:\Program Files\Microsoft SQL Server\Client SDK\ODBC\170\Tools\Binn\;C:\Strawberry\c\bin;C:\Strawberry\perl\site\bin;C:\Strawberry\perl\bin;C:\Program Files (x86)\Microsoft Visual Studio\Shared\Python37_64\;C:\WINDOWS\System32;C:\Program Files\nodejs\;C:\Program Files\NVIDIA Corporation\NVIDIA NvDLISR;C:\Program Files (x86)\NVIDIA Corporation\PhysX\Common;C:\Program Files (x86)\Microsoft SDKs\TypeScript\1.0\;C:\Program Files\PuTTY\;C:\Users\July\AppData\Local\Microsoft\WindowsApps;C:\Program Files\JetBrains\IntelliJ IDEA Community Edition 2019.1.3\bin;C:\Users\July\AppData\Local\Packages\PythonSoftwareFoundation.Python.3.7_qbz5n2kfra8p0\LocalCache\local-packages\Python37\Scripts;C:\Users\July\.dotnet\tools;C:\Users\July\AppData\Roaming\npm
USERNAME=July
OS=Windows_NT
PROCESSOR_IDENTIFIER=Intel64 Family 6 Model 79 Stepping 1, GenuineIntel



---------------  S Y S T E M  ---------------

OS: Windows 10 , 64 bit Build 18362 (10.0.18362.329)

CPU:total 12 (initial active 12) (6 cores per cpu, 2 threads per core) family 6 model 79 stepping 1, cmov, cx8, fxsr, mmx, sse, sse2, sse3, ssse3, sse4.1, sse4.2, popcnt, avx, avx2, aes, clmul, erms, rtm, 3dnowpref, lzcnt, ht, tsc, tscinvbit, bmi1, bmi2, adx, fma

Memory: 4k page, system-wide physical 40850M (19995M free)
TotalPageFile size 96049M (AvailPageFile size 61326M)
current process WorkingSet (physical memory assigned to process): 523M, peak: 531M
current process commit charge ("private bytes"): 1051M, peak: 1058M

vm_info: OpenJDK 64-Bit Server VM (11.0.2+9) for windows-amd64 JRE (11.0.2+9), built on Jan 18 2019 05:23:22 by "mach5one" with MS VC++ 15.5 (VS2017)

END.
