#
# A fatal error has been detected by the Java Runtime Environment:
#
#  EXCEPTION_ILLEGAL_INSTRUCTION (0xc000001d) at pc=0x0000024f10101286, pid=12588, tid=3820
#
# JRE version: OpenJDK Runtime Environment (11.0.2+9) (build 11.0.2+9)
# Java VM: OpenJDK 64-Bit Server VM (11.0.2+9, mixed mode, tiered, compressed oops, g1 gc, windows-amd64)
# Problematic frame:
# J 8048% c2 bt.k(II)V (1316 bytes) @ 0x0000024f10101286 [0x0000024f10100a40+0x0000000000000846]
#
# No core dump will be written. Minidumps are not enabled by default on client versions of Windows
#
# If you would like to submit a bug report, please visit:
#   http://bugreport.java.com/bugreport/crash.jsp
#

---------------  S U M M A R Y ------------

Command Line: -Dfile.encoding=UTF-8 -Duser.country=US -Duser.language=en -Duser.variant net.runelite.client.RuneLite --rs=RSPS

Host: Intel(R) Core(TM) i7-6800K CPU @ 3.40GHz, 12 cores, 39G,  Windows 10 , 64 bit Build 18362 (10.0.18362.329)
Time: Mon Mar  2 09:10:32 2020 Mountain Standard Time elapsed time: 17 seconds (0d 0h 0m 17s)

---------------  T H R E A D  ---------------

Current thread (0x0000024f3f9c7000):  JavaThread "Client" daemon [_thread_in_Java, id=3820, stack(0x000000666a300000,0x000000666a400000)]

Stack: [0x000000666a300000,0x000000666a400000],  sp=0x000000666a3fec20,  free space=1019k
Native frames: (J=compiled Java code, j=interpreted, Vv=VM code, C=native code)
C  0x0000024f10101286


siginfo: EXCEPTION_ILLEGAL_INSTRUCTION (0xc000001d)


Register to memory mapping:

RIP=0x0000024f10101286 is at entry_point+2118 in (nmethod*)0x0000024f10100890
RAX=0x0 is NULL
RBX=0x00000000ffffff81 is an unknown value
RCX=0x0000000000000001 is an unknown value
RDX=0x000000000000807f is an unknown value
RSP=0x000000666a3fec20 is pointing into the stack for thread: 0x0000024f3f9c7000
RBP=0x0000000000000081 is an unknown value
RSI=0x0 is NULL
RDI=0x0000000000000001 is an unknown value
R8 =0x0000000000000080 is an unknown value
R9 =0x0 is NULL
R10=0x00000000000000fe is an unknown value
R11=0xffffffffffffff81 is an unknown value
R12=0x0 is NULL
R13=3036375824 is a compressed pointer to object: [I 
{0x00000005a7db5880} - klass: {type array int}
 - length: 32768
R14=0x0000000000008000 is an unknown value
R15=0x0000024f3f9c7000 is a thread


Registers:
RAX=0x0000000000000000, RBX=0x00000000ffffff81, RCX=0x0000000000000001, RDX=0x000000000000807f
RSP=0x000000666a3fec20, RBP=0x0000000000000081, RSI=0x0000000000000000, RDI=0x0000000000000001
R8 =0x0000000000000080, R9 =0x0000000000000000, R10=0x00000000000000fe, R11=0xffffffffffffff81
R12=0x0000000000000000, R13=0x00000000b4fb6b10, R14=0x0000000000008000, R15=0x0000024f3f9c7000
RIP=0x0000024f10101286, EFLAGS=0x0000000000010286

Top of Stack: (sp=0x000000666a3fec20)
0x000000666a3fec20:   0000024f08249e67 0000000000000000
0x000000666a3fec30:   0000000000000280 0000000000000000
0x000000666a3fec40:   0000008000008000 0000000000008000
0x000000666a3fec50:   0000000000000001 0000000000000001
0x000000666a3fec60:   deaddeaf00000001 0000000000000000
0x000000666a3fec70:   0000000000000000 0000000000000000
0x000000666a3fec80:   000000666a3fecf8 0000024f08249e67
0x000000666a3fec90:   deaddeaf7eedec69 0000000000000000
0x000000666a3feca0:   00000005a7d74150 00000005a7d74150
0x000000666a3fecb0:   000000666a3fecb0 0000024f43f36ab2
0x000000666a3fecc0:   000000666a3fed28 0000024f43f3d768
0x000000666a3fecd0:   0000000000000000 00000005a047ae20
0x000000666a3fece0:   0000024f43f36b48 000000666a3fec98
0x000000666a3fecf0:   000000666a3fed10 000000666a3fed78
0x000000666a3fed00:   0000024f08249e67 0000000000000001
0x000000666a3fed10:   00000000ffffffcc 000000000000003b 

Instructions: (pc=0x0000024f10101286)
0x0000024f10101266:   7c 24 30 89 4c 24 34 89 74 24 38 44 89 5c 24 3c
0x0000024f10101276:   c5 fa 11 5c 24 40 66 66 90 e8 7c 7e 16 f8 0f 0b
0x0000024f10101286:   0f 0b 0f 0b 89 44 24 20 41 8b e9 e9 a2 fe ff ff
0x0000024f10101296:   89 44 24 20 e9 c7 fe ff ff ba 7e ff ff ff 4c 89 


Stack slot to memory mapping:
stack at sp + 0 slots: 0x0000024f08249e67 is at code_begin+2343 in an Interpreter codelet
invoke return entry points  [0x0000024f08249540, 0x0000024f08249f40]  2560 bytes
stack at sp + 1 slots: 0x0 is NULL
stack at sp + 2 slots: 0x0000000000000280 is an unknown value
stack at sp + 3 slots: 0x0 is NULL
stack at sp + 4 slots: 0x0000008000008000 is an unknown value
stack at sp + 5 slots: 0x0000000000008000 is an unknown value
stack at sp + 6 slots: 0x0000000000000001 is an unknown value
stack at sp + 7 slots: 0x0000000000000001 is an unknown value



---------------  P R O C E S S  ---------------

Threads class SMR info:
_java_thread_list=0x0000024f422101d0, length=79, elements={
0x0000024f7f127800, 0x0000024f7f151800, 0x0000024f7f160000, 0x0000024f7f161800,
0x0000024f7f163800, 0x0000024f7f164800, 0x0000024f7f16d800, 0x0000024f7f31f000,
0x0000024f7f31d000, 0x0000024f2d7dc000, 0x0000024f2dd53800, 0x0000024f2dd54800,
0x0000024f2db9e800, 0x0000024f39156000, 0x0000024f38d5a800, 0x0000024f3c29b000,
0x0000024f3c045800, 0x0000024f3c3fe000, 0x0000024f3bf21000, 0x0000024f3bf22800,
0x0000024f3bf1d800, 0x0000024f3bf24000, 0x0000024f3bf1e800, 0x0000024f3bf1f000,
0x0000024f3bf20000, 0x0000024f3fd11800, 0x0000024f3fd18000, 0x0000024f3fd12000,
0x0000024f3fd14800, 0x0000024f3fd15800, 0x0000024f3fd16800, 0x0000024f3fd18800,
0x0000024f3fd13000, 0x0000024f3fd19800, 0x0000024f3fd14000, 0x0000024f3fd1a800,
0x0000024f3fd1c000, 0x0000024f3fd1f800, 0x0000024f3fd1d000, 0x0000024f3fd1d800,
0x0000024f3fd1b000, 0x0000024f3fd1e800, 0x0000024f3fd20000, 0x0000024f3f9bb000,
0x0000024f3f9b8800, 0x0000024f3f9bb800, 0x0000024f3f9be000, 0x0000024f3f9bc800,
0x0000024f3f9bd800, 0x0000024f3f9bf000, 0x0000024f3f9bf800, 0x0000024f3f9b9000,
0x0000024f3f9ba000, 0x0000024f3f9c0800, 0x0000024f3f9c5800, 0x0000024f3f9c6800,
0x0000024f3f9c7000, 0x0000024f3f9c4800, 0x0000024f3f9c1800, 0x0000024f3f9c2000,
0x0000024f3f9c3000, 0x0000024f3f9c4000, 0x0000024f3bf23800, 0x0000024f3bf21800,
0x0000024f41304800, 0x0000024f41307000, 0x0000024f41306800, 0x0000024f41308000,
0x0000024f41308800, 0x0000024f41304000, 0x0000024f41303000, 0x0000024f4130e800,
0x0000024f4130f800, 0x0000024f41310000, 0x0000024f4130a800, 0x0000024f41311000,
0x0000024f4130b000, 0x0000024f41311800, 0x0000024f4130c000
}

Java Threads: ( => current thread )
  0x0000024f7f127800 JavaThread "Reference Handler" daemon [_thread_blocked, id=7156, stack(0x0000006667c00000,0x0000006667d00000)]
  0x0000024f7f151800 JavaThread "Finalizer" daemon [_thread_blocked, id=3172, stack(0x0000006667d00000,0x0000006667e00000)]
  0x0000024f7f160000 JavaThread "Signal Dispatcher" daemon [_thread_blocked, id=18460, stack(0x0000006667e00000,0x0000006667f00000)]
  0x0000024f7f161800 JavaThread "Attach Listener" daemon [_thread_blocked, id=18656, stack(0x0000006667f00000,0x0000006668000000)]
  0x0000024f7f163800 JavaThread "C2 CompilerThread0" daemon [_thread_blocked, id=16488, stack(0x0000006668000000,0x0000006668100000)]
  0x0000024f7f164800 JavaThread "C1 CompilerThread0" daemon [_thread_blocked, id=3036, stack(0x0000006668100000,0x0000006668200000)]
  0x0000024f7f16d800 JavaThread "Sweeper thread" daemon [_thread_blocked, id=3352, stack(0x0000006668200000,0x0000006668300000)]
  0x0000024f7f31f000 JavaThread "Service Thread" daemon [_thread_blocked, id=16228, stack(0x0000006668300000,0x0000006668400000)]
  0x0000024f7f31d000 JavaThread "Common-Cleaner" daemon [_thread_blocked, id=18016, stack(0x0000006668500000,0x0000006668600000)]
  0x0000024f2d7dc000 JavaThread "Java2D Disposer" daemon [_thread_blocked, id=19336, stack(0x0000006668800000,0x0000006668900000)]
  0x0000024f2dd53800 JavaThread "AWT-Shutdown" [_thread_blocked, id=10368, stack(0x0000006668900000,0x0000006668a00000)]
  0x0000024f2dd54800 JavaThread "AWT-Windows" daemon [_thread_in_native, id=20164, stack(0x0000006668a00000,0x0000006668b00000)]
  0x0000024f2db9e800 JavaThread "AWT-EventQueue-0" [_thread_blocked, id=19636, stack(0x0000006668b00000,0x0000006668c00000)]
  0x0000024f39156000 JavaThread "TimerQueue" daemon [_thread_blocked, id=1148, stack(0x0000006669800000,0x0000006669900000)]
  0x0000024f38d5a800 JavaThread "D3D Screen Updater" daemon [_thread_blocked, id=9532, stack(0x0000006669b00000,0x0000006669c00000)]
  0x0000024f3c29b000 JavaThread "OkHttp ConnectionPool" daemon [_thread_blocked, id=12296, stack(0x0000006669f00000,0x000000666a000000)]
  0x0000024f3c045800 JavaThread "Okio Watchdog" daemon [_thread_blocked, id=11080, stack(0x000000666a000000,0x000000666a100000)]
  0x0000024f3c3fe000 JavaThread "pool-3-thread-1" [_thread_blocked, id=18904, stack(0x0000006669c00000,0x0000006669d00000)]
  0x0000024f3bf21000 JavaThread "pool-2-thread-1" [_thread_blocked, id=19776, stack(0x0000006669d00000,0x0000006669e00000)]
  0x0000024f3bf22800 JavaThread "FileSystemWatchService" daemon [_thread_in_native, id=18704, stack(0x000000666a100000,0x000000666a200000)]
  0x0000024f3bf1d800 JavaThread "Plugin Watcher" daemon [_thread_blocked, id=20292, stack(0x000000666a400000,0x000000666a500000)]
  0x0000024f3bf24000 JavaThread "pool-4-thread-1" [_thread_blocked, id=19492, stack(0x000000666a500000,0x000000666a600000)]
  0x0000024f3bf1e800 JavaThread "pool-4-thread-2" [_thread_blocked, id=16544, stack(0x000000666a600000,0x000000666a700000)]
  0x0000024f3bf1f000 JavaThread "pool-4-thread-3" [_thread_blocked, id=16324, stack(0x000000666a700000,0x000000666a800000)]
  0x0000024f3bf20000 JavaThread "pool-4-thread-4" [_thread_blocked, id=19956, stack(0x000000666a800000,0x000000666a900000)]
  0x0000024f3fd11800 JavaThread "RxSchedulerPurge-1" daemon [_thread_blocked, id=4196, stack(0x000000666a900000,0x000000666aa00000)]
  0x0000024f3fd18000 JavaThread "RxCachedWorkerPoolEvictor-1" daemon [_thread_blocked, id=2660, stack(0x000000666aa00000,0x000000666ab00000)]
  0x0000024f3fd12000 JavaThread "RxCachedThreadScheduler-1" daemon [_thread_blocked, id=17288, stack(0x000000666ab00000,0x000000666ac00000)]
  0x0000024f3fd14800 JavaThread "RxCachedThreadScheduler-2" daemon [_thread_blocked, id=15528, stack(0x000000666ac00000,0x000000666ad00000)]
  0x0000024f3fd15800 JavaThread "pool-4-thread-5" [_thread_blocked, id=5396, stack(0x000000666ad00000,0x000000666ae00000)]
  0x0000024f3fd16800 JavaThread "pool-4-thread-6" [_thread_blocked, id=17780, stack(0x000000666ae00000,0x000000666af00000)]
  0x0000024f3fd18800 JavaThread "pool-4-thread-7" [_thread_blocked, id=17560, stack(0x000000666af00000,0x000000666b000000)]
  0x0000024f3fd13000 JavaThread "pool-4-thread-8" [_thread_blocked, id=20396, stack(0x000000666b000000,0x000000666b100000)]
  0x0000024f3fd19800 JavaThread "pool-4-thread-9" [_thread_blocked, id=18060, stack(0x000000666b100000,0x000000666b200000)]
  0x0000024f3fd14000 JavaThread "pool-4-thread-10" [_thread_blocked, id=12176, stack(0x000000666b200000,0x000000666b300000)]
  0x0000024f3fd1a800 JavaThread "pool-4-thread-11" [_thread_blocked, id=8212, stack(0x000000666b300000,0x000000666b400000)]
  0x0000024f3fd1c000 JavaThread "pool-4-thread-12" [_thread_blocked, id=19508, stack(0x000000666b400000,0x000000666b500000)]
  0x0000024f3fd1f800 JavaThread "pool-4-thread-13" [_thread_blocked, id=8648, stack(0x000000666b500000,0x000000666b600000)]
  0x0000024f3fd1d000 JavaThread "pool-4-thread-14" [_thread_blocked, id=1404, stack(0x000000666b600000,0x000000666b700000)]
  0x0000024f3fd1d800 JavaThread "pool-4-thread-15" [_thread_blocked, id=20188, stack(0x000000666b700000,0x000000666b800000)]
  0x0000024f3fd1b000 JavaThread "pool-4-thread-16" [_thread_blocked, id=6164, stack(0x000000666b800000,0x000000666b900000)]
  0x0000024f3fd1e800 JavaThread "pool-4-thread-17" [_thread_blocked, id=13992, stack(0x000000666b900000,0x000000666ba00000)]
  0x0000024f3fd20000 JavaThread "pool-4-thread-18" [_thread_blocked, id=17356, stack(0x000000666ba00000,0x000000666bb00000)]
  0x0000024f3f9bb000 JavaThread "pool-4-thread-19" [_thread_blocked, id=9184, stack(0x000000666bb00000,0x000000666bc00000)]
  0x0000024f3f9b8800 JavaThread "pool-4-thread-20" [_thread_blocked, id=19252, stack(0x000000666bc00000,0x000000666bd00000)]
  0x0000024f3f9bb800 JavaThread "pool-4-thread-21" [_thread_blocked, id=12064, stack(0x000000666bd00000,0x000000666be00000)]
  0x0000024f3f9be000 JavaThread "pool-4-thread-22" [_thread_blocked, id=19244, stack(0x000000666be00000,0x000000666bf00000)]
  0x0000024f3f9bc800 JavaThread "pool-4-thread-23" [_thread_blocked, id=9988, stack(0x000000666bf00000,0x000000666c000000)]
  0x0000024f3f9bd800 JavaThread "pool-4-thread-24" [_thread_blocked, id=3832, stack(0x000000666c000000,0x000000666c100000)]
  0x0000024f3f9bf000 JavaThread "OkHttp api.runelite.net Writer" [_thread_blocked, id=18852, stack(0x000000666c100000,0x000000666c200000)]
  0x0000024f3f9bf800 JavaThread "OkHttp api.runelite.net" daemon [_thread_in_native, id=20424, stack(0x000000666c300000,0x000000666c400000)]
  0x0000024f3f9b9000 JavaThread "OkHttp Http2Connection" daemon [_thread_blocked, id=17104, stack(0x000000666c200000,0x000000666c300000)]
  0x0000024f3f9ba000 JavaThread "OkHttp session.runelitepl.us Writer" [_thread_blocked, id=19980, stack(0x000000666c400000,0x000000666c500000)]
  0x0000024f3f9c0800 JavaThread "OkHttp session.runelitepl.us" [_thread_in_native, id=18084, stack(0x000000666c500000,0x000000666c600000)]
  0x0000024f3f9c5800 JavaThread "Image Fetcher 0" daemon [_thread_blocked, id=20032, stack(0x000000666a200000,0x000000666a300000)]
  0x0000024f3f9c6800 JavaThread "Thread-1" daemon [_thread_blocked, id=20220, stack(0x0000006668600000,0x0000006668700000)]
=>0x0000024f3f9c7000 JavaThread "Client" daemon [_thread_in_Java, id=3820, stack(0x000000666a300000,0x000000666a400000)]
  0x0000024f3f9c4800 JavaThread "Thread-3" daemon [_thread_blocked, id=3140, stack(0x000000666c600000,0x000000666c700000)]
  0x0000024f3f9c1800 JavaThread "Substance heap status" daemon [_thread_blocked, id=10472, stack(0x000000666c700000,0x000000666c800000)]
  0x0000024f3f9c2000 JavaThread "C2 CompilerThread1" daemon [_thread_blocked, id=17148, stack(0x000000666c800000,0x000000666c900000)]
  0x0000024f3f9c3000 JavaThread "C2 CompilerThread2" daemon [_thread_in_native, id=19728, stack(0x000000666c900000,0x000000666ca00000)]
  0x0000024f3f9c4000 JavaThread "Thread-5" daemon [_thread_in_native, id=20104, stack(0x000000666ca00000,0x000000666cb00000)]
  0x0000024f3bf23800 JavaThread "Thread-6" daemon [_thread_blocked, id=18900, stack(0x000000666cb00000,0x000000666cc00000)]
  0x0000024f3bf21800 JavaThread "Thread-7" daemon [_thread_blocked, id=20456, stack(0x000000666cc00000,0x000000666cd00000)]
  0x0000024f41304800 JavaThread "Java Sound Event Dispatcher" daemon [_thread_blocked, id=20444, stack(0x000000666cf00000,0x000000666d000000)]
  0x0000024f41307000 JavaThread "pool-8-thread-1" [_thread_blocked, id=17664, stack(0x000000666d300000,0x000000666d400000)]
  0x0000024f41306800 JavaThread "OkHttp Dispatcher" [_thread_blocked, id=19308, stack(0x000000666d600000,0x000000666d700000)]
  0x0000024f41308000 JavaThread "OkHttp Dispatcher" [_thread_blocked, id=11240, stack(0x000000666d700000,0x000000666d800000)]
  0x0000024f41308800 JavaThread "OkHttp Dispatcher" [_thread_blocked, id=928, stack(0x000000666d800000,0x000000666d900000)]
  0x0000024f41304000 JavaThread "OkHttp Dispatcher" [_thread_blocked, id=15180, stack(0x000000666d900000,0x000000666da00000)]
  0x0000024f41303000 JavaThread "OkHttp Dispatcher" [_thread_blocked, id=18636, stack(0x000000666da00000,0x000000666db00000)]
  0x0000024f4130e800 JavaThread "OkHttp pbs.twimg.com Writer" [_thread_blocked, id=8300, stack(0x000000666db00000,0x000000666dc00000)]
  0x0000024f4130f800 JavaThread "OkHttp pbs.twimg.com" [_thread_in_native, id=14724, stack(0x000000666dd00000,0x000000666de00000)]
  0x0000024f41310000 JavaThread "OkHttp Dispatcher" [_thread_blocked, id=19024, stack(0x000000666dc00000,0x000000666dd00000)]
  0x0000024f4130a800 JavaThread "Thread-8" daemon [_thread_blocked, id=13504, stack(0x000000666de00000,0x000000666df00000)]
  0x0000024f41311000 JavaThread "pool-9-thread-1" [_thread_blocked, id=18508, stack(0x000000666df00000,0x000000666e000000)]
  0x0000024f4130b000 JavaThread "DestroyJavaVM" [_thread_blocked, id=2556, stack(0x0000006667500000,0x0000006667600000)]
  0x0000024f41311800 JavaThread "Trident callback thread" daemon [_thread_blocked, id=13076, stack(0x000000666e200000,0x000000666e300000)]
  0x0000024f4130c000 JavaThread "Trident pulse source thread" daemon [_thread_blocked, id=17832, stack(0x000000666e300000,0x000000666e400000)]

Other Threads:
  0x0000024f7f126000 VMThread "VM Thread" [stack: 0x0000006667b00000,0x0000006667c00000] [id=10360]
  0x0000024f7f32c000 WatcherThread [stack: 0x0000006668400000,0x0000006668500000] [id=20440]
  0x0000024f79f4c800 GCTaskThread "GC Thread#0" [stack: 0x0000006667600000,0x0000006667700000] [id=9656]
  0x0000024f38c9b000 GCTaskThread "GC Thread#1" [stack: 0x0000006668700000,0x0000006668800000] [id=19488]
  0x0000024f38f96800 GCTaskThread "GC Thread#2" [stack: 0x0000006668d00000,0x0000006668e00000] [id=19036]
  0x0000024f38f97000 GCTaskThread "GC Thread#3" [stack: 0x0000006668e00000,0x0000006668f00000] [id=19156]
  0x0000024f39076800 GCTaskThread "GC Thread#4" [stack: 0x0000006668f00000,0x0000006669000000] [id=15380]
  0x0000024f394b1000 GCTaskThread "GC Thread#5" [stack: 0x0000006669000000,0x0000006669100000] [id=9476]
  0x0000024f394b2800 GCTaskThread "GC Thread#6" [stack: 0x0000006669100000,0x0000006669200000] [id=15564]
  0x0000024f394ae000 GCTaskThread "GC Thread#7" [stack: 0x0000006669200000,0x0000006669300000] [id=9996]
  0x0000024f394b4800 GCTaskThread "GC Thread#8" [stack: 0x0000006669300000,0x0000006669400000] [id=7192]
  0x0000024f394b0000 GCTaskThread "GC Thread#9" [stack: 0x0000006669400000,0x0000006669500000] [id=12508]
  0x0000024f79fe8000 ConcurrentGCThread "G1 Main Marker" [stack: 0x0000006667700000,0x0000006667800000] [id=8608]
  0x0000024f79feb800 ConcurrentGCThread "G1 Conc#0" [stack: 0x0000006667800000,0x0000006667900000] [id=18252]
  0x0000024f394b1800 ConcurrentGCThread "G1 Conc#1" [stack: 0x0000006669900000,0x0000006669a00000] [id=19752]
  0x0000024f394b5000 ConcurrentGCThread "G1 Conc#2" [stack: 0x0000006669a00000,0x0000006669b00000] [id=17648]
  0x0000024f7e8c0000 ConcurrentGCThread "G1 Refine#0" [stack: 0x0000006667900000,0x0000006667a00000] [id=12936]
  0x0000024f391d1000 ConcurrentGCThread "G1 Refine#1" [stack: 0x0000006669500000,0x0000006669600000] [id=8892]
  0x0000024f391d2000 ConcurrentGCThread "G1 Refine#2" [stack: 0x0000006669600000,0x0000006669700000] [id=15776]
  0x0000024f3951a800 ConcurrentGCThread "G1 Refine#3" [stack: 0x0000006669700000,0x0000006669800000] [id=6604]
  0x0000024f7efb2800 ConcurrentGCThread "G1 Young RemSet Sampling" [stack: 0x0000006667a00000,0x0000006667b00000] [id=3636]

Threads with active compile tasks:
C2 CompilerThread27610 %     4       ku::i @ 619 (2608 bytes)

VM state:not at safepoint (normal execution)

VM Mutex/Monitor currently owned by a thread: None

Heap address: 0x0000000581a00000, size: 10214 MB, Compressed Oops mode: Zero based, Oop shift amount: 3
Narrow klass base: 0x0000000800000000, Narrow klass shift: 0
Compressed class space size: 1073741824 Address: 0x0000000800000000

Heap:
 garbage-first heap   total 655360K, used 172533K [0x0000000581a00000, 0x0000000800000000)
  region size 2048K, 67 young (137216K), 9 survivors (18432K)
 Metaspace       used 72251K, capacity 74420K, committed 74700K, reserved 1114112K
  class space    used 8164K, capacity 9065K, committed 9164K, reserved 1048576K
Heap Regions: E=young(eden), S=young(survivor), O=old, HS=humongous(starts), HC=humongous(continues), CS=collection set, F=free, A=archive, TAMS=top-at-mark-start (previous, next)
|   0|0x0000000581a00000, 0x0000000581c00000, 0x0000000581c00000|100%| O|  |TAMS 0x0000000581c00000, 0x0000000581a00000| Untracked 
|   1|0x0000000581c00000, 0x0000000581e00000, 0x0000000581e00000|100%| O|  |TAMS 0x0000000581e00000, 0x0000000581c00000| Untracked 
|   2|0x0000000581e00000, 0x0000000582000000, 0x0000000582000000|100%| O|  |TAMS 0x0000000582000000, 0x0000000581e00000| Untracked 
|   3|0x0000000582000000, 0x0000000582200000, 0x0000000582200000|100%| O|  |TAMS 0x0000000582200000, 0x0000000582000000| Untracked 
|   4|0x0000000582200000, 0x0000000582400000, 0x0000000582400000|100%| O|  |TAMS 0x0000000582400000, 0x0000000582200000| Untracked 
|   5|0x0000000582400000, 0x0000000582600000, 0x0000000582600000|100%| O|  |TAMS 0x0000000582600000, 0x0000000582400000| Untracked 
|   6|0x0000000582600000, 0x0000000582800000, 0x0000000582800000|100%| O|  |TAMS 0x0000000582800000, 0x0000000582600000| Untracked 
|   7|0x0000000582800000, 0x0000000582a00000, 0x0000000582a00000|100%| O|  |TAMS 0x0000000582a00000, 0x0000000582800000| Untracked 
|   8|0x0000000582a00000, 0x0000000582c00000, 0x0000000582c00000|100%| O|  |TAMS 0x0000000582c00000, 0x0000000582a00000| Untracked 
|   9|0x0000000582c00000, 0x0000000582e00000, 0x0000000582e00000|100%| O|  |TAMS 0x0000000582e00000, 0x0000000582c00000| Untracked 
|  10|0x0000000582e00000, 0x0000000583000000, 0x0000000583000000|100%|HS|  |TAMS 0x0000000582e00000, 0x0000000582e00000| Complete 
|  11|0x0000000583000000, 0x0000000583200000, 0x0000000583200000|100%|HS|  |TAMS 0x0000000583000000, 0x0000000583000000| Complete 
|  12|0x0000000583200000, 0x0000000583400000, 0x0000000583400000|100%|HS|  |TAMS 0x0000000583200000, 0x0000000583200000| Complete 
|  13|0x0000000583400000, 0x0000000583600000, 0x0000000583600000|100%|HS|  |TAMS 0x0000000583400000, 0x0000000583400000| Complete 
|  14|0x0000000583600000, 0x0000000583800000, 0x0000000583800000|100%| O|  |TAMS 0x0000000583600000, 0x0000000583600000| Untracked 
|  15|0x0000000583800000, 0x0000000583a00000, 0x0000000583a00000|100%| O|  |TAMS 0x0000000583800000, 0x0000000583800000| Untracked 
|  16|0x0000000583a00000, 0x0000000583c00000, 0x0000000583c00000|100%| O|  |TAMS 0x0000000583a00000, 0x0000000583a00000| Untracked 
|  17|0x0000000583c00000, 0x0000000583e00000, 0x0000000583e00000|100%| O|  |TAMS 0x0000000583c00000, 0x0000000583c00000| Untracked 
|  18|0x0000000583e00000, 0x0000000584000000, 0x0000000584000000|100%| O|  |TAMS 0x0000000583e00000, 0x0000000583e00000| Untracked 
|  19|0x0000000584000000, 0x00000005841a8c00, 0x0000000584200000| 82%| O|  |TAMS 0x0000000584000000, 0x0000000584000000| Untracked 
|  20|0x0000000584200000, 0x0000000584200000, 0x0000000584400000|  0%| F|  |TAMS 0x0000000584200000, 0x0000000584200000| Untracked 
|  21|0x0000000584400000, 0x0000000584400000, 0x0000000584600000|  0%| F|  |TAMS 0x0000000584400000, 0x0000000584400000| Untracked 
|  22|0x0000000584600000, 0x0000000584600000, 0x0000000584800000|  0%| F|  |TAMS 0x0000000584600000, 0x0000000584600000| Untracked 
|  23|0x0000000584800000, 0x0000000584800000, 0x0000000584a00000|  0%| F|  |TAMS 0x0000000584800000, 0x0000000584800000| Untracked 
|  24|0x0000000584a00000, 0x0000000584a00000, 0x0000000584c00000|  0%| F|  |TAMS 0x0000000584a00000, 0x0000000584a00000| Untracked 
|  25|0x0000000584c00000, 0x0000000584c00000, 0x0000000584e00000|  0%| F|  |TAMS 0x0000000584c00000, 0x0000000584c00000| Untracked 
|  26|0x0000000584e00000, 0x0000000584e00000, 0x0000000585000000|  0%| F|  |TAMS 0x0000000584e00000, 0x0000000584e00000| Untracked 
|  27|0x0000000585000000, 0x0000000585000000, 0x0000000585200000|  0%| F|  |TAMS 0x0000000585000000, 0x0000000585000000| Untracked 
|  28|0x0000000585200000, 0x0000000585200000, 0x0000000585400000|  0%| F|  |TAMS 0x0000000585200000, 0x0000000585200000| Untracked 
|  29|0x0000000585400000, 0x0000000585400000, 0x0000000585600000|  0%| F|  |TAMS 0x0000000585400000, 0x0000000585400000| Untracked 
|  30|0x0000000585600000, 0x0000000585600000, 0x0000000585800000|  0%| F|  |TAMS 0x0000000585600000, 0x0000000585600000| Untracked 
|  31|0x0000000585800000, 0x0000000585800000, 0x0000000585a00000|  0%| F|  |TAMS 0x0000000585800000, 0x0000000585800000| Untracked 
|  32|0x0000000585a00000, 0x0000000585a00000, 0x0000000585c00000|  0%| F|  |TAMS 0x0000000585a00000, 0x0000000585a00000| Untracked 
|  33|0x0000000585c00000, 0x0000000585c00000, 0x0000000585e00000|  0%| F|  |TAMS 0x0000000585c00000, 0x0000000585c00000| Untracked 
|  34|0x0000000585e00000, 0x0000000585e00000, 0x0000000586000000|  0%| F|  |TAMS 0x0000000585e00000, 0x0000000585e00000| Untracked 
|  35|0x0000000586000000, 0x0000000586000000, 0x0000000586200000|  0%| F|  |TAMS 0x0000000586000000, 0x0000000586000000| Untracked 
|  36|0x0000000586200000, 0x0000000586200000, 0x0000000586400000|  0%| F|  |TAMS 0x0000000586200000, 0x0000000586200000| Untracked 
|  37|0x0000000586400000, 0x0000000586400000, 0x0000000586600000|  0%| F|  |TAMS 0x0000000586400000, 0x0000000586400000| Untracked 
|  38|0x0000000586600000, 0x0000000586600000, 0x0000000586800000|  0%| F|  |TAMS 0x0000000586600000, 0x0000000586600000| Untracked 
|  39|0x0000000586800000, 0x0000000586800000, 0x0000000586a00000|  0%| F|  |TAMS 0x0000000586800000, 0x0000000586800000| Untracked 
|  40|0x0000000586a00000, 0x0000000586a00000, 0x0000000586c00000|  0%| F|  |TAMS 0x0000000586a00000, 0x0000000586a00000| Untracked 
|  41|0x0000000586c00000, 0x0000000586c00000, 0x0000000586e00000|  0%| F|  |TAMS 0x0000000586c00000, 0x0000000586c00000| Untracked 
|  42|0x0000000586e00000, 0x0000000586e00000, 0x0000000587000000|  0%| F|  |TAMS 0x0000000586e00000, 0x0000000586e00000| Untracked 
|  43|0x0000000587000000, 0x0000000587000000, 0x0000000587200000|  0%| F|  |TAMS 0x0000000587000000, 0x0000000587000000| Untracked 
|  44|0x0000000587200000, 0x0000000587200000, 0x0000000587400000|  0%| F|  |TAMS 0x0000000587200000, 0x0000000587200000| Untracked 
|  45|0x0000000587400000, 0x0000000587400000, 0x0000000587600000|  0%| F|  |TAMS 0x0000000587400000, 0x0000000587400000| Untracked 
|  46|0x0000000587600000, 0x0000000587600000, 0x0000000587800000|  0%| F|  |TAMS 0x0000000587600000, 0x0000000587600000| Untracked 
|  47|0x0000000587800000, 0x0000000587800000, 0x0000000587a00000|  0%| F|  |TAMS 0x0000000587800000, 0x0000000587800000| Untracked 
|  48|0x0000000587a00000, 0x0000000587a00000, 0x0000000587c00000|  0%| F|  |TAMS 0x0000000587a00000, 0x0000000587a00000| Untracked 
|  49|0x0000000587c00000, 0x0000000587c00000, 0x0000000587e00000|  0%| F|  |TAMS 0x0000000587c00000, 0x0000000587c00000| Untracked 
|  50|0x0000000587e00000, 0x0000000587e00000, 0x0000000588000000|  0%| F|  |TAMS 0x0000000587e00000, 0x0000000587e00000| Untracked 
|  51|0x0000000588000000, 0x0000000588000000, 0x0000000588200000|  0%| F|  |TAMS 0x0000000588000000, 0x0000000588000000| Untracked 
|  52|0x0000000588200000, 0x0000000588200000, 0x0000000588400000|  0%| F|  |TAMS 0x0000000588200000, 0x0000000588200000| Untracked 
|  53|0x0000000588400000, 0x0000000588400000, 0x0000000588600000|  0%| F|  |TAMS 0x0000000588400000, 0x0000000588400000| Untracked 
|  54|0x0000000588600000, 0x0000000588600000, 0x0000000588800000|  0%| F|  |TAMS 0x0000000588600000, 0x0000000588600000| Untracked 
|  55|0x0000000588800000, 0x0000000588800000, 0x0000000588a00000|  0%| F|  |TAMS 0x0000000588800000, 0x0000000588800000| Untracked 
|  56|0x0000000588a00000, 0x0000000588a00000, 0x0000000588c00000|  0%| F|  |TAMS 0x0000000588a00000, 0x0000000588a00000| Untracked 
|  57|0x0000000588c00000, 0x0000000588c00000, 0x0000000588e00000|  0%| F|  |TAMS 0x0000000588c00000, 0x0000000588c00000| Untracked 
|  58|0x0000000588e00000, 0x0000000588e00000, 0x0000000589000000|  0%| F|  |TAMS 0x0000000588e00000, 0x0000000588e00000| Untracked 
|  59|0x0000000589000000, 0x0000000589000000, 0x0000000589200000|  0%| F|  |TAMS 0x0000000589000000, 0x0000000589000000| Untracked 
|  60|0x0000000589200000, 0x0000000589200000, 0x0000000589400000|  0%| F|  |TAMS 0x0000000589200000, 0x0000000589200000| Untracked 
|  61|0x0000000589400000, 0x0000000589400000, 0x0000000589600000|  0%| F|  |TAMS 0x0000000589400000, 0x0000000589400000| Untracked 
|  62|0x0000000589600000, 0x0000000589600000, 0x0000000589800000|  0%| F|  |TAMS 0x0000000589600000, 0x0000000589600000| Untracked 
|  63|0x0000000589800000, 0x0000000589800000, 0x0000000589a00000|  0%| F|  |TAMS 0x0000000589800000, 0x0000000589800000| Untracked 
|  64|0x0000000589a00000, 0x0000000589a00000, 0x0000000589c00000|  0%| F|  |TAMS 0x0000000589a00000, 0x0000000589a00000| Untracked 
|  65|0x0000000589c00000, 0x0000000589c00000, 0x0000000589e00000|  0%| F|  |TAMS 0x0000000589c00000, 0x0000000589c00000| Untracked 
|  66|0x0000000589e00000, 0x0000000589e00000, 0x000000058a000000|  0%| F|  |TAMS 0x0000000589e00000, 0x0000000589e00000| Untracked 
|  67|0x000000058a000000, 0x000000058a000000, 0x000000058a200000|  0%| F|  |TAMS 0x000000058a000000, 0x000000058a000000| Untracked 
|  68|0x000000058a200000, 0x000000058a200000, 0x000000058a400000|  0%| F|  |TAMS 0x000000058a200000, 0x000000058a200000| Untracked 
|  69|0x000000058a400000, 0x000000058a400000, 0x000000058a600000|  0%| F|  |TAMS 0x000000058a400000, 0x000000058a400000| Untracked 
|  70|0x000000058a600000, 0x000000058a600000, 0x000000058a800000|  0%| F|  |TAMS 0x000000058a600000, 0x000000058a600000| Untracked 
|  71|0x000000058a800000, 0x000000058a800000, 0x000000058aa00000|  0%| F|  |TAMS 0x000000058a800000, 0x000000058a800000| Untracked 
|  72|0x000000058aa00000, 0x000000058aa00000, 0x000000058ac00000|  0%| F|  |TAMS 0x000000058aa00000, 0x000000058aa00000| Untracked 
|  73|0x000000058ac00000, 0x000000058ac00000, 0x000000058ae00000|  0%| F|  |TAMS 0x000000058ac00000, 0x000000058ac00000| Untracked 
|  74|0x000000058ae00000, 0x000000058ae00000, 0x000000058b000000|  0%| F|  |TAMS 0x000000058ae00000, 0x000000058ae00000| Untracked 
|  75|0x000000058b000000, 0x000000058b000000, 0x000000058b200000|  0%| F|  |TAMS 0x000000058b000000, 0x000000058b000000| Untracked 
|  76|0x000000058b200000, 0x000000058b200000, 0x000000058b400000|  0%| F|  |TAMS 0x000000058b200000, 0x000000058b200000| Untracked 
|  77|0x000000058b400000, 0x000000058b400000, 0x000000058b600000|  0%| F|  |TAMS 0x000000058b400000, 0x000000058b400000| Untracked 
|  78|0x000000058b600000, 0x000000058b600000, 0x000000058b800000|  0%| F|  |TAMS 0x000000058b600000, 0x000000058b600000| Untracked 
|  79|0x000000058b800000, 0x000000058b800000, 0x000000058ba00000|  0%| F|  |TAMS 0x000000058b800000, 0x000000058b800000| Untracked 
|  80|0x000000058ba00000, 0x000000058ba00000, 0x000000058bc00000|  0%| F|  |TAMS 0x000000058ba00000, 0x000000058ba00000| Untracked 
|  81|0x000000058bc00000, 0x000000058bc00000, 0x000000058be00000|  0%| F|  |TAMS 0x000000058bc00000, 0x000000058bc00000| Untracked 
|  82|0x000000058be00000, 0x000000058be00000, 0x000000058c000000|  0%| F|  |TAMS 0x000000058be00000, 0x000000058be00000| Untracked 
|  83|0x000000058c000000, 0x000000058c000000, 0x000000058c200000|  0%| F|  |TAMS 0x000000058c000000, 0x000000058c000000| Untracked 
|  84|0x000000058c200000, 0x000000058c200000, 0x000000058c400000|  0%| F|  |TAMS 0x000000058c200000, 0x000000058c200000| Untracked 
|  85|0x000000058c400000, 0x000000058c400000, 0x000000058c600000|  0%| F|  |TAMS 0x000000058c400000, 0x000000058c400000| Untracked 
|  86|0x000000058c600000, 0x000000058c600000, 0x000000058c800000|  0%| F|  |TAMS 0x000000058c600000, 0x000000058c600000| Untracked 
|  87|0x000000058c800000, 0x000000058c800000, 0x000000058ca00000|  0%| F|  |TAMS 0x000000058c800000, 0x000000058c800000| Untracked 
|  88|0x000000058ca00000, 0x000000058ca00000, 0x000000058cc00000|  0%| F|  |TAMS 0x000000058ca00000, 0x000000058ca00000| Untracked 
|  89|0x000000058cc00000, 0x000000058cc00000, 0x000000058ce00000|  0%| F|  |TAMS 0x000000058cc00000, 0x000000058cc00000| Untracked 
|  90|0x000000058ce00000, 0x000000058ce00000, 0x000000058d000000|  0%| F|  |TAMS 0x000000058ce00000, 0x000000058ce00000| Untracked 
|  91|0x000000058d000000, 0x000000058d000000, 0x000000058d200000|  0%| F|  |TAMS 0x000000058d000000, 0x000000058d000000| Untracked 
|  92|0x000000058d200000, 0x000000058d200000, 0x000000058d400000|  0%| F|  |TAMS 0x000000058d200000, 0x000000058d200000| Untracked 
|  93|0x000000058d400000, 0x000000058d400000, 0x000000058d600000|  0%| F|  |TAMS 0x000000058d400000, 0x000000058d400000| Untracked 
|  94|0x000000058d600000, 0x000000058d600000, 0x000000058d800000|  0%| F|  |TAMS 0x000000058d600000, 0x000000058d600000| Untracked 
|  95|0x000000058d800000, 0x000000058d800000, 0x000000058da00000|  0%| F|  |TAMS 0x000000058d800000, 0x000000058d800000| Untracked 
|  96|0x000000058da00000, 0x000000058da00000, 0x000000058dc00000|  0%| F|  |TAMS 0x000000058da00000, 0x000000058da00000| Untracked 
|  97|0x000000058dc00000, 0x000000058dc00000, 0x000000058de00000|  0%| F|  |TAMS 0x000000058dc00000, 0x000000058dc00000| Untracked 
|  98|0x000000058de00000, 0x000000058de00000, 0x000000058e000000|  0%| F|  |TAMS 0x000000058de00000, 0x000000058de00000| Untracked 
|  99|0x000000058e000000, 0x000000058e000000, 0x000000058e200000|  0%| F|  |TAMS 0x000000058e000000, 0x000000058e000000| Untracked 
| 100|0x000000058e200000, 0x000000058e200000, 0x000000058e400000|  0%| F|  |TAMS 0x000000058e200000, 0x000000058e200000| Untracked 
| 101|0x000000058e400000, 0x000000058e400000, 0x000000058e600000|  0%| F|  |TAMS 0x000000058e400000, 0x000000058e400000| Untracked 
| 102|0x000000058e600000, 0x000000058e600000, 0x000000058e800000|  0%| F|  |TAMS 0x000000058e600000, 0x000000058e600000| Untracked 
| 103|0x000000058e800000, 0x000000058e800000, 0x000000058ea00000|  0%| F|  |TAMS 0x000000058e800000, 0x000000058e800000| Untracked 
| 104|0x000000058ea00000, 0x000000058ea00000, 0x000000058ec00000|  0%| F|  |TAMS 0x000000058ea00000, 0x000000058ea00000| Untracked 
| 105|0x000000058ec00000, 0x000000058ec00000, 0x000000058ee00000|  0%| F|  |TAMS 0x000000058ec00000, 0x000000058ec00000| Untracked 
| 106|0x000000058ee00000, 0x000000058ee00000, 0x000000058f000000|  0%| F|  |TAMS 0x000000058ee00000, 0x000000058ee00000| Untracked 
| 107|0x000000058f000000, 0x000000058f000000, 0x000000058f200000|  0%| F|  |TAMS 0x000000058f000000, 0x000000058f000000| Untracked 
| 108|0x000000058f200000, 0x000000058f200000, 0x000000058f400000|  0%| F|  |TAMS 0x000000058f200000, 0x000000058f200000| Untracked 
| 109|0x000000058f400000, 0x000000058f400000, 0x000000058f600000|  0%| F|  |TAMS 0x000000058f400000, 0x000000058f400000| Untracked 
| 110|0x000000058f600000, 0x000000058f600000, 0x000000058f800000|  0%| F|  |TAMS 0x000000058f600000, 0x000000058f600000| Untracked 
| 111|0x000000058f800000, 0x000000058f800000, 0x000000058fa00000|  0%| F|  |TAMS 0x000000058f800000, 0x000000058f800000| Untracked 
| 112|0x000000058fa00000, 0x000000058fa00000, 0x000000058fc00000|  0%| F|  |TAMS 0x000000058fa00000, 0x000000058fa00000| Untracked 
| 113|0x000000058fc00000, 0x000000058fc00000, 0x000000058fe00000|  0%| F|  |TAMS 0x000000058fc00000, 0x000000058fc00000| Untracked 
| 114|0x000000058fe00000, 0x000000058fe00000, 0x0000000590000000|  0%| F|  |TAMS 0x000000058fe00000, 0x000000058fe00000| Untracked 
| 115|0x0000000590000000, 0x0000000590000000, 0x0000000590200000|  0%| F|  |TAMS 0x0000000590000000, 0x0000000590000000| Untracked 
| 116|0x0000000590200000, 0x0000000590200000, 0x0000000590400000|  0%| F|  |TAMS 0x0000000590200000, 0x0000000590200000| Untracked 
| 117|0x0000000590400000, 0x0000000590400000, 0x0000000590600000|  0%| F|  |TAMS 0x0000000590400000, 0x0000000590400000| Untracked 
| 118|0x0000000590600000, 0x0000000590600000, 0x0000000590800000|  0%| F|  |TAMS 0x0000000590600000, 0x0000000590600000| Untracked 
| 119|0x0000000590800000, 0x0000000590800000, 0x0000000590a00000|  0%| F|  |TAMS 0x0000000590800000, 0x0000000590800000| Untracked 
| 120|0x0000000590a00000, 0x0000000590a00000, 0x0000000590c00000|  0%| F|  |TAMS 0x0000000590a00000, 0x0000000590a00000| Untracked 
| 121|0x0000000590c00000, 0x0000000590c00000, 0x0000000590e00000|  0%| F|  |TAMS 0x0000000590c00000, 0x0000000590c00000| Untracked 
| 122|0x0000000590e00000, 0x0000000590e00000, 0x0000000591000000|  0%| F|  |TAMS 0x0000000590e00000, 0x0000000590e00000| Untracked 
| 123|0x0000000591000000, 0x0000000591000000, 0x0000000591200000|  0%| F|  |TAMS 0x0000000591000000, 0x0000000591000000| Untracked 
| 124|0x0000000591200000, 0x0000000591200000, 0x0000000591400000|  0%| F|  |TAMS 0x0000000591200000, 0x0000000591200000| Untracked 
| 125|0x0000000591400000, 0x0000000591400000, 0x0000000591600000|  0%| F|  |TAMS 0x0000000591400000, 0x0000000591400000| Untracked 
| 126|0x0000000591600000, 0x0000000591600000, 0x0000000591800000|  0%| F|  |TAMS 0x0000000591600000, 0x0000000591600000| Untracked 
| 127|0x0000000591800000, 0x0000000591800000, 0x0000000591a00000|  0%| F|  |TAMS 0x0000000591800000, 0x0000000591800000| Untracked 
| 128|0x0000000591a00000, 0x0000000591a00000, 0x0000000591c00000|  0%| F|  |TAMS 0x0000000591a00000, 0x0000000591a00000| Untracked 
| 129|0x0000000591c00000, 0x0000000591c00000, 0x0000000591e00000|  0%| F|  |TAMS 0x0000000591c00000, 0x0000000591c00000| Untracked 
| 130|0x0000000591e00000, 0x0000000591e00000, 0x0000000592000000|  0%| F|  |TAMS 0x0000000591e00000, 0x0000000591e00000| Untracked 
| 131|0x0000000592000000, 0x0000000592000000, 0x0000000592200000|  0%| F|  |TAMS 0x0000000592000000, 0x0000000592000000| Untracked 
| 132|0x0000000592200000, 0x0000000592200000, 0x0000000592400000|  0%| F|  |TAMS 0x0000000592200000, 0x0000000592200000| Untracked 
| 133|0x0000000592400000, 0x0000000592400000, 0x0000000592600000|  0%| F|  |TAMS 0x0000000592400000, 0x0000000592400000| Untracked 
| 134|0x0000000592600000, 0x0000000592600000, 0x0000000592800000|  0%| F|  |TAMS 0x0000000592600000, 0x0000000592600000| Untracked 
| 135|0x0000000592800000, 0x0000000592800000, 0x0000000592a00000|  0%| F|  |TAMS 0x0000000592800000, 0x0000000592800000| Untracked 
| 136|0x0000000592a00000, 0x0000000592a00000, 0x0000000592c00000|  0%| F|  |TAMS 0x0000000592a00000, 0x0000000592a00000| Untracked 
| 137|0x0000000592c00000, 0x0000000592c00000, 0x0000000592e00000|  0%| F|  |TAMS 0x0000000592c00000, 0x0000000592c00000| Untracked 
| 138|0x0000000592e00000, 0x0000000592e00000, 0x0000000593000000|  0%| F|  |TAMS 0x0000000592e00000, 0x0000000592e00000| Untracked 
| 139|0x0000000593000000, 0x0000000593000000, 0x0000000593200000|  0%| F|  |TAMS 0x0000000593000000, 0x0000000593000000| Untracked 
| 140|0x0000000593200000, 0x0000000593200000, 0x0000000593400000|  0%| F|  |TAMS 0x0000000593200000, 0x0000000593200000| Untracked 
| 141|0x0000000593400000, 0x0000000593400000, 0x0000000593600000|  0%| F|  |TAMS 0x0000000593400000, 0x0000000593400000| Untracked 
| 142|0x0000000593600000, 0x0000000593600000, 0x0000000593800000|  0%| F|  |TAMS 0x0000000593600000, 0x0000000593600000| Untracked 
| 143|0x0000000593800000, 0x0000000593800000, 0x0000000593a00000|  0%| F|  |TAMS 0x0000000593800000, 0x0000000593800000| Untracked 
| 144|0x0000000593a00000, 0x0000000593a00000, 0x0000000593c00000|  0%| F|  |TAMS 0x0000000593a00000, 0x0000000593a00000| Untracked 
| 145|0x0000000593c00000, 0x0000000593c00000, 0x0000000593e00000|  0%| F|  |TAMS 0x0000000593c00000, 0x0000000593c00000| Untracked 
| 146|0x0000000593e00000, 0x0000000593e00000, 0x0000000594000000|  0%| F|  |TAMS 0x0000000593e00000, 0x0000000593e00000| Untracked 
| 147|0x0000000594000000, 0x0000000594000000, 0x0000000594200000|  0%| F|  |TAMS 0x0000000594000000, 0x0000000594000000| Untracked 
| 148|0x0000000594200000, 0x0000000594200000, 0x0000000594400000|  0%| F|  |TAMS 0x0000000594200000, 0x0000000594200000| Untracked 
| 149|0x0000000594400000, 0x0000000594400000, 0x0000000594600000|  0%| F|  |TAMS 0x0000000594400000, 0x0000000594400000| Untracked 
| 150|0x0000000594600000, 0x0000000594600000, 0x0000000594800000|  0%| F|  |TAMS 0x0000000594600000, 0x0000000594600000| Untracked 
| 151|0x0000000594800000, 0x0000000594800000, 0x0000000594a00000|  0%| F|  |TAMS 0x0000000594800000, 0x0000000594800000| Untracked 
| 152|0x0000000594a00000, 0x0000000594a00000, 0x0000000594c00000|  0%| F|  |TAMS 0x0000000594a00000, 0x0000000594a00000| Untracked 
| 153|0x0000000594c00000, 0x0000000594c00000, 0x0000000594e00000|  0%| F|  |TAMS 0x0000000594c00000, 0x0000000594c00000| Untracked 
| 154|0x0000000594e00000, 0x0000000594e00000, 0x0000000595000000|  0%| F|  |TAMS 0x0000000594e00000, 0x0000000594e00000| Untracked 
| 155|0x0000000595000000, 0x0000000595000000, 0x0000000595200000|  0%| F|  |TAMS 0x0000000595000000, 0x0000000595000000| Untracked 
| 156|0x0000000595200000, 0x0000000595200000, 0x0000000595400000|  0%| F|  |TAMS 0x0000000595200000, 0x0000000595200000| Untracked 
| 157|0x0000000595400000, 0x0000000595400000, 0x0000000595600000|  0%| F|  |TAMS 0x0000000595400000, 0x0000000595400000| Untracked 
| 158|0x0000000595600000, 0x0000000595600000, 0x0000000595800000|  0%| F|  |TAMS 0x0000000595600000, 0x0000000595600000| Untracked 
| 159|0x0000000595800000, 0x0000000595800000, 0x0000000595a00000|  0%| F|  |TAMS 0x0000000595800000, 0x0000000595800000| Untracked 
| 160|0x0000000595a00000, 0x0000000595a00000, 0x0000000595c00000|  0%| F|  |TAMS 0x0000000595a00000, 0x0000000595a00000| Untracked 
| 161|0x0000000595c00000, 0x0000000595c00000, 0x0000000595e00000|  0%| F|  |TAMS 0x0000000595c00000, 0x0000000595c00000| Untracked 
| 162|0x0000000595e00000, 0x0000000595e00000, 0x0000000596000000|  0%| F|  |TAMS 0x0000000595e00000, 0x0000000595e00000| Untracked 
| 163|0x0000000596000000, 0x0000000596000000, 0x0000000596200000|  0%| F|  |TAMS 0x0000000596000000, 0x0000000596000000| Untracked 
| 164|0x0000000596200000, 0x0000000596200000, 0x0000000596400000|  0%| F|  |TAMS 0x0000000596200000, 0x0000000596200000| Untracked 
| 165|0x0000000596400000, 0x0000000596400000, 0x0000000596600000|  0%| F|  |TAMS 0x0000000596400000, 0x0000000596400000| Untracked 
| 166|0x0000000596600000, 0x0000000596600000, 0x0000000596800000|  0%| F|  |TAMS 0x0000000596600000, 0x0000000596600000| Untracked 
| 167|0x0000000596800000, 0x0000000596800000, 0x0000000596a00000|  0%| F|  |TAMS 0x0000000596800000, 0x0000000596800000| Untracked 
| 168|0x0000000596a00000, 0x0000000596a00000, 0x0000000596c00000|  0%| F|  |TAMS 0x0000000596a00000, 0x0000000596a00000| Untracked 
| 169|0x0000000596c00000, 0x0000000596c00000, 0x0000000596e00000|  0%| F|  |TAMS 0x0000000596c00000, 0x0000000596c00000| Untracked 
| 170|0x0000000596e00000, 0x0000000596e00000, 0x0000000597000000|  0%| F|  |TAMS 0x0000000596e00000, 0x0000000596e00000| Untracked 
| 171|0x0000000597000000, 0x0000000597000000, 0x0000000597200000|  0%| F|  |TAMS 0x0000000597000000, 0x0000000597000000| Untracked 
| 172|0x0000000597200000, 0x0000000597200000, 0x0000000597400000|  0%| F|  |TAMS 0x0000000597200000, 0x0000000597200000| Untracked 
| 173|0x0000000597400000, 0x0000000597400000, 0x0000000597600000|  0%| F|  |TAMS 0x0000000597400000, 0x0000000597400000| Untracked 
| 174|0x0000000597600000, 0x0000000597600000, 0x0000000597800000|  0%| F|  |TAMS 0x0000000597600000, 0x0000000597600000| Untracked 
| 175|0x0000000597800000, 0x0000000597800000, 0x0000000597a00000|  0%| F|  |TAMS 0x0000000597800000, 0x0000000597800000| Untracked 
| 176|0x0000000597a00000, 0x0000000597a00000, 0x0000000597c00000|  0%| F|  |TAMS 0x0000000597a00000, 0x0000000597a00000| Untracked 
| 177|0x0000000597c00000, 0x0000000597c00000, 0x0000000597e00000|  0%| F|  |TAMS 0x0000000597c00000, 0x0000000597c00000| Untracked 
| 178|0x0000000597e00000, 0x0000000597e00000, 0x0000000598000000|  0%| F|  |TAMS 0x0000000597e00000, 0x0000000597e00000| Untracked 
| 179|0x0000000598000000, 0x0000000598000000, 0x0000000598200000|  0%| F|  |TAMS 0x0000000598000000, 0x0000000598000000| Untracked 
| 180|0x0000000598200000, 0x0000000598200000, 0x0000000598400000|  0%| F|  |TAMS 0x0000000598200000, 0x0000000598200000| Untracked 
| 181|0x0000000598400000, 0x0000000598400000, 0x0000000598600000|  0%| F|  |TAMS 0x0000000598400000, 0x0000000598400000| Untracked 
| 182|0x0000000598600000, 0x0000000598600000, 0x0000000598800000|  0%| F|  |TAMS 0x0000000598600000, 0x0000000598600000| Untracked 
| 183|0x0000000598800000, 0x0000000598800000, 0x0000000598a00000|  0%| F|  |TAMS 0x0000000598800000, 0x0000000598800000| Untracked 
| 184|0x0000000598a00000, 0x0000000598a00000, 0x0000000598c00000|  0%| F|  |TAMS 0x0000000598a00000, 0x0000000598a00000| Untracked 
| 185|0x0000000598c00000, 0x0000000598c00000, 0x0000000598e00000|  0%| F|  |TAMS 0x0000000598c00000, 0x0000000598c00000| Untracked 
| 186|0x0000000598e00000, 0x0000000598e00000, 0x0000000599000000|  0%| F|  |TAMS 0x0000000598e00000, 0x0000000598e00000| Untracked 
| 187|0x0000000599000000, 0x0000000599000000, 0x0000000599200000|  0%| F|  |TAMS 0x0000000599000000, 0x0000000599000000| Untracked 
| 188|0x0000000599200000, 0x0000000599200000, 0x0000000599400000|  0%| F|  |TAMS 0x0000000599200000, 0x0000000599200000| Untracked 
| 189|0x0000000599400000, 0x0000000599400000, 0x0000000599600000|  0%| F|  |TAMS 0x0000000599400000, 0x0000000599400000| Untracked 
| 190|0x0000000599600000, 0x0000000599600000, 0x0000000599800000|  0%| F|  |TAMS 0x0000000599600000, 0x0000000599600000| Untracked 
| 191|0x0000000599800000, 0x0000000599800000, 0x0000000599a00000|  0%| F|  |TAMS 0x0000000599800000, 0x0000000599800000| Untracked 
| 192|0x0000000599a00000, 0x0000000599a00000, 0x0000000599c00000|  0%| F|  |TAMS 0x0000000599a00000, 0x0000000599a00000| Untracked 
| 193|0x0000000599c00000, 0x0000000599c00000, 0x0000000599e00000|  0%| F|  |TAMS 0x0000000599c00000, 0x0000000599c00000| Untracked 
| 194|0x0000000599e00000, 0x0000000599e00000, 0x000000059a000000|  0%| F|  |TAMS 0x0000000599e00000, 0x0000000599e00000| Untracked 
| 195|0x000000059a000000, 0x000000059a000000, 0x000000059a200000|  0%| F|  |TAMS 0x000000059a000000, 0x000000059a000000| Untracked 
| 196|0x000000059a200000, 0x000000059a200000, 0x000000059a400000|  0%| F|  |TAMS 0x000000059a200000, 0x000000059a200000| Untracked 
| 197|0x000000059a400000, 0x000000059a400000, 0x000000059a600000|  0%| F|  |TAMS 0x000000059a400000, 0x000000059a400000| Untracked 
| 198|0x000000059a600000, 0x000000059a600000, 0x000000059a800000|  0%| F|  |TAMS 0x000000059a600000, 0x000000059a600000| Untracked 
| 199|0x000000059a800000, 0x000000059a800000, 0x000000059aa00000|  0%| F|  |TAMS 0x000000059a800000, 0x000000059a800000| Untracked 
| 200|0x000000059aa00000, 0x000000059aa00000, 0x000000059ac00000|  0%| F|  |TAMS 0x000000059aa00000, 0x000000059aa00000| Untracked 
| 201|0x000000059ac00000, 0x000000059ac00000, 0x000000059ae00000|  0%| F|  |TAMS 0x000000059ac00000, 0x000000059ac00000| Untracked 
| 202|0x000000059ae00000, 0x000000059ae00000, 0x000000059b000000|  0%| F|  |TAMS 0x000000059ae00000, 0x000000059ae00000| Untracked 
| 203|0x000000059b000000, 0x000000059b000000, 0x000000059b200000|  0%| F|  |TAMS 0x000000059b000000, 0x000000059b000000| Untracked 
| 204|0x000000059b200000, 0x000000059b200000, 0x000000059b400000|  0%| F|  |TAMS 0x000000059b200000, 0x000000059b200000| Untracked 
| 205|0x000000059b400000, 0x000000059b400000, 0x000000059b600000|  0%| F|  |TAMS 0x000000059b400000, 0x000000059b400000| Untracked 
| 206|0x000000059b600000, 0x000000059b600000, 0x000000059b800000|  0%| F|  |TAMS 0x000000059b600000, 0x000000059b600000| Untracked 
| 207|0x000000059b800000, 0x000000059b800000, 0x000000059ba00000|  0%| F|  |TAMS 0x000000059b800000, 0x000000059b800000| Untracked 
| 208|0x000000059ba00000, 0x000000059ba00000, 0x000000059bc00000|  0%| F|  |TAMS 0x000000059ba00000, 0x000000059ba00000| Untracked 
| 209|0x000000059bc00000, 0x000000059bc00000, 0x000000059be00000|  0%| F|  |TAMS 0x000000059bc00000, 0x000000059bc00000| Untracked 
| 210|0x000000059be00000, 0x000000059be00000, 0x000000059c000000|  0%| F|  |TAMS 0x000000059be00000, 0x000000059be00000| Untracked 
| 211|0x000000059c000000, 0x000000059c000000, 0x000000059c200000|  0%| F|  |TAMS 0x000000059c000000, 0x000000059c000000| Untracked 
| 212|0x000000059c200000, 0x000000059c200000, 0x000000059c400000|  0%| F|  |TAMS 0x000000059c200000, 0x000000059c200000| Untracked 
| 213|0x000000059c400000, 0x000000059c400000, 0x000000059c600000|  0%| F|  |TAMS 0x000000059c400000, 0x000000059c400000| Untracked 
| 214|0x000000059c600000, 0x000000059c600000, 0x000000059c800000|  0%| F|  |TAMS 0x000000059c600000, 0x000000059c600000| Untracked 
| 215|0x000000059c800000, 0x000000059c800000, 0x000000059ca00000|  0%| F|  |TAMS 0x000000059c800000, 0x000000059c800000| Untracked 
| 216|0x000000059ca00000, 0x000000059ca00000, 0x000000059cc00000|  0%| F|  |TAMS 0x000000059ca00000, 0x000000059ca00000| Untracked 
| 217|0x000000059cc00000, 0x000000059cc00000, 0x000000059ce00000|  0%| F|  |TAMS 0x000000059cc00000, 0x000000059cc00000| Untracked 
| 218|0x000000059ce00000, 0x000000059ce00000, 0x000000059d000000|  0%| F|  |TAMS 0x000000059ce00000, 0x000000059ce00000| Untracked 
| 219|0x000000059d000000, 0x000000059d000000, 0x000000059d200000|  0%| F|  |TAMS 0x000000059d000000, 0x000000059d000000| Untracked 
| 220|0x000000059d200000, 0x000000059d200000, 0x000000059d400000|  0%| F|  |TAMS 0x000000059d200000, 0x000000059d200000| Untracked 
| 221|0x000000059d400000, 0x000000059d400000, 0x000000059d600000|  0%| F|  |TAMS 0x000000059d400000, 0x000000059d400000| Untracked 
| 222|0x000000059d600000, 0x000000059d600000, 0x000000059d800000|  0%| F|  |TAMS 0x000000059d600000, 0x000000059d600000| Untracked 
| 223|0x000000059d800000, 0x000000059d800000, 0x000000059da00000|  0%| F|  |TAMS 0x000000059d800000, 0x000000059d800000| Untracked 
| 224|0x000000059da00000, 0x000000059da00000, 0x000000059dc00000|  0%| F|  |TAMS 0x000000059da00000, 0x000000059da00000| Untracked 
| 225|0x000000059dc00000, 0x000000059dc00000, 0x000000059de00000|  0%| F|  |TAMS 0x000000059dc00000, 0x000000059dc00000| Untracked 
| 226|0x000000059de00000, 0x000000059de00000, 0x000000059e000000|  0%| F|  |TAMS 0x000000059de00000, 0x000000059de00000| Untracked 
| 227|0x000000059e000000, 0x000000059e000000, 0x000000059e200000|  0%| F|  |TAMS 0x000000059e000000, 0x000000059e000000| Untracked 
| 228|0x000000059e200000, 0x000000059e200000, 0x000000059e400000|  0%| F|  |TAMS 0x000000059e200000, 0x000000059e200000| Untracked 
| 229|0x000000059e400000, 0x000000059e400000, 0x000000059e600000|  0%| F|  |TAMS 0x000000059e400000, 0x000000059e400000| Untracked 
| 230|0x000000059e600000, 0x000000059e600000, 0x000000059e800000|  0%| F|  |TAMS 0x000000059e600000, 0x000000059e600000| Untracked 
| 231|0x000000059e800000, 0x000000059e800000, 0x000000059ea00000|  0%| F|  |TAMS 0x000000059e800000, 0x000000059e800000| Untracked 
| 232|0x000000059ea00000, 0x000000059ea00000, 0x000000059ec00000|  0%| F|  |TAMS 0x000000059ea00000, 0x000000059ea00000| Untracked 
| 233|0x000000059ec00000, 0x000000059ec00000, 0x000000059ee00000|  0%| F|  |TAMS 0x000000059ec00000, 0x000000059ec00000| Untracked 
| 234|0x000000059ee00000, 0x000000059ee00000, 0x000000059f000000|  0%| F|  |TAMS 0x000000059ee00000, 0x000000059ee00000| Untracked 
| 235|0x000000059f000000, 0x000000059f000000, 0x000000059f200000|  0%| F|  |TAMS 0x000000059f000000, 0x000000059f000000| Untracked 
| 236|0x000000059f200000, 0x000000059f200000, 0x000000059f400000|  0%| F|  |TAMS 0x000000059f200000, 0x000000059f200000| Untracked 
| 237|0x000000059f400000, 0x000000059f400000, 0x000000059f600000|  0%| F|  |TAMS 0x000000059f400000, 0x000000059f400000| Untracked 
| 238|0x000000059f600000, 0x000000059f600000, 0x000000059f800000|  0%| F|  |TAMS 0x000000059f600000, 0x000000059f600000| Untracked 
| 239|0x000000059f800000, 0x000000059f800000, 0x000000059fa00000|  0%| F|  |TAMS 0x000000059f800000, 0x000000059f800000| Untracked 
| 240|0x000000059fa00000, 0x000000059fa00000, 0x000000059fc00000|  0%| F|  |TAMS 0x000000059fa00000, 0x000000059fa00000| Untracked 
| 241|0x000000059fc00000, 0x000000059fcd4a40, 0x000000059fe00000| 41%| S|CS|TAMS 0x000000059fc00000, 0x000000059fc00000| Complete 
| 242|0x000000059fe00000, 0x00000005a0000000, 0x00000005a0000000|100%| S|CS|TAMS 0x000000059fe00000, 0x000000059fe00000| Complete 
| 243|0x00000005a0000000, 0x00000005a0200000, 0x00000005a0200000|100%| S|CS|TAMS 0x00000005a0000000, 0x00000005a0000000| Complete 
| 244|0x00000005a0200000, 0x00000005a0400000, 0x00000005a0400000|100%| S|CS|TAMS 0x00000005a0200000, 0x00000005a0200000| Complete 
| 245|0x00000005a0400000, 0x00000005a0600000, 0x00000005a0600000|100%| S|CS|TAMS 0x00000005a0400000, 0x00000005a0400000| Complete 
| 246|0x00000005a0600000, 0x00000005a0800000, 0x00000005a0800000|100%| S|CS|TAMS 0x00000005a0600000, 0x00000005a0600000| Complete 
| 247|0x00000005a0800000, 0x00000005a0a00000, 0x00000005a0a00000|100%| S|CS|TAMS 0x00000005a0800000, 0x00000005a0800000| Complete 
| 248|0x00000005a0a00000, 0x00000005a0c00000, 0x00000005a0c00000|100%| S|CS|TAMS 0x00000005a0a00000, 0x00000005a0a00000| Complete 
| 249|0x00000005a0c00000, 0x00000005a0e00000, 0x00000005a0e00000|100%| S|CS|TAMS 0x00000005a0c00000, 0x00000005a0c00000| Complete 
| 250|0x00000005a0e00000, 0x00000005a0e00000, 0x00000005a1000000|  0%| F|  |TAMS 0x00000005a0e00000, 0x00000005a0e00000| Untracked 
| 251|0x00000005a1000000, 0x00000005a1000000, 0x00000005a1200000|  0%| F|  |TAMS 0x00000005a1000000, 0x00000005a1000000| Untracked 
| 252|0x00000005a1200000, 0x00000005a1200000, 0x00000005a1400000|  0%| F|  |TAMS 0x00000005a1200000, 0x00000005a1200000| Untracked 
| 253|0x00000005a1400000, 0x00000005a1400000, 0x00000005a1600000|  0%| F|  |TAMS 0x00000005a1400000, 0x00000005a1400000| Untracked 
| 254|0x00000005a1600000, 0x00000005a1600000, 0x00000005a1800000|  0%| F|  |TAMS 0x00000005a1600000, 0x00000005a1600000| Untracked 
| 255|0x00000005a1800000, 0x00000005a1800000, 0x00000005a1a00000|  0%| F|  |TAMS 0x00000005a1800000, 0x00000005a1800000| Untracked 
| 256|0x00000005a1a00000, 0x00000005a1a00000, 0x00000005a1c00000|  0%| F|  |TAMS 0x00000005a1a00000, 0x00000005a1a00000| Untracked 
| 257|0x00000005a1c00000, 0x00000005a1c00000, 0x00000005a1e00000|  0%| F|  |TAMS 0x00000005a1c00000, 0x00000005a1c00000| Untracked 
| 258|0x00000005a1e00000, 0x00000005a1e00000, 0x00000005a2000000|  0%| F|  |TAMS 0x00000005a1e00000, 0x00000005a1e00000| Untracked 
| 259|0x00000005a2000000, 0x00000005a2000000, 0x00000005a2200000|  0%| F|  |TAMS 0x00000005a2000000, 0x00000005a2000000| Untracked 
| 260|0x00000005a2200000, 0x00000005a2200000, 0x00000005a2400000|  0%| F|  |TAMS 0x00000005a2200000, 0x00000005a2200000| Untracked 
| 261|0x00000005a2400000, 0x00000005a2400000, 0x00000005a2600000|  0%| F|  |TAMS 0x00000005a2400000, 0x00000005a2400000| Untracked 
| 262|0x00000005a2600000, 0x00000005a2800000, 0x00000005a2800000|100%| E|  |TAMS 0x00000005a2600000, 0x00000005a2600000| Complete 
| 263|0x00000005a2800000, 0x00000005a2a00000, 0x00000005a2a00000|100%| E|CS|TAMS 0x00000005a2800000, 0x00000005a2800000| Complete 
| 264|0x00000005a2a00000, 0x00000005a2c00000, 0x00000005a2c00000|100%| E|CS|TAMS 0x00000005a2a00000, 0x00000005a2a00000| Complete 
| 265|0x00000005a2c00000, 0x00000005a2e00000, 0x00000005a2e00000|100%| E|CS|TAMS 0x00000005a2c00000, 0x00000005a2c00000| Complete 
| 266|0x00000005a2e00000, 0x00000005a3000000, 0x00000005a3000000|100%| E|CS|TAMS 0x00000005a2e00000, 0x00000005a2e00000| Complete 
| 267|0x00000005a3000000, 0x00000005a3200000, 0x00000005a3200000|100%| E|CS|TAMS 0x00000005a3000000, 0x00000005a3000000| Complete 
| 268|0x00000005a3200000, 0x00000005a3400000, 0x00000005a3400000|100%| E|CS|TAMS 0x00000005a3200000, 0x00000005a3200000| Complete 
| 269|0x00000005a3400000, 0x00000005a3600000, 0x00000005a3600000|100%| E|CS|TAMS 0x00000005a3400000, 0x00000005a3400000| Complete 
| 270|0x00000005a3600000, 0x00000005a3800000, 0x00000005a3800000|100%| E|  |TAMS 0x00000005a3600000, 0x00000005a3600000| Complete 
| 271|0x00000005a3800000, 0x00000005a3a00000, 0x00000005a3a00000|100%| E|CS|TAMS 0x00000005a3800000, 0x00000005a3800000| Complete 
| 272|0x00000005a3a00000, 0x00000005a3c00000, 0x00000005a3c00000|100%| E|CS|TAMS 0x00000005a3a00000, 0x00000005a3a00000| Complete 
| 273|0x00000005a3c00000, 0x00000005a3e00000, 0x00000005a3e00000|100%| E|CS|TAMS 0x00000005a3c00000, 0x00000005a3c00000| Complete 
| 274|0x00000005a3e00000, 0x00000005a4000000, 0x00000005a4000000|100%| E|CS|TAMS 0x00000005a3e00000, 0x00000005a3e00000| Complete 
| 275|0x00000005a4000000, 0x00000005a4200000, 0x00000005a4200000|100%| E|CS|TAMS 0x00000005a4000000, 0x00000005a4000000| Complete 
| 276|0x00000005a4200000, 0x00000005a4400000, 0x00000005a4400000|100%| E|CS|TAMS 0x00000005a4200000, 0x00000005a4200000| Complete 
| 277|0x00000005a4400000, 0x00000005a4600000, 0x00000005a4600000|100%| E|CS|TAMS 0x00000005a4400000, 0x00000005a4400000| Complete 
| 278|0x00000005a4600000, 0x00000005a4800000, 0x00000005a4800000|100%| E|CS|TAMS 0x00000005a4600000, 0x00000005a4600000| Complete 
| 279|0x00000005a4800000, 0x00000005a4a00000, 0x00000005a4a00000|100%| E|CS|TAMS 0x00000005a4800000, 0x00000005a4800000| Complete 
| 280|0x00000005a4a00000, 0x00000005a4c00000, 0x00000005a4c00000|100%| E|CS|TAMS 0x00000005a4a00000, 0x00000005a4a00000| Complete 
| 281|0x00000005a4c00000, 0x00000005a4e00000, 0x00000005a4e00000|100%| E|CS|TAMS 0x00000005a4c00000, 0x00000005a4c00000| Complete 
| 282|0x00000005a4e00000, 0x00000005a5000000, 0x00000005a5000000|100%| E|CS|TAMS 0x00000005a4e00000, 0x00000005a4e00000| Complete 
| 283|0x00000005a5000000, 0x00000005a5200000, 0x00000005a5200000|100%| E|CS|TAMS 0x00000005a5000000, 0x00000005a5000000| Complete 
| 284|0x00000005a5200000, 0x00000005a5400000, 0x00000005a5400000|100%| E|CS|TAMS 0x00000005a5200000, 0x00000005a5200000| Complete 
| 285|0x00000005a5400000, 0x00000005a5600000, 0x00000005a5600000|100%| E|CS|TAMS 0x00000005a5400000, 0x00000005a5400000| Complete 
| 286|0x00000005a5600000, 0x00000005a5800000, 0x00000005a5800000|100%| E|CS|TAMS 0x00000005a5600000, 0x00000005a5600000| Complete 
| 287|0x00000005a5800000, 0x00000005a5a00000, 0x00000005a5a00000|100%| E|CS|TAMS 0x00000005a5800000, 0x00000005a5800000| Complete 
| 288|0x00000005a5a00000, 0x00000005a5c00000, 0x00000005a5c00000|100%| E|CS|TAMS 0x00000005a5a00000, 0x00000005a5a00000| Complete 
| 289|0x00000005a5c00000, 0x00000005a5e00000, 0x00000005a5e00000|100%| E|CS|TAMS 0x00000005a5c00000, 0x00000005a5c00000| Complete 
| 290|0x00000005a5e00000, 0x00000005a6000000, 0x00000005a6000000|100%| E|CS|TAMS 0x00000005a5e00000, 0x00000005a5e00000| Complete 
| 291|0x00000005a6000000, 0x00000005a6200000, 0x00000005a6200000|100%| E|CS|TAMS 0x00000005a6000000, 0x00000005a6000000| Complete 
| 292|0x00000005a6200000, 0x00000005a6400000, 0x00000005a6400000|100%| E|CS|TAMS 0x00000005a6200000, 0x00000005a6200000| Complete 
| 293|0x00000005a6400000, 0x00000005a6600000, 0x00000005a6600000|100%| E|CS|TAMS 0x00000005a6400000, 0x00000005a6400000| Complete 
| 294|0x00000005a6600000, 0x00000005a6800000, 0x00000005a6800000|100%| E|CS|TAMS 0x00000005a6600000, 0x00000005a6600000| Complete 
| 295|0x00000005a6800000, 0x00000005a6a00000, 0x00000005a6a00000|100%| E|CS|TAMS 0x00000005a6800000, 0x00000005a6800000| Complete 
| 296|0x00000005a6a00000, 0x00000005a6c00000, 0x00000005a6c00000|100%| E|CS|TAMS 0x00000005a6a00000, 0x00000005a6a00000| Complete 
| 297|0x00000005a6c00000, 0x00000005a6e00000, 0x00000005a6e00000|100%| E|CS|TAMS 0x00000005a6c00000, 0x00000005a6c00000| Complete 
| 298|0x00000005a6e00000, 0x00000005a7000000, 0x00000005a7000000|100%| E|CS|TAMS 0x00000005a6e00000, 0x00000005a6e00000| Complete 
| 299|0x00000005a7000000, 0x00000005a7200000, 0x00000005a7200000|100%| E|CS|TAMS 0x00000005a7000000, 0x00000005a7000000| Complete 
| 300|0x00000005a7200000, 0x00000005a7400000, 0x00000005a7400000|100%| E|CS|TAMS 0x00000005a7200000, 0x00000005a7200000| Complete 
| 301|0x00000005a7400000, 0x00000005a7600000, 0x00000005a7600000|100%| E|CS|TAMS 0x00000005a7400000, 0x00000005a7400000| Complete 
| 302|0x00000005a7600000, 0x00000005a7800000, 0x00000005a7800000|100%| E|CS|TAMS 0x00000005a7600000, 0x00000005a7600000| Complete 
| 303|0x00000005a7800000, 0x00000005a7a00000, 0x00000005a7a00000|100%| E|CS|TAMS 0x00000005a7800000, 0x00000005a7800000| Complete 
| 304|0x00000005a7a00000, 0x00000005a7c00000, 0x00000005a7c00000|100%| E|CS|TAMS 0x00000005a7a00000, 0x00000005a7a00000| Complete 
| 305|0x00000005a7c00000, 0x00000005a7e00000, 0x00000005a7e00000|100%| E|CS|TAMS 0x00000005a7c00000, 0x00000005a7c00000| Complete 
| 306|0x00000005a7e00000, 0x00000005a8000000, 0x00000005a8000000|100%| E|CS|TAMS 0x00000005a7e00000, 0x00000005a7e00000| Complete 
| 307|0x00000005a8000000, 0x00000005a8200000, 0x00000005a8200000|100%| E|CS|TAMS 0x00000005a8000000, 0x00000005a8000000| Complete 
| 308|0x00000005a8200000, 0x00000005a8400000, 0x00000005a8400000|100%| E|CS|TAMS 0x00000005a8200000, 0x00000005a8200000| Complete 
| 309|0x00000005a8400000, 0x00000005a8600000, 0x00000005a8600000|100%| E|CS|TAMS 0x00000005a8400000, 0x00000005a8400000| Complete 
| 310|0x00000005a8600000, 0x00000005a8800000, 0x00000005a8800000|100%| E|CS|TAMS 0x00000005a8600000, 0x00000005a8600000| Complete 
| 311|0x00000005a8800000, 0x00000005a8a00000, 0x00000005a8a00000|100%| E|CS|TAMS 0x00000005a8800000, 0x00000005a8800000| Complete 
| 312|0x00000005a8a00000, 0x00000005a8c00000, 0x00000005a8c00000|100%| E|CS|TAMS 0x00000005a8a00000, 0x00000005a8a00000| Complete 
| 313|0x00000005a8c00000, 0x00000005a8e00000, 0x00000005a8e00000|100%| E|CS|TAMS 0x00000005a8c00000, 0x00000005a8c00000| Complete 
| 314|0x00000005a8e00000, 0x00000005a9000000, 0x00000005a9000000|100%| E|CS|TAMS 0x00000005a8e00000, 0x00000005a8e00000| Complete 
| 315|0x00000005a9000000, 0x00000005a9200000, 0x00000005a9200000|100%| E|CS|TAMS 0x00000005a9000000, 0x00000005a9000000| Complete 
| 316|0x00000005a9200000, 0x00000005a9400000, 0x00000005a9400000|100%| E|CS|TAMS 0x00000005a9200000, 0x00000005a9200000| Complete 
| 317|0x00000005a9400000, 0x00000005a9600000, 0x00000005a9600000|100%| E|CS|TAMS 0x00000005a9400000, 0x00000005a9400000| Complete 
| 318|0x00000005a9600000, 0x00000005a9800000, 0x00000005a9800000|100%| E|CS|TAMS 0x00000005a9600000, 0x00000005a9600000| Complete 
| 319|0x00000005a9800000, 0x00000005a9a00000, 0x00000005a9a00000|100%| E|CS|TAMS 0x00000005a9800000, 0x00000005a9800000| Complete 

Card table byte_map: [0x0000024f7b950000,0x0000024f7cd50000] _byte_map_base: 0x0000024f78d43000

Marking Bits (Prev, Next): (CMBitMap*) 0x0000024f79fd33b0, (CMBitMap*) 0x0000024f79fd3378
 Prev Bits: [0x0000024f211e0000, 0x0000024f2b178000)
 Next Bits: [0x0000024f17240000, 0x0000024f211d8000)

Polling page: 0x0000024f77d20000

Metaspace:

Usage:
  Non-class:     63.82 MB capacity,    62.58 MB ( 98%) used,   991.67 KB (  2%) free+waste,   276.75 KB ( <1%) overhead. 
      Class:      8.85 MB capacity,     7.97 MB ( 90%) used,   769.03 KB (  8%) free+waste,   131.06 KB (  1%) overhead. 
       Both:     72.68 MB capacity,    70.56 MB ( 97%) used,     1.72 MB (  2%) free+waste,   407.81 KB ( <1%) overhead. 

Virtual space:
  Non-class space:       64.00 MB reserved,      64.00 MB (100%) committed 
      Class space:        1.00 GB reserved,       8.95 MB ( <1%) committed 
             Both:        1.06 GB reserved,      72.95 MB (  7%) committed 

Chunk freelists:
   Non-Class:  6.63 KB
       Class:  2.88 KB
        Both:  9.50 KB

CodeHeap 'non-profiled nmethods': size=120000Kb used=4079Kb max_used=4079Kb free=115920Kb
 bounds [0x0000024f0fd10000, 0x0000024f10110000, 0x0000024f17240000]
CodeHeap 'profiled nmethods': size=120000Kb used=16890Kb max_used=16890Kb free=103109Kb
 bounds [0x0000024f087e0000, 0x0000024f09880000, 0x0000024f0fd10000]
CodeHeap 'non-nmethods': size=5760Kb used=1484Kb max_used=1561Kb free=4275Kb
 bounds [0x0000024f08240000, 0x0000024f084b0000, 0x0000024f087e0000]
 total_blobs=10511 nmethods=7265 adapters=880
 compilation: enabled
              stopped_count=0, restarted_count=0
 full_count=0

Compilation events (10 events):
Event: 17.342 Thread 0x0000024f3f9c2000 nmethod 8043% 0x0000024f100f5f10 code [0x0000024f100f62c0, 0x0000024f100f9b18]
Event: 17.342 Thread 0x0000024f3f9c2000 8048 % !   4       bt::k @ 742 (1316 bytes)
Event: 17.343 Thread 0x0000024f7f163800 nmethod 5555 0x0000024f100fb490 code [0x0000024f100fb780, 0x0000024f100febc0]
Event: 17.343 Thread 0x0000024f7f163800 8047 %     4       dr::t @ 32 (485 bytes)
Event: 17.352 Thread 0x0000024f7f164800 8053       3       java.util.Random::next (47 bytes)
Event: 17.353 Thread 0x0000024f7f164800 nmethod 8053 0x0000024f08f03590 code [0x0000024f08f03760, 0x0000024f08f03a58]
Event: 17.353 Thread 0x0000024f7f164800 8054   !   3       kl::az (578 bytes)
Event: 17.355 Thread 0x0000024f7f164800 nmethod 8054 0x0000024f0986dd10 code [0x0000024f0986e160, 0x0000024f0986fff0]
Event: 17.356 Thread 0x0000024f3f9c2000 nmethod 8048% 0x0000024f10100890 code [0x0000024f10100a40, 0x0000024f101013b8]
Event: 17.356 Thread 0x0000024f3f9c2000 8050 %     4       dr::n @ 38 (284 bytes)

GC Heap History (10 events):
Event: 1.853 GC heap before
{Heap before GC invocations=3 (full 0):
 garbage-first heap   total 655360K, used 31699K [0x0000000581a00000, 0x0000000800000000)
  region size 2048K, 16 young (32768K), 3 survivors (6144K)
 Metaspace       used 30532K, capacity 31142K, committed 31232K, reserved 1077248K
  class space    used 3318K, capacity 3575K, committed 3584K, reserved 1048576K
}
Event: 1.856 GC heap after
{Heap after GC invocations=4 (full 0):
 garbage-first heap   total 655360K, used 9861K [0x0000000581a00000, 0x0000000800000000)
  region size 2048K, 2 young (4096K), 2 survivors (4096K)
 Metaspace       used 30532K, capacity 31142K, committed 31232K, reserved 1077248K
  class space    used 3318K, capacity 3575K, committed 3584K, reserved 1048576K
}
Event: 2.378 GC heap before
{Heap before GC invocations=4 (full 0):
 garbage-first heap   total 655360K, used 24197K [0x0000000581a00000, 0x0000000800000000)
  region size 2048K, 10 young (20480K), 2 survivors (4096K)
 Metaspace       used 35148K, capacity 35771K, committed 35840K, reserved 1081344K
  class space    used 3710K, capacity 3966K, committed 3968K, reserved 1048576K
}
Event: 2.381 GC heap after
{Heap after GC invocations=5 (full 0):
 garbage-first heap   total 655360K, used 10613K [0x0000000581a00000, 0x0000000800000000)
  region size 2048K, 2 young (4096K), 2 survivors (4096K)
 Metaspace       used 35148K, capacity 35771K, committed 35840K, reserved 1081344K
  class space    used 3710K, capacity 3966K, committed 3968K, reserved 1048576K
}
Event: 3.675 GC heap before
{Heap before GC invocations=6 (full 0):
 garbage-first heap   total 655360K, used 102773K [0x0000000581a00000, 0x0000000800000000)
  region size 2048K, 47 young (96256K), 2 survivors (4096K)
 Metaspace       used 52032K, capacity 52754K, committed 52992K, reserved 1095680K
  class space    used 5790K, capacity 6108K, committed 6144K, reserved 1048576K
}
Event: 3.683 GC heap after
{Heap after GC invocations=7 (full 0):
 garbage-first heap   total 655360K, used 22154K [0x0000000581a00000, 0x0000000800000000)
  region size 2048K, 6 young (12288K), 6 survivors (12288K)
 Metaspace       used 52032K, capacity 52754K, committed 52992K, reserved 1095680K
  class space    used 5790K, capacity 6108K, committed 6144K, reserved 1048576K
}
Event: 14.484 GC heap before
{Heap before GC invocations=7 (full 0):
 garbage-first heap   total 655360K, used 99978K [0x0000000581a00000, 0x0000000800000000)
  region size 2048K, 45 young (92160K), 6 survivors (12288K)
 Metaspace       used 59434K, capacity 60228K, committed 60288K, reserved 1103872K
  class space    used 6537K, capacity 6890K, committed 6912K, reserved 1048576K
}
Event: 14.495 GC heap after
{Heap after GC invocations=8 (full 0):
 garbage-first heap   total 655360K, used 32951K [0x0000000581a00000, 0x0000000800000000)
  region size 2048K, 7 young (14336K), 7 survivors (14336K)
 Metaspace       used 59434K, capacity 60228K, committed 60288K, reserved 1103872K
  class space    used 6537K, capacity 6890K, committed 6912K, reserved 1048576K
}
Event: 15.514 GC heap before
{Heap before GC invocations=9 (full 0):
 garbage-first heap   total 655360K, used 168119K [0x0000000581a00000, 0x0000000800000000)
  region size 2048K, 70 young (143360K), 7 survivors (14336K)
 Metaspace       used 67224K, capacity 68811K, committed 68940K, reserved 1110016K
  class space    used 7609K, capacity 8260K, committed 8268K, reserved 1048576K
}
Event: 15.529 GC heap after
{Heap after GC invocations=10 (full 0):
 garbage-first heap   total 655360K, used 55797K [0x0000000581a00000, 0x0000000800000000)
  region size 2048K, 9 young (18432K), 9 survivors (18432K)
 Metaspace       used 67224K, capacity 68811K, committed 68940K, reserved 1110016K
  class space    used 7609K, capacity 8260K, committed 8268K, reserved 1048576K
}

Deoptimization events (10 events):
Event: 16.544 Thread 0x0000024f2db9e800 Uncommon trap: reason=speculate_class_check action=maybe_recompile pc=0x0000024f10068c10 method=javax.swing.JComponent.putClientProperty(Ljava/lang/Object;Ljava/lang/Object;)V @ 105 c2
Event: 16.762 Thread 0x0000024f3f9c7000 Uncommon trap: reason=unstable_if action=reinterpret pc=0x0000024f0fdb526c method=eo.f([IIIIIIII)V @ 676 c2
Event: 16.793 Thread 0x0000024f3f9c7000 Uncommon trap: reason=unstable_if action=reinterpret pc=0x0000024f100a4274 method=eo.d(IIIIIIIII)V @ 2240 c2
Event: 17.197 Thread 0x0000024f3f9c7000 Uncommon trap: reason=profile_predicate action=maybe_recompile pc=0x0000024f100e13b8 method=bt.k(II)V @ 919 c2
Event: 17.235 Thread 0x0000024f3f9c7000 Uncommon trap: reason=profile_predicate action=maybe_recompile pc=0x0000024f100ea25c method=bt.k(II)V @ 919 c2
Event: 17.275 Thread 0x0000024f3f9c7000 Uncommon trap: reason=profile_predicate action=maybe_recompile pc=0x0000024f100ea25c method=bt.k(II)V @ 919 c2
Event: 17.275 Thread 0x0000024f3f9c7000 Uncommon trap: reason=profile_predicate action=maybe_recompile pc=0x0000024f100f4114 method=bt.k(II)V @ 1142 c2
Event: 17.320 Thread 0x0000024f3f9c7000 Uncommon trap: reason=profile_predicate action=maybe_recompile pc=0x0000024f100ea25c method=bt.k(II)V @ 919 c2
Event: 17.321 Thread 0x0000024f3f9c7000 Uncommon trap: reason=profile_predicate action=maybe_recompile pc=0x0000024f100f4114 method=bt.k(II)V @ 1142 c2
Event: 17.365 Thread 0x0000024f3f9c7000 Uncommon trap: reason=profile_predicate action=maybe_recompile pc=0x0000024f100e13b8 method=bt.k(II)V @ 919 c2

Classes redefined (0 events):
No events

Internal exceptions (10 events):
Event: 16.495 Thread 0x0000024f2db9e800 Exception <a 'java/lang/NoSuchMethodError'{0x00000005a388c808}: java.lang.invoke.DelegatingMethodHandle$Holder.reinvoke_L(Ljava/lang/Object;Ljava/lang/Object;IILjava/lang/Object;Ljava/lang/Object;Ljava/lang/Object;Ljava/lang/Object;ILjava/lang/Object;Ljav
Event: 16.497 Thread 0x0000024f2db9e800 Exception <a 'java/lang/NoSuchMethodError'{0x00000005a38f7e68}: java.lang.invoke.DirectMethodHandle$Holder.invokeSpecial(Ljava/lang/Object;Ljava/lang/Object;IILjava/lang/Object;Ljava/lang/Object;Ljava/lang/Object;Ljava/lang/Object;ILjava/lang/Object;Ljava
Event: 16.497 Thread 0x0000024f2db9e800 Exception <a 'java/lang/NoSuchMethodError'{0x00000005a38fc030}: java.lang.invoke.DelegatingMethodHandle$Holder.reinvoke_L(Ljava/lang/Object;IILjava/lang/Object;Ljava/lang/Object;Ljava/lang/Object;Ljava/lang/Object;ILjava/lang/Object;Ljava/lang/Object;Ljav
Event: 16.500 Thread 0x0000024f2db9e800 Exception <a 'java/lang/NoSuchMethodError'{0x00000005a3954248}: java.lang.invoke.DelegatingMethodHandle$Holder.reinvoke_L(Ljava/lang/Object;Ljava/lang/Object;Ljava/lang/Object;Ljava/lang/Object;Ljava/lang/Object;ILjava/lang/Object;Ljava/lang/Object;Ljava/
Event: 16.502 Thread 0x0000024f2db9e800 Exception <a 'java/lang/NoSuchMethodError'{0x00000005a399f7d8}: java.lang.invoke.DirectMethodHandle$Holder.invokeStatic(Ljava/lang/Object;Ljava/lang/Object;Ljava/lang/Object;Ljava/lang/Object;Ljava/lang/Object;Ljava/lang/Object;Ljava/lang/Object;Ljava/lan
Event: 16.503 Thread 0x0000024f2db9e800 Exception <a 'java/lang/NoSuchMethodError'{0x00000005a39abc70}: java.lang.invoke.DirectMethodHandle$Holder.invokeStatic(Ljava/lang/Object;Ljava/lang/Object;Ljava/lang/Object;Ljava/lang/Object;Ljava/lang/Object;Ljava/lang/Object;Ljava/lang/Object;Ljava/lan
Event: 16.504 Thread 0x0000024f2db9e800 Exception <a 'java/lang/NoSuchMethodError'{0x00000005a39b84f0}: java.lang.invoke.DirectMethodHandle$Holder.invokeStatic(Ljava/lang/Object;Ljava/lang/Object;Ljava/lang/Object;Ljava/lang/Object;Ljava/lang/Object;Ljava/lang/Object;Ljava/lang/Object;Ljava/lan
Event: 16.513 Thread 0x0000024f3f9c7000 Implicit null exception at 0x0000024f0ff3739c to 0x0000024f0ff3750e
Event: 16.639 Thread 0x0000024f41311800 Exception <a 'java/lang/NoSuchMethodError'{0x00000005a3c6ee08}: java.lang.invoke.DirectMethodHandle$Holder.invokeSpecial(Ljava/lang/Object;Ljava/lang/Object;Ljava/lang/Object;Ljava/lang/Object;FF)V> (0x00000005a3c6ee08) thrown at [t:/workspace/open/src/ho
Event: 16.885 Thread 0x0000024f3f9c7000 Exception <a 'java/lang/NullPointerException'{0x00000005a2895e08}> (0x00000005a2895e08) thrown at [t:/workspace/open/src/hotspot/share/interpreter/linkResolver.cpp, line 1354]

Events (10 events):
Event: 17.363 Thread 0x0000024f3f9c7000 DEOPT UNPACKING pc=0x0000024f08268fce sp=0x000000666a3fdc48 mode 0
Event: 17.363 Thread 0x0000024f3f9c7000 DEOPT PACKING pc=0x0000024f095f379c sp=0x000000666a3fe800
Event: 17.363 Thread 0x0000024f3f9c7000 DEOPT UNPACKING pc=0x0000024f08268fce sp=0x000000666a3fdc48 mode 0
Event: 17.363 Thread 0x0000024f3f9c7000 DEOPT PACKING pc=0x0000024f095f36fc sp=0x000000666a3fe800
Event: 17.363 Thread 0x0000024f3f9c7000 DEOPT UNPACKING pc=0x0000024f08268fce sp=0x000000666a3fdc48 mode 0
Event: 17.364 Thread 0x0000024f3f9c7000 DEOPT PACKING pc=0x0000024f0984f043 sp=0x000000666a3fea50
Event: 17.364 Thread 0x0000024f3f9c7000 DEOPT UNPACKING pc=0x0000024f08268fce sp=0x000000666a3fe090 mode 0
Event: 17.365 Thread 0x0000024f3f9c7000 Uncommon trap: trap_request=0xffffffbe fr.pc=0x0000024f100e13b8 relative=0x0000000000001c18
Event: 17.365 Thread 0x0000024f3f9c7000 DEOPT PACKING pc=0x0000024f100e13b8 sp=0x000000666a3fec10
Event: 17.365 Thread 0x0000024f3f9c7000 DEOPT UNPACKING pc=0x0000024f082691af sp=0x000000666a3feb90 mode 2


Dynamic libraries:
0x00007ff65f570000 - 0x00007ff65f5b5000 	C:\Program Files\Java\jdk-11.0.2\bin\java.exe
0x00007ffc39360000 - 0x00007ffc39550000 	C:\WINDOWS\SYSTEM32\ntdll.dll
0x00007ffc37410000 - 0x00007ffc374c2000 	C:\WINDOWS\System32\KERNEL32.DLL
0x00007ffc370e0000 - 0x00007ffc37383000 	C:\WINDOWS\System32\KERNELBASE.dll
0x00007ffc38830000 - 0x00007ffc389c4000 	C:\WINDOWS\System32\USER32.dll
0x00007ffc370b0000 - 0x00007ffc370d1000 	C:\WINDOWS\System32\win32u.dll
0x00007ffc380f0000 - 0x00007ffc38116000 	C:\WINDOWS\System32\GDI32.dll
0x00007ffc36490000 - 0x00007ffc36624000 	C:\WINDOWS\System32\gdi32full.dll
0x00007ffc363f0000 - 0x00007ffc3648e000 	C:\WINDOWS\System32\msvcp_win.dll
0x00007ffc362f0000 - 0x00007ffc363ea000 	C:\WINDOWS\System32\ucrtbase.dll
0x00007ffc241d0000 - 0x00007ffc24455000 	C:\WINDOWS\WinSxS\amd64_microsoft.windows.common-controls_6595b64144ccf1df_6.0.18362.657_none_e6c5b579130e3898\COMCTL32.dll
0x00007ffc37fd0000 - 0x00007ffc3806e000 	C:\WINDOWS\System32\msvcrt.dll
0x00007ffc374e0000 - 0x00007ffc37816000 	C:\WINDOWS\System32\combase.dll
0x00007ffc38120000 - 0x00007ffc38240000 	C:\WINDOWS\System32\RPCRT4.dll
0x00007ffc36800000 - 0x00007ffc36880000 	C:\WINDOWS\System32\bcryptPrimitives.dll
0x00007ffc389e0000 - 0x00007ffc38a0e000 	C:\WINDOWS\System32\IMM32.DLL
0x00007ffc28140000 - 0x00007ffc28156000 	C:\Program Files\Java\jdk-11.0.2\bin\vcruntime140.dll
0x00007ffc09700000 - 0x00007ffc097aa000 	C:\Program Files\Java\jdk-11.0.2\bin\msvcp140.dll
0x00007ffc01510000 - 0x00007ffc02033000 	C:\Program Files\Java\jdk-11.0.2\bin\server\jvm.dll
0x00007ffc382a0000 - 0x00007ffc38343000 	C:\WINDOWS\System32\ADVAPI32.dll
0x00007ffc37a10000 - 0x00007ffc37aa7000 	C:\WINDOWS\System32\sechost.dll
0x00007ffc374d0000 - 0x00007ffc374d8000 	C:\WINDOWS\System32\PSAPI.DLL
0x00007ffc34140000 - 0x00007ffc34164000 	C:\WINDOWS\SYSTEM32\WINMM.dll
0x00007ffc22340000 - 0x00007ffc22349000 	C:\WINDOWS\SYSTEM32\WSOCK32.dll
0x00007ffc34080000 - 0x00007ffc340ad000 	C:\WINDOWS\SYSTEM32\winmmbase.dll
0x00007ffc31630000 - 0x00007ffc3163a000 	C:\WINDOWS\SYSTEM32\VERSION.dll
0x00007ffc36630000 - 0x00007ffc3667a000 	C:\WINDOWS\System32\cfgmgr32.dll
0x00007ffc39180000 - 0x00007ffc391ef000 	C:\WINDOWS\System32\WS2_32.dll
0x00007ffc36260000 - 0x00007ffc36271000 	C:\WINDOWS\System32\kernel.appcore.dll
0x00007ffc28050000 - 0x00007ffc28061000 	C:\Program Files\Java\jdk-11.0.2\bin\verify.dll
0x00007ffc1dcd0000 - 0x00007ffc1dec4000 	C:\WINDOWS\SYSTEM32\DBGHELP.DLL
0x00007ffc1dca0000 - 0x00007ffc1dcca000 	C:\WINDOWS\SYSTEM32\dbgcore.DLL
0x00007ffc13310000 - 0x00007ffc13338000 	C:\Program Files\Java\jdk-11.0.2\bin\java.dll
0x00007ffc23e10000 - 0x00007ffc23e26000 	C:\Program Files\Java\jdk-11.0.2\bin\zip.dll
0x00007ffc282d0000 - 0x00007ffc282da000 	C:\Program Files\Java\jdk-11.0.2\bin\jimage.dll
0x00007ffc38a10000 - 0x00007ffc390f5000 	C:\WINDOWS\System32\SHELL32.dll
0x00007ffc37b10000 - 0x00007ffc37bb9000 	C:\WINDOWS\System32\shcore.dll
0x00007ffc36930000 - 0x00007ffc370af000 	C:\WINDOWS\System32\windows.storage.dll
0x00007ffc36240000 - 0x00007ffc3625f000 	C:\WINDOWS\System32\profapi.dll
0x00007ffc36280000 - 0x00007ffc362ca000 	C:\WINDOWS\System32\powrprof.dll
0x00007ffc36230000 - 0x00007ffc36240000 	C:\WINDOWS\System32\UMPDC.dll
0x00007ffc38240000 - 0x00007ffc38292000 	C:\WINDOWS\System32\shlwapi.dll
0x00007ffc37390000 - 0x00007ffc373a7000 	C:\WINDOWS\System32\cryptsp.dll
0x00007ffc1bee0000 - 0x00007ffc1bef9000 	C:\Program Files\Java\jdk-11.0.2\bin\net.dll
0x00007ffc2d4c0000 - 0x00007ffc2d5b0000 	C:\WINDOWS\SYSTEM32\WINHTTP.dll
0x00007ffc2de40000 - 0x00007ffc2e016000 	C:\WINDOWS\SYSTEM32\urlmon.dll
0x00007ffc29aa0000 - 0x00007ffc29d46000 	C:\WINDOWS\SYSTEM32\iertutil.dll
0x00007ffc35c70000 - 0x00007ffc35c7c000 	C:\WINDOWS\SYSTEM32\CRYPTBASE.DLL
0x00007ffc35aa0000 - 0x00007ffc35b07000 	C:\WINDOWS\system32\mswsock.dll
0x00007ffc17a90000 - 0x00007ffc17aa3000 	C:\Program Files\Java\jdk-11.0.2\bin\nio.dll
0x00007ffc09820000 - 0x00007ffc099be000 	C:\Program Files\Java\jdk-11.0.2\bin\awt.dll
0x00007ffc391f0000 - 0x00007ffc392b4000 	C:\WINDOWS\System32\OLEAUT32.dll
0x00007ffc32ec0000 - 0x00007ffc33480000 	C:\WINDOWS\SYSTEM32\d2d1.dll
0x00007ffc340b0000 - 0x00007ffc3413f000 	C:\WINDOWS\SYSTEM32\apphelp.dll
0x00007ffc345b0000 - 0x00007ffc34649000 	C:\WINDOWS\system32\uxtheme.dll
0x00007ffc378d0000 - 0x00007ffc37a05000 	C:\WINDOWS\System32\MSCTF.dll
0x00007ffc37d70000 - 0x00007ffc37ec6000 	C:\WINDOWS\System32\ole32.dll
0x00007ffc34780000 - 0x00007ffc347ad000 	C:\WINDOWS\system32\DWMAPI.DLL
0x00007ffc09fd0000 - 0x00007ffc0a126000 	C:\WINDOWS\system32\opengl32.dll
0x00007ffc308d0000 - 0x00007ffc308fc000 	C:\WINDOWS\SYSTEM32\GLU32.dll
0x00007ffc34eb0000 - 0x00007ffc34ed0000 	C:\WINDOWS\SYSTEM32\dxcore.dll
0x00007ffc27e70000 - 0x00007ffc28037000 	C:\WINDOWS\system32\d3d9.dll
0x00007ffc293e0000 - 0x00007ffc294cc000 	C:\WINDOWS\System32\DriverStore\FileRepository\nvddui.inf_amd64_8212e17ce3f21c1c\nvldumdx.dll
0x00007ffc366b0000 - 0x00007ffc367f9000 	C:\WINDOWS\System32\crypt32.dll
0x00007ffc362d0000 - 0x00007ffc362e2000 	C:\WINDOWS\System32\MSASN1.dll
0x00007ffc373b0000 - 0x00007ffc3740c000 	C:\WINDOWS\System32\WINTRUST.DLL
0x00007ffc37ee0000 - 0x00007ffc37efd000 	C:\WINDOWS\System32\imagehlp.dll
0x00007ffc35610000 - 0x00007ffc35643000 	C:\WINDOWS\system32\rsaenh.dll
0x00007ffc36680000 - 0x00007ffc366a6000 	C:\WINDOWS\System32\bcrypt.dll
0x00007ffbfc4d0000 - 0x00007ffbfd8c2000 	C:\WINDOWS\System32\DriverStore\FileRepository\nvddui.inf_amd64_8212e17ce3f21c1c\nvd3dumx.dll
0x00007ffc31540000 - 0x00007ffc3162c000 	C:\WINDOWS\System32\DriverStore\FileRepository\nv_dispui.inf_amd64_a9b1e11d93a651da\nvldumdx.dll
0x00007ffbec920000 - 0x00007ffbedd12000 	C:\WINDOWS\System32\DriverStore\FileRepository\nv_dispui.inf_amd64_a9b1e11d93a651da\nvd3dumx.dll
0x00007ffc1bfd0000 - 0x00007ffc1c093000 	C:\Program Files (x86)\NVIDIA Corporation\3D Vision\nvSCPAPI64.dll
0x00007ffc38350000 - 0x00007ffc387c0000 	C:\WINDOWS\System32\SETUPAPI.dll
0x00007ffc11270000 - 0x00007ffc11532000 	C:\WINDOWS\system32\nvspcap64.dll
0x00007ffc35240000 - 0x00007ffc35271000 	C:\WINDOWS\SYSTEM32\ntmarta.dll
0x00007ffc36150000 - 0x00007ffc36175000 	C:\WINDOWS\SYSTEM32\USERENV.dll
0x00007ffc357b0000 - 0x00007ffc357ea000 	C:\WINDOWS\SYSTEM32\IPHLPAPI.DLL
0x00007ffc389d0000 - 0x00007ffc389d8000 	C:\WINDOWS\System32\NSI.dll
0x00007ffc300c0000 - 0x00007ffc300d6000 	C:\WINDOWS\SYSTEM32\dhcpcsvc6.DLL
0x00007ffc30030000 - 0x00007ffc3004c000 	C:\WINDOWS\SYSTEM32\dhcpcsvc.DLL
0x00007ffc35800000 - 0x00007ffc358ca000 	C:\WINDOWS\SYSTEM32\DNSAPI.dll
0x00007ffc105d0000 - 0x00007ffc10650000 	C:\Program Files\Java\jdk-11.0.2\bin\freetype.dll
0x00007ffc0afe0000 - 0x00007ffc0b04f000 	C:\Program Files\Java\jdk-11.0.2\bin\fontmanager.dll
0x00007ffc2cd50000 - 0x00007ffc2cdee000 	C:\WINDOWS\System32\TextInputFramework.dll
0x00007ffc2d5b0000 - 0x00007ffc2d8da000 	C:\WINDOWS\System32\CoreUIComponents.dll
0x00007ffc33f30000 - 0x00007ffc34004000 	C:\WINDOWS\System32\CoreMessaging.dll
0x00007ffc31cd0000 - 0x00007ffc31e23000 	C:\WINDOWS\SYSTEM32\wintypes.dll
0x00000000502b0000 - 0x00000000502d6000 	C:\Program Files\Bonjour\mdnsNSP.dll
0x00007ffc2ccd0000 - 0x00007ffc2ccda000 	C:\Windows\System32\rasadhlp.dll
0x00007ffc2ff20000 - 0x00007ffc2ff97000 	C:\WINDOWS\System32\fwpuclnt.dll
0x00007ffc2c0b0000 - 0x00007ffc2c0bd000 	C:\Program Files\Java\jdk-11.0.2\bin\sunmscapi.dll
0x00007ffc35d70000 - 0x00007ffc35d96000 	C:\WINDOWS\SYSTEM32\ncrypt.dll
0x00007ffc35d30000 - 0x00007ffc35d6b000 	C:\WINDOWS\SYSTEM32\NTASN1.dll
0x00007ffc13e70000 - 0x00007ffc13e97000 	C:\Program Files\Java\jdk-11.0.2\bin\sunec.dll
0x00007ffc0b320000 - 0x00007ffc0b361000 	C:\Users\July\AppData\Local\Temp\jna-2320440\jna1413397370712855499.dll
0x00007ffc07d00000 - 0x00007ffc07d9c000 	C:\Users\July\AppData\Local\Temp\jna-2320440\jna10188383836901870908.dll
0x00007ffc095d0000 - 0x00007ffc0964f000 	C:\Program Files\Java\jdk-11.0.2\bin\mlib_image.dll
0x00007ffc28c00000 - 0x00007ffc28c12000 	C:\Program Files\Java\jdk-11.0.2\bin\jsound.dll
0x00007ffc1df10000 - 0x00007ffc1dfa9000 	C:\WINDOWS\SYSTEM32\DSOUND.dll
0x00007ffc37820000 - 0x00007ffc378c2000 	C:\WINDOWS\System32\clbcatq.dll
0x00007ffc31000000 - 0x00007ffc31072000 	C:\WINDOWS\System32\MMDevApi.dll
0x00007ffc35e90000 - 0x00007ffc35eba000 	C:\WINDOWS\System32\DEVOBJ.dll
0x00007ffc2bfb0000 - 0x00007ffc2bff4000 	C:\WINDOWS\SYSTEM32\wdmaud.drv
0x00007ffc30b90000 - 0x00007ffc30b99000 	C:\WINDOWS\SYSTEM32\ksuser.dll
0x00007ffc2fe00000 - 0x00007ffc2fe0a000 	C:\WINDOWS\SYSTEM32\AVRT.dll
0x00007ffc31080000 - 0x00007ffc311dd000 	C:\WINDOWS\SYSTEM32\AUDIOSES.DLL
0x00007ffc2f110000 - 0x00007ffc2f11d000 	C:\WINDOWS\SYSTEM32\msacm32.drv
0x00007ffc2c290000 - 0x00007ffc2c2ac000 	C:\WINDOWS\SYSTEM32\MSACM32.dll
0x00007ffc2ef50000 - 0x00007ffc2ef5a000 	C:\WINDOWS\SYSTEM32\midimap.dll
0x00007ffc344a0000 - 0x00007ffc344b4000 	C:\WINDOWS\SYSTEM32\resourcepolicyclient.dll
0x00007ffc2d900000 - 0x00007ffc2da51000 	C:\Windows\System32\Windows.UI.dll
0x00007ffc2d080000 - 0x00007ffc2d19a000 	C:\Windows\System32\InputHost.dll
0x00007ffc34d20000 - 0x00007ffc34e0f000 	C:\Windows\System32\PROPSYS.dll
0x00007ffc13980000 - 0x00007ffc139ad000 	C:\Program Files\Java\jdk-11.0.2\bin\javajpeg.dll
0x00007ffc11f90000 - 0x00007ffc11fcf000 	C:\Program Files\Java\jdk-11.0.2\bin\lcms.dll
0x00007ffc28130000 - 0x00007ffc28139000 	C:\Program Files\Java\jdk-11.0.2\bin\management.dll
0x00007ffc28040000 - 0x00007ffc2804c000 	C:\Program Files\Java\jdk-11.0.2\bin\management_ext.dll
0x00007ffc2c2f0000 - 0x00007ffc2c49f000 	C:\WINDOWS\SYSTEM32\WindowsCodecs.dll
0x00007ffc18560000 - 0x00007ffc1859a000 	C:\WINDOWS\system32\dataexchange.dll
0x00007ffc32c60000 - 0x00007ffc32ebb000 	C:\WINDOWS\system32\d3d11.dll
0x00007ffc32a00000 - 0x00007ffc32bdb000 	C:\WINDOWS\system32\dcomp.dll
0x00007ffc34ed0000 - 0x00007ffc34fbb000 	C:\WINDOWS\system32\dxgi.dll
0x00007ffc34170000 - 0x00007ffc343ca000 	C:\WINDOWS\system32\twinapi.appcore.dll
0x00007ffc34670000 - 0x00007ffc34699000 	C:\WINDOWS\system32\RMCLIENT.dll
0x00007ffc297f0000 - 0x00007ffc2989e000 	C:\WINDOWS\SYSTEM32\mscms.dll
0x00007ffc297d0000 - 0x00007ffc297e7000 	C:\WINDOWS\SYSTEM32\ColorAdapterClient.dll
0x00007ffc1c170000 - 0x00007ffc1c1b3000 	C:\WINDOWS\SYSTEM32\icm32.dll

dbghelp: loaded successfully - version: 4.0.5 - missing functions: none
symbol engine: initialized successfully - sym options: 0x614 - pdb path: .;C:\Program Files\Java\jdk-11.0.2\bin;C:\WINDOWS\SYSTEM32;C:\WINDOWS\WinSxS\amd64_microsoft.windows.common-controls_6595b64144ccf1df_6.0.18362.657_none_e6c5b579130e3898;C:\Program Files\Java\jdk-11.0.2\bin\server;C:\WINDOWS\System32\DriverStore\FileRepository\nvddui.inf_amd64_8212e17ce3f21c1c;C:\WINDOWS\System32\DriverStore\FileRepository\nv_dispui.inf_amd64_a9b1e11d93a651da;C:\Program Files (x86)\NVIDIA Corporation\3D Vision;C:\Program Files\Bonjour;C:\Users\July\AppData\Local\Temp\jna-2320440

VM Arguments:
jvm_args: -Dfile.encoding=UTF-8 -Duser.country=US -Duser.language=en -Duser.variant 
java_command: net.runelite.client.RuneLite --rs=RSPS
java_class_path (initial): D:\Downloads\OSRS\runelite\runelite-client\build\classes\java\main;D:\Downloads\OSRS\runelite\runelite-client\build\resources\main;C:\Users\July\.m2\repository\ch\qos\logback\logback-classic\1.2.3\logback-classic-1.2.3.jar;D:\Downloads\OSRS\runelite\http-api\build\libs\http-api-1.5.33-SNAPSHOT.jar;C:\Users\July\.m2\repository\com\google\code\gson\gson\2.8.5\gson-2.8.5.jar;C:\Users\July\.gradle\caches\modules-2\files-2.1\com.google.inject\guice\4.2.2\fa13659f9128f4c011c8e1d06f137083b4876377\guice-4.2.2-no_aop.jar;D:\Downloads\OSRS\runelite\runescape-api\build\libs\runescape-api-1.5.33-SNAPSHOT.jar;D:\Downloads\OSRS\runelite\runelite-api\build\libs\runelite-api-1.5.33-SNAPSHOT.jar;C:\Users\July\.gradle\caches\modules-2\files-2.1\com.google.guava\guava\28.1-jre\b0e91dcb6a44ffb6221b5027e12a5cb34b841145\guava-28.1-jre.jar;C:\Users\July\.gradle\caches\modules-2\files-2.1\com.h2database\h2\1.4.199\7bf08152984ed8859740ae3f97fae6c72771ae45\h2-1.4.199.jar;C:\Users\July\.gradle\caches\modules-2\files-2.1\com.jakewharton.rxrelay2\rxrelay\2.1.1\b5cb329f502caba70863749b6559f13eb25b6285\rxrelay-2.1.1.jar;C:\Users\July\.gradle\caches\modules-2\files-2.1\com.squareup.okhttp3\okhttp\4.1.0\9308be2b5f9174def7d4795f415b60f5632b9fb9\okhttp-4.1.0.jar;C:\Users\July\.gradle\caches\modules-2\files-2.1\io.reactivex.rxjava2\rxjava\2.2.12\fc5cb9ad87c312f559a38253aa4d897f549f50dc\rxjava-2.2.12.jar;C:\Users\July\.gradle\caches\modules-2\files-2.1\net.java.dev.jna\jna-platform\5.4.0\a8267193887c38418af986adae090ee5d2593f48\jna-platform-5.4.0.jar;C:\Users\July\.m2\repository\net\runelite\discord\1.1\discord-1.1.jar;C:\Users\July\.gradle\caches\modules-2\files-2.1\net.java.dev.jna\jna\5.4.0\3e25bc70dd7750a3f0fea5bd1467708280bea04e\jna-5.4.0.jar;C:\Users\July\.m2\repository\net\runelite\pushingpixels\substance\8.0.02\substance-8.0.02.jar;C:\Users\July\.gradle\caches\modules-2\files-2.1\net.sf.jopt-simple\jopt-simple\5.0.4\4fdac2fbe92dfad86aa6e9301736f6b4342a3f5c\jopt-simp
Launcher Type: SUN_STANDARD

[Global flags]
     intx CICompilerCount                          = 4                                         {product} {ergonomic}
     uint ConcGCThreads                            = 3                                         {product} {ergonomic}
     uint G1ConcRefinementThreads                  = 10                                        {product} {ergonomic}
   size_t G1HeapRegionSize                         = 2097152                                   {product} {ergonomic}
    uintx GCDrainStackTargetSize                   = 64                                        {product} {ergonomic}
   size_t InitialHeapSize                          = 671088640                                 {product} {ergonomic}
   size_t MarkStackSize                            = 4194304                                   {product} {ergonomic}
   size_t MaxHeapSize                              = 10710155264                               {product} {ergonomic}
   size_t MaxNewSize                               = 6425673728                                {product} {ergonomic}
   size_t MinHeapDeltaBytes                        = 2097152                                   {product} {ergonomic}
    uintx NonNMethodCodeHeapSize                   = 5835340                                {pd product} {ergonomic}
    uintx NonProfiledCodeHeapSize                  = 122911450                              {pd product} {ergonomic}
    uintx ProfiledCodeHeapSize                     = 122911450                              {pd product} {ergonomic}
    uintx ReservedCodeCacheSize                    = 251658240                              {pd product} {ergonomic}
     bool SegmentedCodeCache                       = true                                      {product} {ergonomic}
     bool UseCompressedClassPointers               = true                                 {lp64_product} {ergonomic}
     bool UseCompressedOops                        = true                                 {lp64_product} {ergonomic}
     bool UseG1GC                                  = true                                      {product} {ergonomic}
     bool UseLargePagesIndividualAllocation        = false                                  {pd product} {ergonomic}

Logging:
Log output configuration:
 #0: stdout all=warning uptime,level,tags
 #1: stderr all=off uptime,level,tags

Environment Variables:
PATH=C:\Program Files\NVIDIA GPU Computing Toolkit\CUDA\v10.0\bin;C:\Program Files\NVIDIA GPU Computing Toolkit\CUDA\v10.0\libnvvp;C:\Program Files\NVIDIA GPU Computing Toolkit\CUDA\v9.0\bin;C:\Program Files\NVIDIA GPU Computing Toolkit\CUDA\v9.0\libnvvp;C:\Program Files (x86)\Common Files\Oracle\Java\javapath;C:\WINDOWS\system32;C:\WINDOWS;C:\WINDOWS\System32\Wbem;C:\WINDOWS\System32\WindowsPowerShell\v1.0\;C:\WINDOWS\System32\OpenSSH\;C:\Program Files\Git\cmd;%JAVA_HOMEX2%;C:\Program Files (x86)\GtkSharp\2.12\bin;C:\Program Files\dotnet\;C:\Program Files\Microsoft SQL Server\130\Tools\Binn\;C:\xampp\perl\bin;G:\perl\Dwimperl\perl\site\bin;G:\perl\Dwimperl\c\bin;C:\Program Files\Microsoft SQL Server\Client SDK\ODBC\170\Tools\Binn\;C:\Strawberry\c\bin;C:\Strawberry\perl\site\bin;C:\Strawberry\perl\bin;C:\Program Files (x86)\Microsoft Visual Studio\Shared\Python37_64\;C:\WINDOWS\System32;C:\Program Files\nodejs\;C:\Program Files\NVIDIA Corporation\NVIDIA NvDLISR;C:\Program Files (x86)\NVIDIA Corporation\PhysX\Common;C:\Program Files (x86)\Microsoft SDKs\TypeScript\1.0\;C:\Program Files\PuTTY\;C:\Users\July\AppData\Local\Microsoft\WindowsApps;C:\Program Files\JetBrains\IntelliJ IDEA Community Edition 2019.1.3\bin;C:\Users\July\AppData\Local\Packages\PythonSoftwareFoundation.Python.3.7_qbz5n2kfra8p0\LocalCache\local-packages\Python37\Scripts;C:\Users\July\.dotnet\tools;C:\Users\July\AppData\Roaming\npm
USERNAME=July
OS=Windows_NT
PROCESSOR_IDENTIFIER=Intel64 Family 6 Model 79 Stepping 1, GenuineIntel



---------------  S Y S T E M  ---------------

OS: Windows 10 , 64 bit Build 18362 (10.0.18362.329)

CPU:total 12 (initial active 12) (6 cores per cpu, 2 threads per core) family 6 model 79 stepping 1, cmov, cx8, fxsr, mmx, sse, sse2, sse3, ssse3, sse4.1, sse4.2, popcnt, avx, avx2, aes, clmul, erms, rtm, 3dnowpref, lzcnt, ht, tsc, tscinvbit, bmi1, bmi2, adx, fma

Memory: 4k page, system-wide physical 40850M (19547M free)
TotalPageFile size 96893M (AvailPageFile size 62866M)
current process WorkingSet (physical memory assigned to process): 522M, peak: 530M
current process commit charge ("private bytes"): 1062M, peak: 1068M

vm_info: OpenJDK 64-Bit Server VM (11.0.2+9) for windows-amd64 JRE (11.0.2+9), built on Jan 18 2019 05:23:22 by "mach5one" with MS VC++ 15.5 (VS2017)

END.
