#
# A fatal error has been detected by the Java Runtime Environment:
#
#  EXCEPTION_ILLEGAL_INSTRUCTION (0xc000001d) at pc=0x000002a26383d406, pid=13128, tid=11132
#
# JRE version: OpenJDK Runtime Environment (11.0.2+9) (build 11.0.2+9)
# Java VM: OpenJDK 64-Bit Server VM (11.0.2+9, mixed mode, tiered, compressed oops, g1 gc, windows-amd64)
# Problematic frame:
# J 8470% c2 bt.k(II)V (1316 bytes) @ 0x000002a26383d406 [0x000002a26383cbc0+0x0000000000000846]
#
# No core dump will be written. Minidumps are not enabled by default on client versions of Windows
#
# If you would like to submit a bug report, please visit:
#   http://bugreport.java.com/bugreport/crash.jsp
#

---------------  S U M M A R Y ------------

Command Line: -Dfile.encoding=UTF-8 -Duser.country=US -Duser.language=en -Duser.variant net.runelite.client.RuneLite --rs=RSPS

Host: Intel(R) Core(TM) i7-6800K CPU @ 3.40GHz, 12 cores, 39G,  Windows 10 , 64 bit Build 18362 (10.0.18362.329)
Time: Wed Mar  4 21:14:53 2020 Mountain Standard Time elapsed time: 18 seconds (0d 0h 0m 18s)

---------------  T H R E A D  ---------------

Current thread (0x000002a218848800):  JavaThread "Client" daemon [_thread_in_Java, id=11132, stack(0x000000e841230000,0x000000e841330000)]

Stack: [0x000000e841230000,0x000000e841330000],  sp=0x000000e84132eee0,  free space=1019k
Native frames: (J=compiled Java code, j=interpreted, Vv=VM code, C=native code)
C  0x000002a26383d406


siginfo: EXCEPTION_ILLEGAL_INSTRUCTION (0xc000001d)


Register to memory mapping:

RIP=0x000002a26383d406 is at entry_point+2118 in (nmethod*)0x000002a26383ca10
RAX=0x0 is NULL
RBX=0x00000000ffffff81 is an unknown value
RCX=0x0000000000000001 is an unknown value
RDX=0x000000000000807f is an unknown value
RSP=0x000000e84132eee0 is pointing into the stack for thread: 0x000002a218848800
RBP=0x0000000000000081 is an unknown value
RSI=0x0 is NULL
RDI=0x0000000000000001 is an unknown value
R8 =0x0000000000000080 is an unknown value
R9 =0x0 is NULL
R10=0x00000000000000fe is an unknown value
R11=0xffffffffffffff81 is an unknown value
R12=0x0 is NULL
R13=3026930119 is a compressed pointer to object: [I 
{0x00000005a35a4e38} - klass: {type array int}
 - length: 32768
R14=0x0000000000008000 is an unknown value
R15=0x000002a218848800 is a thread


Registers:
RAX=0x0000000000000000, RBX=0x00000000ffffff81, RCX=0x0000000000000001, RDX=0x000000000000807f
RSP=0x000000e84132eee0, RBP=0x0000000000000081, RSI=0x0000000000000000, RDI=0x0000000000000001
R8 =0x0000000000000080, R9 =0x0000000000000000, R10=0x00000000000000fe, R11=0xffffffffffffff81
R12=0x0000000000000000, R13=0x00000000b46b49c7, R14=0x0000000000008000, R15=0x000002a218848800
RIP=0x000002a26383d406, EFLAGS=0x0000000000010286

Top of Stack: (sp=0x000000e84132eee0)
0x000000e84132eee0:   000002a25b8b9e67 deaddeaf00000000
0x000000e84132eef0:   deaddeaf00000a00 deaddeaf00000000
0x000000e84132ef00:   0000008000008000 0000000000008000
0x000000e84132ef10:   0000000000000001 0000000000000001
0x000000e84132ef20:   deaddeaf00000001 0000000000000000
0x000000e84132ef30:   0000000000000000 0000000000000000
0x000000e84132ef40:   000000e84132efb8 000002a25b8b9e67
0x000000e84132ef50:   deaddeaf7eedec69 0000000000000000
0x000000e84132ef60:   00000005a3552728 00000005a3552728
0x000000e84132ef70:   000000e84132ef70 000002a21c69b542
0x000000e84132ef80:   000000e84132efe8 000002a21c6a6328
0x000000e84132ef90:   0000000000000000 00000005a0518d60
0x000000e84132efa0:   000002a21c69b5d8 000000e84132ef58
0x000000e84132efb0:   000000e84132efd0 000000e84132f038
0x000000e84132efc0:   000002a25b8b9e67 0000000000000001
0x000000e84132efd0:   00000000ffffffcc 00000000000000bf 

Instructions: (pc=0x000002a26383d406)
0x000002a26383d3e6:   7c 24 30 89 4c 24 34 89 74 24 38 44 89 5c 24 3c
0x000002a26383d3f6:   c5 fa 11 5c 24 40 66 66 90 e8 fc bc 09 f8 0f 0b
0x000002a26383d406:   0f 0b 0f 0b 89 44 24 20 41 8b e9 e9 a2 fe ff ff
0x000002a26383d416:   89 44 24 20 e9 c7 fe ff ff ba 7e ff ff ff 4c 89 


Stack slot to memory mapping:
stack at sp + 0 slots: 0x000002a25b8b9e67 is at code_begin+2343 in an Interpreter codelet
invoke return entry points  [0x000002a25b8b9540, 0x000002a25b8b9f40]  2560 bytes
stack at sp + 1 slots: 0xdeaddeaf00000000 is an unknown value
stack at sp + 2 slots: 0xdeaddeaf00000a00 is an unknown value
stack at sp + 3 slots: 0xdeaddeaf00000000 is an unknown value
stack at sp + 4 slots: 0x0000008000008000 is an unknown value
stack at sp + 5 slots: 0x0000000000008000 is an unknown value
stack at sp + 6 slots: 0x0000000000000001 is an unknown value
stack at sp + 7 slots: 0x0000000000000001 is an unknown value



---------------  P R O C E S S  ---------------

Threads class SMR info:
_java_thread_list=0x000002a21ea81ab0, length=78, elements={
0x000002a27b956800, 0x000002a27b958000, 0x000002a27b9dd800, 0x000002a27b9de800,
0x000002a27b9e3800, 0x000002a27b9e7000, 0x000002a27b995800, 0x000002a27bb50000,
0x000002a27bb5f000, 0x000002a27d110800, 0x000002a27d25b800, 0x000002a27d25c000,
0x000002a27cf87800, 0x000002a21312a800, 0x000002a212f4e800, 0x000002a215957000,
0x000002a21595d000, 0x000002a216081800, 0x000002a21379d000, 0x000002a21379a800,
0x000002a213798000, 0x000002a213799000, 0x000002a21379c000, 0x000002a213799800,
0x000002a213797000, 0x000002a21379b000, 0x000002a21379d800, 0x000002a218bd8800,
0x000002a218bd9000, 0x000002a218bd7800, 0x000002a218bd6000, 0x000002a218bda000,
0x000002a218bda800, 0x000002a218bdb800, 0x000002a218bdc800, 0x000002a218bd6800,
0x000002a218be3000, 0x000002a218be0800, 0x000002a218bdd000, 0x000002a218bdf800,
0x000002a218bde000, 0x000002a218be1800, 0x000002a218be2000, 0x000002a218be3800,
0x000002a218be4800, 0x000002a218bdf000, 0x000002a218843800, 0x000002a218847800,
0x000002a218842000, 0x000002a218846000, 0x000002a218843000, 0x000002a21884a000,
0x000002a218849800, 0x000002a218847000, 0x000002a218844800, 0x000002a21884b000,
0x000002a218848800, 0x000002a218845800, 0x000002a219c17800, 0x000002a21884c000,
0x000002a2183f8000, 0x000002a21884d800, 0x000002a21884c800, 0x000002a21884f000,
0x000002a21884e800, 0x000002a218850000, 0x000002a218850800, 0x000002a21625d000,
0x000002a21625e000, 0x000002a21625c000, 0x000002a21625b800, 0x000002a216258000,
0x000002a216259800, 0x000002a21625e800, 0x000002a216260000, 0x000002a21625a800,
0x000002a216265000, 0x000002a216261000
}

Java Threads: ( => current thread )
  0x000002a27b956800 JavaThread "Reference Handler" daemon [_thread_blocked, id=14180, stack(0x000000e83e700000,0x000000e83e800000)]
  0x000002a27b958000 JavaThread "Finalizer" daemon [_thread_blocked, id=12744, stack(0x000000e83e800000,0x000000e83e900000)]
  0x000002a27b9dd800 JavaThread "Signal Dispatcher" daemon [_thread_blocked, id=3840, stack(0x000000e83e900000,0x000000e83ea00000)]
  0x000002a27b9de800 JavaThread "Attach Listener" daemon [_thread_blocked, id=15592, stack(0x000000e83ea00000,0x000000e83eb00000)]
  0x000002a27b9e3800 JavaThread "C2 CompilerThread0" daemon [_thread_blocked, id=4568, stack(0x000000e83eb00000,0x000000e83ec00000)]
  0x000002a27b9e7000 JavaThread "C1 CompilerThread0" daemon [_thread_blocked, id=15700, stack(0x000000e83ec00000,0x000000e83ed00000)]
  0x000002a27b995800 JavaThread "Sweeper thread" daemon [_thread_blocked, id=15352, stack(0x000000e83ed00000,0x000000e83ee00000)]
  0x000002a27bb50000 JavaThread "Service Thread" daemon [_thread_blocked, id=8504, stack(0x000000e83ee00000,0x000000e83ef00000)]
  0x000002a27bb5f000 JavaThread "Common-Cleaner" daemon [_thread_blocked, id=15796, stack(0x000000e83f000000,0x000000e83f100000)]
  0x000002a27d110800 JavaThread "Java2D Disposer" daemon [_thread_blocked, id=16316, stack(0x000000e83f200000,0x000000e83f300000)]
  0x000002a27d25b800 JavaThread "AWT-Shutdown" [_thread_blocked, id=11524, stack(0x000000e83f300000,0x000000e83f400000)]
  0x000002a27d25c000 JavaThread "AWT-Windows" daemon [_thread_in_native, id=9988, stack(0x000000e83f400000,0x000000e83f500000)]
  0x000002a27cf87800 JavaThread "AWT-EventQueue-0" [_thread_blocked, id=4144, stack(0x000000e83f500000,0x000000e83f600000)]
  0x000002a21312a800 JavaThread "TimerQueue" daemon [_thread_blocked, id=12336, stack(0x000000e840200000,0x000000e840300000)]
  0x000002a212f4e800 JavaThread "D3D Screen Updater" daemon [_thread_blocked, id=4384, stack(0x000000e840600000,0x000000e840700000)]
  0x000002a215957000 JavaThread "OkHttp ConnectionPool" daemon [_thread_blocked, id=2216, stack(0x000000e840830000,0x000000e840930000)]
  0x000002a21595d000 JavaThread "Okio Watchdog" daemon [_thread_blocked, id=8536, stack(0x000000e840930000,0x000000e840a30000)]
  0x000002a216081800 JavaThread "pool-3-thread-1" [_thread_blocked, id=15540, stack(0x000000e83f100000,0x000000e83f200000)]
  0x000002a21379d000 JavaThread "pool-2-thread-1" [_thread_blocked, id=8344, stack(0x000000e840a30000,0x000000e840b30000)]
  0x000002a21379a800 JavaThread "FileSystemWatchService" daemon [_thread_in_native, id=12416, stack(0x000000e840b30000,0x000000e840c30000)]
  0x000002a213798000 JavaThread "Plugin Watcher" daemon [_thread_blocked, id=15160, stack(0x000000e840d30000,0x000000e840e30000)]
  0x000002a213799000 JavaThread "pool-4-thread-1" [_thread_blocked, id=13696, stack(0x000000e840e30000,0x000000e840f30000)]
  0x000002a21379c000 JavaThread "pool-4-thread-2" [_thread_blocked, id=2816, stack(0x000000e840f30000,0x000000e841030000)]
  0x000002a213799800 JavaThread "pool-4-thread-3" [_thread_blocked, id=6888, stack(0x000000e841030000,0x000000e841130000)]
  0x000002a213797000 JavaThread "pool-4-thread-4" [_thread_blocked, id=13980, stack(0x000000e841130000,0x000000e841230000)]
  0x000002a21379b000 JavaThread "RxSchedulerPurge-1" daemon [_thread_blocked, id=3972, stack(0x000000e841330000,0x000000e841430000)]
  0x000002a21379d800 JavaThread "RxCachedWorkerPoolEvictor-1" daemon [_thread_blocked, id=12092, stack(0x000000e841430000,0x000000e841530000)]
  0x000002a218bd8800 JavaThread "RxCachedThreadScheduler-1" daemon [_thread_blocked, id=15156, stack(0x000000e841530000,0x000000e841630000)]
  0x000002a218bd9000 JavaThread "RxCachedThreadScheduler-2" daemon [_thread_blocked, id=13232, stack(0x000000e841630000,0x000000e841730000)]
  0x000002a218bd7800 JavaThread "pool-4-thread-5" [_thread_blocked, id=14612, stack(0x000000e841730000,0x000000e841830000)]
  0x000002a218bd6000 JavaThread "pool-4-thread-6" [_thread_blocked, id=14432, stack(0x000000e841830000,0x000000e841930000)]
  0x000002a218bda000 JavaThread "pool-4-thread-7" [_thread_blocked, id=1600, stack(0x000000e841930000,0x000000e841a30000)]
  0x000002a218bda800 JavaThread "pool-4-thread-8" [_thread_blocked, id=10368, stack(0x000000e841a30000,0x000000e841b30000)]
  0x000002a218bdb800 JavaThread "pool-4-thread-9" [_thread_blocked, id=11388, stack(0x000000e841b30000,0x000000e841c30000)]
  0x000002a218bdc800 JavaThread "pool-4-thread-10" [_thread_blocked, id=11084, stack(0x000000e841c30000,0x000000e841d30000)]
  0x000002a218bd6800 JavaThread "pool-4-thread-11" [_thread_blocked, id=14908, stack(0x000000e841d30000,0x000000e841e30000)]
  0x000002a218be3000 JavaThread "pool-4-thread-12" [_thread_blocked, id=14416, stack(0x000000e841e30000,0x000000e841f30000)]
  0x000002a218be0800 JavaThread "pool-4-thread-13" [_thread_blocked, id=14192, stack(0x000000e841f30000,0x000000e842030000)]
  0x000002a218bdd000 JavaThread "pool-4-thread-14" [_thread_blocked, id=11092, stack(0x000000e842030000,0x000000e842130000)]
  0x000002a218bdf800 JavaThread "pool-4-thread-15" [_thread_blocked, id=1708, stack(0x000000e842130000,0x000000e842230000)]
  0x000002a218bde000 JavaThread "pool-4-thread-16" [_thread_blocked, id=3936, stack(0x000000e842230000,0x000000e842330000)]
  0x000002a218be1800 JavaThread "pool-4-thread-17" [_thread_blocked, id=15384, stack(0x000000e842330000,0x000000e842430000)]
  0x000002a218be2000 JavaThread "pool-4-thread-18" [_thread_blocked, id=14036, stack(0x000000e842430000,0x000000e842530000)]
  0x000002a218be3800 JavaThread "pool-4-thread-19" [_thread_blocked, id=14512, stack(0x000000e842530000,0x000000e842630000)]
  0x000002a218be4800 JavaThread "pool-4-thread-20" [_thread_blocked, id=14072, stack(0x000000e842630000,0x000000e842730000)]
  0x000002a218bdf000 JavaThread "pool-4-thread-21" [_thread_blocked, id=13884, stack(0x000000e842730000,0x000000e842830000)]
  0x000002a218843800 JavaThread "pool-4-thread-22" [_thread_blocked, id=15636, stack(0x000000e842830000,0x000000e842930000)]
  0x000002a218847800 JavaThread "pool-4-thread-23" [_thread_blocked, id=13212, stack(0x000000e842930000,0x000000e842a30000)]
  0x000002a218842000 JavaThread "pool-4-thread-24" [_thread_blocked, id=4648, stack(0x000000e842a30000,0x000000e842b30000)]
  0x000002a218846000 JavaThread "OkHttp static.runelite.net Writer" [_thread_blocked, id=15300, stack(0x000000e842b30000,0x000000e842c30000)]
  0x000002a218843000 JavaThread "OkHttp static.runelite.net" daemon [_thread_in_native, id=13452, stack(0x000000e842d30000,0x000000e842e30000)]
  0x000002a21884a000 JavaThread "OkHttp Http2Connection" daemon [_thread_blocked, id=10004, stack(0x000000e842c30000,0x000000e842d30000)]
  0x000002a218849800 JavaThread "OkHttp session.runelitepl.us Writer" [_thread_blocked, id=16128, stack(0x000000e842e30000,0x000000e842f30000)]
  0x000002a218847000 JavaThread "OkHttp session.runelitepl.us" [_thread_in_native, id=5400, stack(0x000000e842f30000,0x000000e843030000)]
  0x000002a218844800 JavaThread "Image Fetcher 0" daemon [_thread_blocked, id=15520, stack(0x000000e840c30000,0x000000e840d30000)]
  0x000002a21884b000 JavaThread "Thread-1" daemon [_thread_blocked, id=14008, stack(0x000000e840500000,0x000000e840600000)]
=>0x000002a218848800 JavaThread "Client" daemon [_thread_in_Java, id=11132, stack(0x000000e841230000,0x000000e841330000)]
  0x000002a218845800 JavaThread "Thread-3" daemon [_thread_blocked, id=12508, stack(0x000000e843030000,0x000000e843130000)]
  0x000002a219c17800 JavaThread "C2 CompilerThread1" daemon [_thread_blocked, id=12076, stack(0x000000e843130000,0x000000e843230000)]
  0x000002a21884c000 JavaThread "Substance heap status" daemon [_thread_blocked, id=12920, stack(0x000000e843230000,0x000000e843330000)]
  0x000002a2183f8000 JavaThread "C2 CompilerThread2" daemon [_thread_blocked, id=15396, stack(0x000000e843330000,0x000000e843430000)]
  0x000002a21884d800 JavaThread "Thread-5" daemon [_thread_in_native, id=12740, stack(0x000000e843430000,0x000000e843530000)]
  0x000002a21884c800 JavaThread "Thread-6" daemon [_thread_blocked, id=4072, stack(0x000000e843530000,0x000000e843630000)]
  0x000002a21884f000 JavaThread "Thread-7" daemon [_thread_blocked, id=16156, stack(0x000000e843630000,0x000000e843730000)]
  0x000002a21884e800 JavaThread "OkHttp Dispatcher" [_thread_blocked, id=11280, stack(0x000000e843930000,0x000000e843a30000)]
  0x000002a218850000 JavaThread "OkHttp Dispatcher" [_thread_blocked, id=12620, stack(0x000000e843a30000,0x000000e843b30000)]
  0x000002a218850800 JavaThread "OkHttp Dispatcher" [_thread_blocked, id=10924, stack(0x000000e843b30000,0x000000e843c30000)]
  0x000002a21625d000 JavaThread "OkHttp Dispatcher" [_thread_blocked, id=6072, stack(0x000000e843c30000,0x000000e843d30000)]
  0x000002a21625e000 JavaThread "OkHttp Dispatcher" [_thread_blocked, id=460, stack(0x000000e843d30000,0x000000e843e30000)]
  0x000002a21625c000 JavaThread "Java Sound Event Dispatcher" daemon [_thread_blocked, id=13136, stack(0x000000e843e30000,0x000000e843f30000)]
  0x000002a21625b800 JavaThread "pool-8-thread-1" [_thread_blocked, id=14268, stack(0x000000e844230000,0x000000e844330000)]
  0x000002a216258000 JavaThread "OkHttp pbs.twimg.com Writer" [_thread_blocked, id=6416, stack(0x000000e844530000,0x000000e844630000)]
  0x000002a216259800 JavaThread "OkHttp pbs.twimg.com" [_thread_in_native, id=11352, stack(0x000000e844730000,0x000000e844830000)]
  0x000002a21625e800 JavaThread "OkHttp Dispatcher" [_thread_blocked, id=13132, stack(0x000000e844630000,0x000000e844730000)]
  0x000002a216260000 JavaThread "DestroyJavaVM" [_thread_blocked, id=16132, stack(0x000000e83e000000,0x000000e83e100000)]
  0x000002a21625a800 JavaThread "Trident callback thread" daemon [_thread_blocked, id=7232, stack(0x000000e844a30000,0x000000e844b30000)]
  0x000002a216265000 JavaThread "Trident pulse source thread" daemon [_thread_blocked, id=3168, stack(0x000000e844b30000,0x000000e844c30000)]
  0x000002a216261000 JavaThread "Thread-10" daemon [_thread_blocked, id=12308, stack(0x000000e844c30000,0x000000e844d30000)]

Other Threads:
  0x000002a27b955000 VMThread "VM Thread" [stack: 0x000000e83e600000,0x000000e83e700000] [id=15048]
  0x000002a27bb57000 WatcherThread [stack: 0x000000e83ef00000,0x000000e83f000000] [id=13532]
  0x000002a2535ba800 GCTaskThread "GC Thread#0" [stack: 0x000000e83e100000,0x000000e83e200000] [id=2872]
  0x000002a21332f000 GCTaskThread "GC Thread#1" [stack: 0x000000e83f700000,0x000000e83f800000] [id=10252]
  0x000002a2130dc800 GCTaskThread "GC Thread#2" [stack: 0x000000e83f800000,0x000000e83f900000] [id=15432]
  0x000002a2130dd000 GCTaskThread "GC Thread#3" [stack: 0x000000e83f900000,0x000000e83fa00000] [id=15420]
  0x000002a21333d800 GCTaskThread "GC Thread#4" [stack: 0x000000e83fa00000,0x000000e83fb00000] [id=15056]
  0x000002a21333e800 GCTaskThread "GC Thread#5" [stack: 0x000000e83fb00000,0x000000e83fc00000] [id=3400]
  0x000002a2132a8000 GCTaskThread "GC Thread#6" [stack: 0x000000e83fc00000,0x000000e83fd00000] [id=6268]
  0x000002a212e8c800 GCTaskThread "GC Thread#7" [stack: 0x000000e83fd00000,0x000000e83fe00000] [id=3568]
  0x000002a212e90000 GCTaskThread "GC Thread#8" [stack: 0x000000e83fe00000,0x000000e83ff00000] [id=6116]
  0x000002a2133da000 GCTaskThread "GC Thread#9" [stack: 0x000000e83ff00000,0x000000e840000000] [id=8324]
  0x000002a253659000 ConcurrentGCThread "G1 Main Marker" [stack: 0x000000e83e200000,0x000000e83e300000] [id=14780]
  0x000002a25365a800 ConcurrentGCThread "G1 Conc#0" [stack: 0x000000e83e300000,0x000000e83e400000] [id=14808]
  0x000002a21348b000 ConcurrentGCThread "G1 Conc#1" [stack: 0x000000e840300000,0x000000e840400000] [id=8232]
  0x000002a21348d000 ConcurrentGCThread "G1 Conc#2" [stack: 0x000000e840400000,0x000000e840500000] [id=9516]
  0x000002a27b112000 ConcurrentGCThread "G1 Refine#0" [stack: 0x000000e83e400000,0x000000e83e500000] [id=12576]
  0x000002a2133f2800 ConcurrentGCThread "G1 Refine#1" [stack: 0x000000e840000000,0x000000e840100000] [id=16348]
  0x000002a2133f7800 ConcurrentGCThread "G1 Refine#2" [stack: 0x000000e840100000,0x000000e840200000] [id=3836]
  0x000002a27b7e2800 ConcurrentGCThread "G1 Young RemSet Sampling" [stack: 0x000000e83e500000,0x000000e83e600000] [id=9588]

Threads with active compile tasks:

VM state:not at safepoint (normal execution)

VM Mutex/Monitor currently owned by a thread: None

Heap address: 0x0000000581a00000, size: 10214 MB, Compressed Oops mode: Zero based, Oop shift amount: 3
Narrow klass base: 0x0000000800000000, Narrow klass shift: 0
Compressed class space size: 1073741824 Address: 0x0000000800000000

Heap:
 garbage-first heap   total 655360K, used 208792K [0x0000000581a00000, 0x0000000800000000)
  region size 2048K, 75 young (153600K), 9 survivors (18432K)
 Metaspace       used 72584K, capacity 74704K, committed 74880K, reserved 1116160K
  class space    used 8141K, capacity 9015K, committed 9088K, reserved 1048576K
Heap Regions: E=young(eden), S=young(survivor), O=old, HS=humongous(starts), HC=humongous(continues), CS=collection set, F=free, A=archive, TAMS=top-at-mark-start (previous, next)
|   0|0x0000000581a00000, 0x0000000581c00000, 0x0000000581c00000|100%| O|  |TAMS 0x0000000581c00000, 0x0000000581a00000| Untracked 
|   1|0x0000000581c00000, 0x0000000581e00000, 0x0000000581e00000|100%| O|  |TAMS 0x0000000581e00000, 0x0000000581c00000| Untracked 
|   2|0x0000000581e00000, 0x0000000582000000, 0x0000000582000000|100%| O|  |TAMS 0x0000000582000000, 0x0000000581e00000| Untracked 
|   3|0x0000000582000000, 0x0000000582200000, 0x0000000582200000|100%| O|  |TAMS 0x0000000582200000, 0x0000000582000000| Untracked 
|   4|0x0000000582200000, 0x0000000582400000, 0x0000000582400000|100%| O|  |TAMS 0x0000000582400000, 0x0000000582200000| Untracked 
|   5|0x0000000582400000, 0x0000000582600000, 0x0000000582600000|100%| O|  |TAMS 0x0000000582600000, 0x0000000582400000| Untracked 
|   6|0x0000000582600000, 0x0000000582800000, 0x0000000582800000|100%| O|  |TAMS 0x0000000582800000, 0x0000000582600000| Untracked 
|   7|0x0000000582800000, 0x0000000582a00000, 0x0000000582a00000|100%| O|  |TAMS 0x0000000582a00000, 0x0000000582800000| Untracked 
|   8|0x0000000582a00000, 0x0000000582c00000, 0x0000000582c00000|100%| O|  |TAMS 0x0000000582c00000, 0x0000000582a00000| Untracked 
|   9|0x0000000582c00000, 0x0000000582e00000, 0x0000000582e00000|100%| O|  |TAMS 0x0000000582e00000, 0x0000000582c00000| Untracked 
|  10|0x0000000582e00000, 0x0000000583000000, 0x0000000583000000|100%| O|  |TAMS 0x0000000583000000, 0x0000000582e00000| Untracked 
|  11|0x0000000583000000, 0x0000000583200000, 0x0000000583200000|100%|HS|  |TAMS 0x0000000583000000, 0x0000000583000000| Complete 
|  12|0x0000000583200000, 0x0000000583400000, 0x0000000583400000|100%|HS|  |TAMS 0x0000000583400000, 0x0000000583200000| Complete 
|  13|0x0000000583400000, 0x0000000583600000, 0x0000000583600000|100%|HS|  |TAMS 0x0000000583600000, 0x0000000583400000| Complete 
|  14|0x0000000583600000, 0x0000000583800000, 0x0000000583800000|100%| O|  |TAMS 0x0000000583800000, 0x0000000583600000| Untracked 
|  15|0x0000000583800000, 0x0000000583a00000, 0x0000000583a00000|100%| O|  |TAMS 0x0000000583a00000, 0x0000000583800000| Untracked 
|  16|0x0000000583a00000, 0x0000000583c00000, 0x0000000583c00000|100%| O|  |TAMS 0x0000000583c00000, 0x0000000583a00000| Untracked 
|  17|0x0000000583c00000, 0x0000000583e00000, 0x0000000583e00000|100%| O|  |TAMS 0x0000000583e00000, 0x0000000583c00000| Untracked 
|  18|0x0000000583e00000, 0x0000000584000000, 0x0000000584000000|100%| O|  |TAMS 0x0000000584000000, 0x0000000583e00000| Untracked 
|  19|0x0000000584000000, 0x0000000584075600, 0x0000000584200000| 22%| O|  |TAMS 0x0000000584075600, 0x0000000584000000| Untracked 
|  20|0x0000000584200000, 0x0000000584400000, 0x0000000584400000|100%|HS|  |TAMS 0x0000000584200000, 0x0000000584200000| Complete 
|  21|0x0000000584400000, 0x0000000584600000, 0x0000000584600000|100%|HC|  |TAMS 0x0000000584400000, 0x0000000584400000| Complete 
|  22|0x0000000584600000, 0x0000000584800000, 0x0000000584800000|100%|HS|  |TAMS 0x0000000584600000, 0x0000000584600000| Complete 
|  23|0x0000000584800000, 0x0000000584a00000, 0x0000000584a00000|100%|HC|  |TAMS 0x0000000584800000, 0x0000000584800000| Complete 
|  24|0x0000000584a00000, 0x0000000584c00000, 0x0000000584c00000|100%|HC|  |TAMS 0x0000000584a00000, 0x0000000584a00000| Complete 
|  25|0x0000000584c00000, 0x0000000584e00000, 0x0000000584e00000|100%|HC|  |TAMS 0x0000000584c00000, 0x0000000584c00000| Complete 
|  26|0x0000000584e00000, 0x0000000585000000, 0x0000000585000000|100%|HS|  |TAMS 0x0000000584e00000, 0x0000000584e00000| Complete 
|  27|0x0000000585000000, 0x0000000585200000, 0x0000000585200000|100%|HC|  |TAMS 0x0000000585000000, 0x0000000585000000| Complete 
|  28|0x0000000585200000, 0x0000000585400000, 0x0000000585400000|100%|HC|  |TAMS 0x0000000585200000, 0x0000000585200000| Complete 
|  29|0x0000000585400000, 0x0000000585600000, 0x0000000585600000|100%|HC|  |TAMS 0x0000000585400000, 0x0000000585400000| Complete 
|  30|0x0000000585600000, 0x0000000585600000, 0x0000000585800000|  0%| F|  |TAMS 0x0000000585600000, 0x0000000585600000| Untracked 
|  31|0x0000000585800000, 0x0000000585800000, 0x0000000585a00000|  0%| F|  |TAMS 0x0000000585800000, 0x0000000585800000| Untracked 
|  32|0x0000000585a00000, 0x0000000585a00000, 0x0000000585c00000|  0%| F|  |TAMS 0x0000000585a00000, 0x0000000585a00000| Untracked 
|  33|0x0000000585c00000, 0x0000000585c00000, 0x0000000585e00000|  0%| F|  |TAMS 0x0000000585c00000, 0x0000000585c00000| Untracked 
|  34|0x0000000585e00000, 0x0000000585e00000, 0x0000000586000000|  0%| F|  |TAMS 0x0000000585e00000, 0x0000000585e00000| Untracked 
|  35|0x0000000586000000, 0x0000000586000000, 0x0000000586200000|  0%| F|  |TAMS 0x0000000586000000, 0x0000000586000000| Untracked 
|  36|0x0000000586200000, 0x0000000586200000, 0x0000000586400000|  0%| F|  |TAMS 0x0000000586200000, 0x0000000586200000| Untracked 
|  37|0x0000000586400000, 0x0000000586400000, 0x0000000586600000|  0%| F|  |TAMS 0x0000000586400000, 0x0000000586400000| Untracked 
|  38|0x0000000586600000, 0x0000000586600000, 0x0000000586800000|  0%| F|  |TAMS 0x0000000586600000, 0x0000000586600000| Untracked 
|  39|0x0000000586800000, 0x0000000586800000, 0x0000000586a00000|  0%| F|  |TAMS 0x0000000586800000, 0x0000000586800000| Untracked 
|  40|0x0000000586a00000, 0x0000000586a00000, 0x0000000586c00000|  0%| F|  |TAMS 0x0000000586a00000, 0x0000000586a00000| Untracked 
|  41|0x0000000586c00000, 0x0000000586c00000, 0x0000000586e00000|  0%| F|  |TAMS 0x0000000586c00000, 0x0000000586c00000| Untracked 
|  42|0x0000000586e00000, 0x0000000586e00000, 0x0000000587000000|  0%| F|  |TAMS 0x0000000586e00000, 0x0000000586e00000| Untracked 
|  43|0x0000000587000000, 0x0000000587000000, 0x0000000587200000|  0%| F|  |TAMS 0x0000000587000000, 0x0000000587000000| Untracked 
|  44|0x0000000587200000, 0x0000000587200000, 0x0000000587400000|  0%| F|  |TAMS 0x0000000587200000, 0x0000000587200000| Untracked 
|  45|0x0000000587400000, 0x0000000587400000, 0x0000000587600000|  0%| F|  |TAMS 0x0000000587400000, 0x0000000587400000| Untracked 
|  46|0x0000000587600000, 0x0000000587600000, 0x0000000587800000|  0%| F|  |TAMS 0x0000000587600000, 0x0000000587600000| Untracked 
|  47|0x0000000587800000, 0x0000000587800000, 0x0000000587a00000|  0%| F|  |TAMS 0x0000000587800000, 0x0000000587800000| Untracked 
|  48|0x0000000587a00000, 0x0000000587a00000, 0x0000000587c00000|  0%| F|  |TAMS 0x0000000587a00000, 0x0000000587a00000| Untracked 
|  49|0x0000000587c00000, 0x0000000587c00000, 0x0000000587e00000|  0%| F|  |TAMS 0x0000000587c00000, 0x0000000587c00000| Untracked 
|  50|0x0000000587e00000, 0x0000000587e00000, 0x0000000588000000|  0%| F|  |TAMS 0x0000000587e00000, 0x0000000587e00000| Untracked 
|  51|0x0000000588000000, 0x0000000588000000, 0x0000000588200000|  0%| F|  |TAMS 0x0000000588000000, 0x0000000588000000| Untracked 
|  52|0x0000000588200000, 0x0000000588200000, 0x0000000588400000|  0%| F|  |TAMS 0x0000000588200000, 0x0000000588200000| Untracked 
|  53|0x0000000588400000, 0x0000000588400000, 0x0000000588600000|  0%| F|  |TAMS 0x0000000588400000, 0x0000000588400000| Untracked 
|  54|0x0000000588600000, 0x0000000588600000, 0x0000000588800000|  0%| F|  |TAMS 0x0000000588600000, 0x0000000588600000| Untracked 
|  55|0x0000000588800000, 0x0000000588800000, 0x0000000588a00000|  0%| F|  |TAMS 0x0000000588800000, 0x0000000588800000| Untracked 
|  56|0x0000000588a00000, 0x0000000588a00000, 0x0000000588c00000|  0%| F|  |TAMS 0x0000000588a00000, 0x0000000588a00000| Untracked 
|  57|0x0000000588c00000, 0x0000000588c00000, 0x0000000588e00000|  0%| F|  |TAMS 0x0000000588c00000, 0x0000000588c00000| Untracked 
|  58|0x0000000588e00000, 0x0000000588e00000, 0x0000000589000000|  0%| F|  |TAMS 0x0000000588e00000, 0x0000000588e00000| Untracked 
|  59|0x0000000589000000, 0x0000000589000000, 0x0000000589200000|  0%| F|  |TAMS 0x0000000589000000, 0x0000000589000000| Untracked 
|  60|0x0000000589200000, 0x0000000589200000, 0x0000000589400000|  0%| F|  |TAMS 0x0000000589200000, 0x0000000589200000| Untracked 
|  61|0x0000000589400000, 0x0000000589400000, 0x0000000589600000|  0%| F|  |TAMS 0x0000000589400000, 0x0000000589400000| Untracked 
|  62|0x0000000589600000, 0x0000000589600000, 0x0000000589800000|  0%| F|  |TAMS 0x0000000589600000, 0x0000000589600000| Untracked 
|  63|0x0000000589800000, 0x0000000589800000, 0x0000000589a00000|  0%| F|  |TAMS 0x0000000589800000, 0x0000000589800000| Untracked 
|  64|0x0000000589a00000, 0x0000000589a00000, 0x0000000589c00000|  0%| F|  |TAMS 0x0000000589a00000, 0x0000000589a00000| Untracked 
|  65|0x0000000589c00000, 0x0000000589c00000, 0x0000000589e00000|  0%| F|  |TAMS 0x0000000589c00000, 0x0000000589c00000| Untracked 
|  66|0x0000000589e00000, 0x0000000589e00000, 0x000000058a000000|  0%| F|  |TAMS 0x0000000589e00000, 0x0000000589e00000| Untracked 
|  67|0x000000058a000000, 0x000000058a000000, 0x000000058a200000|  0%| F|  |TAMS 0x000000058a000000, 0x000000058a000000| Untracked 
|  68|0x000000058a200000, 0x000000058a200000, 0x000000058a400000|  0%| F|  |TAMS 0x000000058a200000, 0x000000058a200000| Untracked 
|  69|0x000000058a400000, 0x000000058a400000, 0x000000058a600000|  0%| F|  |TAMS 0x000000058a400000, 0x000000058a400000| Untracked 
|  70|0x000000058a600000, 0x000000058a600000, 0x000000058a800000|  0%| F|  |TAMS 0x000000058a600000, 0x000000058a600000| Untracked 
|  71|0x000000058a800000, 0x000000058a800000, 0x000000058aa00000|  0%| F|  |TAMS 0x000000058a800000, 0x000000058a800000| Untracked 
|  72|0x000000058aa00000, 0x000000058aa00000, 0x000000058ac00000|  0%| F|  |TAMS 0x000000058aa00000, 0x000000058aa00000| Untracked 
|  73|0x000000058ac00000, 0x000000058ac00000, 0x000000058ae00000|  0%| F|  |TAMS 0x000000058ac00000, 0x000000058ac00000| Untracked 
|  74|0x000000058ae00000, 0x000000058ae00000, 0x000000058b000000|  0%| F|  |TAMS 0x000000058ae00000, 0x000000058ae00000| Untracked 
|  75|0x000000058b000000, 0x000000058b000000, 0x000000058b200000|  0%| F|  |TAMS 0x000000058b000000, 0x000000058b000000| Untracked 
|  76|0x000000058b200000, 0x000000058b200000, 0x000000058b400000|  0%| F|  |TAMS 0x000000058b200000, 0x000000058b200000| Untracked 
|  77|0x000000058b400000, 0x000000058b400000, 0x000000058b600000|  0%| F|  |TAMS 0x000000058b400000, 0x000000058b400000| Untracked 
|  78|0x000000058b600000, 0x000000058b600000, 0x000000058b800000|  0%| F|  |TAMS 0x000000058b600000, 0x000000058b600000| Untracked 
|  79|0x000000058b800000, 0x000000058b800000, 0x000000058ba00000|  0%| F|  |TAMS 0x000000058b800000, 0x000000058b800000| Untracked 
|  80|0x000000058ba00000, 0x000000058ba00000, 0x000000058bc00000|  0%| F|  |TAMS 0x000000058ba00000, 0x000000058ba00000| Untracked 
|  81|0x000000058bc00000, 0x000000058bc00000, 0x000000058be00000|  0%| F|  |TAMS 0x000000058bc00000, 0x000000058bc00000| Untracked 
|  82|0x000000058be00000, 0x000000058be00000, 0x000000058c000000|  0%| F|  |TAMS 0x000000058be00000, 0x000000058be00000| Untracked 
|  83|0x000000058c000000, 0x000000058c000000, 0x000000058c200000|  0%| F|  |TAMS 0x000000058c000000, 0x000000058c000000| Untracked 
|  84|0x000000058c200000, 0x000000058c200000, 0x000000058c400000|  0%| F|  |TAMS 0x000000058c200000, 0x000000058c200000| Untracked 
|  85|0x000000058c400000, 0x000000058c400000, 0x000000058c600000|  0%| F|  |TAMS 0x000000058c400000, 0x000000058c400000| Untracked 
|  86|0x000000058c600000, 0x000000058c600000, 0x000000058c800000|  0%| F|  |TAMS 0x000000058c600000, 0x000000058c600000| Untracked 
|  87|0x000000058c800000, 0x000000058c800000, 0x000000058ca00000|  0%| F|  |TAMS 0x000000058c800000, 0x000000058c800000| Untracked 
|  88|0x000000058ca00000, 0x000000058ca00000, 0x000000058cc00000|  0%| F|  |TAMS 0x000000058ca00000, 0x000000058ca00000| Untracked 
|  89|0x000000058cc00000, 0x000000058cc00000, 0x000000058ce00000|  0%| F|  |TAMS 0x000000058cc00000, 0x000000058cc00000| Untracked 
|  90|0x000000058ce00000, 0x000000058ce00000, 0x000000058d000000|  0%| F|  |TAMS 0x000000058ce00000, 0x000000058ce00000| Untracked 
|  91|0x000000058d000000, 0x000000058d000000, 0x000000058d200000|  0%| F|  |TAMS 0x000000058d000000, 0x000000058d000000| Untracked 
|  92|0x000000058d200000, 0x000000058d200000, 0x000000058d400000|  0%| F|  |TAMS 0x000000058d200000, 0x000000058d200000| Untracked 
|  93|0x000000058d400000, 0x000000058d400000, 0x000000058d600000|  0%| F|  |TAMS 0x000000058d400000, 0x000000058d400000| Untracked 
|  94|0x000000058d600000, 0x000000058d600000, 0x000000058d800000|  0%| F|  |TAMS 0x000000058d600000, 0x000000058d600000| Untracked 
|  95|0x000000058d800000, 0x000000058d800000, 0x000000058da00000|  0%| F|  |TAMS 0x000000058d800000, 0x000000058d800000| Untracked 
|  96|0x000000058da00000, 0x000000058da00000, 0x000000058dc00000|  0%| F|  |TAMS 0x000000058da00000, 0x000000058da00000| Untracked 
|  97|0x000000058dc00000, 0x000000058dc00000, 0x000000058de00000|  0%| F|  |TAMS 0x000000058dc00000, 0x000000058dc00000| Untracked 
|  98|0x000000058de00000, 0x000000058de00000, 0x000000058e000000|  0%| F|  |TAMS 0x000000058de00000, 0x000000058de00000| Untracked 
|  99|0x000000058e000000, 0x000000058e000000, 0x000000058e200000|  0%| F|  |TAMS 0x000000058e000000, 0x000000058e000000| Untracked 
| 100|0x000000058e200000, 0x000000058e200000, 0x000000058e400000|  0%| F|  |TAMS 0x000000058e200000, 0x000000058e200000| Untracked 
| 101|0x000000058e400000, 0x000000058e400000, 0x000000058e600000|  0%| F|  |TAMS 0x000000058e400000, 0x000000058e400000| Untracked 
| 102|0x000000058e600000, 0x000000058e600000, 0x000000058e800000|  0%| F|  |TAMS 0x000000058e600000, 0x000000058e600000| Untracked 
| 103|0x000000058e800000, 0x000000058e800000, 0x000000058ea00000|  0%| F|  |TAMS 0x000000058e800000, 0x000000058e800000| Untracked 
| 104|0x000000058ea00000, 0x000000058ea00000, 0x000000058ec00000|  0%| F|  |TAMS 0x000000058ea00000, 0x000000058ea00000| Untracked 
| 105|0x000000058ec00000, 0x000000058ec00000, 0x000000058ee00000|  0%| F|  |TAMS 0x000000058ec00000, 0x000000058ec00000| Untracked 
| 106|0x000000058ee00000, 0x000000058ee00000, 0x000000058f000000|  0%| F|  |TAMS 0x000000058ee00000, 0x000000058ee00000| Untracked 
| 107|0x000000058f000000, 0x000000058f000000, 0x000000058f200000|  0%| F|  |TAMS 0x000000058f000000, 0x000000058f000000| Untracked 
| 108|0x000000058f200000, 0x000000058f200000, 0x000000058f400000|  0%| F|  |TAMS 0x000000058f200000, 0x000000058f200000| Untracked 
| 109|0x000000058f400000, 0x000000058f400000, 0x000000058f600000|  0%| F|  |TAMS 0x000000058f400000, 0x000000058f400000| Untracked 
| 110|0x000000058f600000, 0x000000058f600000, 0x000000058f800000|  0%| F|  |TAMS 0x000000058f600000, 0x000000058f600000| Untracked 
| 111|0x000000058f800000, 0x000000058f800000, 0x000000058fa00000|  0%| F|  |TAMS 0x000000058f800000, 0x000000058f800000| Untracked 
| 112|0x000000058fa00000, 0x000000058fa00000, 0x000000058fc00000|  0%| F|  |TAMS 0x000000058fa00000, 0x000000058fa00000| Untracked 
| 113|0x000000058fc00000, 0x000000058fc00000, 0x000000058fe00000|  0%| F|  |TAMS 0x000000058fc00000, 0x000000058fc00000| Untracked 
| 114|0x000000058fe00000, 0x000000058fe00000, 0x0000000590000000|  0%| F|  |TAMS 0x000000058fe00000, 0x000000058fe00000| Untracked 
| 115|0x0000000590000000, 0x0000000590000000, 0x0000000590200000|  0%| F|  |TAMS 0x0000000590000000, 0x0000000590000000| Untracked 
| 116|0x0000000590200000, 0x0000000590200000, 0x0000000590400000|  0%| F|  |TAMS 0x0000000590200000, 0x0000000590200000| Untracked 
| 117|0x0000000590400000, 0x0000000590400000, 0x0000000590600000|  0%| F|  |TAMS 0x0000000590400000, 0x0000000590400000| Untracked 
| 118|0x0000000590600000, 0x0000000590600000, 0x0000000590800000|  0%| F|  |TAMS 0x0000000590600000, 0x0000000590600000| Untracked 
| 119|0x0000000590800000, 0x0000000590800000, 0x0000000590a00000|  0%| F|  |TAMS 0x0000000590800000, 0x0000000590800000| Untracked 
| 120|0x0000000590a00000, 0x0000000590a00000, 0x0000000590c00000|  0%| F|  |TAMS 0x0000000590a00000, 0x0000000590a00000| Untracked 
| 121|0x0000000590c00000, 0x0000000590c00000, 0x0000000590e00000|  0%| F|  |TAMS 0x0000000590c00000, 0x0000000590c00000| Untracked 
| 122|0x0000000590e00000, 0x0000000590e00000, 0x0000000591000000|  0%| F|  |TAMS 0x0000000590e00000, 0x0000000590e00000| Untracked 
| 123|0x0000000591000000, 0x0000000591000000, 0x0000000591200000|  0%| F|  |TAMS 0x0000000591000000, 0x0000000591000000| Untracked 
| 124|0x0000000591200000, 0x0000000591200000, 0x0000000591400000|  0%| F|  |TAMS 0x0000000591200000, 0x0000000591200000| Untracked 
| 125|0x0000000591400000, 0x0000000591400000, 0x0000000591600000|  0%| F|  |TAMS 0x0000000591400000, 0x0000000591400000| Untracked 
| 126|0x0000000591600000, 0x0000000591600000, 0x0000000591800000|  0%| F|  |TAMS 0x0000000591600000, 0x0000000591600000| Untracked 
| 127|0x0000000591800000, 0x0000000591800000, 0x0000000591a00000|  0%| F|  |TAMS 0x0000000591800000, 0x0000000591800000| Untracked 
| 128|0x0000000591a00000, 0x0000000591a00000, 0x0000000591c00000|  0%| F|  |TAMS 0x0000000591a00000, 0x0000000591a00000| Untracked 
| 129|0x0000000591c00000, 0x0000000591c00000, 0x0000000591e00000|  0%| F|  |TAMS 0x0000000591c00000, 0x0000000591c00000| Untracked 
| 130|0x0000000591e00000, 0x0000000591e00000, 0x0000000592000000|  0%| F|  |TAMS 0x0000000591e00000, 0x0000000591e00000| Untracked 
| 131|0x0000000592000000, 0x0000000592000000, 0x0000000592200000|  0%| F|  |TAMS 0x0000000592000000, 0x0000000592000000| Untracked 
| 132|0x0000000592200000, 0x0000000592200000, 0x0000000592400000|  0%| F|  |TAMS 0x0000000592200000, 0x0000000592200000| Untracked 
| 133|0x0000000592400000, 0x0000000592400000, 0x0000000592600000|  0%| F|  |TAMS 0x0000000592400000, 0x0000000592400000| Untracked 
| 134|0x0000000592600000, 0x0000000592600000, 0x0000000592800000|  0%| F|  |TAMS 0x0000000592600000, 0x0000000592600000| Untracked 
| 135|0x0000000592800000, 0x0000000592800000, 0x0000000592a00000|  0%| F|  |TAMS 0x0000000592800000, 0x0000000592800000| Untracked 
| 136|0x0000000592a00000, 0x0000000592a00000, 0x0000000592c00000|  0%| F|  |TAMS 0x0000000592a00000, 0x0000000592a00000| Untracked 
| 137|0x0000000592c00000, 0x0000000592c00000, 0x0000000592e00000|  0%| F|  |TAMS 0x0000000592c00000, 0x0000000592c00000| Untracked 
| 138|0x0000000592e00000, 0x0000000592e00000, 0x0000000593000000|  0%| F|  |TAMS 0x0000000592e00000, 0x0000000592e00000| Untracked 
| 139|0x0000000593000000, 0x0000000593000000, 0x0000000593200000|  0%| F|  |TAMS 0x0000000593000000, 0x0000000593000000| Untracked 
| 140|0x0000000593200000, 0x0000000593200000, 0x0000000593400000|  0%| F|  |TAMS 0x0000000593200000, 0x0000000593200000| Untracked 
| 141|0x0000000593400000, 0x0000000593400000, 0x0000000593600000|  0%| F|  |TAMS 0x0000000593400000, 0x0000000593400000| Untracked 
| 142|0x0000000593600000, 0x0000000593600000, 0x0000000593800000|  0%| F|  |TAMS 0x0000000593600000, 0x0000000593600000| Untracked 
| 143|0x0000000593800000, 0x0000000593800000, 0x0000000593a00000|  0%| F|  |TAMS 0x0000000593800000, 0x0000000593800000| Untracked 
| 144|0x0000000593a00000, 0x0000000593a00000, 0x0000000593c00000|  0%| F|  |TAMS 0x0000000593a00000, 0x0000000593a00000| Untracked 
| 145|0x0000000593c00000, 0x0000000593c00000, 0x0000000593e00000|  0%| F|  |TAMS 0x0000000593c00000, 0x0000000593c00000| Untracked 
| 146|0x0000000593e00000, 0x0000000593e00000, 0x0000000594000000|  0%| F|  |TAMS 0x0000000593e00000, 0x0000000593e00000| Untracked 
| 147|0x0000000594000000, 0x0000000594000000, 0x0000000594200000|  0%| F|  |TAMS 0x0000000594000000, 0x0000000594000000| Untracked 
| 148|0x0000000594200000, 0x0000000594200000, 0x0000000594400000|  0%| F|  |TAMS 0x0000000594200000, 0x0000000594200000| Untracked 
| 149|0x0000000594400000, 0x0000000594400000, 0x0000000594600000|  0%| F|  |TAMS 0x0000000594400000, 0x0000000594400000| Untracked 
| 150|0x0000000594600000, 0x0000000594600000, 0x0000000594800000|  0%| F|  |TAMS 0x0000000594600000, 0x0000000594600000| Untracked 
| 151|0x0000000594800000, 0x0000000594800000, 0x0000000594a00000|  0%| F|  |TAMS 0x0000000594800000, 0x0000000594800000| Untracked 
| 152|0x0000000594a00000, 0x0000000594a00000, 0x0000000594c00000|  0%| F|  |TAMS 0x0000000594a00000, 0x0000000594a00000| Untracked 
| 153|0x0000000594c00000, 0x0000000594c00000, 0x0000000594e00000|  0%| F|  |TAMS 0x0000000594c00000, 0x0000000594c00000| Untracked 
| 154|0x0000000594e00000, 0x0000000594e00000, 0x0000000595000000|  0%| F|  |TAMS 0x0000000594e00000, 0x0000000594e00000| Untracked 
| 155|0x0000000595000000, 0x0000000595000000, 0x0000000595200000|  0%| F|  |TAMS 0x0000000595000000, 0x0000000595000000| Untracked 
| 156|0x0000000595200000, 0x0000000595200000, 0x0000000595400000|  0%| F|  |TAMS 0x0000000595200000, 0x0000000595200000| Untracked 
| 157|0x0000000595400000, 0x0000000595400000, 0x0000000595600000|  0%| F|  |TAMS 0x0000000595400000, 0x0000000595400000| Untracked 
| 158|0x0000000595600000, 0x0000000595600000, 0x0000000595800000|  0%| F|  |TAMS 0x0000000595600000, 0x0000000595600000| Untracked 
| 159|0x0000000595800000, 0x0000000595800000, 0x0000000595a00000|  0%| F|  |TAMS 0x0000000595800000, 0x0000000595800000| Untracked 
| 160|0x0000000595a00000, 0x0000000595a00000, 0x0000000595c00000|  0%| F|  |TAMS 0x0000000595a00000, 0x0000000595a00000| Untracked 
| 161|0x0000000595c00000, 0x0000000595c00000, 0x0000000595e00000|  0%| F|  |TAMS 0x0000000595c00000, 0x0000000595c00000| Untracked 
| 162|0x0000000595e00000, 0x0000000595e00000, 0x0000000596000000|  0%| F|  |TAMS 0x0000000595e00000, 0x0000000595e00000| Untracked 
| 163|0x0000000596000000, 0x0000000596000000, 0x0000000596200000|  0%| F|  |TAMS 0x0000000596000000, 0x0000000596000000| Untracked 
| 164|0x0000000596200000, 0x0000000596200000, 0x0000000596400000|  0%| F|  |TAMS 0x0000000596200000, 0x0000000596200000| Untracked 
| 165|0x0000000596400000, 0x0000000596400000, 0x0000000596600000|  0%| F|  |TAMS 0x0000000596400000, 0x0000000596400000| Untracked 
| 166|0x0000000596600000, 0x0000000596600000, 0x0000000596800000|  0%| F|  |TAMS 0x0000000596600000, 0x0000000596600000| Untracked 
| 167|0x0000000596800000, 0x0000000596800000, 0x0000000596a00000|  0%| F|  |TAMS 0x0000000596800000, 0x0000000596800000| Untracked 
| 168|0x0000000596a00000, 0x0000000596a00000, 0x0000000596c00000|  0%| F|  |TAMS 0x0000000596a00000, 0x0000000596a00000| Untracked 
| 169|0x0000000596c00000, 0x0000000596c00000, 0x0000000596e00000|  0%| F|  |TAMS 0x0000000596c00000, 0x0000000596c00000| Untracked 
| 170|0x0000000596e00000, 0x0000000596e00000, 0x0000000597000000|  0%| F|  |TAMS 0x0000000596e00000, 0x0000000596e00000| Untracked 
| 171|0x0000000597000000, 0x0000000597000000, 0x0000000597200000|  0%| F|  |TAMS 0x0000000597000000, 0x0000000597000000| Untracked 
| 172|0x0000000597200000, 0x0000000597200000, 0x0000000597400000|  0%| F|  |TAMS 0x0000000597200000, 0x0000000597200000| Untracked 
| 173|0x0000000597400000, 0x0000000597400000, 0x0000000597600000|  0%| F|  |TAMS 0x0000000597400000, 0x0000000597400000| Untracked 
| 174|0x0000000597600000, 0x0000000597600000, 0x0000000597800000|  0%| F|  |TAMS 0x0000000597600000, 0x0000000597600000| Untracked 
| 175|0x0000000597800000, 0x0000000597800000, 0x0000000597a00000|  0%| F|  |TAMS 0x0000000597800000, 0x0000000597800000| Untracked 
| 176|0x0000000597a00000, 0x0000000597a00000, 0x0000000597c00000|  0%| F|  |TAMS 0x0000000597a00000, 0x0000000597a00000| Untracked 
| 177|0x0000000597c00000, 0x0000000597c00000, 0x0000000597e00000|  0%| F|  |TAMS 0x0000000597c00000, 0x0000000597c00000| Untracked 
| 178|0x0000000597e00000, 0x0000000597e00000, 0x0000000598000000|  0%| F|  |TAMS 0x0000000597e00000, 0x0000000597e00000| Untracked 
| 179|0x0000000598000000, 0x0000000598000000, 0x0000000598200000|  0%| F|  |TAMS 0x0000000598000000, 0x0000000598000000| Untracked 
| 180|0x0000000598200000, 0x0000000598200000, 0x0000000598400000|  0%| F|  |TAMS 0x0000000598200000, 0x0000000598200000| Untracked 
| 181|0x0000000598400000, 0x0000000598400000, 0x0000000598600000|  0%| F|  |TAMS 0x0000000598400000, 0x0000000598400000| Untracked 
| 182|0x0000000598600000, 0x0000000598600000, 0x0000000598800000|  0%| F|  |TAMS 0x0000000598600000, 0x0000000598600000| Untracked 
| 183|0x0000000598800000, 0x0000000598800000, 0x0000000598a00000|  0%| F|  |TAMS 0x0000000598800000, 0x0000000598800000| Untracked 
| 184|0x0000000598a00000, 0x0000000598a00000, 0x0000000598c00000|  0%| F|  |TAMS 0x0000000598a00000, 0x0000000598a00000| Untracked 
| 185|0x0000000598c00000, 0x0000000598c00000, 0x0000000598e00000|  0%| F|  |TAMS 0x0000000598c00000, 0x0000000598c00000| Untracked 
| 186|0x0000000598e00000, 0x0000000598e00000, 0x0000000599000000|  0%| F|  |TAMS 0x0000000598e00000, 0x0000000598e00000| Untracked 
| 187|0x0000000599000000, 0x0000000599000000, 0x0000000599200000|  0%| F|  |TAMS 0x0000000599000000, 0x0000000599000000| Untracked 
| 188|0x0000000599200000, 0x0000000599200000, 0x0000000599400000|  0%| F|  |TAMS 0x0000000599200000, 0x0000000599200000| Untracked 
| 189|0x0000000599400000, 0x0000000599400000, 0x0000000599600000|  0%| F|  |TAMS 0x0000000599400000, 0x0000000599400000| Untracked 
| 190|0x0000000599600000, 0x0000000599600000, 0x0000000599800000|  0%| F|  |TAMS 0x0000000599600000, 0x0000000599600000| Untracked 
| 191|0x0000000599800000, 0x0000000599800000, 0x0000000599a00000|  0%| F|  |TAMS 0x0000000599800000, 0x0000000599800000| Untracked 
| 192|0x0000000599a00000, 0x0000000599a00000, 0x0000000599c00000|  0%| F|  |TAMS 0x0000000599a00000, 0x0000000599a00000| Untracked 
| 193|0x0000000599c00000, 0x0000000599c00000, 0x0000000599e00000|  0%| F|  |TAMS 0x0000000599c00000, 0x0000000599c00000| Untracked 
| 194|0x0000000599e00000, 0x0000000599e00000, 0x000000059a000000|  0%| F|  |TAMS 0x0000000599e00000, 0x0000000599e00000| Untracked 
| 195|0x000000059a000000, 0x000000059a000000, 0x000000059a200000|  0%| F|  |TAMS 0x000000059a000000, 0x000000059a000000| Untracked 
| 196|0x000000059a200000, 0x000000059a200000, 0x000000059a400000|  0%| F|  |TAMS 0x000000059a200000, 0x000000059a200000| Untracked 
| 197|0x000000059a400000, 0x000000059a400000, 0x000000059a600000|  0%| F|  |TAMS 0x000000059a400000, 0x000000059a400000| Untracked 
| 198|0x000000059a600000, 0x000000059a600000, 0x000000059a800000|  0%| F|  |TAMS 0x000000059a600000, 0x000000059a600000| Untracked 
| 199|0x000000059a800000, 0x000000059a800000, 0x000000059aa00000|  0%| F|  |TAMS 0x000000059a800000, 0x000000059a800000| Untracked 
| 200|0x000000059aa00000, 0x000000059aa00000, 0x000000059ac00000|  0%| F|  |TAMS 0x000000059aa00000, 0x000000059aa00000| Untracked 
| 201|0x000000059ac00000, 0x000000059ac00000, 0x000000059ae00000|  0%| F|  |TAMS 0x000000059ac00000, 0x000000059ac00000| Untracked 
| 202|0x000000059ae00000, 0x000000059ae00000, 0x000000059b000000|  0%| F|  |TAMS 0x000000059ae00000, 0x000000059ae00000| Untracked 
| 203|0x000000059b000000, 0x000000059b000000, 0x000000059b200000|  0%| F|  |TAMS 0x000000059b000000, 0x000000059b000000| Untracked 
| 204|0x000000059b200000, 0x000000059b200000, 0x000000059b400000|  0%| F|  |TAMS 0x000000059b200000, 0x000000059b200000| Untracked 
| 205|0x000000059b400000, 0x000000059b400000, 0x000000059b600000|  0%| F|  |TAMS 0x000000059b400000, 0x000000059b400000| Untracked 
| 206|0x000000059b600000, 0x000000059b600000, 0x000000059b800000|  0%| F|  |TAMS 0x000000059b600000, 0x000000059b600000| Untracked 
| 207|0x000000059b800000, 0x000000059b800000, 0x000000059ba00000|  0%| F|  |TAMS 0x000000059b800000, 0x000000059b800000| Untracked 
| 208|0x000000059ba00000, 0x000000059ba00000, 0x000000059bc00000|  0%| F|  |TAMS 0x000000059ba00000, 0x000000059ba00000| Untracked 
| 209|0x000000059bc00000, 0x000000059bc00000, 0x000000059be00000|  0%| F|  |TAMS 0x000000059bc00000, 0x000000059bc00000| Untracked 
| 210|0x000000059be00000, 0x000000059be00000, 0x000000059c000000|  0%| F|  |TAMS 0x000000059be00000, 0x000000059be00000| Untracked 
| 211|0x000000059c000000, 0x000000059c000000, 0x000000059c200000|  0%| F|  |TAMS 0x000000059c000000, 0x000000059c000000| Untracked 
| 212|0x000000059c200000, 0x000000059c200000, 0x000000059c400000|  0%| F|  |TAMS 0x000000059c200000, 0x000000059c200000| Untracked 
| 213|0x000000059c400000, 0x000000059c400000, 0x000000059c600000|  0%| F|  |TAMS 0x000000059c400000, 0x000000059c400000| Untracked 
| 214|0x000000059c600000, 0x000000059c600000, 0x000000059c800000|  0%| F|  |TAMS 0x000000059c600000, 0x000000059c600000| Untracked 
| 215|0x000000059c800000, 0x000000059c800000, 0x000000059ca00000|  0%| F|  |TAMS 0x000000059c800000, 0x000000059c800000| Untracked 
| 216|0x000000059ca00000, 0x000000059ca00000, 0x000000059cc00000|  0%| F|  |TAMS 0x000000059ca00000, 0x000000059ca00000| Untracked 
| 217|0x000000059cc00000, 0x000000059cc00000, 0x000000059ce00000|  0%| F|  |TAMS 0x000000059cc00000, 0x000000059cc00000| Untracked 
| 218|0x000000059ce00000, 0x000000059ce00000, 0x000000059d000000|  0%| F|  |TAMS 0x000000059ce00000, 0x000000059ce00000| Untracked 
| 219|0x000000059d000000, 0x000000059d000000, 0x000000059d200000|  0%| F|  |TAMS 0x000000059d000000, 0x000000059d000000| Untracked 
| 220|0x000000059d200000, 0x000000059d200000, 0x000000059d400000|  0%| F|  |TAMS 0x000000059d200000, 0x000000059d200000| Untracked 
| 221|0x000000059d400000, 0x000000059d400000, 0x000000059d600000|  0%| F|  |TAMS 0x000000059d400000, 0x000000059d400000| Untracked 
| 222|0x000000059d600000, 0x000000059d600000, 0x000000059d800000|  0%| F|  |TAMS 0x000000059d600000, 0x000000059d600000| Untracked 
| 223|0x000000059d800000, 0x000000059d800000, 0x000000059da00000|  0%| F|  |TAMS 0x000000059d800000, 0x000000059d800000| Untracked 
| 224|0x000000059da00000, 0x000000059da00000, 0x000000059dc00000|  0%| F|  |TAMS 0x000000059da00000, 0x000000059da00000| Untracked 
| 225|0x000000059dc00000, 0x000000059dc00000, 0x000000059de00000|  0%| F|  |TAMS 0x000000059dc00000, 0x000000059dc00000| Untracked 
| 226|0x000000059de00000, 0x000000059de00000, 0x000000059e000000|  0%| F|  |TAMS 0x000000059de00000, 0x000000059de00000| Untracked 
| 227|0x000000059e000000, 0x000000059e000000, 0x000000059e200000|  0%| F|  |TAMS 0x000000059e000000, 0x000000059e000000| Untracked 
| 228|0x000000059e200000, 0x000000059e200000, 0x000000059e400000|  0%| F|  |TAMS 0x000000059e200000, 0x000000059e200000| Untracked 
| 229|0x000000059e400000, 0x000000059e400000, 0x000000059e600000|  0%| F|  |TAMS 0x000000059e400000, 0x000000059e400000| Untracked 
| 230|0x000000059e600000, 0x000000059e600000, 0x000000059e800000|  0%| F|  |TAMS 0x000000059e600000, 0x000000059e600000| Untracked 
| 231|0x000000059e800000, 0x000000059e800000, 0x000000059ea00000|  0%| F|  |TAMS 0x000000059e800000, 0x000000059e800000| Untracked 
| 232|0x000000059ea00000, 0x000000059ea00000, 0x000000059ec00000|  0%| F|  |TAMS 0x000000059ea00000, 0x000000059ea00000| Untracked 
| 233|0x000000059ec00000, 0x000000059ec00000, 0x000000059ee00000|  0%| F|  |TAMS 0x000000059ec00000, 0x000000059ec00000| Untracked 
| 234|0x000000059ee00000, 0x000000059ee00000, 0x000000059f000000|  0%| F|  |TAMS 0x000000059ee00000, 0x000000059ee00000| Untracked 
| 235|0x000000059f000000, 0x000000059f000000, 0x000000059f200000|  0%| F|  |TAMS 0x000000059f000000, 0x000000059f000000| Untracked 
| 236|0x000000059f200000, 0x000000059f200000, 0x000000059f400000|  0%| F|  |TAMS 0x000000059f200000, 0x000000059f200000| Untracked 
| 237|0x000000059f400000, 0x000000059f400000, 0x000000059f600000|  0%| F|  |TAMS 0x000000059f400000, 0x000000059f400000| Untracked 
| 238|0x000000059f600000, 0x000000059f600000, 0x000000059f800000|  0%| F|  |TAMS 0x000000059f600000, 0x000000059f600000| Untracked 
| 239|0x000000059f800000, 0x000000059f800000, 0x000000059fa00000|  0%| F|  |TAMS 0x000000059f800000, 0x000000059f800000| Untracked 
| 240|0x000000059fa00000, 0x000000059fa00000, 0x000000059fc00000|  0%| F|  |TAMS 0x000000059fa00000, 0x000000059fa00000| Untracked 
| 241|0x000000059fc00000, 0x000000059fd70d00, 0x000000059fe00000| 72%| S|CS|TAMS 0x000000059fc00000, 0x000000059fc00000| Complete 
| 242|0x000000059fe00000, 0x00000005a0000000, 0x00000005a0000000|100%| S|CS|TAMS 0x000000059fe00000, 0x000000059fe00000| Complete 
| 243|0x00000005a0000000, 0x00000005a0200000, 0x00000005a0200000|100%| S|CS|TAMS 0x00000005a0000000, 0x00000005a0000000| Complete 
| 244|0x00000005a0200000, 0x00000005a0400000, 0x00000005a0400000|100%| S|CS|TAMS 0x00000005a0200000, 0x00000005a0200000| Complete 
| 245|0x00000005a0400000, 0x00000005a0600000, 0x00000005a0600000|100%| S|CS|TAMS 0x00000005a0400000, 0x00000005a0400000| Complete 
| 246|0x00000005a0600000, 0x00000005a0800000, 0x00000005a0800000|100%| S|CS|TAMS 0x00000005a0600000, 0x00000005a0600000| Complete 
| 247|0x00000005a0800000, 0x00000005a0a00000, 0x00000005a0a00000|100%| S|CS|TAMS 0x00000005a0800000, 0x00000005a0800000| Complete 
| 248|0x00000005a0a00000, 0x00000005a0c00000, 0x00000005a0c00000|100%| S|CS|TAMS 0x00000005a0a00000, 0x00000005a0a00000| Complete 
| 249|0x00000005a0c00000, 0x00000005a0e00000, 0x00000005a0e00000|100%| S|CS|TAMS 0x00000005a0c00000, 0x00000005a0c00000| Complete 
| 250|0x00000005a0e00000, 0x00000005a0e00000, 0x00000005a1000000|  0%| F|  |TAMS 0x00000005a0e00000, 0x00000005a0e00000| Untracked 
| 251|0x00000005a1000000, 0x00000005a1000000, 0x00000005a1200000|  0%| F|  |TAMS 0x00000005a1000000, 0x00000005a1000000| Untracked 
| 252|0x00000005a1200000, 0x00000005a1200000, 0x00000005a1400000|  0%| F|  |TAMS 0x00000005a1200000, 0x00000005a1200000| Untracked 
| 253|0x00000005a1400000, 0x00000005a1400000, 0x00000005a1600000|  0%| F|  |TAMS 0x00000005a1400000, 0x00000005a1400000| Untracked 
| 254|0x00000005a1600000, 0x00000005a16c8208, 0x00000005a1800000| 39%| E|  |TAMS 0x00000005a1600000, 0x00000005a1600000| Complete 
| 255|0x00000005a1800000, 0x00000005a1a00000, 0x00000005a1a00000|100%| E|CS|TAMS 0x00000005a1800000, 0x00000005a1800000| Complete 
| 256|0x00000005a1a00000, 0x00000005a1c00000, 0x00000005a1c00000|100%| E|CS|TAMS 0x00000005a1a00000, 0x00000005a1a00000| Complete 
| 257|0x00000005a1c00000, 0x00000005a1e00000, 0x00000005a1e00000|100%| E|CS|TAMS 0x00000005a1c00000, 0x00000005a1c00000| Complete 
| 258|0x00000005a1e00000, 0x00000005a2000000, 0x00000005a2000000|100%| E|CS|TAMS 0x00000005a1e00000, 0x00000005a1e00000| Complete 
| 259|0x00000005a2000000, 0x00000005a2200000, 0x00000005a2200000|100%| E|CS|TAMS 0x00000005a2000000, 0x00000005a2000000| Complete 
| 260|0x00000005a2200000, 0x00000005a2400000, 0x00000005a2400000|100%| E|CS|TAMS 0x00000005a2200000, 0x00000005a2200000| Complete 
| 261|0x00000005a2400000, 0x00000005a2600000, 0x00000005a2600000|100%| E|CS|TAMS 0x00000005a2400000, 0x00000005a2400000| Complete 
| 262|0x00000005a2600000, 0x00000005a2800000, 0x00000005a2800000|100%| E|CS|TAMS 0x00000005a2600000, 0x00000005a2600000| Complete 
| 263|0x00000005a2800000, 0x00000005a2a00000, 0x00000005a2a00000|100%| E|CS|TAMS 0x00000005a2800000, 0x00000005a2800000| Complete 
| 264|0x00000005a2a00000, 0x00000005a2c00000, 0x00000005a2c00000|100%| E|CS|TAMS 0x00000005a2a00000, 0x00000005a2a00000| Complete 
| 265|0x00000005a2c00000, 0x00000005a2e00000, 0x00000005a2e00000|100%| E|CS|TAMS 0x00000005a2c00000, 0x00000005a2c00000| Complete 
| 266|0x00000005a2e00000, 0x00000005a3000000, 0x00000005a3000000|100%| E|CS|TAMS 0x00000005a2e00000, 0x00000005a2e00000| Complete 
| 267|0x00000005a3000000, 0x00000005a3200000, 0x00000005a3200000|100%| E|CS|TAMS 0x00000005a3000000, 0x00000005a3000000| Complete 
| 268|0x00000005a3200000, 0x00000005a3400000, 0x00000005a3400000|100%| E|CS|TAMS 0x00000005a3200000, 0x00000005a3200000| Complete 
| 269|0x00000005a3400000, 0x00000005a3600000, 0x00000005a3600000|100%| E|CS|TAMS 0x00000005a3400000, 0x00000005a3400000| Complete 
| 270|0x00000005a3600000, 0x00000005a3800000, 0x00000005a3800000|100%| E|CS|TAMS 0x00000005a3600000, 0x00000005a3600000| Complete 
| 271|0x00000005a3800000, 0x00000005a3a00000, 0x00000005a3a00000|100%| E|CS|TAMS 0x00000005a3800000, 0x00000005a3800000| Complete 
| 272|0x00000005a3a00000, 0x00000005a3c00000, 0x00000005a3c00000|100%| E|  |TAMS 0x00000005a3a00000, 0x00000005a3a00000| Complete 
| 273|0x00000005a3c00000, 0x00000005a3e00000, 0x00000005a3e00000|100%| E|CS|TAMS 0x00000005a3c00000, 0x00000005a3c00000| Complete 
| 274|0x00000005a3e00000, 0x00000005a4000000, 0x00000005a4000000|100%| E|CS|TAMS 0x00000005a3e00000, 0x00000005a3e00000| Complete 
| 275|0x00000005a4000000, 0x00000005a4200000, 0x00000005a4200000|100%| E|CS|TAMS 0x00000005a4000000, 0x00000005a4000000| Complete 
| 276|0x00000005a4200000, 0x00000005a4400000, 0x00000005a4400000|100%| E|CS|TAMS 0x00000005a4200000, 0x00000005a4200000| Complete 
| 277|0x00000005a4400000, 0x00000005a4600000, 0x00000005a4600000|100%| E|CS|TAMS 0x00000005a4400000, 0x00000005a4400000| Complete 
| 278|0x00000005a4600000, 0x00000005a4800000, 0x00000005a4800000|100%| E|CS|TAMS 0x00000005a4600000, 0x00000005a4600000| Complete 
| 279|0x00000005a4800000, 0x00000005a4a00000, 0x00000005a4a00000|100%| E|CS|TAMS 0x00000005a4800000, 0x00000005a4800000| Complete 
| 280|0x00000005a4a00000, 0x00000005a4c00000, 0x00000005a4c00000|100%| E|CS|TAMS 0x00000005a4a00000, 0x00000005a4a00000| Complete 
| 281|0x00000005a4c00000, 0x00000005a4e00000, 0x00000005a4e00000|100%| E|CS|TAMS 0x00000005a4c00000, 0x00000005a4c00000| Complete 
| 282|0x00000005a4e00000, 0x00000005a5000000, 0x00000005a5000000|100%| E|CS|TAMS 0x00000005a4e00000, 0x00000005a4e00000| Complete 
| 283|0x00000005a5000000, 0x00000005a5200000, 0x00000005a5200000|100%| E|CS|TAMS 0x00000005a5000000, 0x00000005a5000000| Complete 
| 284|0x00000005a5200000, 0x00000005a5400000, 0x00000005a5400000|100%| E|CS|TAMS 0x00000005a5200000, 0x00000005a5200000| Complete 
| 285|0x00000005a5400000, 0x00000005a5600000, 0x00000005a5600000|100%| E|CS|TAMS 0x00000005a5400000, 0x00000005a5400000| Complete 
| 286|0x00000005a5600000, 0x00000005a5800000, 0x00000005a5800000|100%| E|CS|TAMS 0x00000005a5600000, 0x00000005a5600000| Complete 
| 287|0x00000005a5800000, 0x00000005a5a00000, 0x00000005a5a00000|100%| E|CS|TAMS 0x00000005a5800000, 0x00000005a5800000| Complete 
| 288|0x00000005a5a00000, 0x00000005a5c00000, 0x00000005a5c00000|100%| E|CS|TAMS 0x00000005a5a00000, 0x00000005a5a00000| Complete 
| 289|0x00000005a5c00000, 0x00000005a5e00000, 0x00000005a5e00000|100%| E|CS|TAMS 0x00000005a5c00000, 0x00000005a5c00000| Complete 
| 290|0x00000005a5e00000, 0x00000005a6000000, 0x00000005a6000000|100%| E|CS|TAMS 0x00000005a5e00000, 0x00000005a5e00000| Complete 
| 291|0x00000005a6000000, 0x00000005a6200000, 0x00000005a6200000|100%| E|CS|TAMS 0x00000005a6000000, 0x00000005a6000000| Complete 
| 292|0x00000005a6200000, 0x00000005a6400000, 0x00000005a6400000|100%| E|CS|TAMS 0x00000005a6200000, 0x00000005a6200000| Complete 
| 293|0x00000005a6400000, 0x00000005a6600000, 0x00000005a6600000|100%| E|CS|TAMS 0x00000005a6400000, 0x00000005a6400000| Complete 
| 294|0x00000005a6600000, 0x00000005a6800000, 0x00000005a6800000|100%| E|CS|TAMS 0x00000005a6600000, 0x00000005a6600000| Complete 
| 295|0x00000005a6800000, 0x00000005a6a00000, 0x00000005a6a00000|100%| E|CS|TAMS 0x00000005a6800000, 0x00000005a6800000| Complete 
| 296|0x00000005a6a00000, 0x00000005a6c00000, 0x00000005a6c00000|100%| E|CS|TAMS 0x00000005a6a00000, 0x00000005a6a00000| Complete 
| 297|0x00000005a6c00000, 0x00000005a6e00000, 0x00000005a6e00000|100%| E|CS|TAMS 0x00000005a6c00000, 0x00000005a6c00000| Complete 
| 298|0x00000005a6e00000, 0x00000005a7000000, 0x00000005a7000000|100%| E|CS|TAMS 0x00000005a6e00000, 0x00000005a6e00000| Complete 
| 299|0x00000005a7000000, 0x00000005a7200000, 0x00000005a7200000|100%| E|CS|TAMS 0x00000005a7000000, 0x00000005a7000000| Complete 
| 300|0x00000005a7200000, 0x00000005a7400000, 0x00000005a7400000|100%| E|CS|TAMS 0x00000005a7200000, 0x00000005a7200000| Complete 
| 301|0x00000005a7400000, 0x00000005a7600000, 0x00000005a7600000|100%| E|CS|TAMS 0x00000005a7400000, 0x00000005a7400000| Complete 
| 302|0x00000005a7600000, 0x00000005a7800000, 0x00000005a7800000|100%| E|CS|TAMS 0x00000005a7600000, 0x00000005a7600000| Complete 
| 303|0x00000005a7800000, 0x00000005a7a00000, 0x00000005a7a00000|100%| E|CS|TAMS 0x00000005a7800000, 0x00000005a7800000| Complete 
| 304|0x00000005a7a00000, 0x00000005a7c00000, 0x00000005a7c00000|100%| E|CS|TAMS 0x00000005a7a00000, 0x00000005a7a00000| Complete 
| 305|0x00000005a7c00000, 0x00000005a7e00000, 0x00000005a7e00000|100%| E|CS|TAMS 0x00000005a7c00000, 0x00000005a7c00000| Complete 
| 306|0x00000005a7e00000, 0x00000005a8000000, 0x00000005a8000000|100%| E|CS|TAMS 0x00000005a7e00000, 0x00000005a7e00000| Complete 
| 307|0x00000005a8000000, 0x00000005a8200000, 0x00000005a8200000|100%| E|CS|TAMS 0x00000005a8000000, 0x00000005a8000000| Complete 
| 308|0x00000005a8200000, 0x00000005a8400000, 0x00000005a8400000|100%| E|CS|TAMS 0x00000005a8200000, 0x00000005a8200000| Complete 
| 309|0x00000005a8400000, 0x00000005a8600000, 0x00000005a8600000|100%| E|CS|TAMS 0x00000005a8400000, 0x00000005a8400000| Complete 
| 310|0x00000005a8600000, 0x00000005a8800000, 0x00000005a8800000|100%| E|CS|TAMS 0x00000005a8600000, 0x00000005a8600000| Complete 
| 311|0x00000005a8800000, 0x00000005a8a00000, 0x00000005a8a00000|100%| E|CS|TAMS 0x00000005a8800000, 0x00000005a8800000| Complete 
| 312|0x00000005a8a00000, 0x00000005a8c00000, 0x00000005a8c00000|100%| E|CS|TAMS 0x00000005a8a00000, 0x00000005a8a00000| Complete 
| 313|0x00000005a8c00000, 0x00000005a8e00000, 0x00000005a8e00000|100%| E|CS|TAMS 0x00000005a8c00000, 0x00000005a8c00000| Complete 
| 314|0x00000005a8e00000, 0x00000005a9000000, 0x00000005a9000000|100%| E|CS|TAMS 0x00000005a8e00000, 0x00000005a8e00000| Complete 
| 315|0x00000005a9000000, 0x00000005a9200000, 0x00000005a9200000|100%| E|CS|TAMS 0x00000005a9000000, 0x00000005a9000000| Complete 
| 316|0x00000005a9200000, 0x00000005a9400000, 0x00000005a9400000|100%| E|CS|TAMS 0x00000005a9200000, 0x00000005a9200000| Complete 
| 317|0x00000005a9400000, 0x00000005a9600000, 0x00000005a9600000|100%| E|CS|TAMS 0x00000005a9400000, 0x00000005a9400000| Complete 
| 318|0x00000005a9600000, 0x00000005a9800000, 0x00000005a9800000|100%| E|CS|TAMS 0x00000005a9600000, 0x00000005a9600000| Complete 
| 319|0x00000005a9800000, 0x00000005a9a00000, 0x00000005a9a00000|100%| E|CS|TAMS 0x00000005a9800000, 0x00000005a9800000| Complete 

Card table byte_map: [0x000002a26c200000,0x000002a26d600000] _byte_map_base: 0x000002a2695f3000

Marking Bits (Prev, Next): (CMBitMap*) 0x000002a253644858, (CMBitMap*) 0x000002a253644890
 Prev Bits: [0x000002a26ea00000, 0x000002a278998000)
 Next Bits: [0x000002a200000000, 0x000002a209f98000)

Polling page: 0x000002a251320000

Metaspace:

Usage:
  Non-class:     64.15 MB capacity,    62.93 MB ( 98%) used,   970.82 KB (  1%) free+waste,   274.94 KB ( <1%) overhead. 
      Class:      8.80 MB capacity,     7.95 MB ( 90%) used,   743.67 KB (  8%) free+waste,   129.88 KB (  1%) overhead. 
       Both:     72.95 MB capacity,    70.88 MB ( 97%) used,     1.67 MB (  2%) free+waste,   404.81 KB ( <1%) overhead. 

Virtual space:
  Non-class space:       66.00 MB reserved,      64.25 MB ( 97%) committed 
      Class space:        1.00 GB reserved,       8.88 MB ( <1%) committed 
             Both:        1.06 GB reserved,      73.13 MB (  7%) committed 

Chunk freelists:
   Non-Class:  4.88 KB
       Class:  1.13 KB
        Both:  6.00 KB

CodeHeap 'non-profiled nmethods': size=120000Kb used=4873Kb max_used=4873Kb free=115126Kb
 bounds [0x000002a263380000, 0x000002a263850000, 0x000002a26a8b0000]
CodeHeap 'profiled nmethods': size=120000Kb used=18712Kb max_used=18712Kb free=101288Kb
 bounds [0x000002a25be50000, 0x000002a25d0b0000, 0x000002a263380000]
CodeHeap 'non-nmethods': size=5760Kb used=1487Kb max_used=1560Kb free=4272Kb
 bounds [0x000002a25b8b0000, 0x000002a25bb20000, 0x000002a25be50000]
 total_blobs=11330 nmethods=7708 adapters=885
 compilation: enabled
              stopped_count=0, restarted_count=0
 full_count=0

Compilation events (10 events):
Event: 18.757 Thread 0x000002a219c17800 nmethod 8468% 0x000002a26383b610 code [0x000002a26383b7e0, 0x000002a26383bfb8]
Event: 18.777 Thread 0x000002a27b9e3800 8469       4       ga::r (87 bytes)
Event: 18.779 Thread 0x000002a27b9e3800 nmethod 8469 0x000002a26383c590 code [0x000002a26383c720, 0x000002a26383c8f8]
Event: 18.789 Thread 0x000002a2183f8000 8470 % !   4       bt::k @ 742 (1316 bytes)
Event: 18.797 Thread 0x000002a27b9e7000 8471       3       dx::ap (324 bytes)
Event: 18.797 Thread 0x000002a27b9e7000 nmethod 8471 0x000002a25d09ca90 code [0x000002a25d09cd00, 0x000002a25d09d778]
Event: 18.802 Thread 0x000002a2183f8000 nmethod 8470% 0x000002a26383ca10 code [0x000002a26383cbc0, 0x000002a26383d538]
Event: 18.810 Thread 0x000002a219c17800 8472 % !   4       bt::k @ 175 (1316 bytes)
Event: 18.817 Thread 0x000002a27b9e3800 8473 %     4       dx::bn @ 201 (413 bytes)
Event: 18.823 Thread 0x000002a27b9e3800 nmethod 8473% 0x000002a26383d890 code [0x000002a26383da40, 0x000002a26383e4d8]

GC Heap History (10 events):
Event: 1.830 GC heap before
{Heap before GC invocations=3 (full 0):
 garbage-first heap   total 655360K, used 33948K [0x0000000581a00000, 0x0000000800000000)
  region size 2048K, 16 young (32768K), 3 survivors (6144K)
 Metaspace       used 30444K, capacity 31042K, committed 31232K, reserved 1077248K
  class space    used 3299K, capacity 3542K, committed 3584K, reserved 1048576K
}
Event: 1.834 GC heap after
{Heap after GC invocations=4 (full 0):
 garbage-first heap   total 655360K, used 9836K [0x0000000581a00000, 0x0000000800000000)
  region size 2048K, 2 young (4096K), 2 survivors (4096K)
 Metaspace       used 30444K, capacity 31042K, committed 31232K, reserved 1077248K
  class space    used 3299K, capacity 3542K, committed 3584K, reserved 1048576K
}
Event: 2.441 GC heap before
{Heap before GC invocations=4 (full 0):
 garbage-first heap   total 655360K, used 22124K [0x0000000581a00000, 0x0000000800000000)
  region size 2048K, 10 young (20480K), 2 survivors (4096K)
 Metaspace       used 35056K, capacity 35677K, committed 35840K, reserved 1081344K
  class space    used 3717K, capacity 3998K, committed 4096K, reserved 1048576K
}
Event: 2.444 GC heap after
{Heap after GC invocations=5 (full 0):
 garbage-first heap   total 655360K, used 10695K [0x0000000581a00000, 0x0000000800000000)
  region size 2048K, 2 young (4096K), 2 survivors (4096K)
 Metaspace       used 35056K, capacity 35677K, committed 35840K, reserved 1081344K
  class space    used 3717K, capacity 3998K, committed 4096K, reserved 1048576K
}
Event: 3.759 GC heap before
{Heap before GC invocations=6 (full 0):
 garbage-first heap   total 655360K, used 102855K [0x0000000581a00000, 0x0000000800000000)
  region size 2048K, 47 young (96256K), 2 survivors (4096K)
 Metaspace       used 52296K, capacity 52997K, committed 53248K, reserved 1095680K
  class space    used 5790K, capacity 6106K, committed 6144K, reserved 1048576K
}
Event: 3.767 GC heap after
{Heap after GC invocations=7 (full 0):
 garbage-first heap   total 655360K, used 22287K [0x0000000581a00000, 0x0000000800000000)
  region size 2048K, 6 young (12288K), 6 survivors (12288K)
 Metaspace       used 52296K, capacity 52997K, committed 53248K, reserved 1095680K
  class space    used 5790K, capacity 6106K, committed 6144K, reserved 1048576K
}
Event: 14.558 GC heap before
{Heap before GC invocations=7 (full 0):
 garbage-first heap   total 655360K, used 98063K [0x0000000581a00000, 0x0000000800000000)
  region size 2048K, 44 young (90112K), 6 survivors (12288K)
 Metaspace       used 59188K, capacity 60040K, committed 60160K, reserved 1101824K
  class space    used 6468K, capacity 6851K, committed 6912K, reserved 1048576K
}
Event: 14.569 GC heap after
{Heap after GC invocations=8 (full 0):
 garbage-first heap   total 655360K, used 33458K [0x0000000581a00000, 0x0000000800000000)
  region size 2048K, 7 young (14336K), 7 survivors (14336K)
 Metaspace       used 59188K, capacity 60040K, committed 60160K, reserved 1101824K
  class space    used 6468K, capacity 6851K, committed 6912K, reserved 1048576K
}
Event: 15.699 GC heap before
{Heap before GC invocations=9 (full 0):
 garbage-first heap   total 655360K, used 166578K [0x0000000581a00000, 0x0000000800000000)
  region size 2048K, 70 young (143360K), 7 survivors (14336K)
 Metaspace       used 67350K, capacity 69009K, committed 69376K, reserved 1110016K
  class space    used 7630K, capacity 8329K, committed 8448K, reserved 1048576K
}
Event: 15.714 GC heap after
{Heap after GC invocations=10 (full 0):
 garbage-first heap   total 655360K, used 55192K [0x0000000581a00000, 0x0000000800000000)
  region size 2048K, 9 young (18432K), 9 survivors (18432K)
 Metaspace       used 67350K, capacity 69009K, committed 69376K, reserved 1110016K
  class space    used 7630K, capacity 8329K, committed 8448K, reserved 1048576K
}

Deoptimization events (10 events):
Event: 18.550 Thread 0x000002a218848800 Uncommon trap: reason=profile_predicate action=maybe_recompile pc=0x000002a2638278bc method=bt.k(II)V @ 919 c2
Event: 18.587 Thread 0x000002a21625b800 Uncommon trap: reason=unstable_if action=reinterpret pc=0x000002a263766bbc method=fb.fm()V @ 8 c2
Event: 18.589 Thread 0x000002a218848800 Uncommon trap: reason=profile_predicate action=maybe_recompile pc=0x000002a2638278bc method=bt.k(II)V @ 919 c2
Event: 18.630 Thread 0x000002a218848800 Uncommon trap: reason=profile_predicate action=maybe_recompile pc=0x000002a263833108 method=bt.k(II)V @ 919 c2
Event: 18.670 Thread 0x000002a218848800 Uncommon trap: reason=profile_predicate action=maybe_recompile pc=0x000002a263833108 method=bt.k(II)V @ 919 c2
Event: 18.670 Thread 0x000002a218848800 Uncommon trap: reason=profile_predicate action=maybe_recompile pc=0x000002a263836494 method=bt.k(II)V @ 1142 c2
Event: 18.710 Thread 0x000002a218848800 Uncommon trap: reason=profile_predicate action=maybe_recompile pc=0x000002a2638278bc method=bt.k(II)V @ 919 c2
Event: 18.711 Thread 0x000002a218848800 Uncommon trap: reason=profile_predicate action=maybe_recompile pc=0x000002a263836494 method=bt.k(II)V @ 1142 c2
Event: 18.750 Thread 0x000002a218848800 Uncommon trap: reason=profile_predicate action=maybe_recompile pc=0x000002a263838bf8 method=bt.k(II)V @ 882 c2
Event: 18.789 Thread 0x000002a218848800 Uncommon trap: reason=profile_predicate action=maybe_recompile pc=0x000002a263838bf8 method=bt.k(II)V @ 882 c2

Classes redefined (0 events):
No events

Internal exceptions (10 events):
Event: 16.796 Thread 0x000002a27cf87800 Exception <a 'java/lang/NoSuchMethodError'{0x00000005a40bead8}: java.lang.invoke.DelegatingMethodHandle$Holder.reinvoke_L(Ljava/lang/Object;Ljava/lang/Object;Ljava/lang/Object;Ljava/lang/Object;Ljava/lang/Object;ILjava/lang/Object;Ljava/lang/Object;Ljava/
Event: 16.799 Thread 0x000002a27cf87800 Exception <a 'java/lang/NoSuchMethodError'{0x00000005a410a2b8}: java.lang.invoke.DirectMethodHandle$Holder.invokeStatic(Ljava/lang/Object;Ljava/lang/Object;Ljava/lang/Object;Ljava/lang/Object;Ljava/lang/Object;Ljava/lang/Object;Ljava/lang/Object;Ljava/lan
Event: 16.800 Thread 0x000002a218848800 Exception <a 'java/lang/NullPointerException'{0x00000005a6b70200}> (0x00000005a6b70200) thrown at [t:/workspace/open/src/hotspot/share/interpreter/linkResolver.cpp, line 1354]
Event: 16.801 Thread 0x000002a27cf87800 Exception <a 'java/lang/NoSuchMethodError'{0x00000005a4116750}: java.lang.invoke.DirectMethodHandle$Holder.invokeStatic(Ljava/lang/Object;Ljava/lang/Object;Ljava/lang/Object;Ljava/lang/Object;Ljava/lang/Object;Ljava/lang/Object;Ljava/lang/Object;Ljava/lan
Event: 16.802 Thread 0x000002a27cf87800 Exception <a 'java/lang/NoSuchMethodError'{0x00000005a4122fd0}: java.lang.invoke.DirectMethodHandle$Holder.invokeStatic(Ljava/lang/Object;Ljava/lang/Object;Ljava/lang/Object;Ljava/lang/Object;Ljava/lang/Object;Ljava/lang/Object;Ljava/lang/Object;Ljava/lan
Event: 16.897 Thread 0x000002a21625a800 Exception <a 'java/lang/NoSuchMethodError'{0x00000005a4521170}: java.lang.invoke.DirectMethodHandle$Holder.invokeSpecial(Ljava/lang/Object;Ljava/lang/Object;Ljava/lang/Object;Ljava/lang/Object;FF)V> (0x00000005a4521170) thrown at [t:/workspace/open/src/ho
Event: 16.916 Thread 0x000002a218848800 Exception <a 'java/lang/NullPointerException'{0x00000005a6ba3270}> (0x00000005a6ba3270) thrown at [t:/workspace/open/src/hotspot/share/interpreter/linkResolver.cpp, line 1354]
Event: 16.982 Thread 0x000002a218848800 Exception <a 'java/lang/NullPointerException'{0x00000005a6ba93f0}> (0x00000005a6ba93f0) thrown at [t:/workspace/open/src/hotspot/share/interpreter/linkResolver.cpp, line 1354]
Event: 17.198 Thread 0x000002a218848800 Implicit null exception at 0x000002a26374a07b to 0x000002a26374a206
Event: 18.181 Thread 0x000002a218848800 Implicit null exception at 0x000002a2633b949c to 0x000002a2633b960e

Events (10 events):
Event: 18.751 Thread 0x000002a218848800 DEOPT UNPACKING pc=0x000002a25b8d8fce sp=0x000000e84132e350 mode 0
Event: 18.776 Thread 0x000002a21625b800 DEOPT PACKING pc=0x000002a25ce49671 sp=0x000000e84432e940
Event: 18.776 Thread 0x000002a21625b800 DEOPT UNPACKING pc=0x000002a25b8d8fce sp=0x000000e84432ddc8 mode 0
Event: 18.789 Thread 0x000002a218848800 Uncommon trap: trap_request=0xffffffbe fr.pc=0x000002a263838bf8 relative=0x0000000000001938
Event: 18.789 Thread 0x000002a218848800 DEOPT PACKING pc=0x000002a263838bf8 sp=0x000000e84132eed0
Event: 18.789 Thread 0x000002a218848800 DEOPT UNPACKING pc=0x000002a25b8d91af sp=0x000000e84132ee50 mode 2
Event: 18.789 Thread 0x000002a218848800 DEOPT PACKING pc=0x000002a25d05fb61 sp=0x000000e84132ed20
Event: 18.789 Thread 0x000002a218848800 DEOPT UNPACKING pc=0x000002a25b8d8fce sp=0x000000e84132e340 mode 0
Event: 18.831 Thread 0x000002a218848800 DEOPT PACKING pc=0x000002a25d06ebad sp=0x000000e84132ed10
Event: 18.831 Thread 0x000002a218848800 DEOPT UNPACKING pc=0x000002a25b8d8fce sp=0x000000e84132e350 mode 0


Dynamic libraries:
0x00007ff6167b0000 - 0x00007ff6167f5000 	C:\Program Files\Java\jdk-11.0.2\bin\java.exe
0x00007ffa74f60000 - 0x00007ffa75150000 	C:\WINDOWS\SYSTEM32\ntdll.dll
0x00007ffa73480000 - 0x00007ffa73532000 	C:\WINDOWS\System32\KERNEL32.DLL
0x00007ffa72670000 - 0x00007ffa72913000 	C:\WINDOWS\System32\KERNELBASE.dll
0x00007ffa74690000 - 0x00007ffa74824000 	C:\WINDOWS\System32\USER32.dll
0x00007ffa72cf0000 - 0x00007ffa72d11000 	C:\WINDOWS\System32\win32u.dll
0x00007ffa73840000 - 0x00007ffa73866000 	C:\WINDOWS\System32\GDI32.dll
0x00007ffa72e70000 - 0x00007ffa73004000 	C:\WINDOWS\System32\gdi32full.dll
0x00007ffa729a0000 - 0x00007ffa72a3e000 	C:\WINDOWS\System32\msvcp_win.dll
0x00007ffa72bf0000 - 0x00007ffa72cea000 	C:\WINDOWS\System32\ucrtbase.dll
0x00007ffa5ec40000 - 0x00007ffa5eec5000 	C:\WINDOWS\WinSxS\amd64_microsoft.windows.common-controls_6595b64144ccf1df_6.0.18362.657_none_e6c5b579130e3898\COMCTL32.dll
0x00007ffa740a0000 - 0x00007ffa7413e000 	C:\WINDOWS\System32\msvcrt.dll
0x00007ffa74140000 - 0x00007ffa74476000 	C:\WINDOWS\System32\combase.dll
0x00007ffa74d60000 - 0x00007ffa74e80000 	C:\WINDOWS\System32\RPCRT4.dll
0x00007ffa72df0000 - 0x00007ffa72e70000 	C:\WINDOWS\System32\bcryptPrimitives.dll
0x00007ffa74e80000 - 0x00007ffa74eae000 	C:\WINDOWS\System32\IMM32.DLL
0x00007ffa5dad0000 - 0x00007ffa5dae6000 	C:\Program Files\Java\jdk-11.0.2\bin\vcruntime140.dll
0x00007ffa413d0000 - 0x00007ffa4147a000 	C:\Program Files\Java\jdk-11.0.2\bin\msvcp140.dll
0x00007ffa32180000 - 0x00007ffa32ca3000 	C:\Program Files\Java\jdk-11.0.2\bin\server\jvm.dll
0x00007ffa73790000 - 0x00007ffa73833000 	C:\WINDOWS\System32\ADVAPI32.dll
0x00007ffa745f0000 - 0x00007ffa74687000 	C:\WINDOWS\System32\sechost.dll
0x00007ffa74010000 - 0x00007ffa74018000 	C:\WINDOWS\System32\PSAPI.DLL
0x00007ffa6fc90000 - 0x00007ffa6fcb4000 	C:\WINDOWS\SYSTEM32\WINMM.dll
0x00007ffa6ac00000 - 0x00007ffa6ac0a000 	C:\WINDOWS\SYSTEM32\VERSION.dll
0x00007ffa5a9b0000 - 0x00007ffa5a9b9000 	C:\WINDOWS\SYSTEM32\WSOCK32.dll
0x00007ffa748f0000 - 0x00007ffa7495f000 	C:\WINDOWS\System32\WS2_32.dll
0x00007ffa6e820000 - 0x00007ffa6e84d000 	C:\WINDOWS\SYSTEM32\winmmbase.dll
0x00007ffa72950000 - 0x00007ffa7299a000 	C:\WINDOWS\System32\cfgmgr32.dll
0x00007ffa71ed0000 - 0x00007ffa71ee1000 	C:\WINDOWS\System32\kernel.appcore.dll
0x00007ffa57b40000 - 0x00007ffa57b51000 	C:\Program Files\Java\jdk-11.0.2\bin\verify.dll
0x00007ffa52990000 - 0x00007ffa52b84000 	C:\WINDOWS\SYSTEM32\DBGHELP.DLL
0x00007ffa52960000 - 0x00007ffa5298a000 	C:\WINDOWS\SYSTEM32\dbgcore.DLL
0x00007ffa533c0000 - 0x00007ffa533e8000 	C:\Program Files\Java\jdk-11.0.2\bin\java.dll
0x00007ffa57b20000 - 0x00007ffa57b36000 	C:\Program Files\Java\jdk-11.0.2\bin\zip.dll
0x00007ffa61ba0000 - 0x00007ffa61baa000 	C:\Program Files\Java\jdk-11.0.2\bin\jimage.dll
0x00007ffa73870000 - 0x00007ffa73f55000 	C:\WINDOWS\System32\SHELL32.dll
0x00007ffa73f60000 - 0x00007ffa74009000 	C:\WINDOWS\System32\shcore.dll
0x00007ffa71ef0000 - 0x00007ffa7266f000 	C:\WINDOWS\System32\windows.storage.dll
0x00007ffa71eb0000 - 0x00007ffa71ecf000 	C:\WINDOWS\System32\profapi.dll
0x00007ffa71e60000 - 0x00007ffa71eaa000 	C:\WINDOWS\System32\powrprof.dll
0x00007ffa71e30000 - 0x00007ffa71e40000 	C:\WINDOWS\System32\UMPDC.dll
0x00007ffa74890000 - 0x00007ffa748e2000 	C:\WINDOWS\System32\shlwapi.dll
0x00007ffa72d20000 - 0x00007ffa72d37000 	C:\WINDOWS\System32\cryptsp.dll
0x00007ffa53f10000 - 0x00007ffa53f29000 	C:\Program Files\Java\jdk-11.0.2\bin\net.dll
0x00007ffa681b0000 - 0x00007ffa682a0000 	C:\WINDOWS\SYSTEM32\WINHTTP.dll
0x00007ffa665f0000 - 0x00007ffa667c6000 	C:\WINDOWS\SYSTEM32\urlmon.dll
0x00007ffa66a80000 - 0x00007ffa66d26000 	C:\WINDOWS\SYSTEM32\iertutil.dll
0x00007ffa71870000 - 0x00007ffa7187c000 	C:\WINDOWS\SYSTEM32\CRYPTBASE.DLL
0x00007ffa716a0000 - 0x00007ffa71707000 	C:\WINDOWS\system32\mswsock.dll
0x00007ffa530a0000 - 0x00007ffa530b3000 	C:\Program Files\Java\jdk-11.0.2\bin\nio.dll
0x00007ffa3d360000 - 0x00007ffa3d4fe000 	C:\Program Files\Java\jdk-11.0.2\bin\awt.dll
0x00007ffa74a10000 - 0x00007ffa74ad4000 	C:\WINDOWS\System32\OLEAUT32.dll
0x00007ffa6eb90000 - 0x00007ffa6f150000 	C:\WINDOWS\SYSTEM32\d2d1.dll
0x00007ffa6fcc0000 - 0x00007ffa6fd4f000 	C:\WINDOWS\SYSTEM32\apphelp.dll
0x00007ffa6fe60000 - 0x00007ffa6fef9000 	C:\WINDOWS\system32\uxtheme.dll
0x00007ffa735c0000 - 0x00007ffa736f5000 	C:\WINDOWS\System32\MSCTF.dll
0x00007ffa74490000 - 0x00007ffa745e6000 	C:\WINDOWS\System32\ole32.dll
0x00007ffa70490000 - 0x00007ffa704bd000 	C:\WINDOWS\system32\DWMAPI.DLL
0x00007ffa39d10000 - 0x00007ffa39e66000 	C:\WINDOWS\system32\opengl32.dll
0x00007ffa53c10000 - 0x00007ffa53c3c000 	C:\WINDOWS\SYSTEM32\GLU32.dll
0x00007ffa70a80000 - 0x00007ffa70aa0000 	C:\WINDOWS\SYSTEM32\dxcore.dll
0x00007ffa65510000 - 0x00007ffa656d7000 	C:\WINDOWS\system32\d3d9.dll
0x00007ffa6b8d0000 - 0x00007ffa6b9bc000 	C:\WINDOWS\System32\DriverStore\FileRepository\nvddui.inf_amd64_8212e17ce3f21c1c\nvldumdx.dll
0x00007ffa72aa0000 - 0x00007ffa72be9000 	C:\WINDOWS\System32\crypt32.dll
0x00007ffa71e40000 - 0x00007ffa71e52000 	C:\WINDOWS\System32\MSASN1.dll
0x00007ffa72a40000 - 0x00007ffa72a9c000 	C:\WINDOWS\System32\WINTRUST.DLL
0x00007ffa73770000 - 0x00007ffa7378d000 	C:\WINDOWS\System32\imagehlp.dll
0x00007ffa71210000 - 0x00007ffa71243000 	C:\WINDOWS\system32\rsaenh.dll
0x00007ffa72920000 - 0x00007ffa72946000 	C:\WINDOWS\System32\bcrypt.dll
0x00007ffa34a40000 - 0x00007ffa35e32000 	C:\WINDOWS\System32\DriverStore\FileRepository\nvddui.inf_amd64_8212e17ce3f21c1c\nvd3dumx.dll
0x00007ffa61470000 - 0x00007ffa6155c000 	C:\WINDOWS\System32\DriverStore\FileRepository\nv_dispui.inf_amd64_a9b1e11d93a651da\nvldumdx.dll
0x00007ffa30860000 - 0x00007ffa31c52000 	C:\WINDOWS\System32\DriverStore\FileRepository\nv_dispui.inf_amd64_a9b1e11d93a651da\nvd3dumx.dll
0x00007ffa620f0000 - 0x00007ffa621b3000 	C:\Program Files (x86)\NVIDIA Corporation\3D Vision\nvSCPAPI64.dll
0x00007ffa73010000 - 0x00007ffa73480000 	C:\WINDOWS\System32\SETUPAPI.dll
0x00007ffa4c310000 - 0x00007ffa4c5d2000 	C:\WINDOWS\system32\nvspcap64.dll
0x00007ffa70ef0000 - 0x00007ffa70f21000 	C:\WINDOWS\SYSTEM32\ntmarta.dll
0x00007ffa71d50000 - 0x00007ffa71d75000 	C:\WINDOWS\SYSTEM32\USERENV.dll
0x00007ffa713b0000 - 0x00007ffa713ea000 	C:\WINDOWS\SYSTEM32\IPHLPAPI.DLL
0x00007ffa74480000 - 0x00007ffa74488000 	C:\WINDOWS\System32\NSI.dll
0x00007ffa69fc0000 - 0x00007ffa69fd6000 	C:\WINDOWS\SYSTEM32\dhcpcsvc6.DLL
0x00007ffa69d70000 - 0x00007ffa69d8c000 	C:\WINDOWS\SYSTEM32\dhcpcsvc.DLL
0x00007ffa713f0000 - 0x00007ffa714ba000 	C:\WINDOWS\SYSTEM32\DNSAPI.dll
0x00007ffa4be20000 - 0x00007ffa4bea0000 	C:\Program Files\Java\jdk-11.0.2\bin\freetype.dll
0x00007ffa53da0000 - 0x00007ffa53e0f000 	C:\Program Files\Java\jdk-11.0.2\bin\fontmanager.dll
0x00007ffa687f0000 - 0x00007ffa6888e000 	C:\WINDOWS\System32\TextInputFramework.dll
0x00007ffa6d4e0000 - 0x00007ffa6d80a000 	C:\WINDOWS\System32\CoreUIComponents.dll
0x00007ffa6fb80000 - 0x00007ffa6fc54000 	C:\WINDOWS\System32\CoreMessaging.dll
0x00007ffa6d930000 - 0x00007ffa6da83000 	C:\WINDOWS\SYSTEM32\wintypes.dll
0x0000000052e30000 - 0x0000000052e56000 	C:\Program Files\Bonjour\mdnsNSP.dll
0x00007ffa66870000 - 0x00007ffa6687a000 	C:\Windows\System32\rasadhlp.dll
0x00007ffa69cf0000 - 0x00007ffa69d67000 	C:\WINDOWS\System32\fwpuclnt.dll
0x00007ffa52e90000 - 0x00007ffa52eb7000 	C:\Program Files\Java\jdk-11.0.2\bin\sunec.dll
0x00007ffa57ab0000 - 0x00007ffa57abd000 	C:\Program Files\Java\jdk-11.0.2\bin\sunmscapi.dll
0x00007ffa71970000 - 0x00007ffa71996000 	C:\WINDOWS\SYSTEM32\ncrypt.dll
0x00007ffa71930000 - 0x00007ffa7196b000 	C:\WINDOWS\SYSTEM32\NTASN1.dll
0x00007ffa52e40000 - 0x00007ffa52e81000 	C:\Users\July\AppData\Local\Temp\jna-2320440\jna7788123304641140827.dll
0x00007ffa432f0000 - 0x00007ffa4338c000 	C:\Users\July\AppData\Local\Temp\jna-2320440\jna11367867687388211046.dll
0x00007ffa45200000 - 0x00007ffa4527f000 	C:\Program Files\Java\jdk-11.0.2\bin\mlib_image.dll
0x00007ffa615c0000 - 0x00007ffa615d2000 	C:\Program Files\Java\jdk-11.0.2\bin\jsound.dll
0x00007ffa4c100000 - 0x00007ffa4c199000 	C:\WINDOWS\SYSTEM32\DSOUND.dll
0x00007ffa74960000 - 0x00007ffa74a02000 	C:\WINDOWS\System32\clbcatq.dll
0x00007ffa6cf20000 - 0x00007ffa6cf92000 	C:\WINDOWS\System32\MMDevApi.dll
0x00007ffa71c30000 - 0x00007ffa71c5a000 	C:\WINDOWS\System32\DEVOBJ.dll
0x00007ffa52fb0000 - 0x00007ffa52ff4000 	C:\WINDOWS\SYSTEM32\wdmaud.drv
0x00007ffa53300000 - 0x00007ffa53309000 	C:\WINDOWS\SYSTEM32\ksuser.dll
0x00007ffa6e020000 - 0x00007ffa6e02a000 	C:\WINDOWS\SYSTEM32\AVRT.dll
0x00007ffa6cfa0000 - 0x00007ffa6d0fd000 	C:\WINDOWS\SYSTEM32\AUDIOSES.DLL
0x00007ffa532f0000 - 0x00007ffa532fd000 	C:\WINDOWS\SYSTEM32\msacm32.drv
0x00007ffa532d0000 - 0x00007ffa532ec000 	C:\WINDOWS\SYSTEM32\MSACM32.dll
0x00007ffa532a0000 - 0x00007ffa532aa000 	C:\WINDOWS\SYSTEM32\midimap.dll
0x00007ffa70160000 - 0x00007ffa70174000 	C:\WINDOWS\SYSTEM32\resourcepolicyclient.dll
0x00007ffa68bf0000 - 0x00007ffa68d41000 	C:\Windows\System32\Windows.UI.dll
0x00007ffa68500000 - 0x00007ffa6861a000 	C:\Windows\System32\InputHost.dll
0x00007ffa70920000 - 0x00007ffa70a0f000 	C:\Windows\System32\PROPSYS.dll
0x00007ffa52c70000 - 0x00007ffa52c9d000 	C:\Program Files\Java\jdk-11.0.2\bin\javajpeg.dll
0x00007ffa52b90000 - 0x00007ffa52bcf000 	C:\Program Files\Java\jdk-11.0.2\bin\lcms.dll
0x00007ffa5ddd0000 - 0x00007ffa5ddd9000 	C:\Program Files\Java\jdk-11.0.2\bin\management.dll
0x00007ffa5dac0000 - 0x00007ffa5dacc000 	C:\Program Files\Java\jdk-11.0.2\bin\management_ext.dll
0x00007ffa6cd70000 - 0x00007ffa6cf1f000 	C:\WINDOWS\SYSTEM32\WindowsCodecs.dll
0x00007ffa51150000 - 0x00007ffa5118a000 	C:\WINDOWS\system32\dataexchange.dll
0x00007ffa6e9b0000 - 0x00007ffa6eb8b000 	C:\WINDOWS\system32\dcomp.dll
0x00007ffa6f150000 - 0x00007ffa6f3ab000 	C:\WINDOWS\system32\d3d11.dll
0x00007ffa70aa0000 - 0x00007ffa70b8b000 	C:\WINDOWS\system32\dxgi.dll
0x00007ffa6ff00000 - 0x00007ffa7015a000 	C:\WINDOWS\system32\twinapi.appcore.dll
0x00007ffa70250000 - 0x00007ffa70279000 	C:\WINDOWS\system32\RMCLIENT.dll
0x00007ffa6c750000 - 0x00007ffa6c7fe000 	C:\WINDOWS\SYSTEM32\mscms.dll
0x00007ffa6c730000 - 0x00007ffa6c747000 	C:\WINDOWS\SYSTEM32\ColorAdapterClient.dll
0x00007ffa53000000 - 0x00007ffa53043000 	C:\WINDOWS\SYSTEM32\icm32.dll

dbghelp: loaded successfully - version: 4.0.5 - missing functions: none
symbol engine: initialized successfully - sym options: 0x614 - pdb path: .;C:\Program Files\Java\jdk-11.0.2\bin;C:\WINDOWS\SYSTEM32;C:\WINDOWS\WinSxS\amd64_microsoft.windows.common-controls_6595b64144ccf1df_6.0.18362.657_none_e6c5b579130e3898;C:\Program Files\Java\jdk-11.0.2\bin\server;C:\WINDOWS\System32\DriverStore\FileRepository\nvddui.inf_amd64_8212e17ce3f21c1c;C:\WINDOWS\System32\DriverStore\FileRepository\nv_dispui.inf_amd64_a9b1e11d93a651da;C:\Program Files (x86)\NVIDIA Corporation\3D Vision;C:\Program Files\Bonjour;C:\Users\July\AppData\Local\Temp\jna-2320440

VM Arguments:
jvm_args: -Dfile.encoding=UTF-8 -Duser.country=US -Duser.language=en -Duser.variant 
java_command: net.runelite.client.RuneLite --rs=RSPS
java_class_path (initial): D:\Downloads\OSRS\runelite\runelite-client\build\classes\java\main;D:\Downloads\OSRS\runelite\runelite-client\build\resources\main;C:\Users\July\.m2\repository\ch\qos\logback\logback-classic\1.2.3\logback-classic-1.2.3.jar;D:\Downloads\OSRS\runelite\http-api\build\libs\http-api-1.5.33-SNAPSHOT.jar;C:\Users\July\.m2\repository\com\google\code\gson\gson\2.8.5\gson-2.8.5.jar;C:\Users\July\.gradle\caches\modules-2\files-2.1\com.google.inject\guice\4.2.2\fa13659f9128f4c011c8e1d06f137083b4876377\guice-4.2.2-no_aop.jar;D:\Downloads\OSRS\runelite\runescape-api\build\libs\runescape-api-1.5.33-SNAPSHOT.jar;D:\Downloads\OSRS\runelite\runelite-api\build\libs\runelite-api-1.5.33-SNAPSHOT.jar;C:\Users\July\.gradle\caches\modules-2\files-2.1\com.google.guava\guava\28.1-jre\b0e91dcb6a44ffb6221b5027e12a5cb34b841145\guava-28.1-jre.jar;C:\Users\July\.gradle\caches\modules-2\files-2.1\com.h2database\h2\1.4.199\7bf08152984ed8859740ae3f97fae6c72771ae45\h2-1.4.199.jar;C:\Users\July\.gradle\caches\modules-2\files-2.1\com.jakewharton.rxrelay2\rxrelay\2.1.1\b5cb329f502caba70863749b6559f13eb25b6285\rxrelay-2.1.1.jar;C:\Users\July\.gradle\caches\modules-2\files-2.1\com.squareup.okhttp3\okhttp\4.1.0\9308be2b5f9174def7d4795f415b60f5632b9fb9\okhttp-4.1.0.jar;C:\Users\July\.gradle\caches\modules-2\files-2.1\io.reactivex.rxjava2\rxjava\2.2.12\fc5cb9ad87c312f559a38253aa4d897f549f50dc\rxjava-2.2.12.jar;C:\Users\July\.gradle\caches\modules-2\files-2.1\net.java.dev.jna\jna-platform\5.4.0\a8267193887c38418af986adae090ee5d2593f48\jna-platform-5.4.0.jar;C:\Users\July\.m2\repository\net\runelite\discord\1.1\discord-1.1.jar;C:\Users\July\.gradle\caches\modules-2\files-2.1\net.java.dev.jna\jna\5.4.0\3e25bc70dd7750a3f0fea5bd1467708280bea04e\jna-5.4.0.jar;C:\Users\July\.m2\repository\net\runelite\pushingpixels\substance\8.0.02\substance-8.0.02.jar;C:\Users\July\.gradle\caches\modules-2\files-2.1\net.sf.jopt-simple\jopt-simple\5.0.4\4fdac2fbe92dfad86aa6e9301736f6b4342a3f5c\jopt-simp
Launcher Type: SUN_STANDARD

[Global flags]
     intx CICompilerCount                          = 4                                         {product} {ergonomic}
     uint ConcGCThreads                            = 3                                         {product} {ergonomic}
     uint G1ConcRefinementThreads                  = 10                                        {product} {ergonomic}
   size_t G1HeapRegionSize                         = 2097152                                   {product} {ergonomic}
    uintx GCDrainStackTargetSize                   = 64                                        {product} {ergonomic}
   size_t InitialHeapSize                          = 671088640                                 {product} {ergonomic}
   size_t MarkStackSize                            = 4194304                                   {product} {ergonomic}
   size_t MaxHeapSize                              = 10710155264                               {product} {ergonomic}
   size_t MaxNewSize                               = 6425673728                                {product} {ergonomic}
   size_t MinHeapDeltaBytes                        = 2097152                                   {product} {ergonomic}
    uintx NonNMethodCodeHeapSize                   = 5835340                                {pd product} {ergonomic}
    uintx NonProfiledCodeHeapSize                  = 122911450                              {pd product} {ergonomic}
    uintx ProfiledCodeHeapSize                     = 122911450                              {pd product} {ergonomic}
    uintx ReservedCodeCacheSize                    = 251658240                              {pd product} {ergonomic}
     bool SegmentedCodeCache                       = true                                      {product} {ergonomic}
     bool UseCompressedClassPointers               = true                                 {lp64_product} {ergonomic}
     bool UseCompressedOops                        = true                                 {lp64_product} {ergonomic}
     bool UseG1GC                                  = true                                      {product} {ergonomic}
     bool UseLargePagesIndividualAllocation        = false                                  {pd product} {ergonomic}

Logging:
Log output configuration:
 #0: stdout all=warning uptime,level,tags
 #1: stderr all=off uptime,level,tags

Environment Variables:
PATH=C:\Program Files\NVIDIA GPU Computing Toolkit\CUDA\v10.0\bin;C:\Program Files\NVIDIA GPU Computing Toolkit\CUDA\v10.0\libnvvp;C:\Program Files\NVIDIA GPU Computing Toolkit\CUDA\v9.0\bin;C:\Program Files\NVIDIA GPU Computing Toolkit\CUDA\v9.0\libnvvp;C:\Program Files (x86)\Common Files\Oracle\Java\javapath;C:\WINDOWS\system32;C:\WINDOWS;C:\WINDOWS\System32\Wbem;C:\WINDOWS\System32\WindowsPowerShell\v1.0\;C:\WINDOWS\System32\OpenSSH\;C:\Program Files\Git\cmd;%JAVA_HOMEX2%;C:\Program Files (x86)\GtkSharp\2.12\bin;C:\Program Files\dotnet\;C:\Program Files\Microsoft SQL Server\130\Tools\Binn\;C:\xampp\perl\bin;G:\perl\Dwimperl\perl\site\bin;G:\perl\Dwimperl\c\bin;C:\Program Files\Microsoft SQL Server\Client SDK\ODBC\170\Tools\Binn\;C:\Strawberry\c\bin;C:\Strawberry\perl\site\bin;C:\Strawberry\perl\bin;C:\Program Files (x86)\Microsoft Visual Studio\Shared\Python37_64\;C:\WINDOWS\System32;C:\Program Files\nodejs\;C:\Program Files\NVIDIA Corporation\NVIDIA NvDLISR;C:\Program Files (x86)\NVIDIA Corporation\PhysX\Common;C:\Program Files (x86)\Microsoft SDKs\TypeScript\1.0\;C:\Program Files\PuTTY\;C:\Users\July\AppData\Local\Microsoft\WindowsApps;C:\Program Files\JetBrains\IntelliJ IDEA Community Edition 2019.1.3\bin;C:\Users\July\AppData\Local\Packages\PythonSoftwareFoundation.Python.3.7_qbz5n2kfra8p0\LocalCache\local-packages\Python37\Scripts;C:\Users\July\.dotnet\tools;C:\Users\July\AppData\Roaming\npm
USERNAME=July
OS=Windows_NT
PROCESSOR_IDENTIFIER=Intel64 Family 6 Model 79 Stepping 1, GenuineIntel



---------------  S Y S T E M  ---------------

OS: Windows 10 , 64 bit Build 18362 (10.0.18362.329)

CPU:total 12 (initial active 12) (6 cores per cpu, 2 threads per core) family 6 model 79 stepping 1, cmov, cx8, fxsr, mmx, sse, sse2, sse3, ssse3, sse4.1, sse4.2, popcnt, avx, avx2, aes, clmul, erms, rtm, 3dnowpref, lzcnt, ht, tsc, tscinvbit, bmi1, bmi2, adx, fma

Memory: 4k page, system-wide physical 40850M (20959M free)
TotalPageFile size 77264M (AvailPageFile size 43392M)
current process WorkingSet (physical memory assigned to process): 532M, peak: 537M
current process commit charge ("private bytes"): 1150M, peak: 1155M

vm_info: OpenJDK 64-Bit Server VM (11.0.2+9) for windows-amd64 JRE (11.0.2+9), built on Jan 18 2019 05:23:22 by "mach5one" with MS VC++ 15.5 (VS2017)

END.
